PrintPriority: 2
Command:Maze screens/screen.67:
####################
##### ###0##000##  #
##### 0000#000#    #
####  00000000#    #
###    #00000## # ##
##    # #####      #
##  #      ##      #
##  #  #    #      #
##      ### # ##   #
##  #             ##
###    #    #    ###
####################
                    
.   0  YES MACRO, nodes: 21 n: 1
Auto Set local cut parameter: 1,10, 10.
ScanSearch: h 377, nodes used: 0
ScanSearch: h 389, nodes used: 9244
ScanSearch: h 389, nodes used: 10472
ScanSearch: h 389, nodes used: 11897
ScanSearch: h 389, nodes used: 13300
ScanSearch: h 389, nodes used: 14715
ScanSearch: h 389, nodes used: 15958
ScanSearch: h 389, nodes used: 17122
ScanSearch: h 389, nodes used: 18544
ScanSearch: h 389, nodes used: 19944
ScanSearch: h 389, nodes used: 21734
ScanSearch: h 389, nodes used: 22857
ScanSearch: h 389, nodes used: 23994
ScanSearch: h 389, nodes used: 25130
ScanSearch: h 391, nodes used: 30573
ScanSearch: h 391, nodes used: 31995
ScanSearch: h 391, nodes used: 34790
ScanSearch: h 391, nodes used: 36175
ScanSearch: h 391, nodes used: 37989
ScanSearch: h 391, nodes used: 41222
ScanSearch: h: 377->391, nodes used: 43292
.   0  Threshold 391 (391)
