PrintPriority: 2
Command:Maze screens/screen.48:
  #########         
  #000#000#         
  #0000000#         
  #0000000#         
  #0000000#         
  #0000000#         
  ###000###         
    #000#           
######0######       
#           #       
#           #       
##         ##       
 #         #        
 #         #        
 #  #####  #        
?####   ####        
.   0  NO MACRO, nodes: 10001 n: 1 -> restart:
.   0  YES MACRO, nodes: 29 n: 1
Auto Set local cut parameter: 1,9, 8.
ScanSearch: h 200, nodes used: 0
ScanSearch: h 200, nodes used: 1
ScanSearch: h 200, nodes used: 2
ScanSearch: h 200, nodes used: 3
ScanSearch: h 200, nodes used: 4
ScanSearch: h 200, nodes used: 5
ScanSearch: h 200, nodes used: 6
ScanSearch: h 200, nodes used: 7
ScanSearch: h 200, nodes used: 8
ScanSearch: h 200, nodes used: 9
ScanSearch: h 200, nodes used: 10
ScanSearch: h 200, nodes used: 11
ScanSearch: h 200, nodes used: 12
ScanSearch: h 200, nodes used: 13
ScanSearch: h 200, nodes used: 14
ScanSearch: h 200, nodes used: 15
ScanSearch: h 200, nodes used: 16
ScanSearch: h 200, nodes used: 17
ScanSearch: h 200, nodes used: 18
ScanSearch: h 200, nodes used: 1167
ScanSearch: h 200, nodes used: 2269
ScanSearch: h 200, nodes used: 3340
ScanSearch: h 200, nodes used: 4442
ScanSearch: h 200, nodes used: 5588
ScanSearch: h 200, nodes used: 6720
ScanSearch: h 200, nodes used: 7828
ScanSearch: h 200, nodes used: 8930
ScanSearch: h 200, nodes used: 10106
ScanSearch: h 200, nodes used: 11255
ScanSearch: h 200, nodes used: 12387
ScanSearch: h 200, nodes used: 13455
ScanSearch: h 200, nodes used: 14523
ScanSearch: h 200, nodes used: 15917
ScanSearch: h 200, nodes used: 16984
ScanSearch: h: 200->200, nodes used: 18030
.   0  Threshold 200 (200)
.   0  tt: Y, dl_mg: Y, dl2_mg: Y
.   0  area_srch: Y dl_srch: Y pen_srch: Y
.   0  scan_srch: Y
.   0  node limit: 1000, minimize: Y
.   0  st_testd: Y, dl_db: 7, cut_goal: Y
.   0  xdist: Y, auto: Y, local: Y(1,9,8)
.   0  lb_mp: Y, lb_cf: Y, lb_dd: Y(0/1), mc_tu: Y, mc_gm: Y
.   0  overestim: 0.00, hoverestim: 1.00, assume dead: N
.   0  limit patterns: Y, lazy maximize: Y
.   0  nodes searched: total: 167623, top level: 256
.   0  mini: 26506, scan: 18030
.   0  AbortNodeCount: -1, TimeOut: 0 TimeOutType: VIRTUAL
.   0  TT hits: 10, TT collisions: 0 Req: 106, (9.433962)
 1 3 12 27 53 51 50 24 17 10 8 
.   0  run: sec: 14, usec: 923790, t: 15
.   0  Nodes per Second:    11175 (15 sec.)
.   0  AREA POS: #:  11 ( 12%) #n:  17474  nodes/search: 1588
.   0  AREA NEG: #:  74 ( 87%) #n:   9850  nodes/search: 133
.   0  DL   POS: #:   0 (  0%) #n:      0  nodes/search:   0
.   0  DL   NEG: #:  34 (100%) #n:  14483  nodes/search: 425
.   0  PEN  POS: #:  16 ( 25%) #n:  30653  nodes/search: 1915
.   0  PEN  NEG: #:  48 ( 75%) #n:  18014  nodes/search: 375
.   0  DeadTested:     0, PenTested :    34, patterns: 59, removed: 11, killed: 0
.   0  
.   0  Threshold 202 (200)
.   0  tt: Y, dl_mg: Y, dl2_mg: Y
.   0  area_srch: Y dl_srch: Y pen_srch: Y
.   0  scan_srch: Y
.   0  node limit: 1000, minimize: Y
.   0  st_testd: Y, dl_db: 7, cut_goal: Y
.   0  xdist: Y, auto: Y, local: Y(1,9,8)
.   0  lb_mp: Y, lb_cf: Y, lb_dd: Y(0/1), mc_tu: Y, mc_gm: Y
.   0  overestim: 0.00, hoverestim: 1.00, assume dead: N
.   0  limit patterns: Y, lazy maximize: Y
.   0  nodes searched: total: 912783, top level: 1376
.   0  mini: 85894, scan: 18030
.   0  AbortNodeCount: -1, TimeOut: 0 TimeOutType: VIRTUAL
.   0  TT hits: 143, TT collisions: 0 Req: 619, (23.101776)
 2 6 30 86 162 135 154 171 134 136 105 80 65 51 35 4 12 8 
.   0  run: sec: 26, usec: 877672, t: 27
.   0  Nodes per Second:    33807 (27 sec.)
.   0  AREA POS: #:  35 (  9%) #n:  32535  nodes/search: 929
.   0  AREA NEG: #: 340 ( 90%) #n:  43636  nodes/search: 128
.   0  DL   POS: #:   0 (  0%) #n:      0  nodes/search:   0
.   0  DL   NEG: #: 217 (100%) #n: 140986  nodes/search: 649
.   0  PEN  POS: #:  47 ( 13%) #n:  97528  nodes/search: 2075
.   0  PEN  NEG: #: 293 ( 86%) #n: 175827  nodes/search: 600
.   0  DeadTested:     0, PenTested :   156, patterns: 188, removed: 38, killed: 0
.   0  
.   0  Threshold 204 (200)
