PrintPriority: 2
Command:Maze screens/screen.31:
  ####              
  #  #########      
 ##  ##  #   #      
 #   #       ####   
 #      #    #  ##  
##   ## #        #  
#  #  # #        #  
#          ## ####  
#     # #  #  #     
##  ###00###  #     
 #  #0000000  #     
 ####000000####     
   #0000####        
   #000##           
   #000#            
?  #####            
.   0  YES MACRO, nodes: 275 n: 2
Auto Set local cut parameter: 1,8, 9.
ScanSearch: h 232, nodes used: 0
ScanSearch: h 236, nodes used: 2691
ScanSearch: h 236, nodes used: 5506
ScanSearch: h 236, nodes used: 6896
ScanSearch: h 236, nodes used: 9690
ScanSearch: h 236, nodes used: 11091
ScanSearch: h 236, nodes used: 12488
ScanSearch: h 236, nodes used: 13663
ScanSearch: h 236, nodes used: 15089
ScanSearch: h 236, nodes used: 17113
ScanSearch: h 236, nodes used: 18913
ScanSearch: h 236, nodes used: 20429
ScanSearch: h 236, nodes used: 21761
ScanSearch: h 236, nodes used: 23857
ScanSearch: h 236, nodes used: 26138
ScanSearch: h 236, nodes used: 27631
ScanSearch: h 236, nodes used: 29269
ScanSearch: h 236, nodes used: 30511
ScanSearch: h 236, nodes used: 32668
ScanSearch: h 236, nodes used: 34165
ScanSearch: h: 232->236, nodes used: 35869
.   0  Threshold 236 (236)
.   0  tt: Y, dl_mg: Y, dl2_mg: Y
.   0  area_srch: Y dl_srch: Y pen_srch: Y
.   0  scan_srch: Y
.   0  node limit: 1000, minimize: Y
.   0  st_testd: Y, dl_db: 7, cut_goal: Y
.   0  xdist: Y, auto: Y, local: Y(1,8,9)
.   0  lb_mp: Y, lb_cf: Y, lb_dd: Y(0/1), mc_tu: Y, mc_gm: Y
.   0  overestim: 0.00, hoverestim: 1.00, assume dead: N
.   0  limit patterns: Y, lazy maximize: Y
.   0  nodes searched: total: 43182, top level: 8
.   0  mini: 1321, scan: 35869
.   0  AbortNodeCount: -1, TimeOut: 0 TimeOutType: VIRTUAL
.   0  TT hits: 1, TT collisions: 0 Req: 5, (20.000000)
 1 2 3 2 
.   0  run: sec: 1, usec: 136380, t: 1
.   0  Nodes per Second:    43182 (1 sec.)
.   0  AREA POS: #:   0 (  0%) #n:      0  nodes/search:   0
.   0  AREA NEG: #:   3 (100%) #n:    346  nodes/search: 115
.   0  DL   POS: #:   0 (  0%) #n:      0  nodes/search:   0
.   0  DL   NEG: #:   2 (100%) #n:   2000  nodes/search: 1000
.   0  PEN  POS: #:   0 (  0%) #n:      0  nodes/search:   0
.   0  PEN  NEG: #:   2 (100%) #n:   2000  nodes/search: 1000
.   0  DeadTested:     0, PenTested :     0, patterns: 26, removed: 1, killed: 0
.   0  
.   0  Threshold 238 (236)
.   0  tt: Y, dl_mg: Y, dl2_mg: Y
.   0  area_srch: Y dl_srch: Y pen_srch: Y
.   0  scan_srch: Y
.   0  node limit: 1000, minimize: Y
.   0  st_testd: Y, dl_db: 7, cut_goal: Y
.   0  xdist: Y, auto: Y, local: Y(1,8,9)
.   0  lb_mp: Y, lb_cf: Y, lb_dd: Y(0/1), mc_tu: Y, mc_gm: Y
.   0  overestim: 0.00, hoverestim: 1.00, assume dead: N
.   0  limit patterns: Y, lazy maximize: Y
.   0  nodes searched: total: 62726, top level: 34
.   0  mini: 3920, scan: 35869
.   0  AbortNodeCount: -1, TimeOut: 0 TimeOutType: VIRTUAL
.   0  TT hits: 8, TT collisions: 0 Req: 18, (44.444443)
 2 4 10 12 6 
.   0  run: sec: 1, usec: 334753, t: 1
.   0  Nodes per Second:    62726 (1 sec.)
.   0  AREA POS: #:   1 ( 11%) #n:      9  nodes/search:   9
.   0  AREA NEG: #:   8 ( 88%) #n:    767  nodes/search:  95
.   0  DL   POS: #:   0 (  0%) #n:      0  nodes/search:   0
.   0  DL   NEG: #:   7 (100%) #n:   7000  nodes/search: 1000
.   0  PEN  POS: #:   0 (  0%) #n:      0  nodes/search:   0
.   0  PEN  NEG: #:   7 (100%) #n:   8947  nodes/search: 1278
.   0  DeadTested:     0, PenTested :     0, patterns: 39, removed: 1, killed: 0
.   0  
.   0  Threshold 240 (236)
.   0  tt: Y, dl_mg: Y, dl2_mg: Y
.   0  area_srch: Y dl_srch: Y pen_srch: Y
.   0  scan_srch: Y
.   0  node limit: 1000, minimize: Y
.   0  st_testd: Y, dl_db: 7, cut_goal: Y
.   0  xdist: Y, auto: Y, local: Y(1,8,9)
.   0  lb_mp: Y, lb_cf: Y, lb_dd: Y(0/1), mc_tu: Y, mc_gm: Y
.   0  overestim: 0.00, hoverestim: 1.00, assume dead: N
.   0  limit patterns: Y, lazy maximize: Y
.   0  nodes searched: total: 227800, top level: 224
.   0  mini: 49975, scan: 35869
.   0  AbortNodeCount: -1, TimeOut: 0 TimeOutType: VIRTUAL
.   0  TT hits: 36, TT collisions: 0 Req: 97, (37.113403)
 3 6 17 29 35 48 46 32 8 
.   0  run: sec: 3, usec: 863742, t: 4
.   0  Nodes per Second:    56950 (4 sec.)
.   0  AREA POS: #:   5 (  9%) #n:   1469  nodes/search: 293
.   0  AREA NEG: #:  49 ( 90%) #n:  20057  nodes/search: 409
.   0  DL   POS: #:   0 (  0%) #n:      0  nodes/search:   0
.   0  DL   NEG: #:  34 (100%) #n:  33338  nodes/search: 980
.   0  PEN  POS: #:   2 (  4%) #n:  10213  nodes/search: 5106
.   0  PEN  NEG: #:  41 ( 95%) #n:  72003  nodes/search: 1756
.   0  DeadTested:     0, PenTested :     0, patterns: 219, removed: 32, killed: 0
.   0  
.   0  Threshold 242 (238)
.   0  tt: Y, dl_mg: Y, dl2_mg: Y
.   0  area_srch: Y dl_srch: Y pen_srch: Y
.   0  scan_srch: Y
.   0  node limit: 1000, minimize: Y
.   0  st_testd: Y, dl_db: 7, cut_goal: Y
.   0  xdist: Y, auto: Y, local: Y(1,8,9)
.   0  lb_mp: Y, lb_cf: Y, lb_dd: Y(0/1), mc_tu: Y, mc_gm: Y
.   0  overestim: 0.00, hoverestim: 1.00, assume dead: N
.   0  limit patterns: Y, lazy maximize: Y
.   0  nodes searched: total: 391552, top level: 668
.   0  mini: 89328, scan: 35869
.   0  AbortNodeCount: -1, TimeOut: 0 TimeOutType: VIRTUAL
.   0  TT hits: 104, TT collisions: 0 Req: 295, (35.254238)
 4 8 24 53 69 94 100 103 54 17 7 2 9 9 1 11 24 6 1 1 1 1 2 1 1 1 1 1 1 2 1 1 1 1 1 1 1 2 1 1 1 1 1 1 1 7 1 1 1 1 1 1 1 1 1 1 2 1 1 1 1 1 1 1 1 2 1 1 1 1 1 1 1 1 1 5 
.   0  run: sec: 7, usec: 587652, t: 8
.   0  Nodes per Second:    48944 (8 sec.)
.   0  AREA POS: #:   8 (  6%) #n:   3873  nodes/search: 484
.   0  AREA NEG: #: 121 ( 93%) #n:  29061  nodes/search: 240
.   0  DL   POS: #:   0 (  0%) #n:      0  nodes/search:   0
.   0  DL   NEG: #:  90 (100%) #n:  60886  nodes/search: 676
.   0  PEN  POS: #:   6 (  6%) #n:  16325  nodes/search: 2720
.   0  PEN  NEG: #:  88 ( 93%) #n: 136258  nodes/search: 1548
.   0  DeadTested:     0, PenTested :    10, patterns: 345, removed: 72, killed: 0
.   0  
.   0  Threshold 244 (240)
