PrintPriority: 2
Command:Maze screens/screen.68:
####################
#000000#   #       #
##0### ##  #### # ##
#0000# #           #
#00#0# #   #   ## ##
#00000  #  #   #   #
#00###  #      ## ##
#00#0#   #    #    #
#00#0#    # ##     #
#0000##          # #
#00000##        #  #
####################
                    
.   0  YES MACRO, nodes: 16 n: 1
Auto Set local cut parameter: 1,10, 10.
ScanSearch: h 321, nodes used: 0
ScanSearch: h 325, nodes used: 2817
ScanSearch: h 325, nodes used: 5139
ScanSearch: h 329, nodes used: 11086
ScanSearch: h 329, nodes used: 13079
ScanSearch: h 329, nodes used: 13143
ScanSearch: h 329, nodes used: 15058
ScanSearch: h 329, nodes used: 16668
ScanSearch: h 329, nodes used: 16728
ScanSearch: h 329, nodes used: 18430
ScanSearch: h 329, nodes used: 18473
ScanSearch: h 331, nodes used: 22829
ScanSearch: h 331, nodes used: 24202
ScanSearch: h 331, nodes used: 25382
ScanSearch: h 331, nodes used: 26500
ScanSearch: h: 321->331, nodes used: 27573
.   0  Threshold 331 (331)
.   0  tt: Y, dl_mg: Y, dl2_mg: Y
.   0  area_srch: Y dl_srch: Y pen_srch: Y
.   0  scan_srch: Y
.   0  node limit: 1000, minimize: Y
.   0  st_testd: Y, dl_db: 7, cut_goal: Y
.   0  xdist: Y, auto: Y, local: Y(1,10,10)
.   0  lb_mp: Y, lb_cf: Y, lb_dd: Y(0/1), mc_tu: Y, mc_gm: Y
.   0  overestim: 0.00, hoverestim: 1.00, assume dead: N
.   0  limit patterns: Y, lazy maximize: Y
.   0  nodes searched: total: 35236, top level: 22
.   0  mini: 7456, scan: 27573
.   0  AbortNodeCount: -1, TimeOut: 0 TimeOutType: VIRTUAL
.   0  TT hits: 1, TT collisions: 0 Req: 23, (4.347826)
 1 1 2 1 1 1 1 1 1 1 1 1 1 1 1 1 1 1 1 1 1 
.   0  run: sec: 0, usec: 324923, t: 1
.   0  Nodes per Second:    35236 (1 sec.)
.   0  AREA POS: #:   1 (  6%) #n:   2087  nodes/search: 2087
.   0  AREA NEG: #:  14 ( 93%) #n:   1581  nodes/search: 112
.   0  DL   POS: #:   0 (  0%) #n:      0  nodes/search:   0
.   0  DL   NEG: #:   4 (100%) #n:   1035  nodes/search: 258
.   0  PEN  POS: #:   0 (  0%) #n:      0  nodes/search:   0
.   0  PEN  NEG: #:  11 (100%) #n:   1325  nodes/search: 120
.   0  DeadTested:     0, PenTested :    13, patterns: 46, removed: 2, killed: 0
.   0  
.   0  Threshold 333 (333)
.   0  tt: Y, dl_mg: Y, dl2_mg: Y
.   0  area_srch: Y dl_srch: Y pen_srch: Y
.   0  scan_srch: Y
.   0  node limit: 1000, minimize: Y
.   0  st_testd: Y, dl_db: 7, cut_goal: Y
.   0  xdist: Y, auto: Y, local: Y(1,10,10)
.   0  lb_mp: Y, lb_cf: Y, lb_dd: Y(0/1), mc_tu: Y, mc_gm: Y
.   0  overestim: 0.00, hoverestim: 1.00, assume dead: N
.   0  limit patterns: Y, lazy maximize: Y
.   0  nodes searched: total: 63274, top level: 128
.   0  mini: 14132, scan: 27573
.   0  AbortNodeCount: -1, TimeOut: 0 TimeOutType: VIRTUAL
.   0  TT hits: 23, TT collisions: 0 Req: 79, (29.113924)
 2 2 4 2 2 2 7 10 15 12 13 8 4 2 2 2 2 2 5 5 3 1 1 1 1 1 1 1 1 1 1 1 1 1 1 1 1 1 1 1 1 2 
.   0  run: sec: 0, usec: 666007, t: 1
.   0  Nodes per Second:    63274 (1 sec.)
.   0  AREA POS: #:   2 (  7%) #n:   2446  nodes/search: 1223
.   0  AREA NEG: #:  24 ( 92%) #n:   3053  nodes/search: 127
.   0  DL   POS: #:   0 (  0%) #n:      0  nodes/search:   0
.   0  DL   NEG: #:  21 (100%) #n:   3686  nodes/search: 175
.   0  PEN  POS: #:   2 ( 10%) #n:   8096  nodes/search: 4048
.   0  PEN  NEG: #:  18 ( 90%) #n:   3500  nodes/search: 194
.   0  DeadTested:     0, PenTested :    14, patterns: 69, removed: 2, killed: 0
.   0  
.   0  Threshold 335 (333)
.   0  tt: Y, dl_mg: Y, dl2_mg: Y
.   0  area_srch: Y dl_srch: Y pen_srch: Y
.   0  scan_srch: Y
.   0  node limit: 1000, minimize: Y
.   0  st_testd: Y, dl_db: 7, cut_goal: Y
.   0  xdist: Y, auto: Y, local: Y(1,10,10)
.   0  lb_mp: Y, lb_cf: Y, lb_dd: Y(0/1), mc_tu: Y, mc_gm: Y
.   0  overestim: 0.00, hoverestim: 1.00, assume dead: N
.   0  limit patterns: Y, lazy maximize: Y
.   0  nodes searched: total: 73857, top level: 226
.   0  mini: 17225, scan: 27573
.   0  AbortNodeCount: -1, TimeOut: 0 TimeOutType: VIRTUAL
.   0  TT hits: 50, TT collisions: 0 Req: 117, (42.735043)
 3 3 6 4 4 8 22 27 29 22 22 13 5 3 3 3 3 3 9 9 3 1 1 1 1 1 1 1 1 1 1 1 1 1 1 1 1 1 1 1 1 2 
.   0  run: sec: 0, usec: 792145, t: 1
.   0  Nodes per Second:    73857 (1 sec.)
.   0  AREA POS: #:   2 (  4%) #n:   2446  nodes/search: 1223
.   0  AREA NEG: #:  45 ( 95%) #n:   4210  nodes/search:  93
.   0  DL   POS: #:   0 (  0%) #n:      0  nodes/search:   0
.   0  DL   NEG: #:  30 (100%) #n:   4210  nodes/search: 140
.   0  PEN  POS: #:   3 ( 11%) #n:  12053  nodes/search: 4017
.   0  PEN  NEG: #:  24 ( 88%) #n:   4041  nodes/search: 168
.   0  DeadTested:     0, PenTested :    18, patterns: 80, removed: 2, killed: 0
.   0  
.   0  Threshold 337 (335)
.   0  tt: Y, dl_mg: Y, dl2_mg: Y
.   0  area_srch: Y dl_srch: Y pen_srch: Y
.   0  scan_srch: Y
.   0  node limit: 1000, minimize: Y
.   0  st_testd: Y, dl_db: 7, cut_goal: Y
.   0  xdist: Y, auto: Y, local: Y(1,10,10)
.   0  lb_mp: Y, lb_cf: Y, lb_dd: Y(0/1), mc_tu: Y, mc_gm: Y
.   0  overestim: 0.00, hoverestim: 1.00, assume dead: N
.   0  limit patterns: Y, lazy maximize: Y
.   0  nodes searched: total: 323313, top level: 1436
.   0  mini: 20954, scan: 27573
.   0  AbortNodeCount: -1, TimeOut: 0 TimeOutType: VIRTUAL
.   0  TT hits: 349, TT collisions: 0 Req: 829, (42.098915)
 4 4 8 6 6 14 37 49 72 97 115 107 96 83 69 62 52 41 51 61 54 47 45 42 38 31 21 15 14 12 10 13 14 10 6 5 5 4 3 3 3 5 2 
.   0  run: sec: 4, usec: 996170, t: 5
.   0  Nodes per Second:    64663 (5 sec.)
.   0  AREA POS: #:   8 (  2%) #n:   4951  nodes/search: 618
.   0  AREA NEG: #: 319 ( 97%) #n:  21860  nodes/search:  68
.   0  DL   POS: #:   0 (  0%) #n:      0  nodes/search:   0
.   0  DL   NEG: #: 309 (100%) #n:  34186  nodes/search: 110
.   0  PEN  POS: #:   3 (  2%) #n:  12053  nodes/search: 4017
.   0  PEN  NEG: #: 131 ( 97%) #n:  31140  nodes/search: 237
.   0  DeadTested:     0, PenTested :    38, patterns: 94, removed: 3, killed: 0
.   0  
.   0  Threshold 339 (335)
.   0  tt: Y, dl_mg: Y, dl2_mg: Y
.   0  area_srch: Y dl_srch: Y pen_srch: Y
.   0  scan_srch: Y
.   0  node limit: 1000, minimize: Y
.   0  st_testd: Y, dl_db: 7, cut_goal: Y
.   0  xdist: Y, auto: Y, local: Y(1,10,10)
.   0  lb_mp: Y, lb_cf: Y, lb_dd: Y(0/1), mc_tu: Y, mc_gm: Y
.   0  overestim: 0.00, hoverestim: 1.00, assume dead: N
.   0  limit patterns: Y, lazy maximize: Y
.   0  nodes searched: total: 384300, top level: 1767
.   0  mini: 28490, scan: 27573
.   0  AbortNodeCount: -1, TimeOut: 0 TimeOutType: VIRTUAL
.   0  TT hits: 451, TT collisions: 0 Req: 1015, (44.433498)
 5 5 10 8 8 20 59 92 132 160 170 141 112 90 72 64 54 43 55 65 54 47 45 42 38 31 21 15 14 12 10 13 14 10 6 5 5 4 3 3 3 5 2 
.   0  run: sec: 5, usec: 963523, t: 6
.   0  Nodes per Second:    64050 (6 sec.)
.   0  AREA POS: #:   8 (  1%) #n:   4951  nodes/search: 618
.   0  AREA NEG: #: 409 ( 98%) #n:  26943  nodes/search:  65
.   0  DL   POS: #:   0 (  0%) #n:      0  nodes/search:   0
.   0  DL   NEG: #: 388 (100%) #n:  39668  nodes/search: 102
.   0  PEN  POS: #:   5 (  3%) #n:  20924  nodes/search: 4184
.   0  PEN  NEG: #: 153 ( 96%) #n:  35462  nodes/search: 231
.   0  DeadTested:     0, PenTested :    40, patterns: 110, removed: 5, killed: 0
.   0  
.   0  Threshold 341 (335)
.   0  tt: Y, dl_mg: Y, dl2_mg: Y
.   0  area_srch: Y dl_srch: Y pen_srch: Y
.   0  scan_srch: Y
.   0  node limit: 1000, minimize: Y
.   0  st_testd: Y, dl_db: 7, cut_goal: Y
.   0  xdist: Y, auto: Y, local: Y(1,10,10)
.   0  lb_mp: Y, lb_cf: Y, lb_dd: Y(0/1), mc_tu: Y, mc_gm: Y
.   0  overestim: 0.00, hoverestim: 1.00, assume dead: N
.   0  limit patterns: Y, lazy maximize: Y
.   0  nodes searched: total: 535054, top level: 2088
.   0  mini: 59538, scan: 27573
.   0  AbortNodeCount: -1, TimeOut: 0 TimeOutType: VIRTUAL
.   0  TT hits: 506, TT collisions: 0 Req: 1280, (39.531250)
 6 6 12 10 10 26 69 98 138 162 171 142 113 91 73 65 55 44 56 66 55 48 46 43 39 32 22 16 15 13 11 14 15 11 7 6 6 5 4 4 4 6 3 3 7 10 18 23 12 3 4 1 2 1 1 1 1 1 1 1 2 1 2 1 1 1 1 1 1 1 1 1 1 1 1 1 1 1 1 1 1 1 1 1 1 1 1 1 1 1 1 1 1 1 1 1 1 1 1 1 1 1 1 1 1 1 1 1 1 1 1 1 1 1 1 1 1 1 1 1 1 1 1 1 1 1 1 1 1 1 1 1 1 1 1 1 1 1 1 1 1 1 1 1 1 1 1 1 1 1 1 1 1 1 1 1 1 1 1 1 1 1 1 1 1 1 1 1 1 1 1 1 1 1 1 1 1 1 1 1 1 1 1 1 1 1 1 1 1 1 1 1 1 1 1 1 1 1 1 1 1 1 1 1 1 1 1 1 1 1 1 1 1 1 1 1 1 1 
.   0  run: sec: 7, usec: 631658, t: 8
.   0  Nodes per Second:    66882 (8 sec.)
.   0  AREA POS: #:  10 (  2%) #n:   7277  nodes/search: 727
.   0  AREA NEG: #: 467 ( 97%) #n:  46306  nodes/search:  99
.   0  DL   POS: #:   0 (  0%) #n:      0  nodes/search:   0
.   0  DL   NEG: #: 435 (100%) #n:  59282  nodes/search: 136
.   0  PEN  POS: #:  15 (  7%) #n:  42182  nodes/search: 2812
.   0  PEN  NEG: #: 192 ( 92%) #n:  76513  nodes/search: 398
.   0  DeadTested:     0, PenTested :    57, patterns: 258, removed: 15, killed: 0
.   0  
Path:  Gf-Gg Hh-Hi Gg-Gf-Eh* Ii-Ij-Ii Hi-Hh Ii-Hi Hh-Gh Hi-Hh Gh-Gg-Gf-Fk* Hh-Gh-Gg-Gf-Ei* Oj-Nj-Mj Lj-Li Kj-Jj-Ij-Ii-Hi-Hh-Gh-Gg-Gf-Ek* Mj-Lj-Kj-Jj-Ij-Ii-Hi-Hh-Gh-Gg-Gf-Ej* Li-Lh-Lg Kd-Kc Je-Ke-Kf Ld-Md-Nd Mf-Mg Nd-Od-Pd-Qd Mh-Lh Mg-Mh Lg-Mg Lh-Li-Lj Mh-Lh-Li Mg-Mh Nf-Mf-Mg Pi-Pj Lj-Kj-Jj-Ij-Ii-Hi-Hh-Gh-Gg-Gf-Dk* Li-Lj-Kj-Jj-Ij-Ii-Hi-Hh-Gh-Gg-Gf-Bk* Mh-Lh-Li-Lj-Kj-Jj-Ij-Ii-Hi-Hh-Gh-Gg-Gf-Dj* Mg-Mh-Lh-Li-Lj-Kj-Jj-Ij-Ii-Hi-Hh-Gh-Gg-Gf-Bj* Qi-Pi Pj-Oj-Nj-Mj-Lj-Kj-Jj-Ij-Ii-Hi-Hh-Gh-Gg-Gf-Ck* Pi-Pj-Oj-Nj-Mj-Lj-Kj-Jj-Ij-Ii-Hi-Hh-Gh-Gg-Gf-Bi* Ne-Me-Mf-Mg-Mh-Lh-Li-Lj-Kj-Jj-Ij-Ii-Hi-Hh-Gh-Gg-Gf-Cj* Kf-Kg-Lg-Mg-Mh-Lh-Li-Lj-Kj-Jj-Ij-Ii-Hi-Hh-Gh-Gg-Gf-Bh* Kc-Kd-Ke-Kf-Kg-Lg-Mg-Mh-Lh-Li-Lj-Kj-Jj-Ij-Ii-Hi-Hh-Gh-Gg-Gf-Ci* Qd-Rd-Re-Rf-Rg-Rh-Ri-Qi-Pi-Pj-Oj-Nj-Mj-Lj-Kj-Jj-Ij-Ii-Hi-Hh-Gh-Gg-Gf-Ch*
(moves: 341 depth: 217)
Moves: 1304, Pushes: 341, Treedepth: 217
Total number of calling MarkReach(): 599397
Total number of cycles for MarkReach(): 3450098287
Average number of cycles per call: 5755.948540
Total number of while loop for MarkReach(): 67202928
Average number of cycles per loop: 51.338511
Total number of calling Moves(): 689249
Total number of cycles for Moves(): 8150252546
Average number of cycles per call: 11824.830426
Total number of while loop for Moves(): 80022813
Average number of cycles per loop: 101.849113
Command:
real	0m7.666s
user	0m7.639s
sys	0m0.019s
