PrintPriority: 2
Command:Maze screens/screen.18:
     ###########    
     #     #   #    
     #0#       #    
 #####0##  # ####   
##  #000###     ### 
#   #00000   #    # 
#   0000##  ## ## # 
#### ## #   #   # # 
  ## #    #     # # 
  #    # #  #  ## # 
  #               # 
  #  ###########  # 
  ####         #### 
                    
.   0  YES MACRO, nodes: 63 n: 4
Auto Set local cut parameter: 1,10, 7.
ScanSearch: h 106, nodes used: 0
ScanSearch: h 106, nodes used: 14
ScanSearch: h 106, nodes used: 19
ScanSearch: h 108, nodes used: 674
ScanSearch: h 108, nodes used: 898
ScanSearch: h 108, nodes used: 1126
ScanSearch: h 108, nodes used: 1352
ScanSearch: h 108, nodes used: 1586
ScanSearch: h 108, nodes used: 1830
ScanSearch: h 108, nodes used: 2065
ScanSearch: h 108, nodes used: 2293
ScanSearch: h: 106->108, nodes used: 2561
.   0  Threshold 108 (108)
.   0  tt: Y, dl_mg: Y, dl2_mg: Y
.   0  area_srch: Y dl_srch: Y pen_srch: Y
.   0  scan_srch: Y
.   0  node limit: 1000, minimize: Y
.   0  st_testd: Y, dl_db: 7, cut_goal: Y
.   0  xdist: Y, auto: Y, local: Y(1,10,7)
.   0  lb_mp: Y, lb_cf: Y, lb_dd: Y(0/1), mc_tu: Y, mc_gm: Y
.   0  overestim: 0.00, hoverestim: 1.00, assume dead: N
.   0  limit patterns: Y, lazy maximize: Y
.   0  nodes searched: total: 3908, top level: 1213
.   0  mini: 1416, scan: 2561
.   0  AbortNodeCount: -1, TimeOut: 0 TimeOutType: VIRTUAL
.   0  TT hits: 1, TT collisions: 0 Req: 6, (16.666666)
 1 1 1 1 1 
.   0  run: sec: 0, usec: 187731, t: 1
.   0  Nodes per Second:     3908 (1 sec.)
.   0  AREA POS: #:   0 (  0%) #n:      0  nodes/search:   0
.   0  AREA NEG: #:   0 (  0%) #n:      0  nodes/search:   0
.   0  DL   POS: #:   0 (  0%) #n:      0  nodes/search:   0
.   0  DL   NEG: #:   0 (  0%) #n:      0  nodes/search:   0
.   0  PEN  POS: #:   0 (  0%) #n:      0  nodes/search:   0
.   0  PEN  NEG: #:   1 (100%) #n:      3  nodes/search:   3
.   0  DeadTested:     0, PenTested :     3, patterns: 3, removed: 0, killed: 0
.   0  
.   0  Threshold 110 (114)
.   0  tt: Y, dl_mg: Y, dl2_mg: Y
.   0  area_srch: Y dl_srch: Y pen_srch: Y
.   0  scan_srch: Y
.   0  node limit: 1000, minimize: Y
.   0  st_testd: Y, dl_db: 7, cut_goal: Y
.   0  xdist: Y, auto: Y, local: Y(1,10,7)
.   0  lb_mp: Y, lb_cf: Y, lb_dd: Y(0/1), mc_tu: Y, mc_gm: Y
.   0  overestim: 0.00, hoverestim: 1.00, assume dead: N
.   0  limit patterns: Y, lazy maximize: Y
.   0  nodes searched: total: 3909, top level: 1214
.   0  mini: 1416, scan: 2561
.   0  AbortNodeCount: -1, TimeOut: 0 TimeOutType: VIRTUAL
.   0  TT hits: 1, TT collisions: 0 Req: 6, (16.666666)
 2 1 1 1 1 
.   0  run: sec: 0, usec: 188212, t: 1
.   0  Nodes per Second:     3909 (1 sec.)
.   0  AREA POS: #:   0 (  0%) #n:      0  nodes/search:   0
.   0  AREA NEG: #:   0 (  0%) #n:      0  nodes/search:   0
.   0  DL   POS: #:   0 (  0%) #n:      0  nodes/search:   0
.   0  DL   NEG: #:   0 (  0%) #n:      0  nodes/search:   0
.   0  PEN  POS: #:   0 (  0%) #n:      0  nodes/search:   0
.   0  PEN  NEG: #:   1 (100%) #n:      3  nodes/search:   3
.   0  DeadTested:     0, PenTested :     3, patterns: 3, removed: 0, killed: 0
.   0  
.   0  Threshold 112 (114)
.   0  tt: Y, dl_mg: Y, dl2_mg: Y
.   0  area_srch: Y dl_srch: Y pen_srch: Y
.   0  scan_srch: Y
.   0  node limit: 1000, minimize: Y
.   0  st_testd: Y, dl_db: 7, cut_goal: Y
.   0  xdist: Y, auto: Y, local: Y(1,10,7)
.   0  lb_mp: Y, lb_cf: Y, lb_dd: Y(0/1), mc_tu: Y, mc_gm: Y
.   0  overestim: 0.00, hoverestim: 1.00, assume dead: N
.   0  limit patterns: Y, lazy maximize: Y
.   0  nodes searched: total: 3910, top level: 1215
.   0  mini: 1416, scan: 2561
.   0  AbortNodeCount: -1, TimeOut: 0 TimeOutType: VIRTUAL
.   0  TT hits: 1, TT collisions: 0 Req: 6, (16.666666)
 3 1 1 1 1 
.   0  run: sec: 0, usec: 188212, t: 1
.   0  Nodes per Second:     3910 (1 sec.)
.   0  AREA POS: #:   0 (  0%) #n:      0  nodes/search:   0
.   0  AREA NEG: #:   0 (  0%) #n:      0  nodes/search:   0
.   0  DL   POS: #:   0 (  0%) #n:      0  nodes/search:   0
.   0  DL   NEG: #:   0 (  0%) #n:      0  nodes/search:   0
.   0  PEN  POS: #:   0 (  0%) #n:      0  nodes/search:   0
.   0  PEN  NEG: #:   1 (100%) #n:      3  nodes/search:   3
.   0  DeadTested:     0, PenTested :     3, patterns: 3, removed: 0, killed: 0
.   0  
.   0  Threshold 114 (114)
.   0  tt: Y, dl_mg: Y, dl2_mg: Y
.   0  area_srch: Y dl_srch: Y pen_srch: Y
.   0  scan_srch: Y
.   0  node limit: 1000, minimize: Y
.   0  st_testd: Y, dl_db: 7, cut_goal: Y
.   0  xdist: Y, auto: Y, local: Y(1,10,7)
.   0  lb_mp: Y, lb_cf: Y, lb_dd: Y(145/7), mc_tu: Y, mc_gm: Y
.   0  overestim: 0.00, hoverestim: 1.00, assume dead: N
.   0  limit patterns: Y, lazy maximize: Y
.   0  nodes searched: total: 43233, top level: 5282
.   0  mini: 4005, scan: 2561
.   0  AbortNodeCount: -1, TimeOut: 0 TimeOutType: VIRTUAL
.   0  TT hits: 222, TT collisions: 0 Req: 736, (30.163044)
 4 2 3 11 49 62 52 50 50 111 109 104 124 111 83 64 38 22 15 19 50 85 117 143 143 103 60 37 15 2 
.   0  run: sec: 1, usec: 309906, t: 1
.   0  Nodes per Second:    43233 (1 sec.)
.   0  AREA POS: #:   3 (  5%) #n:    200  nodes/search:  66
.   0  AREA NEG: #:  50 ( 94%) #n:    993  nodes/search:  19
.   0  DL   POS: #:   0 (  0%) #n:      0  nodes/search:   0
.   0  DL   NEG: #: 144 (100%) #n:   4021  nodes/search:  27
.   0  PEN  POS: #:   0 (  0%) #n:      0  nodes/search:   0
.   0  PEN  NEG: #:  69 (100%) #n:   2694  nodes/search:  39
.   0  DeadTested:     0, PenTested :    21, patterns: 11, removed: 0, killed: 0
.   0  
.   0  Threshold 116 (114)
.   0  tt: Y, dl_mg: Y, dl2_mg: Y
.   0  area_srch: Y dl_srch: Y pen_srch: Y
.   0  scan_srch: Y
.   0  node limit: 1000, minimize: Y
.   0  st_testd: Y, dl_db: 7, cut_goal: Y
.   0  xdist: Y, auto: Y, local: Y(1,10,7)
.   0  lb_mp: Y, lb_cf: Y, lb_dd: Y(469/7), mc_tu: Y, mc_gm: Y
.   0  overestim: 0.00, hoverestim: 1.00, assume dead: N
.   0  limit patterns: Y, lazy maximize: Y
.   0  nodes searched: total: 122106, top level: 12653
.   0  mini: 6423, scan: 2561
.   0  AbortNodeCount: -1, TimeOut: 0 TimeOutType: VIRTUAL
.   0  TT hits: 2044, TT collisions: 16 Req: 3508, (58.266819)
 5 3 5 21 97 148 146 127 171 330 417 405 460 495 428 335 237 131 65 66 149 291 410 505 566 469 294 196 114 45 9 1 
.   0  run: sec: 3, usec: 236427, t: 3
.   0  Nodes per Second:    40702 (3 sec.)
.   0  AREA POS: #:   5 (  3%) #n:    349  nodes/search:  69
.   0  AREA NEG: #: 161 ( 96%) #n:   3412  nodes/search:  21
.   0  DL   POS: #:   0 (  0%) #n:      0  nodes/search:   0
.   0  DL   NEG: #: 539 (100%) #n:  17827  nodes/search:  33
.   0  PEN  POS: #:   0 (  0%) #n:      0  nodes/search:   0
.   0  PEN  NEG: #: 180 (100%) #n:   8059  nodes/search:  44
.   0  DeadTested:     0, PenTested :    87, patterns: 15, removed: 0, killed: 0
.   0  
.   0  Threshold 118 (114)
.   0  tt: Y, dl_mg: Y, dl2_mg: Y
.   0  area_srch: Y dl_srch: Y pen_srch: Y
.   0  scan_srch: Y
.   0  node limit: 1000, minimize: Y
.   0  st_testd: Y, dl_db: 7, cut_goal: Y
.   0  xdist: Y, auto: Y, local: Y(1,10,7)
.   0  lb_mp: Y, lb_cf: Y, lb_dd: Y(59696/11), mc_tu: Y, mc_gm: Y
.   0  overestim: 0.00, hoverestim: 1.00, assume dead: N
.   0  limit patterns: Y, lazy maximize: Y
.   0  nodes searched: total: 20997956, top level: 11827757
.   0  mini: 11901304, scan: 2561
.   0  AbortNodeCount: -1, TimeOut: 0 TimeOutType: VIRTUAL
.   0  TT hits: 368124, TT collisions: 140713 Req: 597069, (61.655186)
 6 4 7 31 145 234 268 258 381 796 1096 1244 1478 1799 1861 1908 2030 2295 3189 4162 5653 7067 8273 9536 10877 12524 14415 16353 17957 19303 20825 22418 24524 26678 29740 33856 39281 44776 49141 52163 53427 52630 50058 45764 41569 39302 38248 37295 35542 33826 31351 28984 26884 24791 21638 17576 13398 9869 7456 5588 4223 3274 2567 1952 1474 1201 991 744 463 241 99 40 11 2 
.   0  run: sec: 410, usec: 100057, t: 410
.   0  Nodes per Second:    51215 (410 sec.)
.   0  AREA POS: #: 4259 (  6%) #n: 233074  nodes/search:  54
.   0  AREA NEG: #: 56828 ( 93%) #n: 908858  nodes/search:  15
.   0  DL   POS: #:   0 (  0%) #n:      0  nodes/search:   0
.   0  DL   NEG: #: 90863 (100%) #n: 1766215  nodes/search:  19
.   0  PEN  POS: #:  13 (  0%) #n:   2595  nodes/search: 199
.   0  PEN  NEG: #: 10840 ( 99%) #n: 172038  nodes/search:  15
.   0  DeadTested:     0, PenTested :  4028, patterns: 493, removed: 90401, killed: 0
.   0  
.   0  Threshold 120 (114)
