PrintPriority: 2
Command:Maze screens/screen.22:
######     ####     
#    #######  ##### 
#    #  #     #   # 
#          #      # 
##      #  #      # 
#    ########### ## 
# #   #0000000#  #  
# ##  #0000000#  #  
# #    00000000  #  
# #   #0000000#  #  
#     #### ####  #  
#     ###        ## 
#                 # 
## ######   ##### # 
#         #       # 
?################## 
.   0  YES MACRO, nodes: 10001 n: 3
Auto Set local cut parameter: 1,10, 11.
ScanSearch: h 308, nodes used: 0
ScanSearch: h 308, nodes used: 2548
ScanSearch: h 308, nodes used: 5093
ScanSearch: h 308, nodes used: 7069
ScanSearch: h 308, nodes used: 8954
ScanSearch: h 308, nodes used: 10893
ScanSearch: h 308, nodes used: 12951
ScanSearch: h 308, nodes used: 14958
ScanSearch: h 310, nodes used: 17593
ScanSearch: h 310, nodes used: 19522
ScanSearch: h 310, nodes used: 21495
ScanSearch: h 310, nodes used: 23439
ScanSearch: h 310, nodes used: 25315
ScanSearch: h 310, nodes used: 27228
ScanSearch: h 310, nodes used: 30535
ScanSearch: h 310, nodes used: 32453
ScanSearch: h 310, nodes used: 34520
ScanSearch: h 310, nodes used: 36441
ScanSearch: h 310, nodes used: 38245
ScanSearch: h 310, nodes used: 40125
ScanSearch: h 310, nodes used: 42382
ScanSearch: h 310, nodes used: 44494
ScanSearch: h 310, nodes used: 45779
ScanSearch: h 310, nodes used: 47574
ScanSearch: h 310, nodes used: 49894
ScanSearch: h 310, nodes used: 51809
ScanSearch: h 310, nodes used: 53653
ScanSearch: h: 308->310, nodes used: 55318
.   0  Threshold 310 (310)
.   0  tt: Y, dl_mg: Y, dl2_mg: Y
.   0  area_srch: Y dl_srch: Y pen_srch: Y
.   0  scan_srch: Y
.   0  node limit: 1000, minimize: Y
.   0  st_testd: Y, dl_db: 7, cut_goal: Y
.   0  xdist: Y, auto: Y, local: Y(1,10,11)
.   0  lb_mp: Y, lb_cf: Y, lb_dd: Y(0/1), mc_tu: Y, mc_gm: Y
.   0  overestim: 0.00, hoverestim: 1.00, assume dead: N
.   0  limit patterns: Y, lazy maximize: Y
.   0  nodes searched: total: 169728, top level: 93
.   0  mini: 58177, scan: 55318
.   0  AbortNodeCount: -1, TimeOut: 0 TimeOutType: VIRTUAL
.   0  TT hits: 3, TT collisions: 0 Req: 37, (8.108109)
 1 1 2 2 3 3 5 8 6 13 8 4 4 4 13 12 4 
.   0  run: sec: 11, usec: 261245, t: 11
.   0  Nodes per Second:    15430 (11 sec.)
.   0  AREA POS: #:   3 ( 12%) #n:    325  nodes/search: 108
.   0  AREA NEG: #:  22 ( 88%) #n:   1372  nodes/search:  62
.   0  DL   POS: #:   0 (  0%) #n:      0  nodes/search:   0
.   0  DL   NEG: #:  14 (100%) #n:  14000  nodes/search: 1000
.   0  PEN  POS: #:   6 ( 28%) #n:  42862  nodes/search: 7143
.   0  PEN  NEG: #:  15 ( 71%) #n:  29007  nodes/search: 1933
.   0  DeadTested:     0, PenTested :     0, patterns: 233, removed: 49, killed: 0
.   0  
.   0  Threshold 312 (312)
.   0  tt: Y, dl_mg: Y, dl2_mg: Y
.   0  area_srch: Y dl_srch: Y pen_srch: Y
.   0  scan_srch: Y
.   0  node limit: 1000, minimize: Y
.   0  st_testd: Y, dl_db: 7, cut_goal: Y
.   0  xdist: Y, auto: Y, local: Y(1,10,11)
.   0  lb_mp: Y, lb_cf: Y, lb_dd: Y(0/1), mc_tu: Y, mc_gm: Y
.   0  overestim: 0.00, hoverestim: 1.00, assume dead: N
.   0  limit patterns: Y, lazy maximize: Y
.   0  nodes searched: total: 532032, top level: 623
.   0  mini: 209614, scan: 55318
.   0  AbortNodeCount: -1, TimeOut: 0 TimeOutType: VIRTUAL
.   0  TT hits: 49, TT collisions: 0 Req: 194, (25.257732)
 2 3 6 7 9 11 18 29 32 36 26 9 15 40 61 46 44 25 20 16 25 27 33 35 25 17 4 2 
.   0  run: sec: 27, usec: 345042, t: 27
.   0  Nodes per Second:    19705 (27 sec.)
.   0  AREA POS: #:   7 (  8%) #n:   1741  nodes/search: 248
.   0  AREA NEG: #:  74 ( 91%) #n:   3857  nodes/search:  52
.   0  DL   POS: #:   0 (  0%) #n:      0  nodes/search:   0
.   0  DL   NEG: #:  64 (100%) #n:  62006  nodes/search: 968
.   0  PEN  POS: #:  21 ( 23%) #n: 158120  nodes/search: 7529
.   0  PEN  NEG: #:  69 ( 76%) #n: 116171  nodes/search: 1683
.   0  DeadTested:     0, PenTested :     2, patterns: 800, removed: 173, killed: 27
.   0  
.   0  Threshold 314 (312)
.   0  tt: Y, dl_mg: Y, dl2_mg: Y
.   0  area_srch: Y dl_srch: Y pen_srch: Y
.   0  scan_srch: Y
.   0  node limit: 1000, minimize: Y
.   0  st_testd: Y, dl_db: 7, cut_goal: Y
.   0  xdist: Y, auto: Y, local: Y(1,10,11)
.   0  lb_mp: Y, lb_cf: Y, lb_dd: Y(0/1), mc_tu: Y, mc_gm: Y
.   0  overestim: 0.00, hoverestim: 1.00, assume dead: N
.   0  limit patterns: Y, lazy maximize: Y
.   0  nodes searched: total: 6420970, top level: 8547
.   0  mini: 3005277, scan: 55318
.   0  AbortNodeCount: -1, TimeOut: 0 TimeOutType: VIRTUAL
.   0  TT hits: 740, TT collisions: 3 Req: 2370, (31.223629)
 3 5 10 12 15 19 35 59 84 119 130 137 185 234 269 298 304 297 363 473 619 728 779 749 669 558 430 334 252 194 123 52 9 
.   0  run: sec: 450, usec: 688963, t: 451
.   0  Nodes per Second:    14237 (451 sec.)
.   0  AREA POS: #:  12 (  1%) #n:   5689  nodes/search: 474
.   0  AREA NEG: #: 854 ( 98%) #n:  41206  nodes/search:  48
.   0  DL   POS: #:   0 (  0%) #n:      0  nodes/search:   0
.   0  DL   NEG: #: 845 (100%) #n: 787547  nodes/search: 932
.   0  PEN  POS: #: 143 ( 14%) #n: 1572197  nodes/search: 10994
.   0  PEN  NEG: #: 849 ( 85%) #n: 2166088  nodes/search: 2551
.   0  DeadTested:     0, PenTested :     2, patterns: 1608, removed: 661, killed: 4316
.   0  
.   0  Threshold 316 (312)
