PrintPriority: 2
Command:Maze screens/screen.84:
#######             
#     ##########    
#     #    #  ##    
#     #        #    
#     #    ##  #    
#     ##       #    
## #  ## #######    
## #  ## 000000#    
#  #     000000#    
#        000000#    
#     ## #00000#    
################    
                    
.   0  YES MACRO, nodes: 121 n: 2
Auto Set local cut parameter: 1,9, 9.
ScanSearch: h 149, nodes used: 0
ScanSearch: h 151, nodes used: 428
ScanSearch: h 155, nodes used: 843
ScanSearch: h 155, nodes used: 980
ScanSearch: h 157, nodes used: 1591
ScanSearch: h 157, nodes used: 1714
ScanSearch: h 157, nodes used: 2003
ScanSearch: h 157, nodes used: 2299
ScanSearch: h 157, nodes used: 2427
ScanSearch: h 157, nodes used: 2550
ScanSearch: h 157, nodes used: 2793
ScanSearch: h 157, nodes used: 3043
ScanSearch: h: 149->157, nodes used: 3292
.   0  Threshold 157 (157)
.   0  tt: Y, dl_mg: Y, dl2_mg: Y
.   0  area_srch: Y dl_srch: Y pen_srch: Y
.   0  scan_srch: Y
.   0  node limit: 1000, minimize: Y
.   0  st_testd: Y, dl_db: 7, cut_goal: Y
.   0  xdist: Y, auto: Y, local: Y(1,9,9)
.   0  lb_mp: Y, lb_cf: Y, lb_dd: Y(0/1), mc_tu: Y, mc_gm: Y
.   0  overestim: 0.00, hoverestim: 1.00, assume dead: N
.   0  limit patterns: Y, lazy maximize: Y
.   0  nodes searched: total: 8124, top level: 106
.   0  mini: 748, scan: 3292
.   0  AbortNodeCount: -1, TimeOut: 0 TimeOutType: VIRTUAL
.   0  TT hits: 2, TT collisions: 0 Req: 104, (1.923077)
 1 1 1 1 1 1 1 1 1 1 1 1 1 1 1 3 6 4 2 2 3 1 1 1 1 1 1 1 1 1 1 1 1 1 1 1 1 1 1 1 1 1 1 1 1 1 1 1 1 1 1 1 1 1 1 1 1 1 1 1 1 1 1 1 1 1 1 3 1 2 1 1 1 1 1 1 1 1 1 1 1 1 1 1 1 1 1 1 1 
.   0  run: sec: 0, usec: 181490, t: 1
.   0  Nodes per Second:     8124 (1 sec.)
.   0  AREA POS: #:   2 (  6%) #n:     59  nodes/search:  29
.   0  AREA NEG: #:  28 ( 93%) #n:    823  nodes/search:  29
.   0  DL   POS: #:   0 (  0%) #n:      0  nodes/search:   0
.   0  DL   NEG: #:  12 (100%) #n:    189  nodes/search:  15
.   0  PEN  POS: #:   1 (  5%) #n:   1041  nodes/search: 1041
.   0  PEN  NEG: #:  19 ( 95%) #n:    901  nodes/search:  47
.   0  DeadTested:     0, PenTested :    31, patterns: 29, removed: 1, killed: 0
.   0  
Path:  If-Ie De-Ee-Fe-Ff-Fg-Fh Cf-Cg-Ci*-Cj Df-Ef-Ff Cd-Ce-Cf-Df Ff-Fe Fj-Fi Ej-Fj-Gj-Hj-Ij-Ok* Ei-Ej-Fj-Gj-Hj-Ij-Oj* Fi-Gi-Hi-Ii-Oh* Fh-Fi-Gi-Hi-Ii-Nh* Cj-Dj-Ej-Fj-Gj-Hj-Ij-Nk* Fe-Ff-Fg-Fh-Fi-Gi-Hi-Ii-Oi* Df-Ef-Ff-Fg-Fh-Fi-Gi-Hi-Ii-Mh* Ie-Id-Ie-If-Ii*-Ni* Kd-Ke Md-Nd-Ne Kf-Jf-If-Ii*-Mi* Je-Jf-If-Ii*-Nj* Ke-Kf-Jf-If-Ii*-Mj* Ne-Nf-Mf-Kf*-Jf-If-Ii*-Mk*
(moves: 157 depth: 88)
Moves: 509, Pushes: 157, Treedepth: 88
Total number of calling MarkReach(): 10635
Total number of cycles for MarkReach(): 48407039
Average number of cycles per call: 4551.672685
Total number of while loop for MarkReach(): 862977
Average number of cycles per loop: 56.093081
Total number of calling Moves(): 11680
Total number of cycles for Moves(): 105897392
Average number of cycles per call: 9066.557534
Total number of while loop for Moves(): 1029108
Average number of cycles per loop: 102.902117
Command:
real	0m0.195s
user	0m0.184s
sys	0m0.010s
