PrintPriority: 2
Command:Maze screens/screen.71:
####################
#  #     #  ##    ##
#  #     #     ##  #
#       #00#       #
#      #0000#   # ##
#  #  #000000###   #
#   #  #0000#  #   #
#    ####00#   #   #
##     ##0# #     ##
###       #    #   #
####   #       #   #
####################
                    
.   0  YES MACRO, nodes: 413 n: 2
Auto Set local cut parameter: 1,10, 15.
ScanSearch: h 294, nodes used: 0
ScanSearch: h 294, nodes used: 1091
ScanSearch: h 294, nodes used: 2563
ScanSearch: h 294, nodes used: 3686
ScanSearch: h 296, nodes used: 5059
ScanSearch: h 296, nodes used: 5081
ScanSearch: h 298, nodes used: 7245
ScanSearch: h 298, nodes used: 8427
ScanSearch: h 298, nodes used: 9657
ScanSearch: h 302, nodes used: 11628
ScanSearch: h 302, nodes used: 12980
ScanSearch: h 302, nodes used: 13025
ScanSearch: h 302, nodes used: 13072
ScanSearch: h 302, nodes used: 14156
ScanSearch: h 302, nodes used: 14473
ScanSearch: h 302, nodes used: 14524
ScanSearch: h 302, nodes used: 14527
ScanSearch: h 302, nodes used: 14758
ScanSearch: h: 294->302, nodes used: 15175
.   0  Threshold 302 (302)
.   0  tt: Y, dl_mg: Y, dl2_mg: Y
.   0  area_srch: Y dl_srch: Y pen_srch: Y
.   0  scan_srch: Y
.   0  node limit: 1000, minimize: Y
.   0  st_testd: Y, dl_db: 7, cut_goal: Y
.   0  xdist: Y, auto: Y, local: Y(1,10,15)
.   0  lb_mp: Y, lb_cf: Y, lb_dd: Y(21666/19), mc_tu: Y, mc_gm: Y
.   0  overestim: 0.00, hoverestim: 1.00, assume dead: N
.   0  limit patterns: Y, lazy maximize: Y
.   0  nodes searched: total: 4101101, top level: 348183
.   0  mini: 7737, scan: 15175
.   0  AbortNodeCount: -1, TimeOut: 0 TimeOutType: VIRTUAL
.   0  TT hits: 56884, TT collisions: 39623 Req: 145807, (39.013218)
 1 1 1 1 1 1 1 1 1 1 1 5 10 6 4 6 8 14 23 14 12 11 13 17 24 17 31 28 28 28 35 29 38 46 64 91 167 220 310 424 586 723 894 1053 1264 1458 1658 1930 2281 2723 3203 3625 4027 4373 4691 4996 5191 5325 5440 5564 5711 5936 6247 6581 6871 7186 7686 8409 9019 9584 9918 10172 10329 10312 10090 9716 9391 9081 8736 8478 8229 7987 7681 7260 6820 6520 6387 6363 6299 6173 5862 5428 4805 4207 3651 3138 2689 2322 2039 1767 1511 1289 1110 978 858 740 647 556 498 423 345 284 210 167 142 124 110 92 78 61 48 38 24 17 10 4 
.   0  run: sec: 131, usec: 141297, t: 131
.   0  Nodes per Second:    31306 (131 sec.)
.   0  AREA POS: #:   5 (  0%) #n:    861  nodes/search: 172
.   0  AREA NEG: #: 50769 ( 99%) #n: 2337762  nodes/search:  46
.   0  DL   POS: #:   0 (  0%) #n:      0  nodes/search:   0
.   0  DL   NEG: #: 54012 (100%) #n: 806364  nodes/search:  14
.   0  PEN  POS: #:   2 (  0%) #n:   2234  nodes/search: 1117
.   0  PEN  NEG: #: 1611 ( 99%) #n: 100569  nodes/search:  62
.   0  DeadTested:     0, PenTested :  1620, patterns: 148, removed: 6, killed: 0
.   0  
.   0  Threshold 304 (302)
