PrintPriority: 2
Command:Maze screens/screen.13:
   #########        
  ##   ##  #####    
###     #  #0000### 
#    #  #  #000000# 
# #  #  ## #0#0#00# 
#  # #   # 0000000# 
#        # #0#0#00# 
#   ##  ## 0000000# 
#   #   #  #0#0#00# 
##         0000000# 
 #  ######0000##00# 
 #  #    ########## 
 ####               
                    
.   0  YES MACRO, nodes: 1632 n: 1
Auto Set local cut parameter: 1,8, 7.
ScanSearch: h 220, nodes used: 0
ScanSearch: h 220, nodes used: 1156
ScanSearch: h 220, nodes used: 3000
ScanSearch: h 220, nodes used: 4260
ScanSearch: h 220, nodes used: 5473
ScanSearch: h 220, nodes used: 7302
ScanSearch: h 220, nodes used: 8552
ScanSearch: h 220, nodes used: 9784
ScanSearch: h 220, nodes used: 12601
ScanSearch: h 220, nodes used: 14285
ScanSearch: h 220, nodes used: 15470
ScanSearch: h 220, nodes used: 17183
ScanSearch: h 220, nodes used: 18332
ScanSearch: h 220, nodes used: 19759
ScanSearch: h 220, nodes used: 21026
ScanSearch: h 220, nodes used: 22287
ScanSearch: h: 220->220, nodes used: 23527
.   0  Threshold 220 (220)
.   0  tt: Y, dl_mg: Y, dl2_mg: Y
.   0  area_srch: Y dl_srch: Y pen_srch: Y
.   0  scan_srch: Y
.   0  node limit: 1000, minimize: Y
.   0  st_testd: Y, dl_db: 7, cut_goal: Y
.   0  xdist: Y, auto: Y, local: Y(1,8,7)
.   0  lb_mp: Y, lb_cf: Y, lb_dd: Y(0/1), mc_tu: Y, mc_gm: Y
.   0  overestim: 0.00, hoverestim: 1.00, assume dead: N
.   0  limit patterns: Y, lazy maximize: Y
.   0  nodes searched: total: 33397, top level: 12
.   0  mini: 1359, scan: 23527
.   0  AbortNodeCount: -1, TimeOut: 0 TimeOutType: VIRTUAL
.   0  TT hits: 1, TT collisions: 0 Req: 7, (14.285714)
 1 2 4 5 
.   0  run: sec: 3, usec: 586532, t: 4
.   0  Nodes per Second:     8349 (4 sec.)
.   0  AREA POS: #:   1 ( 20%) #n:     12  nodes/search:  12
.   0  AREA NEG: #:   4 ( 80%) #n:   1219  nodes/search: 304
.   0  DL   POS: #:   0 (  0%) #n:      0  nodes/search:   0
.   0  DL   NEG: #:   2 (100%) #n:   2000  nodes/search: 1000
.   0  PEN  POS: #:   2 ( 50%) #n:   2527  nodes/search: 1263
.   0  PEN  NEG: #:   2 ( 50%) #n:   2000  nodes/search: 1000
.   0  DeadTested:     0, PenTested :     0, patterns: 19, removed: 2, killed: 0
.   0  
.   0  Threshold 222 (220)
.   0  tt: Y, dl_mg: Y, dl2_mg: Y
.   0  area_srch: Y dl_srch: Y pen_srch: Y
.   0  scan_srch: Y
.   0  node limit: 1000, minimize: Y
.   0  st_testd: Y, dl_db: 7, cut_goal: Y
.   0  xdist: Y, auto: Y, local: Y(1,8,7)
.   0  lb_mp: Y, lb_cf: Y, lb_dd: Y(0/1), mc_tu: Y, mc_gm: Y
.   0  overestim: 0.00, hoverestim: 1.00, assume dead: N
.   0  limit patterns: Y, lazy maximize: Y
.   0  nodes searched: total: 59973, top level: 28
.   0  mini: 8245, scan: 23527
.   0  AbortNodeCount: -1, TimeOut: 0 TimeOutType: VIRTUAL
.   0  TT hits: 5, TT collisions: 0 Req: 20, (25.000000)
 2 3 5 8 8 2 
.   0  run: sec: 3, usec: 823267, t: 4
.   0  Nodes per Second:    14993 (4 sec.)
.   0  AREA POS: #:   4 ( 33%) #n:   3530  nodes/search: 882
.   0  AREA NEG: #:   8 ( 66%) #n:   1485  nodes/search: 185
.   0  DL   POS: #:   0 (  0%) #n:      0  nodes/search:   0
.   0  DL   NEG: #:   7 (100%) #n:   7000  nodes/search: 1000
.   0  PEN  POS: #:   5 ( 50%) #n:   9354  nodes/search: 1870
.   0  PEN  NEG: #:   5 ( 50%) #n:   6126  nodes/search: 1225
.   0  DeadTested:     0, PenTested :     0, patterns: 42, removed: 4, killed: 0
.   0  
.   0  Threshold 224 (224)
.   0  tt: Y, dl_mg: Y, dl2_mg: Y
.   0  area_srch: Y dl_srch: Y pen_srch: Y
.   0  scan_srch: Y
.   0  node limit: 1000, minimize: Y
.   0  st_testd: Y, dl_db: 7, cut_goal: Y
.   0  xdist: Y, auto: Y, local: Y(1,8,7)
.   0  lb_mp: Y, lb_cf: Y, lb_dd: Y(0/1), mc_tu: Y, mc_gm: Y
.   0  overestim: 0.00, hoverestim: 1.00, assume dead: N
.   0  limit patterns: Y, lazy maximize: Y
.   0  nodes searched: total: 69151, top level: 31
.   0  mini: 11911, scan: 23527
.   0  AbortNodeCount: -1, TimeOut: 0 TimeOutType: VIRTUAL
.   0  TT hits: 7, TT collisions: 0 Req: 23, (30.434782)
 3 5 5 8 8 2 
.   0  run: sec: 3, usec: 928106, t: 4
.   0  Nodes per Second:    17288 (4 sec.)
.   0  AREA POS: #:   4 ( 28%) #n:   3530  nodes/search: 882
.   0  AREA NEG: #:  10 ( 71%) #n:   2424  nodes/search: 242
.   0  DL   POS: #:   0 (  0%) #n:      0  nodes/search:   0
.   0  DL   NEG: #:   7 (100%) #n:   7000  nodes/search: 1000
.   0  PEN  POS: #:   6 ( 50%) #n:  13940  nodes/search: 2323
.   0  PEN  NEG: #:   6 ( 50%) #n:   8712  nodes/search: 1452
.   0  DeadTested:     0, PenTested :     0, patterns: 51, removed: 5, killed: 0
.   0  
.   0  Threshold 226 (224)
.   0  tt: Y, dl_mg: Y, dl2_mg: Y
.   0  area_srch: Y dl_srch: Y pen_srch: Y
.   0  scan_srch: Y
.   0  node limit: 1000, minimize: Y
.   0  st_testd: Y, dl_db: 7, cut_goal: Y
.   0  xdist: Y, auto: Y, local: Y(1,8,7)
.   0  lb_mp: Y, lb_cf: Y, lb_dd: Y(0/1), mc_tu: Y, mc_gm: Y
.   0  overestim: 0.00, hoverestim: 1.00, assume dead: N
.   0  limit patterns: Y, lazy maximize: Y
.   0  nodes searched: total: 406925, top level: 714
.   0  mini: 53660, scan: 23527
.   0  AbortNodeCount: -1, TimeOut: 0 TimeOutType: VIRTUAL
.   0  TT hits: 69, TT collisions: 0 Req: 255, (27.058823)
 4 7 12 34 71 70 60 55 75 96 105 80 36 9 
.   0  run: sec: 8, usec: 923821, t: 9
.   0  Nodes per Second:    45214 (9 sec.)
.   0  AREA POS: #:  16 ( 13%) #n:   6983  nodes/search: 436
.   0  AREA NEG: #: 104 ( 86%) #n:  10563  nodes/search: 101
.   0  DL   POS: #:   0 (  0%) #n:      0  nodes/search:   0
.   0  DL   NEG: #:  98 (100%) #n:  78158  nodes/search: 797
.   0  PEN  POS: #:  17 ( 13%) #n:  40412  nodes/search: 2377
.   0  PEN  NEG: #: 107 ( 86%) #n: 121562  nodes/search: 1136
.   0  DeadTested:     0, PenTested :     0, patterns: 156, removed: 13, killed: 0
.   0  
.   0  Threshold 228 (224)
.   0  tt: Y, dl_mg: Y, dl2_mg: Y
.   0  area_srch: Y dl_srch: Y pen_srch: Y
.   0  scan_srch: Y
.   0  node limit: 1000, minimize: Y
.   0  st_testd: Y, dl_db: 7, cut_goal: Y
.   0  xdist: Y, auto: Y, local: Y(1,8,7)
.   0  lb_mp: Y, lb_cf: Y, lb_dd: Y(0/2), mc_tu: Y, mc_gm: Y
.   0  overestim: 0.00, hoverestim: 1.00, assume dead: N
.   0  limit patterns: Y, lazy maximize: Y
.   0  nodes searched: total: 926071, top level: 2336
.   0  mini: 209755, scan: 23527
.   0  AbortNodeCount: -1, TimeOut: 0 TimeOutType: VIRTUAL
.   0  TT hits: 390, TT collisions: 3 Req: 859, (45.401630)
 5 9 19 63 140 184 178 181 236 280 318 252 206 157 80 23 5 
.   0  run: sec: 23, usec: 640668, t: 24
.   0  Nodes per Second:    38586 (24 sec.)
.   0  AREA POS: #:  35 ( 11%) #n:  12979  nodes/search: 370
.   0  AREA NEG: #: 258 ( 88%) #n:  24685  nodes/search:  95
.   0  DL   POS: #:   0 (  0%) #n:      0  nodes/search:   0
.   0  DL   NEG: #: 267 (100%) #n: 122543  nodes/search: 458
.   0  PEN  POS: #:  67 ( 19%) #n: 197747  nodes/search: 2951
.   0  PEN  NEG: #: 277 ( 80%) #n: 200622  nodes/search: 724
.   0  DeadTested:     0, PenTested :     1, patterns: 554, removed: 43, killed: 0
.   0  
.   0  Threshold 230 (224)
.   0  tt: Y, dl_mg: Y, dl2_mg: Y
.   0  area_srch: Y dl_srch: Y pen_srch: Y
.   0  scan_srch: Y
.   0  node limit: 1000, minimize: Y
.   0  st_testd: Y, dl_db: 7, cut_goal: Y
.   0  xdist: Y, auto: Y, local: Y(1,8,7)
.   0  lb_mp: Y, lb_cf: Y, lb_dd: Y(8/2), mc_tu: Y, mc_gm: Y
.   0  overestim: 0.00, hoverestim: 1.00, assume dead: N
.   0  limit patterns: Y, lazy maximize: Y
.   0  nodes searched: total: 2130671, top level: 6492
.   0  mini: 503004, scan: 23527
.   0  AbortNodeCount: -1, TimeOut: 0 TimeOutType: VIRTUAL
.   0  TT hits: 1419, TT collisions: 14 Req: 2547, (55.712605)
 6 11 26 92 217 313 355 394 519 657 774 724 772 629 467 295 159 69 13 
.   0  run: sec: 75, usec: 37362, t: 75
.   0  Nodes per Second:    28409 (75 sec.)
.   0  AREA POS: #:  52 (  6%) #n:  16274  nodes/search: 312
.   0  AREA NEG: #: 721 ( 93%) #n:  55318  nodes/search:  76
.   0  DL   POS: #:   1 (  0%) #n:   1113  nodes/search: 1113
.   0  DL   NEG: #: 784 ( 99%) #n: 219964  nodes/search: 280
.   0  PEN  POS: #: 182 ( 19%) #n: 536657  nodes/search: 2948
.   0  PEN  NEG: #: 763 ( 80%) #n: 326066  nodes/search: 427
.   0  DeadTested:     0, PenTested :     2, patterns: 800, removed: 186, killed: 604
.   0  
.   0  Threshold 232 (224)
.   0  tt: Y, dl_mg: Y, dl2_mg: Y
.   0  area_srch: Y dl_srch: Y pen_srch: Y
.   0  scan_srch: Y
.   0  node limit: 1000, minimize: Y
.   0  st_testd: Y, dl_db: 7, cut_goal: Y
.   0  xdist: Y, auto: Y, local: Y(1,8,7)
.   0  lb_mp: Y, lb_cf: Y, lb_dd: Y(45/3), mc_tu: Y, mc_gm: Y
.   0  overestim: 0.00, hoverestim: 1.00, assume dead: N
.   0  limit patterns: Y, lazy maximize: Y
.   0  nodes searched: total: 4450349, top level: 16616
.   0  mini: 952032, scan: 23527
.   0  AbortNodeCount: -1, TimeOut: 0 TimeOutType: VIRTUAL
.   0  TT hits: 3972, TT collisions: 32 Req: 6652, (59.711365)
 7 13 33 121 294 470 616 783 949 1199 1546 1619 1959 1860 1608 1481 1045 602 276 97 30 8 
.   0  run: sec: 171, usec: 63857, t: 171
.   0  Nodes per Second:    26025 (171 sec.)
.   0  AREA POS: #:  84 (  4%) #n:  29063  nodes/search: 345
.   0  AREA NEG: #: 1796 ( 95%) #n: 129194  nodes/search:  71
.   0  DL   POS: #:   6 (  0%) #n:   4325  nodes/search: 720
.   0  DL   NEG: #: 2023 ( 99%) #n: 412955  nodes/search: 204
.   0  PEN  POS: #: 394 ( 17%) #n: 1045906  nodes/search: 2654
.   0  PEN  NEG: #: 1903 ( 82%) #n: 564203  nodes/search: 296
.   0  DeadTested:     0, PenTested :    13, patterns: 800, removed: 379, killed: 2105
.   0  
.   0  Threshold 234 (224)
.   0  tt: Y, dl_mg: Y, dl2_mg: Y
.   0  area_srch: Y dl_srch: Y pen_srch: Y
.   0  scan_srch: Y
.   0  node limit: 1000, minimize: Y
.   0  st_testd: Y, dl_db: 7, cut_goal: Y
.   0  xdist: Y, auto: Y, local: Y(1,8,7)
.   0  lb_mp: Y, lb_cf: Y, lb_dd: Y(230/3), mc_tu: Y, mc_gm: Y
.   0  overestim: 0.00, hoverestim: 1.00, assume dead: N
.   0  limit patterns: Y, lazy maximize: Y
.   0  nodes searched: total: 10695469, top level: 41991
.   0  mini: 2329540, scan: 23527
.   0  AbortNodeCount: -1, TimeOut: 0 TimeOutType: VIRTUAL
.   0  TT hits: 10797, TT collisions: 208 Req: 17754, (60.814465)
 8 15 40 150 376 628 904 1275 1708 2042 2589 3003 3805 4086 4216 4414 3987 3342 2448 1606 818 347 128 37 12 7 
.   0  run: sec: 394, usec: 220949, t: 394
.   0  Nodes per Second:    27146 (394 sec.)
.   0  AREA POS: #: 218 (  4%) #n:  62673  nodes/search: 287
.   0  AREA NEG: #: 4799 ( 95%) #n: 326487  nodes/search:  68
.   0  DL   POS: #:  12 (  0%) #n:   8915  nodes/search: 742
.   0  DL   NEG: #: 5359 ( 99%) #n: 921916  nodes/search: 172
.   0  PEN  POS: #: 987 ( 16%) #n: 2522201  nodes/search: 2555
.   0  PEN  NEG: #: 4869 ( 83%) #n: 1307443  nodes/search: 268
.   0  DeadTested:     0, PenTested :   120, patterns: 1374, removed: 1090, killed: 6347
.   0  
.   0  Threshold 236 (224)
