PrintPriority: 2
Command:Maze screens/screen.36:
            #####   
#####  ######   #   
#   ####        #   
#     ## ## ##  ##  
#                #  
###    ## ##     ## 
  # ##### #####   # 
 ## #####  ##     # 
 #    ### ###    ## 
 #    # 00###  ###  
 #      #000   #    
 #     #000##  #    
 #######0000###     
    #000000000#     
    #000000000#     
?   ###########     
.   0  YES MACRO, nodes: 43 n: 2
Auto Set local cut parameter: 1,10, 8.
ScanSearch: h 507, nodes used: 0
ScanSearch: h 507, nodes used: 1391
ScanSearch: h 507, nodes used: 3235
ScanSearch: h 509, nodes used: 4821
ScanSearch: h 509, nodes used: 5910
ScanSearch: h 509, nodes used: 7069
ScanSearch: h 509, nodes used: 8188
ScanSearch: h 509, nodes used: 10690
ScanSearch: h 509, nodes used: 11926
ScanSearch: h 509, nodes used: 13022
ScanSearch: h 509, nodes used: 14235
ScanSearch: h 511, nodes used: 15665
ScanSearch: h 511, nodes used: 16806
ScanSearch: h 511, nodes used: 17913
ScanSearch: h 511, nodes used: 17918
ScanSearch: h 511, nodes used: 19104
ScanSearch: h 511, nodes used: 20215
ScanSearch: h 511, nodes used: 21316
ScanSearch: h 511, nodes used: 22416
ScanSearch: h 511, nodes used: 23551
ScanSearch: h 511, nodes used: 25326
ScanSearch: h: 507->511, nodes used: 28585
.   0  Threshold 511 (511)
.   0  tt: Y, dl_mg: Y, dl2_mg: Y
.   0  area_srch: Y dl_srch: Y pen_srch: Y
.   0  scan_srch: Y
.   0  node limit: 1000, minimize: Y
.   0  st_testd: Y, dl_db: 7, cut_goal: Y
.   0  xdist: Y, auto: Y, local: Y(1,10,8)
.   0  lb_mp: Y, lb_cf: Y, lb_dd: Y(0/1), mc_tu: Y, mc_gm: Y
.   0  overestim: 0.00, hoverestim: 1.00, assume dead: N
.   0  limit patterns: Y, lazy maximize: Y
.   0  nodes searched: total: 37216, top level: 7
.   0  mini: 7951, scan: 28585
.   0  AbortNodeCount: -1, TimeOut: 0 TimeOutType: VIRTUAL
.   0  TT hits: 1, TT collisions: 0 Req: 8, (12.500000)
 1 1 1 4 
.   0  run: sec: 0, usec: 946571, t: 1
.   0  Nodes per Second:    37216 (1 sec.)
.   0  AREA POS: #:   0 (  0%) #n:      0  nodes/search:   0
.   0  AREA NEG: #:   3 (100%) #n:    550  nodes/search: 183
.   0  DL   POS: #:   0 (  0%) #n:      0  nodes/search:   0
.   0  DL   NEG: #:   0 (  0%) #n:      0  nodes/search:   0
.   0  PEN  POS: #:   0 (  0%) #n:      0  nodes/search:   0
.   0  PEN  NEG: #:   4 (100%) #n:   6772  nodes/search: 1693
.   0  DeadTested:     0, PenTested :     1, patterns: 100, removed: 14, killed: 0
.   0  
.   0  Threshold 513 (513)
.   0  tt: Y, dl_mg: Y, dl2_mg: Y
.   0  area_srch: Y dl_srch: Y pen_srch: Y
.   0  scan_srch: Y
.   0  node limit: 1000, minimize: Y
.   0  st_testd: Y, dl_db: 7, cut_goal: Y
.   0  xdist: Y, auto: Y, local: Y(1,10,8)
.   0  lb_mp: Y, lb_cf: Y, lb_dd: Y(0/1), mc_tu: Y, mc_gm: Y
.   0  overestim: 0.00, hoverestim: 1.00, assume dead: N
.   0  limit patterns: Y, lazy maximize: Y
.   0  nodes searched: total: 123658, top level: 109
.   0  mini: 27078, scan: 28585
.   0  AbortNodeCount: -1, TimeOut: 0 TimeOutType: VIRTUAL
.   0  TT hits: 6, TT collisions: 0 Req: 44, (13.636364)
 2 2 5 20 24 23 17 8 8 
.   0  run: sec: 2, usec: 453942, t: 2
.   0  Nodes per Second:    61829 (2 sec.)
.   0  AREA POS: #:   3 ( 12%) #n:   1589  nodes/search: 529
.   0  AREA NEG: #:  22 ( 88%) #n:  13791  nodes/search: 626
.   0  DL   POS: #:   0 (  0%) #n:      0  nodes/search:   0
.   0  DL   NEG: #:  16 (100%) #n:  16000  nodes/search: 1000
.   0  PEN  POS: #:   1 (  3%) #n:   2135  nodes/search: 2135
.   0  PEN  NEG: #:  27 ( 96%) #n:  39417  nodes/search: 1459
.   0  DeadTested:     0, PenTested :     1, patterns: 180, removed: 20, killed: 0
.   0  
.   0  Threshold 515 (513)
