PrintPriority: 2
Command:Maze screens/screen.24:
###############     
#0000000000   ####  
#0000000000   #  #  
###########  #   ## 
#                 # 
## ####   #    #  # 
#      #   ##  # ## 
#   #  # ##  ### ## 
#   # ###    ### ## 
###    #  #  ### ## 
###      ## #  # ## 
 #    #           # 
 #      #     #   # 
 #  #         ##### 
 #  ##  #  #  #     
?##############     
.   0  YES MACRO, nodes: 221 n: 2
Auto Set local cut parameter: 1,10, 11.
ScanSearch: h 518, nodes used: 0
ScanSearch: h 518, nodes used: 1100
ScanSearch: h 518, nodes used: 2130
ScanSearch: h 518, nodes used: 3174
ScanSearch: h 518, nodes used: 4329
ScanSearch: h 518, nodes used: 5388
ScanSearch: h 518, nodes used: 6453
ScanSearch: h 518, nodes used: 7518
ScanSearch: h 518, nodes used: 8623
ScanSearch: h 518, nodes used: 9728
ScanSearch: h 518, nodes used: 10833
ScanSearch: h 518, nodes used: 11911
ScanSearch: h 520, nodes used: 14108
ScanSearch: h 520, nodes used: 15131
ScanSearch: h 520, nodes used: 16371
ScanSearch: h 520, nodes used: 17454
ScanSearch: h 520, nodes used: 18746
ScanSearch: h 520, nodes used: 19783
ScanSearch: h 520, nodes used: 20831
ScanSearch: h 520, nodes used: 21886
ScanSearch: h 520, nodes used: 23090
ScanSearch: h 520, nodes used: 24187
ScanSearch: h: 518->520, nodes used: 25263
.   0  Threshold 520 (520)
.   0  tt: Y, dl_mg: Y, dl2_mg: Y
.   0  area_srch: Y dl_srch: Y pen_srch: Y
.   0  scan_srch: Y
.   0  node limit: 1000, minimize: Y
.   0  st_testd: Y, dl_db: 7, cut_goal: Y
.   0  xdist: Y, auto: Y, local: Y(1,10,11)
.   0  lb_mp: Y, lb_cf: Y, lb_dd: Y(0/1), mc_tu: Y, mc_gm: Y
.   0  overestim: 0.00, hoverestim: 1.00, assume dead: N
.   0  limit patterns: Y, lazy maximize: Y
.   0  nodes searched: total: 35267, top level: 6
.   0  mini: 3062, scan: 25263
.   0  AbortNodeCount: -1, TimeOut: 0 TimeOutType: VIRTUAL
.   0  TT hits: 1, TT collisions: 0 Req: 7, (14.285714)
 1 1 1 2 1 
.   0  run: sec: 1, usec: 80842, t: 1
.   0  Nodes per Second:    35267 (1 sec.)
.   0  AREA POS: #:   0 (  0%) #n:      0  nodes/search:   0
.   0  AREA NEG: #:   4 (100%) #n:   3328  nodes/search: 832
.   0  DL   POS: #:   0 (  0%) #n:      0  nodes/search:   0
.   0  DL   NEG: #:   3 (100%) #n:   3000  nodes/search: 1000
.   0  PEN  POS: #:   0 (  0%) #n:      0  nodes/search:   0
.   0  PEN  NEG: #:   3 (100%) #n:   3000  nodes/search: 1000
.   0  DeadTested:     0, PenTested :     0, patterns: 25, removed: 4, killed: 0
.   0  
.   0  Threshold 522 (522)
.   0  tt: Y, dl_mg: Y, dl2_mg: Y
.   0  area_srch: Y dl_srch: Y pen_srch: Y
.   0  scan_srch: Y
.   0  node limit: 1000, minimize: Y
.   0  st_testd: Y, dl_db: 7, cut_goal: Y
.   0  xdist: Y, auto: Y, local: Y(1,10,11)
.   0  lb_mp: Y, lb_cf: Y, lb_dd: Y(0/1), mc_tu: Y, mc_gm: Y
.   0  overestim: 0.00, hoverestim: 1.00, assume dead: N
.   0  limit patterns: Y, lazy maximize: Y
.   0  nodes searched: total: 69149, top level: 32
.   0  mini: 4227, scan: 25263
.   0  AbortNodeCount: -1, TimeOut: 0 TimeOutType: VIRTUAL
.   0  TT hits: 6, TT collisions: 0 Req: 28, (21.428572)
 2 2 2 4 2 2 1 1 1 1 1 2 1 3 6 1 
.   0  run: sec: 1, usec: 518120, t: 2
.   0  Nodes per Second:    34574 (2 sec.)
.   0  AREA POS: #:   4 ( 21%) #n:    125  nodes/search:  31
.   0  AREA NEG: #:  15 ( 78%) #n:   7346  nodes/search: 489
.   0  DL   POS: #:   0 (  0%) #n:      0  nodes/search:   0
.   0  DL   NEG: #:  13 (100%) #n:  13128  nodes/search: 1009
.   0  PEN  POS: #:   0 (  0%) #n:      0  nodes/search:   0
.   0  PEN  NEG: #:  13 (100%) #n:  13000  nodes/search: 1000
.   0  DeadTested:     0, PenTested :     0, patterns: 44, removed: 6, killed: 0
.   0  
.   0  Threshold 524 (524)
.   0  tt: Y, dl_mg: Y, dl2_mg: Y
.   0  area_srch: Y dl_srch: Y pen_srch: Y
.   0  scan_srch: Y
.   0  node limit: 1000, minimize: Y
.   0  st_testd: Y, dl_db: 7, cut_goal: Y
.   0  xdist: Y, auto: Y, local: Y(1,10,11)
.   0  lb_mp: Y, lb_cf: Y, lb_dd: Y(0/1), mc_tu: Y, mc_gm: Y
.   0  overestim: 0.00, hoverestim: 1.00, assume dead: N
.   0  limit patterns: Y, lazy maximize: Y
.   0  nodes searched: total: 105944, top level: 258
.   0  mini: 16438, scan: 25263
.   0  AbortNodeCount: -1, TimeOut: 0 TimeOutType: VIRTUAL
.   0  TT hits: 24, TT collisions: 0 Req: 89, (26.966291)
 3 3 5 9 13 14 16 16 16 16 17 20 19 22 24 12 8 6 1 1 1 1 1 1 1 1 1 1 1 1 1 1 1 1 1 2 
.   0  run: sec: 2, usec: 139187, t: 2
.   0  Nodes per Second:    52972 (2 sec.)
.   0  AREA POS: #:   7 ( 20%) #n:    269  nodes/search:  38
.   0  AREA NEG: #:  28 ( 80%) #n:  15459  nodes/search: 552
.   0  DL   POS: #:   0 (  0%) #n:      0  nodes/search:   0
.   0  DL   NEG: #:  17 (100%) #n:  16131  nodes/search: 948
.   0  PEN  POS: #:   2 (  8%) #n:   6298  nodes/search: 3149
.   0  PEN  NEG: #:  21 ( 91%) #n:  22999  nodes/search: 1095
.   0  DeadTested:     0, PenTested :     3, patterns: 99, removed: 17, killed: 0
.   0  
.   0  Threshold 526 (526)
.   0  tt: Y, dl_mg: Y, dl2_mg: Y
.   0  area_srch: Y dl_srch: Y pen_srch: Y
.   0  scan_srch: Y
.   0  node limit: 1000, minimize: Y
.   0  st_testd: Y, dl_db: 7, cut_goal: Y
.   0  xdist: Y, auto: Y, local: Y(1,10,11)
.   0  lb_mp: Y, lb_cf: Y, lb_dd: Y(0/1), mc_tu: Y, mc_gm: Y
.   0  overestim: 0.00, hoverestim: 1.00, assume dead: N
.   0  limit patterns: Y, lazy maximize: Y
.   0  nodes searched: total: 227595, top level: 362
.   0  mini: 48926, scan: 25263
.   0  AbortNodeCount: -1, TimeOut: 0 TimeOutType: VIRTUAL
.   0  TT hits: 36, TT collisions: 0 Req: 133, (27.067669)
 4 4 8 15 26 23 18 17 17 17 18 21 21 28 38 36 26 6 1 1 1 1 1 1 1 1 1 1 1 1 1 1 1 1 1 2 
.   0  run: sec: 4, usec: 297530, t: 4
.   0  Nodes per Second:    56899 (4 sec.)
.   0  AREA POS: #:   8 ( 12%) #n:    321  nodes/search:  40
.   0  AREA NEG: #:  56 ( 87%) #n:  19486  nodes/search: 347
.   0  DL   POS: #:   0 (  0%) #n:      0  nodes/search:   0
.   0  DL   NEG: #:  40 (100%) #n:  39131  nodes/search: 978
.   0  PEN  POS: #:   2 (  3%) #n:   6298  nodes/search: 3149
.   0  PEN  NEG: #:  51 ( 96%) #n:  84876  nodes/search: 1664
.   0  DeadTested:     0, PenTested :     3, patterns: 185, removed: 39, killed: 0
.   0  
.   0  Threshold 528 (528)
.   0  tt: Y, dl_mg: Y, dl2_mg: Y
.   0  area_srch: Y dl_srch: Y pen_srch: Y
.   0  scan_srch: Y
.   0  node limit: 1000, minimize: Y
.   0  st_testd: Y, dl_db: 7, cut_goal: Y
.   0  xdist: Y, auto: Y, local: Y(1,10,11)
.   0  lb_mp: Y, lb_cf: Y, lb_dd: Y(0/1), mc_tu: Y, mc_gm: Y
.   0  overestim: 0.00, hoverestim: 1.00, assume dead: N
.   0  limit patterns: Y, lazy maximize: Y
.   0  nodes searched: total: 5188442, top level: 14665
.   0  mini: 296663, scan: 25263
.   0  AbortNodeCount: -1, TimeOut: 0 TimeOutType: VIRTUAL
.   0  TT hits: 1970, TT collisions: 104 Req: 3994, (49.323986)
 5 7 23 70 153 264 380 461 490 503 597 1008 1604 1978 1898 1899 1330 977 566 245 109 44 23 12 7 1 1 1 1 1 1 1 1 1 1 2 
.   0  run: sec: 191, usec: 68770, t: 191
.   0  Nodes per Second:    27165 (191 sec.)
.   0  AREA POS: #:  16 (  1%) #n:   3794  nodes/search: 237
.   0  AREA NEG: #: 1101 ( 98%) #n: 244928  nodes/search: 222
.   0  DL   POS: #:   0 (  0%) #n:      0  nodes/search:   0
.   0  DL   NEG: #: 1322 (100%) #n: 1321131  nodes/search: 999
.   0  PEN  POS: #:  13 (  0%) #n:  42483  nodes/search: 3267
.   0  PEN  NEG: #: 1402 ( 99%) #n: 1642569  nodes/search: 1171
.   0  DeadTested:     0, PenTested :     3, patterns: 763, removed: 133, killed: 0
.   0  
.   0  Threshold 530 (528)
