PrintPriority: 2
Command:Maze screens/screen.33:
############        
##     ##  #        
##         #        
#### ##    #        
#     #    #        
#     # ####        
#   # #   ##        
#  #  #    #        
#  #0 #    #        
#  000# ####        
####000  # #        
#00000#  # #        
##0000#    #        
###00##    #        
############        
?                   
.   0  YES MACRO, nodes: 213 n: 3
Auto Set local cut parameter: 1,8, 8.
ScanSearch: h 150, nodes used: 0
ScanSearch: h 162, nodes used: 2574
ScanSearch: h 162, nodes used: 3863
ScanSearch: h 162, nodes used: 5013
ScanSearch: h 162, nodes used: 6263
ScanSearch: h 166, nodes used: 8284
ScanSearch: h 168, nodes used: 10238
ScanSearch: h 170, nodes used: 11760
ScanSearch: h 170, nodes used: 13876
ScanSearch: h 170, nodes used: 15179
ScanSearch: h 170, nodes used: 16663
ScanSearch: h 170, nodes used: 18119
ScanSearch: h 170, nodes used: 19369
ScanSearch: h 170, nodes used: 20653
ScanSearch: h 170, nodes used: 21946
ScanSearch: h: 150->170, nodes used: 23233
.   0  Threshold 170 (170)
.   0  tt: Y, dl_mg: Y, dl2_mg: Y
.   0  area_srch: Y dl_srch: Y pen_srch: Y
.   0  scan_srch: Y
.   0  node limit: 1000, minimize: Y
.   0  st_testd: Y, dl_db: 7, cut_goal: Y
.   0  xdist: Y, auto: Y, local: Y(1,8,8)
.   0  lb_mp: Y, lb_cf: Y, lb_dd: Y(0/1), mc_tu: Y, mc_gm: Y
.   0  overestim: 0.00, hoverestim: 1.00, assume dead: N
.   0  limit patterns: Y, lazy maximize: Y
.   0  nodes searched: total: 59923, top level: 110
.   0  mini: 11129, scan: 23233
.   0  AbortNodeCount: -1, TimeOut: 0 TimeOutType: VIRTUAL
.   0  TT hits: 20, TT collisions: 0 Req: 59, (33.898304)
 1 2 13 17 23 23 15 9 6 1 
.   0  run: sec: 0, usec: 321619, t: 1
.   0  Nodes per Second:    59923 (1 sec.)
.   0  AREA POS: #:   5 ( 18%) #n:    107  nodes/search:  21
.   0  AREA NEG: #:  22 ( 81%) #n:   2275  nodes/search: 103
.   0  DL   POS: #:   0 (  0%) #n:      0  nodes/search:   0
.   0  DL   NEG: #:  17 (100%) #n:   5078  nodes/search: 298
.   0  PEN  POS: #:   3 ( 18%) #n:   6498  nodes/search: 2166
.   0  PEN  NEG: #:  13 ( 81%) #n:  15956  nodes/search: 1227
.   0  DeadTested:     0, PenTested :     4, patterns: 76, removed: 16, killed: 0
.   0  
.   0  Threshold 172 (170)
.   0  tt: Y, dl_mg: Y, dl2_mg: Y
.   0  area_srch: Y dl_srch: Y pen_srch: Y
.   0  scan_srch: Y
.   0  node limit: 1000, minimize: Y
.   0  st_testd: Y, dl_db: 7, cut_goal: Y
.   0  xdist: Y, auto: Y, local: Y(1,8,8)
.   0  lb_mp: Y, lb_cf: Y, lb_dd: Y(0/1), mc_tu: Y, mc_gm: Y
.   0  overestim: 0.00, hoverestim: 1.00, assume dead: N
.   0  limit patterns: Y, lazy maximize: Y
.   0  nodes searched: total: 235926, top level: 822
.   0  mini: 32900, scan: 23233
.   0  AbortNodeCount: -1, TimeOut: 0 TimeOutType: VIRTUAL
.   0  TT hits: 191, TT collisions: 0 Req: 408, (46.813725)
 2 4 26 74 127 139 130 114 89 60 34 16 6 1 
.   0  run: sec: 1, usec: 803094, t: 2
.   0  Nodes per Second:   117963 (2 sec.)
.   0  AREA POS: #:   9 (  5%) #n:   1736  nodes/search: 192
.   0  AREA NEG: #: 152 ( 94%) #n:   9645  nodes/search:  63
.   0  DL   POS: #:   0 (  0%) #n:      0  nodes/search:   0
.   0  DL   NEG: #: 160 (100%) #n:  25084  nodes/search: 156
.   0  PEN  POS: #:  10 (  7%) #n:  23249  nodes/search: 2324
.   0  PEN  NEG: #: 119 ( 92%) #n:  54315  nodes/search: 456
.   0  DeadTested:     0, PenTested :     4, patterns: 131, removed: 24, killed: 0
.   0  
.   0  Threshold 174 (170)
.   0  tt: Y, dl_mg: Y, dl2_mg: Y
.   0  area_srch: Y dl_srch: Y pen_srch: Y
.   0  scan_srch: Y
.   0  node limit: 1000, minimize: Y
.   0  st_testd: Y, dl_db: 7, cut_goal: Y
.   0  xdist: Y, auto: Y, local: Y(1,8,8)
.   0  lb_mp: Y, lb_cf: Y, lb_dd: Y(1/6), mc_tu: Y, mc_gm: Y
.   0  overestim: 0.00, hoverestim: 1.00, assume dead: N
.   0  limit patterns: Y, lazy maximize: Y
.   0  nodes searched: total: 570628, top level: 2884
.   0  mini: 79187, scan: 23233
.   0  AbortNodeCount: -1, TimeOut: 0 TimeOutType: VIRTUAL
.   0  TT hits: 585, TT collisions: 0 Req: 1422, (41.139240)
 3 5 29 82 153 197 230 266 296 295 259 193 134 75 45 34 25 10 3 21 41 17 16 15 9 6 3 3 5 5 5 5 4 3 2 2 2 4 6 8 7 12 10 7 4 11 10 7 12 10 7 4 3 3 3 11 10 7 12 10 7 4 3 3 3 3 11 10 7 12 10 7 4 3 3 3 3 4 23 17 6 6 7 6 2 1 2 3 1 1 1 1 2 1 1 1 1 1 1 1 1 1 1 1 1 1 1 1 1 1 1 1 1 1 1 1 1 1 1 1 1 1 
.   0  run: sec: 5, usec: 569568, t: 6
.   0  Nodes per Second:    95105 (6 sec.)
.   0  AREA POS: #:  15 (  2%) #n:   7320  nodes/search: 488
.   0  AREA NEG: #: 530 ( 97%) #n:  26716  nodes/search:  50
.   0  DL   POS: #:   0 (  0%) #n:      0  nodes/search:   0
.   0  DL   NEG: #: 533 (100%) #n:  57119  nodes/search: 107
.   0  PEN  POS: #:  28 (  7%) #n:  52277  nodes/search: 1867
.   0  PEN  NEG: #: 354 ( 92%) #n: 129421  nodes/search: 365
.   0  DeadTested:     0, PenTested :    29, patterns: 321, removed: 46, killed: 0
.   0  
Path:  Jm-Im Hk-Hj Ee-De Fc-Ec Jc-Ic Ec-Dc Ic-Hc-Gc-Fc Jh-Ih Ig-Hg-Hf-He-Hd Hj-Hi-Hh Fi-En* Im-Hm-Hl-Hk-Hj Il-Im-Hm-Hl-Hk-Bl* Hj-Hk-Hl-Hk-Cl* Hh-Hi-Hj-Hk-Hl-Hk-Cm* De-Ee Ih-Ii-Hi-Hj-Hk-Hl-Hk-Dn* Hd-He-Hf-Hg-Hh-Hi-Hj-Hk-Hl-Hk-Dl* Id-Ie-He-Hf-Hg-Hh-Hi-Hj-Hk-Hl-Hk-Dm* Jd-Je-Ie-He-Hf-Hg-Hh-Hi-Hj-Hk-Hl-Hk-Em* Df-De Cf-Cg Ef-Ff Ee-Ef Ff-Fg-Fh-Fi-Fm* Ef-Ff-Fg-Fh-Fi-El* Ci-Cj-Ek* Cg-Ch-Ci-Cj-Ej* De-Ee-Ef-Ff-Fg-Fh-Fi-Fl* Dc-Ec-Ed-Ee-Ef-Ff-Fg-Fh-Fi-Fk* Fc-Ec-Ed-Ee-Ef-Ff-Fg-Fh-Fi-Fj
(moves: 174 depth: 121)
Moves: 733, Pushes: 174, Treedepth: 121
Total number of calling MarkReach(): 479112
Total number of cycles for MarkReach(): 1752135791
Average number of cycles per call: 3657.048438
Total number of while loop for MarkReach(): 33187068
Average number of cycles per loop: 52.795739
Total number of calling Moves(): 447735
Total number of cycles for Moves(): 3593262255
Average number of cycles per call: 8025.421857
Total number of while loop for Moves(): 35447778
Average number of cycles per loop: 101.367771
Command:
real	0m5.590s
user	0m5.575s
sys	0m0.010s
