PrintPriority: 2
Command:Maze screens/screen.50:
      ############  
     ##000   #   #  
    ##0000       #  
   ##0000# # #  ##  
   #0000# # #    #  
####000#  #    # #  
#  ##0#          #  
#      ###  #   ##  
#         # #   #   
###     # # # # #   
  #       # # ##### 
  #  # #####      # 
  #    #   #    # # 
  #  ###   ##     # 
  #  #      #    ## 
? ####      ######  
.   0  YES MACRO, nodes: 667 n: 3
Auto Set local cut parameter: 1,10, 16.
ScanSearch: h 100, nodes used: 0
ScanSearch: h 100, nodes used: 1
ScanSearch: h 100, nodes used: 82
ScanSearch: h 100, nodes used: 192
ScanSearch: h 100, nodes used: 193
ScanSearch: h 102, nodes used: 940
ScanSearch: h 102, nodes used: 941
ScanSearch: h 102, nodes used: 1139
ScanSearch: h 102, nodes used: 1205
ScanSearch: h 102, nodes used: 1271
ScanSearch: h 102, nodes used: 1333
ScanSearch: h 102, nodes used: 1422
ScanSearch: h 102, nodes used: 1484
ScanSearch: h 102, nodes used: 1550
ScanSearch: h 104, nodes used: 2300
ScanSearch: h 104, nodes used: 2529
ScanSearch: h: 100->104, nodes used: 2775
.   0  Threshold 104 (104)
.   0  tt: Y, dl_mg: Y, dl2_mg: Y
.   0  area_srch: Y dl_srch: Y pen_srch: Y
.   0  scan_srch: Y
.   0  node limit: 1000, minimize: Y
.   0  st_testd: Y, dl_db: 7, cut_goal: Y
.   0  xdist: Y, auto: Y, local: Y(1,10,16)
.   0  lb_mp: Y, lb_cf: Y, lb_dd: Y(0/1), mc_tu: Y, mc_gm: Y
.   0  overestim: 0.00, hoverestim: 1.00, assume dead: N
.   0  limit patterns: Y, lazy maximize: Y
.   0  nodes searched: total: 11419, top level: 146
.   0  mini: 3257, scan: 2775
.   0  AbortNodeCount: -1, TimeOut: 0 TimeOutType: VIRTUAL
.   0  TT hits: 7, TT collisions: 0 Req: 33, (21.212122)
 1 2 12 34 47 29 21 
.   0  run: sec: 0, usec: 779018, t: 1
.   0  Nodes per Second:    11419 (1 sec.)
.   0  AREA POS: #:   5 ( 33%) #n:   4445  nodes/search: 889
.   0  AREA NEG: #:  10 ( 66%) #n:   1879  nodes/search: 187
.   0  DL   POS: #:   0 (  0%) #n:      0  nodes/search:   0
.   0  DL   NEG: #:   4 (100%) #n:    143  nodes/search:  35
.   0  PEN  POS: #:   0 (  0%) #n:      0  nodes/search:   0
.   0  PEN  NEG: #:  10 (100%) #n:    406  nodes/search:  40
.   0  DeadTested:     0, PenTested :    23, patterns: 46, removed: 6, killed: 0
.   0  
.   0  Threshold 106 (104)
.   0  tt: Y, dl_mg: Y, dl2_mg: Y
.   0  area_srch: Y dl_srch: Y pen_srch: Y
.   0  scan_srch: Y
.   0  node limit: 1000, minimize: Y
.   0  st_testd: Y, dl_db: 7, cut_goal: Y
.   0  xdist: Y, auto: Y, local: Y(1,10,16)
.   0  lb_mp: Y, lb_cf: Y, lb_dd: Y(0/1), mc_tu: Y, mc_gm: Y
.   0  overestim: 0.00, hoverestim: 1.00, assume dead: N
.   0  limit patterns: Y, lazy maximize: Y
.   0  nodes searched: total: 26894, top level: 965
.   0  mini: 5449, scan: 2775
.   0  AbortNodeCount: -1, TimeOut: 0 TimeOutType: VIRTUAL
.   0  TT hits: 120, TT collisions: 0 Req: 247, (48.582996)
 2 4 24 99 192 228 211 147 49 9 
.   0  run: sec: 1, usec: 67898, t: 1
.   0  Nodes per Second:    26894 (1 sec.)
.   0  AREA POS: #:  13 ( 20%) #n:   6001  nodes/search: 461
.   0  AREA NEG: #:  50 ( 79%) #n:   4693  nodes/search:  93
.   0  DL   POS: #:   0 (  0%) #n:      0  nodes/search:   0
.   0  DL   NEG: #:  32 (100%) #n:   1069  nodes/search:  33
.   0  PEN  POS: #:   1 (  2%) #n:    415  nodes/search: 415
.   0  PEN  NEG: #:  48 ( 97%) #n:   2505  nodes/search:  52
.   0  DeadTested:     0, PenTested :    62, patterns: 86, removed: 7, killed: 0
.   0  
.   0  Threshold 108 (104)
.   0  tt: Y, dl_mg: Y, dl2_mg: Y
.   0  area_srch: Y dl_srch: Y pen_srch: Y
.   0  scan_srch: Y
.   0  node limit: 1000, minimize: Y
.   0  st_testd: Y, dl_db: 7, cut_goal: Y
.   0  xdist: Y, auto: Y, local: Y(1,10,16)
.   0  lb_mp: Y, lb_cf: Y, lb_dd: Y(0/1), mc_tu: Y, mc_gm: Y
.   0  overestim: 0.00, hoverestim: 1.00, assume dead: N
.   0  limit patterns: Y, lazy maximize: Y
.   0  nodes searched: total: 95909, top level: 4016
.   0  mini: 14555, scan: 2775
.   0  AbortNodeCount: -1, TimeOut: 0 TimeOutType: VIRTUAL
.   0  TT hits: 728, TT collisions: 1 Req: 1195, (60.920502)
 3 6 36 164 378 596 790 884 671 370 102 16 
.   0  run: sec: 2, usec: 477526, t: 2
.   0  Nodes per Second:    47954 (2 sec.)
.   0  AREA POS: #:  20 (  8%) #n:   6336  nodes/search: 316
.   0  AREA NEG: #: 219 ( 91%) #n:  11686  nodes/search:  53
.   0  DL   POS: #:   0 (  0%) #n:      0  nodes/search:   0
.   0  DL   NEG: #: 153 (100%) #n:   5054  nodes/search:  33
.   0  PEN  POS: #:  21 (  9%) #n:  12915  nodes/search: 615
.   0  PEN  NEG: #: 200 ( 90%) #n:  14912  nodes/search:  74
.   0  DeadTested:     0, PenTested :   226, patterns: 195, removed: 8, killed: 0
.   0  
.   0  Threshold 110 (104)
.   0  tt: Y, dl_mg: Y, dl2_mg: Y
.   0  area_srch: Y dl_srch: Y pen_srch: Y
.   0  scan_srch: Y
.   0  node limit: 1000, minimize: Y
.   0  st_testd: Y, dl_db: 7, cut_goal: Y
.   0  xdist: Y, auto: Y, local: Y(1,10,16)
.   0  lb_mp: Y, lb_cf: Y, lb_dd: Y(0/1), mc_tu: Y, mc_gm: Y
.   0  overestim: 0.00, hoverestim: 1.00, assume dead: N
.   0  limit patterns: Y, lazy maximize: Y
.   0  nodes searched: total: 308052, top level: 13811
.   0  mini: 32994, scan: 2775
.   0  AbortNodeCount: -1, TimeOut: 0 TimeOutType: VIRTUAL
.   0  TT hits: 3163, TT collisions: 16 Req: 4734, (66.814529)
 4 8 50 245 603 1066 1745 2486 2751 2335 1489 713 259 48 9 
.   0  run: sec: 8, usec: 411595, t: 8
.   0  Nodes per Second:    38506 (8 sec.)
.   0  AREA POS: #:  36 (  4%) #n:   9923  nodes/search: 275
.   0  AREA NEG: #: 806 ( 95%) #n:  34585  nodes/search:  42
.   0  DL   POS: #:   0 (  0%) #n:      0  nodes/search:   0
.   0  DL   NEG: #: 640 (100%) #n:  22049  nodes/search:  34
.   0  PEN  POS: #:  47 (  6%) #n:  38351  nodes/search: 815
.   0  PEN  NEG: #: 670 ( 93%) #n:  49722  nodes/search:  74
.   0  DeadTested:     0, PenTested :   703, patterns: 493, removed: 11, killed: 0
.   0  
.   0  Threshold 112 (104)
.   0  tt: Y, dl_mg: Y, dl2_mg: Y
.   0  area_srch: Y dl_srch: Y pen_srch: Y
.   0  scan_srch: Y
.   0  node limit: 1000, minimize: Y
.   0  st_testd: Y, dl_db: 7, cut_goal: Y
.   0  xdist: Y, auto: Y, local: Y(1,10,16)
.   0  lb_mp: Y, lb_cf: Y, lb_dd: Y(0/1), mc_tu: Y, mc_gm: Y
.   0  overestim: 0.00, hoverestim: 1.00, assume dead: N
.   0  limit patterns: Y, lazy maximize: Y
.   0  nodes searched: total: 821703, top level: 40802
.   0  mini: 58271, scan: 2775
.   0  AbortNodeCount: -1, TimeOut: 0 TimeOutType: VIRTUAL
.   0  TT hits: 11490, TT collisions: 52 Req: 16014, (71.749718)
 5 10 64 326 858 1640 2937 4799 6408 7071 6390 4562 2875 1390 793 439 189 46 
.   0  run: sec: 28, usec: 767816, t: 29
.   0  Nodes per Second:    28335 (29 sec.)
.   0  AREA POS: #:  47 (  1%) #n:  12083  nodes/search: 257
.   0  AREA NEG: #: 2462 ( 98%) #n:  90364  nodes/search:  36
.   0  DL   POS: #:   0 (  0%) #n:      0  nodes/search:   0
.   0  DL   NEG: #: 2276 (100%) #n:  79349  nodes/search:  34
.   0  PEN  POS: #:  92 (  5%) #n:  71284  nodes/search: 774
.   0  PEN  NEG: #: 1748 ( 95%) #n: 118015  nodes/search:  67
.   0  DeadTested:     0, PenTested :  1807, patterns: 800, removed: 18, killed: 79
.   0  
.   0  Threshold 114 (104)
.   0  tt: Y, dl_mg: Y, dl2_mg: Y
.   0  area_srch: Y dl_srch: Y pen_srch: Y
.   0  scan_srch: Y
.   0  node limit: 1000, minimize: Y
.   0  st_testd: Y, dl_db: 7, cut_goal: Y
.   0  xdist: Y, auto: Y, local: Y(1,10,16)
.   0  lb_mp: Y, lb_cf: Y, lb_dd: Y(0/1), mc_tu: Y, mc_gm: Y
.   0  overestim: 0.00, hoverestim: 1.00, assume dead: N
.   0  limit patterns: Y, lazy maximize: Y
.   0  nodes searched: total: 2321338, top level: 121493
.   0  mini: 114422, scan: 2775
.   0  AbortNodeCount: -1, TimeOut: 0 TimeOutType: VIRTUAL
.   0  TT hits: 36271, TT collisions: 235 Req: 50190, (72.267387)
 6 12 78 407 1121 2272 4287 7508 11099 14163 15683 15377 14668 13402 11585 6791 2026 759 211 38 
.   0  run: sec: 94, usec: 898599, t: 95
.   0  Nodes per Second:    24435 (95 sec.)
.   0  AREA POS: #:  64 (  0%) #n:  17232  nodes/search: 269
.   0  AREA NEG: #: 7813 ( 99%) #n: 260458  nodes/search:  33
.   0  DL   POS: #:   2 (  0%) #n:     44  nodes/search:  22
.   0  DL   NEG: #: 7935 ( 99%) #n: 299249  nodes/search:  37
.   0  PEN  POS: #: 251 (  5%) #n: 159988  nodes/search: 637
.   0  PEN  NEG: #: 3938 ( 94%) #n: 266083  nodes/search:  67
.   0  DeadTested:     0, PenTested :  4094, patterns: 800, removed: 25, killed: 1133
.   0  
.   0  Threshold 116 (104)
.   0  tt: Y, dl_mg: Y, dl2_mg: Y
.   0  area_srch: Y dl_srch: Y pen_srch: Y
.   0  scan_srch: Y
.   0  node limit: 1000, minimize: Y
.   0  st_testd: Y, dl_db: 7, cut_goal: Y
.   0  xdist: Y, auto: Y, local: Y(1,10,16)
.   0  lb_mp: Y, lb_cf: Y, lb_dd: Y(0/1), mc_tu: Y, mc_gm: Y
.   0  overestim: 0.00, hoverestim: 1.00, assume dead: N
.   0  limit patterns: Y, lazy maximize: Y
.   0  nodes searched: total: 13247801, top level: 947449
.   0  mini: 242934, scan: 2775
.   0  AbortNodeCount: -1, TimeOut: 0 TimeOutType: VIRTUAL
.   0  TT hits: 184439, TT collisions: 1172 Req: 303306, (60.809544)
 7 14 92 488 1385 2927 5752 10540 16579 22922 28395 34065 44525 69406 124839 192717 215889 163578 12453 672 176 28 
.   0  run: sec: 591, usec: 121138, t: 591
.   0  Nodes per Second:    22416 (591 sec.)
.   0  AREA POS: #: 113 (  0%) #n:  28726  nodes/search: 254
.   0  AREA NEG: #: 48520 ( 99%) #n: 1213983  nodes/search:  25
.   0  DL   POS: #:  17 (  0%) #n:   1330  nodes/search:  78
.   0  DL   NEG: #: 75245 ( 99%) #n: 2695135  nodes/search:  35
.   0  PEN  POS: #: 539 (  4%) #n: 324479  nodes/search: 602
.   0  PEN  NEG: #: 11637 ( 95%) #n: 753670  nodes/search:  64
.   0  DeadTested:     0, PenTested :  1944, patterns: 800, removed: 45, killed: 4168
.   0  
.   0  Threshold 118 (104)
