PrintPriority: 2
Command:Maze screens/screen.90:
####################
#00#    #          #
#0      #     ##  ##
#0 #  ###  ## ##   #
#  #   #           #
# ###  # #  #   ####
#  ## #     #  #   #
#         ## ##    #
#  #  #  #       ###
#  #  #  #   ###   #
#  ######## #      #
#           #  # # #
## ######## #      #
#        #    ## # #
#                  #
?###################
.   0  YES MACRO, nodes: 19 n: 3
Auto Set local cut parameter: 1,10, 12.
ScanSearch: h 442, nodes used: 0
ScanSearch: h 448, nodes used: 4292
ScanSearch: h 448, nodes used: 6284
ScanSearch: h 448, nodes used: 7927
ScanSearch: h 448, nodes used: 9618
ScanSearch: h 448, nodes used: 10912
ScanSearch: h 448, nodes used: 13424
ScanSearch: h 448, nodes used: 14944
ScanSearch: h 448, nodes used: 17023
ScanSearch: h 448, nodes used: 18942
ScanSearch: h 448, nodes used: 20218
ScanSearch: h 448, nodes used: 21584
ScanSearch: h 448, nodes used: 22929
ScanSearch: h 448, nodes used: 24701
ScanSearch: h 448, nodes used: 25733
ScanSearch: h 448, nodes used: 27149
ScanSearch: h 448, nodes used: 29075
ScanSearch: h 448, nodes used: 30575
ScanSearch: h 448, nodes used: 33931
ScanSearch: h 448, nodes used: 35722
ScanSearch: h 448, nodes used: 37122
ScanSearch: h 448, nodes used: 39353
ScanSearch: h 448, nodes used: 39354
ScanSearch: h 448, nodes used: 39355
ScanSearch: h 448, nodes used: 39356
ScanSearch: h: 442->448, nodes used: 41187
.   0  Threshold 448 (448)
.   0  tt: Y, dl_mg: Y, dl2_mg: Y
.   0  area_srch: Y dl_srch: Y pen_srch: Y
.   0  scan_srch: Y
.   0  node limit: 1000, minimize: Y
.   0  st_testd: Y, dl_db: 7, cut_goal: Y
.   0  xdist: Y, auto: Y, local: Y(1,10,12)
.   0  lb_mp: Y, lb_cf: Y, lb_dd: Y(0/1), mc_tu: Y, mc_gm: Y
.   0  overestim: 0.00, hoverestim: 1.00, assume dead: N
.   0  limit patterns: Y, lazy maximize: Y
.   0  nodes searched: total: 41356, top level: 3
.   0  mini: 4416, scan: 41187
.   0  AbortNodeCount: -1, TimeOut: 0 TimeOutType: VIRTUAL
.   0  TT hits: 1, TT collisions: 0 Req: 4, (25.000000)
 1 2 
.   0  run: sec: 1, usec: 21023, t: 1
.   0  Nodes per Second:    41356 (1 sec.)
.   0  AREA POS: #:   1 ( 50%) #n:     33  nodes/search:  33
.   0  AREA NEG: #:   1 ( 50%) #n:    129  nodes/search: 129
.   0  DL   POS: #:   0 (  0%) #n:      0  nodes/search:   0
.   0  DL   NEG: #:   0 (  0%) #n:      0  nodes/search:   0
.   0  PEN  POS: #:   0 (  0%) #n:      0  nodes/search:   0
.   0  PEN  NEG: #:   0 (  0%) #n:      0  nodes/search:   0
.   0  DeadTested:     0, PenTested :     0, patterns: 31, removed: 2, killed: 0
.   0  
.   0  Threshold 450 (448)
.   0  tt: Y, dl_mg: Y, dl2_mg: Y
.   0  area_srch: Y dl_srch: Y pen_srch: Y
.   0  scan_srch: Y
.   0  node limit: 1000, minimize: Y
.   0  st_testd: Y, dl_db: 7, cut_goal: Y
.   0  xdist: Y, auto: Y, local: Y(1,10,12)
.   0  lb_mp: Y, lb_cf: Y, lb_dd: Y(0/1), mc_tu: Y, mc_gm: Y
.   0  overestim: 0.00, hoverestim: 1.00, assume dead: N
.   0  limit patterns: Y, lazy maximize: Y
.   0  nodes searched: total: 61455, top level: 27
.   0  mini: 10971, scan: 41187
.   0  AbortNodeCount: -1, TimeOut: 0 TimeOutType: VIRTUAL
.   0  TT hits: 4, TT collisions: 0 Req: 15, (26.666666)
 2 4 2 5 10 4 
.   0  run: sec: 1, usec: 283532, t: 1
.   0  Nodes per Second:    61455 (1 sec.)
.   0  AREA POS: #:   2 ( 25%) #n:     42  nodes/search:  21
.   0  AREA NEG: #:   6 ( 75%) #n:    750  nodes/search: 125
.   0  DL   POS: #:   0 (  0%) #n:      0  nodes/search:   0
.   0  DL   NEG: #:   3 (100%) #n:   3105  nodes/search: 1035
.   0  PEN  POS: #:   1 ( 16%) #n:   3184  nodes/search: 3184
.   0  PEN  NEG: #:   5 ( 83%) #n:   8393  nodes/search: 1678
.   0  DeadTested:     0, PenTested :     0, patterns: 57, removed: 5, killed: 0
.   0  
.   0  Threshold 452 (448)
.   0  tt: Y, dl_mg: Y, dl2_mg: Y
.   0  area_srch: Y dl_srch: Y pen_srch: Y
.   0  scan_srch: Y
.   0  node limit: 1000, minimize: Y
.   0  st_testd: Y, dl_db: 7, cut_goal: Y
.   0  xdist: Y, auto: Y, local: Y(1,10,12)
.   0  lb_mp: Y, lb_cf: Y, lb_dd: Y(319/2), mc_tu: Y, mc_gm: Y
.   0  overestim: 0.00, hoverestim: 1.00, assume dead: N
.   0  limit patterns: Y, lazy maximize: Y
.   0  nodes searched: total: 1104277, top level: 13176
.   0  mini: 82127, scan: 41187
.   0  AbortNodeCount: -1, TimeOut: 0 TimeOutType: VIRTUAL
.   0  TT hits: 2318, TT collisions: 0 Req: 3962, (58.505806)
 3 6 4 10 19 16 20 27 33 59 125 191 294 404 626 931 1220 1521 1871 2084 1873 1219 506 108 6 
.   0  run: sec: 33, usec: 259501, t: 33
.   0  Nodes per Second:    33463 (33 sec.)
.   0  AREA POS: #:  18 (  4%) #n:   9630  nodes/search: 535
.   0  AREA NEG: #: 351 ( 95%) #n:  26095  nodes/search:  74
.   0  DL   POS: #:   0 (  0%) #n:      0  nodes/search:   0
.   0  DL   NEG: #: 479 (100%) #n:  99791  nodes/search: 208
.   0  PEN  POS: #:  18 (  3%) #n:  73140  nodes/search: 4063
.   0  PEN  NEG: #: 472 ( 96%) #n: 192245  nodes/search: 407
.   0  DeadTested:     0, PenTested :   378, patterns: 316, removed: 51, killed: 0
.   0  
.   0  Threshold 454 (448)
.   0  tt: Y, dl_mg: Y, dl2_mg: Y
.   0  area_srch: Y dl_srch: Y pen_srch: Y
.   0  scan_srch: Y
.   0  node limit: 1000, minimize: Y
.   0  st_testd: Y, dl_db: 7, cut_goal: Y
.   0  xdist: Y, auto: Y, local: Y(1,10,12)
.   0  lb_mp: Y, lb_cf: Y, lb_dd: Y(1464/2), mc_tu: Y, mc_gm: Y
.   0  overestim: 0.00, hoverestim: 1.00, assume dead: N
.   0  limit patterns: Y, lazy maximize: Y
.   0  nodes searched: total: 5381319, top level: 77722
.   0  mini: 181381, scan: 41187
.   0  AbortNodeCount: -1, TimeOut: 0 TimeOutType: VIRTUAL
.   0  TT hits: 23210, TT collisions: 458 Req: 31880, (72.804268)
 4 8 6 15 28 28 41 83 152 248 520 890 1418 1854 2730 4246 5998 7729 9644 11540 12176 10066 5834 2084 369 11 
.   0  run: sec: 243, usec: 686134, t: 244
.   0  Nodes per Second:    22055 (244 sec.)
.   0  AREA POS: #:  40 (  2%) #n:  39545  nodes/search: 988
.   0  AREA NEG: #: 1925 ( 97%) #n: 141044  nodes/search:  73
.   0  DL   POS: #:   0 (  0%) #n:      0  nodes/search:   0
.   0  DL   NEG: #: 2501 (100%) #n: 418775  nodes/search: 167
.   0  PEN  POS: #:  75 (  2%) #n: 173688  nodes/search: 2315
.   0  PEN  NEG: #: 2614 ( 97%) #n: 747470  nodes/search: 285
.   0  DeadTested:     0, PenTested :  2483, patterns: 684, removed: 74, killed: 0
.   0  
.   0  Threshold 456 (448)
