PrintPriority: 2
Command:Maze screens/screen.30:
       ###########  
       #   #     #  
#####  #         #  
#   #####  ## # ##  
#   ##   # ##    #  
#        # ##    #  
## ###   # ##    #  
## #   ### ##### #  
## #        #0000#  
#  ### ##   #0000## 
#       #   #00000# 
#  ##   #  ##00000# 
#####   ######000## 
    #####    #####  
                    
.   0  YES MACRO, nodes: 19 n: 1
Auto Set local cut parameter: 1,10, 9.
ScanSearch: h 359, nodes used: 0
ScanSearch: h 369, nodes used: 2487
ScanSearch: h 383, nodes used: 8251
ScanSearch: h 393, nodes used: 10088
ScanSearch: h 393, nodes used: 11120
ScanSearch: h 393, nodes used: 12348
ScanSearch: h 393, nodes used: 13561
ScanSearch: h 393, nodes used: 14614
ScanSearch: h 393, nodes used: 16095
ScanSearch: h 393, nodes used: 17827
ScanSearch: h 393, nodes used: 18958
ScanSearch: h 393, nodes used: 20044
ScanSearch: h 393, nodes used: 21121
ScanSearch: h 393, nodes used: 22141
ScanSearch: h 393, nodes used: 23201
ScanSearch: h 395, nodes used: 24530
ScanSearch: h 395, nodes used: 25804
ScanSearch: h 395, nodes used: 26883
ScanSearch: h: 359->395, nodes used: 28027
.   0  Threshold 395 (395)
.   0  tt: Y, dl_mg: Y, dl2_mg: Y
.   0  area_srch: Y dl_srch: Y pen_srch: Y
.   0  scan_srch: Y
.   0  node limit: 1000, minimize: Y
.   0  st_testd: Y, dl_db: 7, cut_goal: Y
.   0  xdist: Y, auto: Y, local: Y(1,10,9)
.   0  lb_mp: Y, lb_cf: Y, lb_dd: Y(0/1), mc_tu: Y, mc_gm: Y
.   0  overestim: 0.00, hoverestim: 1.00, assume dead: N
.   0  limit patterns: Y, lazy maximize: Y
.   0  nodes searched: total: 43243, top level: 19
.   0  mini: 6374, scan: 28027
.   0  AbortNodeCount: -1, TimeOut: 0 TimeOutType: VIRTUAL
.   0  TT hits: 2, TT collisions: 0 Req: 12, (16.666666)
 1 2 8 6 2 
.   0  run: sec: 1, usec: 419389, t: 1
.   0  Nodes per Second:    43243 (1 sec.)
.   0  AREA POS: #:   1 ( 12%) #n:     77  nodes/search:  77
.   0  AREA NEG: #:   7 ( 87%) #n:    594  nodes/search:  84
.   0  DL   POS: #:   0 (  0%) #n:      0  nodes/search:   0
.   0  DL   NEG: #:   5 (100%) #n:   5000  nodes/search: 1000
.   0  PEN  POS: #:   1 ( 16%) #n:    677  nodes/search: 677
.   0  PEN  NEG: #:   5 ( 83%) #n:   5000  nodes/search: 1000
.   0  DeadTested:     0, PenTested :     0, patterns: 86, removed: 21, killed: 0
.   0  
.   0  Threshold 397 (395)
.   0  tt: Y, dl_mg: Y, dl2_mg: Y
.   0  area_srch: Y dl_srch: Y pen_srch: Y
.   0  scan_srch: Y
.   0  node limit: 1000, minimize: Y
.   0  st_testd: Y, dl_db: 7, cut_goal: Y
.   0  xdist: Y, auto: Y, local: Y(1,10,9)
.   0  lb_mp: Y, lb_cf: Y, lb_dd: Y(0/1), mc_tu: Y, mc_gm: Y
.   0  overestim: 0.00, hoverestim: 1.00, assume dead: N
.   0  limit patterns: Y, lazy maximize: Y
.   0  nodes searched: total: 43486, top level: 33
.   0  mini: 6431, scan: 28027
.   0  AbortNodeCount: -1, TimeOut: 0 TimeOutType: VIRTUAL
.   0  TT hits: 7, TT collisions: 0 Req: 19, (36.842106)
 2 4 16 9 2 
.   0  run: sec: 1, usec: 425000, t: 1
.   0  Nodes per Second:    43486 (1 sec.)
.   0  AREA POS: #:   3 ( 30%) #n:    231  nodes/search:  77
.   0  AREA NEG: #:   7 ( 70%) #n:    594  nodes/search:  84
.   0  DL   POS: #:   0 (  0%) #n:      0  nodes/search:   0
.   0  DL   NEG: #:   5 (100%) #n:   5000  nodes/search: 1000
.   0  PEN  POS: #:   1 ( 16%) #n:    677  nodes/search: 677
.   0  PEN  NEG: #:   5 ( 83%) #n:   5000  nodes/search: 1000
.   0  DeadTested:     0, PenTested :     0, patterns: 90, removed: 21, killed: 0
.   0  
.   0  Threshold 399 (395)
.   0  tt: Y, dl_mg: Y, dl2_mg: Y
.   0  area_srch: Y dl_srch: Y pen_srch: Y
.   0  scan_srch: Y
.   0  node limit: 1000, minimize: Y
.   0  st_testd: Y, dl_db: 7, cut_goal: Y
.   0  xdist: Y, auto: Y, local: Y(1,10,9)
.   0  lb_mp: Y, lb_cf: Y, lb_dd: Y(0/1), mc_tu: Y, mc_gm: Y
.   0  overestim: 0.00, hoverestim: 1.00, assume dead: N
.   0  limit patterns: Y, lazy maximize: Y
.   0  nodes searched: total: 53075, top level: 50
.   0  mini: 6482, scan: 28027
.   0  AbortNodeCount: -1, TimeOut: 0 TimeOutType: VIRTUAL
.   0  TT hits: 12, TT collisions: 0 Req: 26, (46.153847)
 3 6 24 15 2 
.   0  run: sec: 1, usec: 615775, t: 2
.   0  Nodes per Second:    26538 (2 sec.)
.   0  AREA POS: #:   3 ( 20%) #n:    231  nodes/search:  77
.   0  AREA NEG: #:  12 ( 80%) #n:   1021  nodes/search:  85
.   0  DL   POS: #:   0 (  0%) #n:      0  nodes/search:   0
.   0  DL   NEG: #:   9 (100%) #n:   9000  nodes/search: 1000
.   0  PEN  POS: #:   1 ( 10%) #n:    677  nodes/search: 677
.   0  PEN  NEG: #:   9 ( 90%) #n:   9147  nodes/search: 1016
.   0  DeadTested:     0, PenTested :     0, patterns: 93, removed: 21, killed: 0
.   0  
.   0  Threshold 401 (395)
.   0  tt: Y, dl_mg: Y, dl2_mg: Y
.   0  area_srch: Y dl_srch: Y pen_srch: Y
.   0  scan_srch: Y
.   0  node limit: 1000, minimize: Y
.   0  st_testd: Y, dl_db: 7, cut_goal: Y
.   0  xdist: Y, auto: Y, local: Y(1,10,9)
.   0  lb_mp: Y, lb_cf: Y, lb_dd: Y(0/1), mc_tu: Y, mc_gm: Y
.   0  overestim: 0.00, hoverestim: 1.00, assume dead: N
.   0  limit patterns: Y, lazy maximize: Y
.   0  nodes searched: total: 85751, top level: 105
.   0  mini: 7221, scan: 28027
.   0  AbortNodeCount: -1, TimeOut: 0 TimeOutType: VIRTUAL
.   0  TT hits: 25, TT collisions: 0 Req: 51, (49.019608)
 4 8 32 25 10 9 7 7 3 
.   0  run: sec: 2, usec: 146185, t: 2
.   0  Nodes per Second:    42876 (2 sec.)
.   0  AREA POS: #:   5 ( 20%) #n:    813  nodes/search: 162
.   0  AREA NEG: #:  20 ( 80%) #n:   1618  nodes/search:  80
.   0  DL   POS: #:   0 (  0%) #n:      0  nodes/search:   0
.   0  DL   NEG: #:  20 (100%) #n:  20000  nodes/search: 1000
.   0  PEN  POS: #:   1 (  4%) #n:    677  nodes/search: 677
.   0  PEN  NEG: #:  21 ( 95%) #n:  22066  nodes/search: 1050
.   0  DeadTested:     0, PenTested :     0, patterns: 110, removed: 21, killed: 0
.   0  
.   0  Threshold 403 (395)
.   0  tt: Y, dl_mg: Y, dl2_mg: Y
.   0  area_srch: Y dl_srch: Y pen_srch: Y
.   0  scan_srch: Y
.   0  node limit: 1000, minimize: Y
.   0  st_testd: Y, dl_db: 7, cut_goal: Y
.   0  xdist: Y, auto: Y, local: Y(1,10,9)
.   0  lb_mp: Y, lb_cf: Y, lb_dd: Y(0/1), mc_tu: Y, mc_gm: Y
.   0  overestim: 0.00, hoverestim: 1.00, assume dead: N
.   0  limit patterns: Y, lazy maximize: Y
.   0  nodes searched: total: 108134, top level: 161
.   0  mini: 7861, scan: 28027
.   0  AbortNodeCount: -1, TimeOut: 0 TimeOutType: VIRTUAL
.   0  TT hits: 45, TT collisions: 0 Req: 74, (60.810810)
 5 10 40 35 18 18 15 14 6 
.   0  run: sec: 2, usec: 639519, t: 3
.   0  Nodes per Second:    36045 (3 sec.)
.   0  AREA POS: #:   5 ( 14%) #n:    813  nodes/search: 162
.   0  AREA NEG: #:  30 ( 85%) #n:   2902  nodes/search:  96
.   0  DL   POS: #:   0 (  0%) #n:      0  nodes/search:   0
.   0  DL   NEG: #:  27 (100%) #n:  27000  nodes/search: 1000
.   0  PEN  POS: #:   1 (  3%) #n:    677  nodes/search: 677
.   0  PEN  NEG: #:  30 ( 96%) #n:  31227  nodes/search: 1040
.   0  DeadTested:     0, PenTested :     0, patterns: 117, removed: 22, killed: 0
.   0  
.   0  Threshold 405 (397)
.   0  tt: Y, dl_mg: Y, dl2_mg: Y
.   0  area_srch: Y dl_srch: Y pen_srch: Y
.   0  scan_srch: Y
.   0  node limit: 1000, minimize: Y
.   0  st_testd: Y, dl_db: 7, cut_goal: Y
.   0  xdist: Y, auto: Y, local: Y(1,10,9)
.   0  lb_mp: Y, lb_cf: Y, lb_dd: Y(0/1), mc_tu: Y, mc_gm: Y
.   0  overestim: 0.00, hoverestim: 1.00, assume dead: N
.   0  limit patterns: Y, lazy maximize: Y
.   0  nodes searched: total: 194827, top level: 256
.   0  mini: 22004, scan: 28027
.   0  AbortNodeCount: -1, TimeOut: 0 TimeOutType: VIRTUAL
.   0  TT hits: 59, TT collisions: 0 Req: 120, (49.166668)
 6 12 48 40 20 19 16 20 13 8 12 21 19 2 
.   0  run: sec: 4, usec: 354405, t: 4
.   0  Nodes per Second:    48707 (4 sec.)
.   0  AREA POS: #:   8 ( 12%) #n:   5057  nodes/search: 632
.   0  AREA NEG: #:  56 ( 87%) #n:  12633  nodes/search: 225
.   0  DL   POS: #:   0 (  0%) #n:      0  nodes/search:   0
.   0  DL   NEG: #:  48 (100%) #n:  48000  nodes/search: 1000
.   0  PEN  POS: #:   2 (  3%) #n:   1748  nodes/search: 874
.   0  PEN  NEG: #:  55 ( 96%) #n:  64154  nodes/search: 1166
.   0  DeadTested:     0, PenTested :     0, patterns: 226, removed: 30, killed: 0
.   0  
.   0  Threshold 407 (405)
.   0  tt: Y, dl_mg: Y, dl2_mg: Y
.   0  area_srch: Y dl_srch: Y pen_srch: Y
.   0  scan_srch: Y
.   0  node limit: 1000, minimize: Y
.   0  st_testd: Y, dl_db: 7, cut_goal: Y
.   0  xdist: Y, auto: Y, local: Y(1,10,9)
.   0  lb_mp: Y, lb_cf: Y, lb_dd: Y(0/1), mc_tu: Y, mc_gm: Y
.   0  overestim: 0.00, hoverestim: 1.00, assume dead: N
.   0  limit patterns: Y, lazy maximize: Y
.   0  nodes searched: total: 205873, top level: 270
.   0  mini: 22004, scan: 28027
.   0  AbortNodeCount: -1, TimeOut: 0 TimeOutType: VIRTUAL
.   0  TT hits: 64, TT collisions: 0 Req: 125, (51.200001)
 7 14 56 43 20 19 16 20 13 8 12 21 19 2 
.   0  run: sec: 4, usec: 589655, t: 5
.   0  Nodes per Second:    41175 (5 sec.)
.   0  AREA POS: #:   8 ( 11%) #n:   5057  nodes/search: 632
.   0  AREA NEG: #:  59 ( 88%) #n:  12761  nodes/search: 216
.   0  DL   POS: #:   0 (  0%) #n:      0  nodes/search:   0
.   0  DL   NEG: #:  51 (100%) #n:  51000  nodes/search: 1000
.   0  PEN  POS: #:   2 (  3%) #n:   1748  nodes/search: 874
.   0  PEN  NEG: #:  58 ( 96%) #n:  67154  nodes/search: 1157
.   0  DeadTested:     0, PenTested :     0, patterns: 226, removed: 30, killed: 0
.   0  
.   0  Threshold 409 (405)
.   0  tt: Y, dl_mg: Y, dl2_mg: Y
.   0  area_srch: Y dl_srch: Y pen_srch: Y
.   0  scan_srch: Y
.   0  node limit: 1000, minimize: Y
.   0  st_testd: Y, dl_db: 7, cut_goal: Y
.   0  xdist: Y, auto: Y, local: Y(1,10,9)
.   0  lb_mp: Y, lb_cf: Y, lb_dd: Y(0/1), mc_tu: Y, mc_gm: Y
.   0  overestim: 0.00, hoverestim: 1.00, assume dead: N
.   0  limit patterns: Y, lazy maximize: Y
.   0  nodes searched: total: 210299, top level: 290
.   0  mini: 22004, scan: 28027
.   0  AbortNodeCount: -1, TimeOut: 0 TimeOutType: VIRTUAL
.   0  TT hits: 72, TT collisions: 0 Req: 133, (54.135338)
 8 16 64 50 22 19 16 20 13 8 12 21 19 2 
.   0  run: sec: 4, usec: 690392, t: 5
.   0  Nodes per Second:    42060 (5 sec.)
.   0  AREA POS: #:   8 ( 11%) #n:   5057  nodes/search: 632
.   0  AREA NEG: #:  60 ( 88%) #n:  12791  nodes/search: 213
.   0  DL   POS: #:   0 (  0%) #n:      0  nodes/search:   0
.   0  DL   NEG: #:  53 (100%) #n:  53000  nodes/search: 1000
.   0  PEN  POS: #:   2 (  3%) #n:   1748  nodes/search: 874
.   0  PEN  NEG: #:  60 ( 96%) #n:  69154  nodes/search: 1152
.   0  DeadTested:     0, PenTested :     0, patterns: 226, removed: 30, killed: 0
.   0  
.   0  Threshold 411 (405)
.   0  tt: Y, dl_mg: Y, dl2_mg: Y
.   0  area_srch: Y dl_srch: Y pen_srch: Y
.   0  scan_srch: Y
.   0  node limit: 1000, minimize: Y
.   0  st_testd: Y, dl_db: 7, cut_goal: Y
.   0  xdist: Y, auto: Y, local: Y(1,10,9)
.   0  lb_mp: Y, lb_cf: Y, lb_dd: Y(0/1), mc_tu: Y, mc_gm: Y
.   0  overestim: 0.00, hoverestim: 1.00, assume dead: N
.   0  limit patterns: Y, lazy maximize: Y
.   0  nodes searched: total: 250514, top level: 344
.   0  mini: 22004, scan: 28027
.   0  AbortNodeCount: -1, TimeOut: 0 TimeOutType: VIRTUAL
.   0  TT hits: 92, TT collisions: 0 Req: 153, (60.130718)
 9 18 72 60 30 28 22 27 16 8 12 21 19 2 
.   0  run: sec: 5, usec: 598534, t: 6
.   0  Nodes per Second:    41752 (6 sec.)
.   0  AREA POS: #:   8 ( 10%) #n:   5057  nodes/search: 632
.   0  AREA NEG: #:  70 ( 89%) #n:  13275  nodes/search: 189
.   0  DL   POS: #:   0 (  0%) #n:      0  nodes/search:   0
.   0  DL   NEG: #:  65 (100%) #n:  65000  nodes/search: 1000
.   0  PEN  POS: #:   2 (  2%) #n:   1748  nodes/search: 874
.   0  PEN  NEG: #:  72 ( 97%) #n:  81154  nodes/search: 1127
.   0  DeadTested:     0, PenTested :     0, patterns: 226, removed: 30, killed: 0
.   0  
.   0  Threshold 413 (405)
.   0  tt: Y, dl_mg: Y, dl2_mg: Y
.   0  area_srch: Y dl_srch: Y pen_srch: Y
.   0  scan_srch: Y
.   0  node limit: 1000, minimize: Y
.   0  st_testd: Y, dl_db: 7, cut_goal: Y
.   0  xdist: Y, auto: Y, local: Y(1,10,9)
.   0  lb_mp: Y, lb_cf: Y, lb_dd: Y(0/1), mc_tu: Y, mc_gm: Y
.   0  overestim: 0.00, hoverestim: 1.00, assume dead: N
.   0  limit patterns: Y, lazy maximize: Y
.   0  nodes searched: total: 340953, top level: 487
.   0  mini: 41147, scan: 28027
.   0  AbortNodeCount: -1, TimeOut: 0 TimeOutType: VIRTUAL
.   0  TT hits: 125, TT collisions: 0 Req: 208, (60.096153)
 10 20 80 67 32 29 23 33 35 26 32 47 40 12 1 
.   0  run: sec: 7, usec: 701774, t: 8
.   0  Nodes per Second:    42619 (8 sec.)
.   0  AREA POS: #:   8 (  7%) #n:   5057  nodes/search: 632
.   0  AREA NEG: #:  93 ( 92%) #n:  23343  nodes/search: 251
.   0  DL   POS: #:   0 (  0%) #n:      0  nodes/search:   0
.   0  DL   NEG: #:  82 (100%) #n:  82000  nodes/search: 1000
.   0  PEN  POS: #:   3 (  3%) #n:   1750  nodes/search: 583
.   0  PEN  NEG: #:  97 ( 97%) #n: 125335  nodes/search: 1292
.   0  DeadTested:     0, PenTested :     0, patterns: 341, removed: 59, killed: 0
.   0  
.   0  Threshold 415 (409)
.   0  tt: Y, dl_mg: Y, dl2_mg: Y
.   0  area_srch: Y dl_srch: Y pen_srch: Y
.   0  scan_srch: Y
.   0  node limit: 1000, minimize: Y
.   0  st_testd: Y, dl_db: 7, cut_goal: Y
.   0  xdist: Y, auto: Y, local: Y(1,10,9)
.   0  lb_mp: Y, lb_cf: Y, lb_dd: Y(0/1), mc_tu: Y, mc_gm: Y
.   0  overestim: 0.00, hoverestim: 1.00, assume dead: N
.   0  limit patterns: Y, lazy maximize: Y
.   0  nodes searched: total: 351149, top level: 541
.   0  mini: 41147, scan: 28027
.   0  AbortNodeCount: -1, TimeOut: 0 TimeOutType: VIRTUAL
.   0  TT hits: 145, TT collisions: 0 Req: 228, (63.596493)
 11 22 88 77 40 38 29 40 38 26 32 47 40 12 1 
.   0  run: sec: 7, usec: 983745, t: 8
.   0  Nodes per Second:    43894 (8 sec.)
.   0  AREA POS: #:   8 (  7%) #n:   5057  nodes/search: 632
.   0  AREA NEG: #:  99 ( 92%) #n:  23644  nodes/search: 238
.   0  DL   POS: #:   0 (  0%) #n:      0  nodes/search:   0
.   0  DL   NEG: #:  86 (100%) #n:  86000  nodes/search: 1000
.   0  PEN  POS: #:   3 (  2%) #n:   1750  nodes/search: 583
.   0  PEN  NEG: #: 101 ( 97%) #n: 129335  nodes/search: 1280
.   0  DeadTested:     0, PenTested :     0, patterns: 341, removed: 59, killed: 0
.   0  
.   0  Threshold 417 (409)
