PrintPriority: 2
Command:Maze screens/screen.85:
############        
# 0000 #   ##       
# 000000 #  ######  
####00#####      #  
 #0000#00   #### #  
 #0####00####    #  
 #00000000#    #### 
 #0000#000#    #  ##
###0####0##        #
#00000#####   #    #
#0#0#0        ###  #
#0#0########  #    #
# #00000000  ##    #
#0#0#######   # #  #
#000#     #       ##
?####     ##########
.   0  NO MACRO, nodes: 16 n: 1 -> restart:
.   0  YES MACRO, nodes: 5 n: 1
Auto Set local cut parameter: 1,10, 7.
ScanSearch: h 303, nodes used: 0
ScanSearch: h 305, nodes used: 4403
ScanSearch: h 305, nodes used: 5441
ScanSearch: h 307, nodes used: 11127
ScanSearch: h 307, nodes used: 12546
ScanSearch: h 307, nodes used: 13759
ScanSearch: h 307, nodes used: 14865
ScanSearch: h 307, nodes used: 16006
ScanSearch: h 307, nodes used: 17112
ScanSearch: h 307, nodes used: 18273
ScanSearch: h 307, nodes used: 19777
ScanSearch: h 307, nodes used: 20891
ScanSearch: h 307, nodes used: 22233
ScanSearch: h 307, nodes used: 23858
ScanSearch: h 307, nodes used: 25711
ScanSearch: h: 303->307, nodes used: 26866
.   0  Threshold 307 (307)
.   0  tt: Y, dl_mg: Y, dl2_mg: Y
.   0  area_srch: Y dl_srch: Y pen_srch: Y
.   0  scan_srch: Y
.   0  node limit: 1000, minimize: Y
.   0  st_testd: Y, dl_db: 7, cut_goal: Y
.   0  xdist: Y, auto: Y, local: Y(1,10,7)
.   0  lb_mp: Y, lb_cf: Y, lb_dd: Y(2/2), mc_tu: Y, mc_gm: Y
.   0  overestim: 0.00, hoverestim: 1.00, assume dead: N
.   0  limit patterns: Y, lazy maximize: Y
.   0  nodes searched: total: 77994, top level: 279
.   0  mini: 14654, scan: 26866
.   0  AbortNodeCount: -1, TimeOut: 0 TimeOutType: VIRTUAL
.   0  TT hits: 17, TT collisions: 0 Req: 67, (25.373135)
 1 3 5 20 79 71 48 33 15 3 1 
.   0  run: sec: 3, usec: 290473, t: 3
.   0  Nodes per Second:    25998 (3 sec.)
.   0  AREA POS: #:   2 (  9%) #n:   2473  nodes/search: 1236
.   0  AREA NEG: #:  19 ( 90%) #n:   2409  nodes/search: 126
.   0  DL   POS: #:   0 (  0%) #n:      0  nodes/search:   0
.   0  DL   NEG: #:  20 (100%) #n:   3663  nodes/search: 183
.   0  PEN  POS: #:   3 ( 12%) #n:   8916  nodes/search: 2972
.   0  PEN  NEG: #:  22 ( 88%) #n:   5275  nodes/search: 239
.   0  DeadTested:     0, PenTested :     3, patterns: 70, removed: 17, killed: 0
.   0  
.   0  Threshold 309 (307)
.   0  tt: Y, dl_mg: Y, dl2_mg: Y
.   0  area_srch: Y dl_srch: Y pen_srch: Y
.   0  scan_srch: Y
.   0  node limit: 1000, minimize: Y
.   0  st_testd: Y, dl_db: 7, cut_goal: Y
.   0  xdist: Y, auto: Y, local: Y(1,10,7)
.   0  lb_mp: Y, lb_cf: Y, lb_dd: Y(16/2), mc_tu: Y, mc_gm: Y
.   0  overestim: 0.00, hoverestim: 1.00, assume dead: N
.   0  limit patterns: Y, lazy maximize: Y
.   0  nodes searched: total: 319915, top level: 2009
.   0  mini: 34513, scan: 26866
.   0  AbortNodeCount: -1, TimeOut: 0 TimeOutType: VIRTUAL
.   0  TT hits: 327, TT collisions: 0 Req: 641, (51.014042)
 2 6 12 42 321 535 465 339 191 81 12 3 
.   0  run: sec: 13, usec: 447500, t: 13
.   0  Nodes per Second:    24609 (13 sec.)
.   0  AREA POS: #:  10 (  8%) #n:   6904  nodes/search: 690
.   0  AREA NEG: #: 106 ( 91%) #n:  10379  nodes/search:  97
.   0  DL   POS: #:   0 (  0%) #n:      0  nodes/search:   0
.   0  DL   NEG: #: 139 (100%) #n:  21288  nodes/search: 153
.   0  PEN  POS: #:  13 (  9%) #n:  31586  nodes/search: 2429
.   0  PEN  NEG: #: 130 ( 90%) #n:  36484  nodes/search: 280
.   0  DeadTested:     0, PenTested :    14, patterns: 140, removed: 28, killed: 0
.   0  
.   0  Threshold 311 (307)
.   0  tt: Y, dl_mg: Y, dl2_mg: Y
.   0  area_srch: Y dl_srch: Y pen_srch: Y
.   0  scan_srch: Y
.   0  node limit: 1000, minimize: Y
.   0  st_testd: Y, dl_db: 7, cut_goal: Y
.   0  xdist: Y, auto: Y, local: Y(1,10,7)
.   0  lb_mp: Y, lb_cf: Y, lb_dd: Y(42/2), mc_tu: Y, mc_gm: Y
.   0  overestim: 0.00, hoverestim: 1.00, assume dead: N
.   0  limit patterns: Y, lazy maximize: Y
.   0  nodes searched: total: 1141520, top level: 7085
.   0  mini: 81990, scan: 26866
.   0  AbortNodeCount: -1, TimeOut: 0 TimeOutType: VIRTUAL
.   0  TT hits: 1857, TT collisions: 0 Req: 2899, (64.056572)
 3 9 19 71 605 1394 1826 1480 992 462 176 26 6 1 
.   0  run: sec: 49, usec: 552893, t: 50
.   0  Nodes per Second:    22830 (50 sec.)
.   0  AREA POS: #:  29 (  8%) #n:  23482  nodes/search: 809
.   0  AREA NEG: #: 316 ( 91%) #n:  31820  nodes/search: 100
.   0  DL   POS: #:   0 (  0%) #n:      0  nodes/search:   0
.   0  DL   NEG: #: 534 (100%) #n:  93697  nodes/search: 175
.   0  PEN  POS: #:  40 (  7%) #n:  80472  nodes/search: 2011
.   0  PEN  NEG: #: 473 ( 92%) #n: 132124  nodes/search: 279
.   0  DeadTested:     0, PenTested :    47, patterns: 295, removed: 52, killed: 0
.   0  
.   0  Threshold 313 (307)
