PrintPriority: 2
Command:Maze screens/screen.47:
         ####       
 #########  ##      
##           #####  
#   ## ##   ##000#  
# #       # ##000#  
# #       # 00000#  
#   # ###   00000#  
#          ##0000#  
###        #######  
  #  #######        
  ####              
                    
.   0  NO MACRO, nodes: 4067 n: 1 -> restart:
.   0  YES MACRO, nodes: 13 n: 1
Auto Set local cut parameter: 1,7, 7.
ScanSearch: h 199, nodes used: 0
ScanSearch: h 199, nodes used: 1429
ScanSearch: h 201, nodes used: 4765
ScanSearch: h 201, nodes used: 5409
ScanSearch: h 201, nodes used: 6747
ScanSearch: h 201, nodes used: 8161
ScanSearch: h 201, nodes used: 9571
ScanSearch: h 201, nodes used: 11000
ScanSearch: h 201, nodes used: 12351
ScanSearch: h 201, nodes used: 13841
ScanSearch: h 201, nodes used: 15294
ScanSearch: h 201, nodes used: 16749
ScanSearch: h 201, nodes used: 17725
ScanSearch: h 201, nodes used: 19180
ScanSearch: h 201, nodes used: 20232
ScanSearch: h 201, nodes used: 20821
ScanSearch: h: 199->201, nodes used: 24681
.   0  Threshold 201 (201)
.   0  tt: Y, dl_mg: Y, dl2_mg: Y
.   0  area_srch: Y dl_srch: Y pen_srch: Y
.   0  scan_srch: Y
.   0  node limit: 1000, minimize: Y
.   0  st_testd: Y, dl_db: 7, cut_goal: Y
.   0  xdist: Y, auto: Y, local: Y(1,7,7)
.   0  lb_mp: Y, lb_cf: Y, lb_dd: Y(0/1), mc_tu: Y, mc_gm: Y
.   0  overestim: 0.00, hoverestim: 1.00, assume dead: N
.   0  limit patterns: Y, lazy maximize: Y
.   0  nodes searched: total: 37922, top level: 24
.   0  mini: 5626, scan: 24681
.   0  AbortNodeCount: -1, TimeOut: 0 TimeOutType: VIRTUAL
.   0  TT hits: 1, TT collisions: 0 Req: 8, (12.500000)
 1 4 5 7 7 
.   0  run: sec: 1, usec: 825830, t: 2
.   0  Nodes per Second:    18961 (2 sec.)
.   0  AREA POS: #:   3 ( 50%) #n:   1488  nodes/search: 496
.   0  AREA NEG: #:   3 ( 50%) #n:     90  nodes/search:  30
.   0  DL   POS: #:   0 (  0%) #n:      0  nodes/search:   0
.   0  DL   NEG: #:   3 (100%) #n:   3000  nodes/search: 1000
.   0  PEN  POS: #:   0 (  0%) #n:      0  nodes/search:   0
.   0  PEN  NEG: #:   3 (100%) #n:   5175  nodes/search: 1725
.   0  DeadTested:     0, PenTested :     0, patterns: 20, removed: 1, killed: 0
.   0  
.   0  Threshold 203 (201)
.   0  tt: Y, dl_mg: Y, dl2_mg: Y
.   0  area_srch: Y dl_srch: Y pen_srch: Y
.   0  scan_srch: Y
.   0  node limit: 1000, minimize: Y
.   0  st_testd: Y, dl_db: 7, cut_goal: Y
.   0  xdist: Y, auto: Y, local: Y(1,7,7)
.   0  lb_mp: Y, lb_cf: Y, lb_dd: Y(0/1), mc_tu: Y, mc_gm: Y
.   0  overestim: 0.00, hoverestim: 1.00, assume dead: N
.   0  limit patterns: Y, lazy maximize: Y
.   0  nodes searched: total: 59132, top level: 166
.   0  mini: 10457, scan: 24681
.   0  AbortNodeCount: -1, TimeOut: 0 TimeOutType: VIRTUAL
.   0  TT hits: 7, TT collisions: 0 Req: 107, (6.542056)
 2 8 14 18 24 14 9 6 3 3 3 3 3 3 2 2 2 2 2 2 2 2 1 1 1 1 1 1 1 1 1 1 1 1 1 1 1 1 1 1 1 1 1 1 1 1 1 1 1 1 1 1 1 1 1 4 
.   0  run: sec: 2, usec: 225580, t: 2
.   0  Nodes per Second:    29566 (2 sec.)
.   0  AREA POS: #:   9 ( 25%) #n:   4071  nodes/search: 452
.   0  AREA NEG: #:  26 ( 74%) #n:   1637  nodes/search:  62
.   0  DL   POS: #:   0 (  0%) #n:      0  nodes/search:   0
.   0  DL   NEG: #:  24 (100%) #n:   4755  nodes/search: 198
.   0  PEN  POS: #:   2 ( 12%) #n:   1896  nodes/search: 948
.   0  PEN  NEG: #:  14 ( 87%) #n:  10249  nodes/search: 732
.   0  DeadTested:     0, PenTested :     6, patterns: 36, removed: 3, killed: 0
.   0  
.   0  Threshold 205 (203)
.   0  tt: Y, dl_mg: Y, dl2_mg: Y
.   0  area_srch: Y dl_srch: Y pen_srch: Y
.   0  scan_srch: Y
.   0  node limit: 1000, minimize: Y
.   0  st_testd: Y, dl_db: 7, cut_goal: Y
.   0  xdist: Y, auto: Y, local: Y(1,7,7)
.   0  lb_mp: Y, lb_cf: Y, lb_dd: Y(0/1), mc_tu: Y, mc_gm: Y
.   0  overestim: 0.00, hoverestim: 1.00, assume dead: N
.   0  limit patterns: Y, lazy maximize: Y
.   0  nodes searched: total: 73226, top level: 306
.   0  mini: 10570, scan: 24681
.   0  AbortNodeCount: -1, TimeOut: 0 TimeOutType: VIRTUAL
.   0  TT hits: 20, TT collisions: 0 Req: 181, (11.049724)
 3 12 28 39 47 24 15 9 6 6 6 6 6 6 5 5 5 5 5 5 10 10 7 1 1 1 1 1 1 1 1 1 1 1 1 1 1 1 1 1 1 1 1 1 1 1 1 1 1 1 1 1 1 1 1 4 
.   0  run: sec: 2, usec: 523953, t: 3
.   0  Nodes per Second:    24409 (3 sec.)
.   0  AREA POS: #:  11 ( 15%) #n:   5225  nodes/search: 475
.   0  AREA NEG: #:  58 ( 84%) #n:   2206  nodes/search:  38
.   0  DL   POS: #:   0 (  0%) #n:      0  nodes/search:   0
.   0  DL   NEG: #:  60 (100%) #n:   6109  nodes/search: 101
.   0  PEN  POS: #:   2 (  8%) #n:   1896  nodes/search: 948
.   0  PEN  NEG: #:  23 ( 92%) #n:  11998  nodes/search: 521
.   0  DeadTested:     0, PenTested :     6, patterns: 38, removed: 3, killed: 0
.   0  
.   0  Threshold 207 (203)
.   0  tt: Y, dl_mg: Y, dl2_mg: Y
.   0  area_srch: Y dl_srch: Y pen_srch: Y
.   0  scan_srch: Y
.   0  node limit: 1000, minimize: Y
.   0  st_testd: Y, dl_db: 7, cut_goal: Y
.   0  xdist: Y, auto: Y, local: Y(1,7,7)
.   0  lb_mp: Y, lb_cf: Y, lb_dd: Y(2837/4), mc_tu: Y, mc_gm: Y
.   0  overestim: 0.00, hoverestim: 1.00, assume dead: N
.   0  limit patterns: Y, lazy maximize: Y
.   0  nodes searched: total: 204665, top level: 58157
.   0  mini: 15258, scan: 24681
.   0  AbortNodeCount: -1, TimeOut: 0 TimeOutType: VIRTUAL
.   0  TT hits: 14411, TT collisions: 436 Req: 25535, (56.436264)
 4 16 46 62 83 60 41 27 29 17 17 24 33 33 29 27 22 16 15 13 22 34 31 5 5 5 5 5 5 4 3 3 3 3 3 3 3 3 3 3 3 3 3 3 3 3 3 3 3 3 3 3 3 3 3 9 2 1 1 1 1 1 1 1 1 1 1 1 4 3 1 1 1 1 1 1 1 1 1 1 3 1 1 1 1 1 1 1 1 1 1 1 6 23 47 87 139 194 256 359 502 610 784 934 1125 1305 1488 1622 1768 1862 2045 2259 2430 2608 2813 2926 3024 3134 3222 3160 3063 2782 2378 1970 1613 1318 1043 784 536 345 214 110 41 12 
.   0  run: sec: 4, usec: 713814, t: 5
.   0  Nodes per Second:    40933 (5 sec.)
.   0  AREA POS: #:  24 (  4%) #n:   6745  nodes/search: 281
.   0  AREA NEG: #: 563 ( 95%) #n:  11774  nodes/search:  20
.   0  DL   POS: #:   0 (  0%) #n:      0  nodes/search:   0
.   0  DL   NEG: #: 1473 (100%) #n:  32263  nodes/search:  21
.   0  PEN  POS: #:  12 (  4%) #n:   6779  nodes/search: 564
.   0  PEN  NEG: #: 274 ( 95%) #n:  19014  nodes/search:  69
.   0  DeadTested:     0, PenTested :   224, patterns: 82, removed: 7, killed: 0
.   0  
.   0  Threshold 209 (203)
.   0  tt: Y, dl_mg: Y, dl2_mg: Y
.   0  area_srch: Y dl_srch: Y pen_srch: Y
.   0  scan_srch: Y
.   0  node limit: 1000, minimize: Y
.   0  st_testd: Y, dl_db: 7, cut_goal: Y
.   0  xdist: Y, auto: Y, local: Y(1,7,7)
.   0  lb_mp: Y, lb_cf: Y, lb_dd: Y(15258/4), mc_tu: Y, mc_gm: Y
.   0  overestim: 0.00, hoverestim: 1.00, assume dead: N
.   0  limit patterns: Y, lazy maximize: Y
.   0  nodes searched: total: 13395872, top level: 726978
.   0  mini: 35094, scan: 24681
.   0  AbortNodeCount: -1, TimeOut: 0 TimeOutType: VIRTUAL
.   0  TT hits: 178874, TT collisions: 149730 Req: 372603, (48.006592)
 5 20 64 92 128 107 86 69 80 55 39 52 85 110 89 81 79 68 55 61 82 116 132 76 43 38 29 25 25 23 38 73 93 94 103 82 57 54 58 68 67 72 84 116 136 221 301 443 631 1313 2559 4271 6090 7566 8465 9138 10072 11760 13745 15479 16351 16286 15615 14722 13776 13050 12697 12258 11445 10284 8900 7543 6389 5573 5023 4889 4599 4337 4075 3704 3434 3181 2927 2672 2459 2303 2189 2091 2031 1943 1797 1664 1608 1702 1960 2341 2775 3266 3874 4835 6165 7408 8903 10383 11859 13408 14960 16435 17661 18695 19667 20466 20846 21097 20905 20419 19723 18655 17466 16050 14529 12528 10289 8219 6346 4893 3626 2648 1806 1123 675 371 148 45 4 
.   0  run: sec: 327, usec: 823965, t: 328
.   0  Nodes per Second:    40841 (328 sec.)
.   0  AREA POS: #: 125 (  0%) #n:  22220  nodes/search: 177
.   0  AREA NEG: #: 39517 ( 99%) #n: 1086502  nodes/search:  27
.   0  DL   POS: #:   0 (  0%) #n:      0  nodes/search:   0
.   0  DL   NEG: #: 49488 (100%) #n: 1442500  nodes/search:  29
.   0  PEN  POS: #:  36 (  0%) #n:  24051  nodes/search: 668
.   0  PEN  NEG: #: 21512 ( 99%) #n: 1658779  nodes/search:  77
.   0  DeadTested:     0, PenTested :  4828, patterns: 245, removed: 23, killed: 0
.   0  
.   0  Threshold 211 (203)
