PrintPriority: 2
Command:Maze screens/screen.35:
############ ###### 
#   #0000#0###0000# 
#     #00000000000# 
#   # ###000#00000# 
## ## ###00#000000# 
 #     0000#0#0#### 
 #     ##00#000000# 
#### #  ####0#0##0# 
#  # #    ##0#0000# 
#       # ##0#000## 
# #        #0#000#  
#    ## ## #0#####  
#            #      
## ## ###    #      
 #    # #    #      
?###### ######      
.   0  NO MACRO, nodes: 1850 n: 1 -> restart:
.   0  YES MACRO, nodes: 11 n: 1
Auto Set local cut parameter: 1,10, 8.
ScanSearch: h 364, nodes used: 0
ScanSearch: h 364, nodes used: 1650
ScanSearch: h 364, nodes used: 2844
ScanSearch: h 368, nodes used: 5841
ScanSearch: h 368, nodes used: 7304
ScanSearch: h 368, nodes used: 8455
ScanSearch: h 368, nodes used: 9816
ScanSearch: h 368, nodes used: 11159
ScanSearch: h 368, nodes used: 13235
ScanSearch: h 368, nodes used: 14320
ScanSearch: h 368, nodes used: 15711
ScanSearch: h 368, nodes used: 16800
ScanSearch: h 368, nodes used: 18449
ScanSearch: h 368, nodes used: 19968
ScanSearch: h 368, nodes used: 21514
ScanSearch: h 368, nodes used: 23216
ScanSearch: h 368, nodes used: 27019
ScanSearch: h: 364->368, nodes used: 28554
.   0  Threshold 368 (368)
.   0  tt: Y, dl_mg: Y, dl2_mg: Y
.   0  area_srch: Y dl_srch: Y pen_srch: Y
.   0  scan_srch: Y
.   0  node limit: 1000, minimize: Y
.   0  st_testd: Y, dl_db: 7, cut_goal: Y
.   0  xdist: Y, auto: Y, local: Y(1,10,8)
.   0  lb_mp: Y, lb_cf: Y, lb_dd: Y(0/1), mc_tu: Y, mc_gm: Y
.   0  overestim: 0.00, hoverestim: 1.00, assume dead: N
.   0  limit patterns: Y, lazy maximize: Y
.   0  nodes searched: total: 63525, top level: 16
.   0  mini: 6492, scan: 28554
.   0  AbortNodeCount: -1, TimeOut: 0 TimeOutType: VIRTUAL
.   0  TT hits: 4, TT collisions: 0 Req: 14, (28.571428)
 1 3 5 3 3 1 
.   0  run: sec: 5, usec: 274434, t: 5
.   0  Nodes per Second:    12705 (5 sec.)
.   0  AREA POS: #:   0 (  0%) #n:      0  nodes/search:   0
.   0  AREA NEG: #:   9 (100%) #n:  10523  nodes/search: 1169
.   0  DL   POS: #:   0 (  0%) #n:      0  nodes/search:   0
.   0  DL   NEG: #:   7 (100%) #n:   7000  nodes/search: 1000
.   0  PEN  POS: #:   0 (  0%) #n:      0  nodes/search:   0
.   0  PEN  NEG: #:   7 (100%) #n:   7032  nodes/search: 1004
.   0  DeadTested:     0, PenTested :     0, patterns: 30, removed: 7, killed: 0
.   0  
.   0  Threshold 370 (368)
