PrintPriority: 2
Command:Maze screens/screen.86:
################    
#       #  #   #    
# #0#0# #      #    
# #000# #      #    
# 0000# #      ##   
# ##0## # ##    #   
# #0000         #   
# ##0###  #######   
#    # ####         
######              
                    
.   0  NO MACRO, nodes: 13 n: 1 -> restart:
.   0  YES MACRO, nodes: 4 n: 1
Auto Set local cut parameter: 1,8, 6.
ScanSearch: h 122, nodes used: 0
ScanSearch: h 128, nodes used: 2480
ScanSearch: h 128, nodes used: 2659
ScanSearch: h 128, nodes used: 2863
ScanSearch: h 130, nodes used: 3801
ScanSearch: h 130, nodes used: 3892
ScanSearch: h 130, nodes used: 3985
ScanSearch: h 130, nodes used: 4081
ScanSearch: h 130, nodes used: 4266
ScanSearch: h 130, nodes used: 4438
ScanSearch: h: 122->130, nodes used: 4540
.   0  Threshold 130 (130)
.   0  tt: Y, dl_mg: Y, dl2_mg: Y
.   0  area_srch: Y dl_srch: Y pen_srch: Y
.   0  scan_srch: Y
.   0  node limit: 1000, minimize: Y
.   0  st_testd: Y, dl_db: 7, cut_goal: Y
.   0  xdist: Y, auto: Y, local: Y(1,8,6)
.   0  lb_mp: Y, lb_cf: Y, lb_dd: Y(121/2), mc_tu: Y, mc_gm: Y
.   0  overestim: 0.00, hoverestim: 1.00, assume dead: N
.   0  limit patterns: Y, lazy maximize: Y
.   0  nodes searched: total: 476915, top level: 6124
.   0  mini: 10752, scan: 4540
.   0  AbortNodeCount: -1, TimeOut: 0 TimeOutType: VIRTUAL
.   0  TT hits: 558, TT collisions: 31 Req: 2533, (22.029215)
 1 2 4 5 6 6 11 13 18 16 15 12 17 58 133 185 246 307 376 417 470 641 818 770 624 430 276 155 72 20 
.   0  run: sec: 9, usec: 841352, t: 10
.   0  Nodes per Second:    47692 (10 sec.)
.   0  AREA POS: #:  61 (  7%) #n:   5588  nodes/search:  91
.   0  AREA NEG: #: 722 ( 92%) #n:  21488  nodes/search:  29
.   0  DL   POS: #:   0 (  0%) #n:      0  nodes/search:   0
.   0  DL   NEG: #: 1405 (100%) #n:  56243  nodes/search:  40
.   0  PEN  POS: #:  47 (  3%) #n:  23761  nodes/search: 505
.   0  PEN  NEG: #: 1237 ( 96%) #n:  72271  nodes/search:  58
.   0  DeadTested:     0, PenTested :   191, patterns: 168, removed: 14, killed: 0
.   0  
.   0  Threshold 132 (130)
