PrintPriority: 2
Command:Maze screens/screen.64:
####################
#0000###           #
#0000##### #  # # ##
#0000###   #       #
#0000###       #  ##
##00####  #  #     #
##00####        #  #
#000#### ### ##    #
##00000000#  #     #
##000###00#     ####
########00#  #     #
####################
                    
.   0  YES MACRO, nodes: 17 n: 1
Auto Set local cut parameter: 1,9, 7.
ScanSearch: h 367, nodes used: 0
ScanSearch: h 377, nodes used: 8574
ScanSearch: h 379, nodes used: 11776
ScanSearch: h 379, nodes used: 15752
ScanSearch: h 379, nodes used: 18982
ScanSearch: h 379, nodes used: 22461
ScanSearch: h 379, nodes used: 25481
ScanSearch: h 379, nodes used: 27229
ScanSearch: h 379, nodes used: 28922
ScanSearch: h 379, nodes used: 31003
ScanSearch: h 379, nodes used: 32739
ScanSearch: h 379, nodes used: 34461
ScanSearch: h 379, nodes used: 36198
ScanSearch: h 379, nodes used: 37925
ScanSearch: h 379, nodes used: 40349
ScanSearch: h 379, nodes used: 45816
ScanSearch: h: 367->379, nodes used: 47589
.   0  Threshold 379 (379)
.   0  tt: Y, dl_mg: Y, dl2_mg: Y
.   0  area_srch: Y dl_srch: Y pen_srch: Y
.   0  scan_srch: Y
.   0  node limit: 1000, minimize: Y
.   0  st_testd: Y, dl_db: 7, cut_goal: Y
.   0  xdist: Y, auto: Y, local: Y(1,9,7)
.   0  lb_mp: Y, lb_cf: Y, lb_dd: Y(0/1), mc_tu: Y, mc_gm: Y
.   0  overestim: 0.00, hoverestim: 1.00, assume dead: N
.   0  limit patterns: Y, lazy maximize: Y
.   0  nodes searched: total: 94366, top level: 35
.   0  mini: 21057, scan: 47589
.   0  AbortNodeCount: -1, TimeOut: 0 TimeOutType: VIRTUAL
.   0  TT hits: 1, TT collisions: 0 Req: 35, (2.857143)
 1 1 1 3 3 2 1 1 1 1 1 1 1 2 1 1 1 1 1 1 1 1 1 1 1 1 1 1 1 
.   0  run: sec: 2, usec: 52717, t: 2
.   0  Nodes per Second:    47183 (2 sec.)
.   0  AREA POS: #:   2 ( 16%) #n:    457  nodes/search: 228
.   0  AREA NEG: #:  10 ( 83%) #n:   9433  nodes/search: 943
.   0  DL   POS: #:   0 (  0%) #n:      0  nodes/search:   0
.   0  DL   NEG: #:  10 (100%) #n:   5699  nodes/search: 569
.   0  PEN  POS: #:   2 ( 20%) #n:   3348  nodes/search: 1674
.   0  PEN  NEG: #:   8 ( 80%) #n:   4974  nodes/search: 621
.   0  DeadTested:     0, PenTested :     1, patterns: 129, removed: 21, killed: 0
.   0  
.   0  Threshold 381 (379)
.   0  tt: Y, dl_mg: Y, dl2_mg: Y
.   0  area_srch: Y dl_srch: Y pen_srch: Y
.   0  scan_srch: Y
.   0  node limit: 1000, minimize: Y
.   0  st_testd: Y, dl_db: 7, cut_goal: Y
.   0  xdist: Y, auto: Y, local: Y(1,9,7)
.   0  lb_mp: Y, lb_cf: Y, lb_dd: Y(0/1), mc_tu: Y, mc_gm: Y
.   0  overestim: 0.00, hoverestim: 1.00, assume dead: N
.   0  limit patterns: Y, lazy maximize: Y
.   0  nodes searched: total: 118119, top level: 93
.   0  mini: 29026, scan: 47589
.   0  AbortNodeCount: -1, TimeOut: 0 TimeOutType: VIRTUAL
.   0  TT hits: 33, TT collisions: 0 Req: 88, (37.500000)
 2 2 2 6 8 6 2 2 2 2 2 2 2 4 2 2 2 2 2 2 2 2 2 2 2 3 3 3 3 2 2 2 2 2 2 1 1 1 
.   0  run: sec: 2, usec: 508358, t: 3
.   0  Nodes per Second:    39373 (3 sec.)
.   0  AREA POS: #:   4 ( 25%) #n:    553  nodes/search: 138
.   0  AREA NEG: #:  12 ( 75%) #n:   9459  nodes/search: 788
.   0  DL   POS: #:   0 (  0%) #n:      0  nodes/search:   0
.   0  DL   NEG: #:  17 (100%) #n:   8276  nodes/search: 486
.   0  PEN  POS: #:   2 ( 14%) #n:   3348  nodes/search: 1674
.   0  PEN  NEG: #:  12 ( 85%) #n:  15274  nodes/search: 1272
.   0  DeadTested:     0, PenTested :     1, patterns: 145, removed: 24, killed: 0
.   0  
.   0  Threshold 383 (381)
.   0  tt: Y, dl_mg: Y, dl2_mg: Y
.   0  area_srch: Y dl_srch: Y pen_srch: Y
.   0  scan_srch: Y
.   0  node limit: 1000, minimize: Y
.   0  st_testd: Y, dl_db: 7, cut_goal: Y
.   0  xdist: Y, auto: Y, local: Y(1,9,7)
.   0  lb_mp: Y, lb_cf: Y, lb_dd: Y(0/1), mc_tu: Y, mc_gm: Y
.   0  overestim: 0.00, hoverestim: 1.00, assume dead: N
.   0  limit patterns: Y, lazy maximize: Y
.   0  nodes searched: total: 203985, top level: 182
.   0  mini: 48548, scan: 47589
.   0  AbortNodeCount: -1, TimeOut: 0 TimeOutType: VIRTUAL
.   0  TT hits: 85, TT collisions: 0 Req: 166, (51.204819)
 3 3 3 9 13 10 4 4 4 4 4 7 7 7 4 3 3 3 3 3 3 3 3 3 3 5 5 5 5 4 4 4 4 4 4 3 4 3 2 2 2 1 1 1 1 1 1 
.   0  run: sec: 4, usec: 374258, t: 4
.   0  Nodes per Second:    50996 (4 sec.)
.   0  AREA POS: #:   4 ( 12%) #n:    553  nodes/search: 138
.   0  AREA NEG: #:  29 ( 87%) #n:  11527  nodes/search: 397
.   0  DL   POS: #:   0 (  0%) #n:      0  nodes/search:   0
.   0  DL   NEG: #:  37 (100%) #n:  17979  nodes/search: 485
.   0  PEN  POS: #:   3 (  9%) #n:   6491  nodes/search: 2163
.   0  PEN  NEG: #:  29 ( 90%) #n:  43707  nodes/search: 1507
.   0  DeadTested:     0, PenTested :     1, patterns: 189, removed: 35, killed: 0
.   0  
.   0  Threshold 385 (383)
.   0  tt: Y, dl_mg: Y, dl2_mg: Y
.   0  area_srch: Y dl_srch: Y pen_srch: Y
.   0  scan_srch: Y
.   0  node limit: 1000, minimize: Y
.   0  st_testd: Y, dl_db: 7, cut_goal: Y
.   0  xdist: Y, auto: Y, local: Y(1,9,7)
.   0  lb_mp: Y, lb_cf: Y, lb_dd: Y(0/1), mc_tu: Y, mc_gm: Y
.   0  overestim: 0.00, hoverestim: 1.00, assume dead: N
.   0  limit patterns: Y, lazy maximize: Y
.   0  nodes searched: total: 383949, top level: 477
.   0  mini: 116977, scan: 47589
.   0  AbortNodeCount: -1, TimeOut: 0 TimeOutType: VIRTUAL
.   0  TT hits: 141, TT collisions: 0 Req: 404, (34.900990)
 4 4 4 12 18 14 6 6 6 6 6 12 16 14 6 5 5 6 5 5 5 5 5 5 5 8 7 7 7 6 6 7 6 6 6 4 5 4 3 3 3 2 2 2 2 2 2 1 1 4 9 9 12 7 6 5 5 9 7 2 8 2 1 1 1 1 1 2 1 1 1 1 1 1 1 1 1 1 1 1 1 1 2 5 4 4 1 1 1 1 1 1 1 1 1 1 1 1 1 1 1 1 1 1 1 1 1 1 1 1 1 1 1 1 1 1 1 1 1 1 1 1 1 1 1 1 1 1 2 1 1 1 1 1 1 1 1 1 1 1 1 1 1 1 1 1 1 1 1 1 1 1 1 1 
.   0  run: sec: 9, usec: 111685, t: 9
.   0  Nodes per Second:    42661 (9 sec.)
.   0  AREA POS: #:   9 (  9%) #n:   6222  nodes/search: 691
.   0  AREA NEG: #:  87 ( 90%) #n:  20138  nodes/search: 231
.   0  DL   POS: #:   0 (  0%) #n:      0  nodes/search:   0
.   0  DL   NEG: #:  71 (100%) #n:  26925  nodes/search: 379
.   0  PEN  POS: #:  17 ( 18%) #n:  49018  nodes/search: 2883
.   0  PEN  NEG: #:  73 ( 81%) #n:  88888  nodes/search: 1217
.   0  DeadTested:     0, PenTested :    42, patterns: 420, removed: 69, killed: 0
.   0  
Path:  Ih-Ig-If Jf-Je-Jd If-Ig-Bb* Kg-Jg-Ig-Cb* Me-Le-Ke-Je Jd-Kd-Ke Je-Jf-Jg-Ig-Eb* Ke-Je-Jf-Jg-Ig-Bc* Md-Me-Mf Pd-Od-Nd-Ne-Me-Le-Ke-Je-Jf-Jg-Ig-Db* Pc-Pd-Od-Nd-Ne-Me-Le-Ke-Je-Jf-Jg-Ig-Cc* Mh-Mi-Mj-Mi-Mh Nj-Oj-Pj Ng-Mg-Lg-Kg-Jg-Ig-Ec* Mh-Mg-Lg-Kg-Jg-Ig-Bd* Of-Og-Ng-Mg-Lg-Kg-Jg-Ig-Dc* Mf-Mg-Lg-Kg-Jg-Ig-Ed* Re-Rf-Rg Qf-Pf-Of-Og-Ng-Mg-Lg-Kg-Jg-Ig-Cd* Qe-Qf-Pf-Of-Og-Ng-Mg-Lg-Kg-Jg-Ig-Be* Rg-Rf-Qf-Pf-Of-Og-Ng-Mg-Lg-Kg-Jg-Ig-Dd* Qh-Ph-Pg-Pf-Of-Og-Ng-Mg-Lg-Kg-Jg-Ig-Ee* Pj-Pi-Ph-Pg-Pf-Of-Og-Ng-Mg-Lg-Kg-Jg-Ig-Ce* Qi-Pi-Ph-Pg-Pf-Of-Og-Ng-Mg-Lg-Kg-Jg-Ig-De*
(moves: 385 depth: 153)
Moves: 716, Pushes: 137, Treedepth: 153
Total number of calling MarkReach(): 437395
Total number of cycles for MarkReach(): 3875357251
Average number of cycles per call: 8860.085851
Total number of while loop for MarkReach(): 33066912
Average number of cycles per loop: 117.197434
Total number of calling Moves(): 280494
Total number of cycles for Moves(): 4867539086
Average number of cycles per call: 17353.451717
Total number of while loop for Moves(): 26384852
Average number of cycles per loop: 184.482334
Command:
real	0m9.143s
user	0m9.123s
sys	0m0.018s
