PrintPriority: 2
Command:Maze screens/screen.54:
####################
#   #    #   #   # #
#                # #
## ###00## ###     #
#   #0000# #   ### #
#   #0000#         #
#   #0000# # #     #
#   ##00##   # #   #
## ##    ##  #  # ##
#            #  #  #
#   #    #   #     #
####################
                    
.   0  YES MACRO, nodes: 5821 n: 4
Auto Set local cut parameter: 1,8, 9.
ScanSearch: h 177, nodes used: 0
ScanSearch: h 179, nodes used: 3453
ScanSearch: h 179, nodes used: 5046
ScanSearch: h 179, nodes used: 6491
ScanSearch: h 179, nodes used: 7939
ScanSearch: h 179, nodes used: 9368
ScanSearch: h 179, nodes used: 11003
ScanSearch: h 181, nodes used: 15309
ScanSearch: h 183, nodes used: 16808
ScanSearch: h 183, nodes used: 17337
ScanSearch: h 183, nodes used: 17931
ScanSearch: h 183, nodes used: 18465
ScanSearch: h 183, nodes used: 18993
ScanSearch: h 187, nodes used: 20705
ScanSearch: h 187, nodes used: 21104
ScanSearch: h 187, nodes used: 21865
ScanSearch: h: 177->187, nodes used: 22419
.   0  Threshold 187 (187)
.   0  tt: Y, dl_mg: Y, dl2_mg: Y
.   0  area_srch: Y dl_srch: Y pen_srch: Y
.   0  scan_srch: Y
.   0  node limit: 1000, minimize: Y
.   0  st_testd: Y, dl_db: 7, cut_goal: Y
.   0  xdist: Y, auto: Y, local: Y(1,8,9)
.   0  lb_mp: Y, lb_cf: Y, lb_dd: Y(17908/18), mc_tu: Y, mc_gm: Y
.   0  overestim: 0.00, hoverestim: 1.00, assume dead: N
.   0  limit patterns: Y, lazy maximize: Y
.   0  nodes searched: total: 2042827, top level: 167471
.   0  mini: 30662, scan: 22419
.   0  AbortNodeCount: -1, TimeOut: 0 TimeOutType: VIRTUAL
.   0  TT hits: 39259, TT collisions: 4019 Req: 67659, (58.024799)
 1 1 1 2 1 1 1 1 1 1 1 1 1 1 1 1 1 2 4 1 4 1 1 1 1 1 1 1 1 1 4 1 5 5 2 1 1 1 1 3 6 1 1 7 9 1 1 1 1 1 1 1 1 1 4 15 30 60 107 168 214 287 426 630 897 1278 1959 3018 4552 6156 7653 8957 9968 10711 11343 11884 12050 11565 10500 9053 7471 5780 4125 2694 1633 904 496 315 274 340 528 815 1144 1418 1584 1646 1653 1626 1628 1599 1504 1328 1081 825 586 374 240 147 67 19 3 1 1 1 1 1 1 1 1 1 1 1 1 2 1 1 1 1 1 1 1 1 1 1 1 1 1 1 1 1 1 1 1 1 1 1 1 1 1 1 1 1 1 1 
.   0  run: sec: 84, usec: 576053, t: 85
.   0  Nodes per Second:    24033 (85 sec.)
.   0  AREA POS: #:  74 (  0%) #n:  10666  nodes/search: 144
.   0  AREA NEG: #: 8868 ( 99%) #n: 210682  nodes/search:  23
.   0  DL   POS: #:   0 (  0%) #n:      0  nodes/search:   0
.   0  DL   NEG: #: 8094 (100%) #n: 177225  nodes/search:  21
.   0  PEN  POS: #:  62 (  0%) #n:  37665  nodes/search: 607
.   0  PEN  NEG: #: 6914 ( 99%) #n: 450962  nodes/search:  65
.   0  DeadTested:     0, PenTested :  1956, patterns: 193, removed: 12, killed: 0
.   0  
Path:  Nc-Mc-Lc Jc-Ic-Hc-Ie* Hj-Hi-Hh Cc-Dc-Ec-Fc-Gc-Fe* Lc-Kc-Jc-Ic-Hc-Ig* Pf-Of-Nf Oe-Od-Oc-Nc-Mc-Lc-Kc-Jc-Ic-Hc-If* Rf-Qf-Pf Rg-Rf Ej-Dj-Cj-Dj-Ej-Fj-Gj Ci-Cj-Dj-Ej-Fj Mf-Mg Ke-Kc*-Jc-Ic-Hc Nf-Mf-Lf-Kf-Ke-Kc*-Jc Mg-Mf-Lf-Kf-Ke Pf-Of-Nf-Mf-Lf Rf-Qf-Pf-Of-Nf Hc-Gc-Fg* Jc-Ic-Hc-Hg* Ke-Kc*-Jc-Ic-Hc Lf-Kf-Ke-Kc*-Jc Nf-Mf-Lf-Kf-Ke Hc-Gc-Ff* Gj-Gi-Gg* Jc-Ic-Hc-Hf* Fj-Gj-Gi-Gh Ke-Kc*-Jc-Ic-Hc-He* Cf-Ce-Cd-Cc-Dc-Ec-Fc-Gc-Gf* Oh-Oi-Oj-Oi-Oh-Og-Of-Oe-Od-Oc-Nc-Mc-Lc-Kc-Jc-Ic-Hc-Hd Ri-Rh-Rg-Rf-Qf-Pf-Of-Oe-Od-Oc-Nc-Mc-Lc-Kc-Jc-Ic-Hc-Gc-Ge* Pg-Og-Of-Nf-Mf-Lf-Kf-Ke-Kc*-Jc-Ic-Hc-Gc-Gd
(moves: 187 depth: 153)
Moves: 897, Pushes: 187, Treedepth: 153
Command: