PrintPriority: 2
Command:Maze screens/screen.27:
 #################  
 #000000#    #   ## 
##0000000 ## # #  # 
#000000#     #    # 
#000000#  #  # #  # 
#########         # 
  #     # ##  ## ## 
 ##        #      # 
 #  ## ### #  ##  # 
 #                # 
 #       ##  ###### 
 #######    ##      
       ######       
                    
.   0  YES MACRO, nodes: 21 n: 1
Auto Set local cut parameter: 1,9, 7.
ScanSearch: h 353, nodes used: 0
ScanSearch: h 353, nodes used: 2277
ScanSearch: h 353, nodes used: 3400
ScanSearch: h 353, nodes used: 4732
ScanSearch: h 355, nodes used: 8650
ScanSearch: h 357, nodes used: 14152
ScanSearch: h 357, nodes used: 16506
ScanSearch: h 357, nodes used: 18587
ScanSearch: h 357, nodes used: 20251
ScanSearch: h 357, nodes used: 24762
ScanSearch: h 357, nodes used: 27254
ScanSearch: h 357, nodes used: 29352
ScanSearch: h 357, nodes used: 31042
ScanSearch: h 357, nodes used: 32586
ScanSearch: h 357, nodes used: 34484
ScanSearch: h 357, nodes used: 36478
ScanSearch: h 357, nodes used: 38445
ScanSearch: h 357, nodes used: 40275
ScanSearch: h 357, nodes used: 41852
ScanSearch: h 357, nodes used: 43825
ScanSearch: h: 353->357, nodes used: 45759
.   0  Threshold 357 (357)
.   0  tt: Y, dl_mg: Y, dl2_mg: Y
.   0  area_srch: Y dl_srch: Y pen_srch: Y
.   0  scan_srch: Y
.   0  node limit: 1000, minimize: Y
.   0  st_testd: Y, dl_db: 7, cut_goal: Y
.   0  xdist: Y, auto: Y, local: Y(1,9,7)
.   0  lb_mp: Y, lb_cf: Y, lb_dd: Y(0/1), mc_tu: Y, mc_gm: Y
.   0  overestim: 0.00, hoverestim: 1.00, assume dead: N
.   0  limit patterns: Y, lazy maximize: Y
.   0  nodes searched: total: 78434, top level: 23
.   0  mini: 13137, scan: 45759
.   0  AbortNodeCount: -1, TimeOut: 0 TimeOutType: VIRTUAL
.   0  TT hits: 1, TT collisions: 0 Req: 12, (8.333333)
 1 2 5 4 5 6 
.   0  run: sec: 1, usec: 505956, t: 2
.   0  Nodes per Second:    39217 (2 sec.)
.   0  AREA POS: #:   2 ( 20%) #n:   1076  nodes/search: 538
.   0  AREA NEG: #:   8 ( 80%) #n:   6661  nodes/search: 832
.   0  DL   POS: #:   0 (  0%) #n:      0  nodes/search:   0
.   0  DL   NEG: #:   6 (100%) #n:   6000  nodes/search: 1000
.   0  PEN  POS: #:   0 (  0%) #n:      0  nodes/search:   0
.   0  PEN  NEG: #:   6 (100%) #n:   7116  nodes/search: 1186
.   0  DeadTested:     0, PenTested :     0, patterns: 42, removed: 14, killed: 0
.   0  
.   0  Threshold 359 (357)
.   0  tt: Y, dl_mg: Y, dl2_mg: Y
.   0  area_srch: Y dl_srch: Y pen_srch: Y
.   0  scan_srch: Y
.   0  node limit: 1000, minimize: Y
.   0  st_testd: Y, dl_db: 7, cut_goal: Y
.   0  xdist: Y, auto: Y, local: Y(1,9,7)
.   0  lb_mp: Y, lb_cf: Y, lb_dd: Y(0/1), mc_tu: Y, mc_gm: Y
.   0  overestim: 0.00, hoverestim: 1.00, assume dead: N
.   0  limit patterns: Y, lazy maximize: Y
.   0  nodes searched: total: 130814, top level: 83
.   0  mini: 33093, scan: 45759
.   0  AbortNodeCount: -1, TimeOut: 0 TimeOutType: VIRTUAL
.   0  TT hits: 10, TT collisions: 0 Req: 42, (23.809525)
 2 4 10 11 13 16 7 2 6 6 6 
.   0  run: sec: 2, usec: 472218, t: 2
.   0  Nodes per Second:    65407 (2 sec.)
.   0  AREA POS: #:   8 ( 29%) #n:   6493  nodes/search: 811
.   0  AREA NEG: #:  19 ( 70%) #n:  20743  nodes/search: 1091
.   0  DL   POS: #:   0 (  0%) #n:      0  nodes/search:   0
.   0  DL   NEG: #:  13 (100%) #n:  14347  nodes/search: 1103
.   0  PEN  POS: #:   0 (  0%) #n:      0  nodes/search:   0
.   0  PEN  NEG: #:  15 (100%) #n:  15796  nodes/search: 1053
.   0  DeadTested:     0, PenTested :     1, patterns: 125, removed: 36, killed: 0
.   0  
.   0  Threshold 361 (357)
.   0  tt: Y, dl_mg: Y, dl2_mg: Y
.   0  area_srch: Y dl_srch: Y pen_srch: Y
.   0  scan_srch: Y
.   0  node limit: 1000, minimize: Y
.   0  st_testd: Y, dl_db: 7, cut_goal: Y
.   0  xdist: Y, auto: Y, local: Y(1,9,7)
.   0  lb_mp: Y, lb_cf: Y, lb_dd: Y(0/1), mc_tu: Y, mc_gm: Y
.   0  overestim: 0.00, hoverestim: 1.00, assume dead: N
.   0  limit patterns: Y, lazy maximize: Y
.   0  nodes searched: total: 234121, top level: 222
.   0  mini: 61589, scan: 45759
.   0  AbortNodeCount: -1, TimeOut: 0 TimeOutType: VIRTUAL
.   0  TT hits: 39, TT collisions: 0 Req: 103, (37.864079)
 3 6 12 15 24 32 19 6 19 22 22 21 9 6 6 
.   0  run: sec: 5, usec: 178589, t: 5
.   0  Nodes per Second:    46824 (5 sec.)
.   0  AREA POS: #:  16 ( 28%) #n:  11061  nodes/search: 691
.   0  AREA NEG: #:  41 ( 71%) #n:  24046  nodes/search: 586
.   0  DL   POS: #:   0 (  0%) #n:      0  nodes/search:   0
.   0  DL   NEG: #:  29 (100%) #n:  26036  nodes/search: 897
.   0  PEN  POS: #:   0 (  0%) #n:      0  nodes/search:   0
.   0  PEN  NEG: #:  42 (100%) #n:  55423  nodes/search: 1319
.   0  DeadTested:     0, PenTested :     9, patterns: 209, removed: 54, killed: 0
.   0  
.   0  Threshold 363 (359)
.   0  tt: Y, dl_mg: Y, dl2_mg: Y
.   0  area_srch: Y dl_srch: Y pen_srch: Y
.   0  scan_srch: Y
.   0  node limit: 1000, minimize: Y
.   0  st_testd: Y, dl_db: 7, cut_goal: Y
.   0  xdist: Y, auto: Y, local: Y(1,9,7)
.   0  lb_mp: Y, lb_cf: Y, lb_dd: Y(0/1), mc_tu: Y, mc_gm: Y
.   0  overestim: 0.00, hoverestim: 1.00, assume dead: N
.   0  limit patterns: Y, lazy maximize: Y
.   0  nodes searched: total: 535621, top level: 887
.   0  mini: 86133, scan: 45759
.   0  AbortNodeCount: -1, TimeOut: 0 TimeOutType: VIRTUAL
.   0  TT hits: 109, TT collisions: 0 Req: 301, (36.212624)
 4 8 14 19 36 54 58 50 49 48 54 93 92 85 63 33 34 37 30 20 6 
.   0  run: sec: 15, usec: 575991, t: 16
.   0  Nodes per Second:    33476 (16 sec.)
.   0  AREA POS: #:  22 ( 14%) #n:  24654  nodes/search: 1120
.   0  AREA NEG: #: 134 ( 85%) #n:  34343  nodes/search: 256
.   0  DL   POS: #:   0 (  0%) #n:      0  nodes/search:   0
.   0  DL   NEG: #: 102 (100%) #n:  47581  nodes/search: 466
.   0  PEN  POS: #:   3 (  2%) #n:   6355  nodes/search: 2118
.   0  PEN  NEG: #: 132 ( 97%) #n:  89833  nodes/search: 680
.   0  DeadTested:     0, PenTested :    42, patterns: 323, removed: 69, killed: 0
.   0  
.   0  Threshold 365 (359)
.   0  tt: Y, dl_mg: Y, dl2_mg: Y
.   0  area_srch: Y dl_srch: Y pen_srch: Y
.   0  scan_srch: Y
.   0  node limit: 1000, minimize: Y
.   0  st_testd: Y, dl_db: 7, cut_goal: Y
.   0  xdist: Y, auto: Y, local: Y(1,9,7)
.   0  lb_mp: Y, lb_cf: Y, lb_dd: Y(0/1), mc_tu: Y, mc_gm: Y
.   0  overestim: 0.00, hoverestim: 1.00, assume dead: N
.   0  limit patterns: Y, lazy maximize: Y
.   0  nodes searched: total: 1800805, top level: 3295
.   0  mini: 336940, scan: 45759
.   0  AbortNodeCount: -1, TimeOut: 0 TimeOutType: VIRTUAL
.   0  TT hits: 535, TT collisions: 2 Req: 1171, (45.687447)
 5 10 16 23 48 79 119 145 152 134 120 222 295 335 300 231 241 263 260 185 85 27 
.   0  run: sec: 71, usec: 745236, t: 72
.   0  Nodes per Second:    25011 (72 sec.)
.   0  AREA POS: #:  36 (  8%) #n:  44635  nodes/search: 1239
.   0  AREA NEG: #: 390 ( 91%) #n:  86454  nodes/search: 221
.   0  DL   POS: #:   0 (  0%) #n:      0  nodes/search:   0
.   0  DL   NEG: #: 344 (100%) #n: 171457  nodes/search: 498
.   0  PEN  POS: #:  19 (  4%) #n:  68740  nodes/search: 3617
.   0  PEN  NEG: #: 422 ( 95%) #n: 428648  nodes/search: 1015
.   0  DeadTested:     0, PenTested :   102, patterns: 800, removed: 118, killed: 187
.   0  
.   0  Threshold 367 (359)
