PrintPriority: 2
Command:Maze screens/screen.88:
#############       
#00000000####       
#000####0#  #####   
#000#  ###      #   
#000            #   
#000#     #    ##   
#000# # #      #    
#0#0#          #    
#00 # ### #### #    
##  #          #    
 #  #       #  #    
 #  # ####     #    
 #  #    ###   #    
 #  #    # #####    
 #  #    #          
?#########          
.   0  YES MACRO, nodes: 10001 n: 3
Auto Set local cut parameter: 1,10, 10.
ScanSearch: h 336, nodes used: 0
ScanSearch: h 336, nodes used: 1212
ScanSearch: h 336, nodes used: 3074
ScanSearch: h 336, nodes used: 4122
ScanSearch: h 336, nodes used: 5321
ScanSearch: h 336, nodes used: 6421
ScanSearch: h 336, nodes used: 7496
ScanSearch: h 336, nodes used: 8563
ScanSearch: h 336, nodes used: 10440
ScanSearch: h 336, nodes used: 11656
ScanSearch: h 336, nodes used: 13221
ScanSearch: h 340, nodes used: 15381
ScanSearch: h 340, nodes used: 17154
ScanSearch: h 340, nodes used: 18204
ScanSearch: h 340, nodes used: 19371
ScanSearch: h 340, nodes used: 21025
ScanSearch: h 340, nodes used: 22851
ScanSearch: h 340, nodes used: 23925
ScanSearch: h 340, nodes used: 25049
ScanSearch: h 340, nodes used: 26140
ScanSearch: h 340, nodes used: 27307
ScanSearch: h 340, nodes used: 28426
ScanSearch: h 340, nodes used: 30709
ScanSearch: h: 336->340, nodes used: 31872
.   0  Threshold 340 (340)
.   0  tt: Y, dl_mg: Y, dl2_mg: Y
.   0  area_srch: Y dl_srch: Y pen_srch: Y
.   0  scan_srch: Y
.   0  node limit: 1000, minimize: Y
.   0  st_testd: Y, dl_db: 7, cut_goal: Y
.   0  xdist: Y, auto: Y, local: Y(1,10,10)
.   0  lb_mp: Y, lb_cf: Y, lb_dd: Y(0/1), mc_tu: Y, mc_gm: Y
.   0  overestim: 0.00, hoverestim: 1.00, assume dead: N
.   0  limit patterns: Y, lazy maximize: Y
.   0  nodes searched: total: 49674, top level: 34
.   0  mini: 3675, scan: 31872
.   0  AbortNodeCount: -1, TimeOut: 0 TimeOutType: VIRTUAL
.   0  TT hits: 1, TT collisions: 0 Req: 18, (5.555555)
 1 2 4 14 13 
.   0  run: sec: 7, usec: 616448, t: 8
.   0  Nodes per Second:     6209 (8 sec.)
.   0  AREA POS: #:   3 ( 30%) #n:     60  nodes/search:  20
.   0  AREA NEG: #:   7 ( 70%) #n:   1314  nodes/search: 187
.   0  DL   POS: #:   0 (  0%) #n:      0  nodes/search:   0
.   0  DL   NEG: #:   3 (100%) #n:   3000  nodes/search: 1000
.   0  PEN  POS: #:   3 ( 42%) #n:   4002  nodes/search: 1334
.   0  PEN  NEG: #:   4 ( 57%) #n:   4411  nodes/search: 1102
.   0  DeadTested:     0, PenTested :     0, patterns: 35, removed: 4, killed: 0
.   0  
.   0  Threshold 342 (342)
.   0  tt: Y, dl_mg: Y, dl2_mg: Y
.   0  area_srch: Y dl_srch: Y pen_srch: Y
.   0  scan_srch: Y
.   0  node limit: 1000, minimize: Y
.   0  st_testd: Y, dl_db: 7, cut_goal: Y
.   0  xdist: Y, auto: Y, local: Y(1,10,10)
.   0  lb_mp: Y, lb_cf: Y, lb_dd: Y(0/1), mc_tu: Y, mc_gm: Y
.   0  overestim: 0.00, hoverestim: 1.00, assume dead: N
.   0  limit patterns: Y, lazy maximize: Y
.   0  nodes searched: total: 72243, top level: 91
.   0  mini: 6658, scan: 31872
.   0  AbortNodeCount: -1, TimeOut: 0 TimeOutType: VIRTUAL
.   0  TT hits: 13, TT collisions: 0 Req: 37, (35.135136)
 2 4 11 31 39 4 
.   0  run: sec: 7, usec: 873761, t: 8
.   0  Nodes per Second:     9030 (8 sec.)
.   0  AREA POS: #:   5 ( 29%) #n:    170  nodes/search:  34
.   0  AREA NEG: #:  12 ( 70%) #n:   1487  nodes/search: 123
.   0  DL   POS: #:   0 (  0%) #n:      0  nodes/search:   0
.   0  DL   NEG: #:  10 (100%) #n:  10000  nodes/search: 1000
.   0  PEN  POS: #:   3 ( 23%) #n:   4002  nodes/search: 1334
.   0  PEN  NEG: #:  10 ( 76%) #n:  13420  nodes/search: 1342
.   0  DeadTested:     0, PenTested :     0, patterns: 43, removed: 5, killed: 0
.   0  
.   0  Threshold 344 (342)
.   0  tt: Y, dl_mg: Y, dl2_mg: Y
.   0  area_srch: Y dl_srch: Y pen_srch: Y
.   0  scan_srch: Y
.   0  node limit: 1000, minimize: Y
.   0  st_testd: Y, dl_db: 7, cut_goal: Y
.   0  xdist: Y, auto: Y, local: Y(1,10,10)
.   0  lb_mp: Y, lb_cf: Y, lb_dd: Y(0/1), mc_tu: Y, mc_gm: Y
.   0  overestim: 0.00, hoverestim: 1.00, assume dead: N
.   0  limit patterns: Y, lazy maximize: Y
.   0  nodes searched: total: 352080, top level: 756
.   0  mini: 12338, scan: 31872
.   0  AbortNodeCount: -1, TimeOut: 0 TimeOutType: VIRTUAL
.   0  TT hits: 153, TT collisions: 0 Req: 294, (52.040817)
 3 6 22 76 149 161 151 108 52 21 7 
.   0  run: sec: 11, usec: 931957, t: 12
.   0  Nodes per Second:    29340 (12 sec.)
.   0  AREA POS: #:   9 (  8%) #n:    212  nodes/search:  23
.   0  AREA NEG: #:  97 ( 91%) #n:   8715  nodes/search:  89
.   0  DL   POS: #:   0 (  0%) #n:      0  nodes/search:   0
.   0  DL   NEG: #: 103 (100%) #n: 103615  nodes/search: 1005
.   0  PEN  POS: #:   5 (  4%) #n:   6499  nodes/search: 1299
.   0  PEN  NEG: #: 104 ( 95%) #n: 110988  nodes/search: 1067
.   0  DeadTested:     0, PenTested :     0, patterns: 72, removed: 9, killed: 0
.   0  
.   0  Threshold 346 (342)
.   0  tt: Y, dl_mg: Y, dl2_mg: Y
.   0  area_srch: Y dl_srch: Y pen_srch: Y
.   0  scan_srch: Y
.   0  node limit: 1000, minimize: Y
.   0  st_testd: Y, dl_db: 7, cut_goal: Y
.   0  xdist: Y, auto: Y, local: Y(1,10,10)
.   0  lb_mp: Y, lb_cf: Y, lb_dd: Y(0/1), mc_tu: Y, mc_gm: Y
.   0  overestim: 0.00, hoverestim: 1.00, assume dead: N
.   0  limit patterns: Y, lazy maximize: Y
.   0  nodes searched: total: 1910754, top level: 4724
.   0  mini: 148521, scan: 31872
.   0  AbortNodeCount: -1, TimeOut: 0 TimeOutType: VIRTUAL
.   0  TT hits: 685, TT collisions: 1 Req: 1371, (49.963531)
 4 8 33 121 273 372 412 327 194 117 102 134 212 266 270 277 259 177 125 78 64 51 43 63 65 79 103 52 50 48 28 45 43 34 47 69 54 22 3 
.   0  run: sec: 50, usec: 10151, t: 50
.   0  Nodes per Second:    38215 (50 sec.)
.   0  AREA POS: #:  28 (  6%) #n:   6129  nodes/search: 218
.   0  AREA NEG: #: 423 ( 93%) #n:  98897  nodes/search: 233
.   0  DL   POS: #:   0 (  0%) #n:      0  nodes/search:   0
.   0  DL   NEG: #: 518 (100%) #n: 518615  nodes/search: 1001
.   0  PEN  POS: #:  25 (  4%) #n:  76336  nodes/search: 3053
.   0  PEN  NEG: #: 532 ( 95%) #n: 613248  nodes/search: 1152
.   0  DeadTested:     0, PenTested :     0, patterns: 315, removed: 39, killed: 0
.   0  
.   0  Threshold 348 (344)
.   0  tt: Y, dl_mg: Y, dl2_mg: Y
.   0  area_srch: Y dl_srch: Y pen_srch: Y
.   0  scan_srch: Y
.   0  node limit: 1000, minimize: Y
.   0  st_testd: Y, dl_db: 7, cut_goal: Y
.   0  xdist: Y, auto: Y, local: Y(1,10,10)
.   0  lb_mp: Y, lb_cf: Y, lb_dd: Y(0/1), mc_tu: Y, mc_gm: Y
.   0  overestim: 0.00, hoverestim: 1.00, assume dead: N
.   0  limit patterns: Y, lazy maximize: Y
.   0  nodes searched: total: 6454731, top level: 17534
.   0  mini: 357188, scan: 31872
.   0  AbortNodeCount: -1, TimeOut: 0 TimeOutType: VIRTUAL
.   0  TT hits: 2690, TT collisions: 10 Req: 4947, (54.376389)
 5 10 44 171 422 655 798 658 390 254 247 432 727 979 1116 1119 1132 1036 919 815 667 596 583 685 647 578 530 342 277 193 87 64 51 38 56 84 72 43 12 
.   0  run: sec: 234, usec: 228035, t: 234
.   0  Nodes per Second:    27584 (234 sec.)
.   0  AREA POS: #:  39 (  2%) #n:   9766  nodes/search: 250
.   0  AREA NEG: #: 1317 ( 97%) #n: 267570  nodes/search: 203
.   0  DL   POS: #:   0 (  0%) #n:      0  nodes/search:   0
.   0  DL   NEG: #: 1843 (100%) #n: 1844028  nodes/search: 1000
.   0  PEN  POS: #:  69 (  3%) #n: 204523  nodes/search: 2964
.   0  PEN  NEG: #: 1854 ( 96%) #n: 2041435  nodes/search: 1101
.   0  DeadTested:     0, PenTested :     0, patterns: 615, removed: 81, killed: 0
.   0  
.   0  Threshold 350 (346)
