PrintPriority: 2
Command:Maze screens/screen.87:
    #####           
 ####   ## #####    
 #       ###   #    
 #             #    
 # # ######## ##    
 # #     #     #    
 # #     # #   #    
## #   # # #####    
#  ##    #  000#    
#      # ###000#    
##### ##  #0000#    
#        000000#    
#         #0000#    
################    
                    
.   0  NO MACRO, nodes: 173 n: 1 -> restart:
.   0  YES MACRO, nodes: 7 n: 1
Auto Set local cut parameter: 1,9, 7.
ScanSearch: h 221, nodes used: 0
ScanSearch: h 223, nodes used: 2311
ScanSearch: h 225, nodes used: 7784
ScanSearch: h 225, nodes used: 9223
ScanSearch: h 225, nodes used: 10616
ScanSearch: h 225, nodes used: 12666
ScanSearch: h 225, nodes used: 14091
ScanSearch: h 225, nodes used: 15988
ScanSearch: h 225, nodes used: 16458
ScanSearch: h 225, nodes used: 16972
ScanSearch: h 225, nodes used: 17486
ScanSearch: h 225, nodes used: 18933
ScanSearch: h: 221->225, nodes used: 20374
.   0  Threshold 225 (225)
.   0  tt: Y, dl_mg: Y, dl2_mg: Y
.   0  area_srch: Y dl_srch: Y pen_srch: Y
.   0  scan_srch: Y
.   0  node limit: 1000, minimize: Y
.   0  st_testd: Y, dl_db: 7, cut_goal: Y
.   0  xdist: Y, auto: Y, local: Y(1,9,7)
.   0  lb_mp: Y, lb_cf: Y, lb_dd: Y(0/1), mc_tu: Y, mc_gm: Y
.   0  overestim: 0.00, hoverestim: 1.00, assume dead: N
.   0  limit patterns: Y, lazy maximize: Y
.   0  nodes searched: total: 85582, top level: 81
.   0  mini: 18097, scan: 20374
.   0  AbortNodeCount: -1, TimeOut: 0 TimeOutType: VIRTUAL
.   0  TT hits: 9, TT collisions: 0 Req: 49, (18.367348)
 1 2 5 6 9 9 13 7 5 5 10 9 
.   0  run: sec: 2, usec: 36634, t: 2
.   0  Nodes per Second:    42791 (2 sec.)
.   0  AREA POS: #:   4 ( 11%) #n:   2166  nodes/search: 541
.   0  AREA NEG: #:  32 ( 88%) #n:   2505  nodes/search:  78
.   0  DL   POS: #:   0 (  0%) #n:      0  nodes/search:   0
.   0  DL   NEG: #:  20 (100%) #n:   9362  nodes/search: 468
.   0  PEN  POS: #:  10 ( 30%) #n:  10355  nodes/search: 1035
.   0  PEN  NEG: #:  23 ( 69%) #n:  20790  nodes/search: 903
.   0  DeadTested:     0, PenTested :     0, patterns: 88, removed: 13, killed: 0
.   0  
.   0  Threshold 227 (225)
.   0  tt: Y, dl_mg: Y, dl2_mg: Y
.   0  area_srch: Y dl_srch: Y pen_srch: Y
.   0  scan_srch: Y
.   0  node limit: 1000, minimize: Y
.   0  st_testd: Y, dl_db: 7, cut_goal: Y
.   0  xdist: Y, auto: Y, local: Y(1,9,7)
.   0  lb_mp: Y, lb_cf: Y, lb_dd: Y(4988/4), mc_tu: Y, mc_gm: Y
.   0  overestim: 0.00, hoverestim: 1.00, assume dead: N
.   0  limit patterns: Y, lazy maximize: Y
.   0  nodes searched: total: 3557664, top level: 201358
.   0  mini: 42479, scan: 20374
.   0  AbortNodeCount: -1, TimeOut: 0 TimeOutType: VIRTUAL
.   0  TT hits: 38072, TT collisions: 11748 Req: 81503, (46.712391)
 2 4 10 18 32 46 67 82 104 114 124 110 88 66 54 46 41 32 24 20 16 16 16 16 16 16 16 16 16 16 16 16 16 16 16 16 16 15 14 12 10 8 7 6 5 4 3 3 7 14 17 12 10 18 37 31 31 49 69 89 105 120 147 177 210 241 279 369 499 648 845 1090 1337 1533 1675 1814 1930 2040 2170 2481 2915 3366 3885 4481 5105 5661 6125 6533 6745 6774 6517 6018 5533 5291 5266 5420 5613 6033 6465 6607 6712 6813 6784 6887 6755 6196 5406 4507 3594 2696 1946 1552 1551 1666 1634 1488 1224 899 578 322 166 70 20 2 
.   0  run: sec: 120, usec: 975008, t: 121
.   0  Nodes per Second:    29402 (121 sec.)
.   0  AREA POS: #:  33 (  0%) #n:  12926  nodes/search: 391
.   0  AREA NEG: #: 14756 ( 99%) #n: 614936  nodes/search:  41
.   0  DL   POS: #:   0 (  0%) #n:      0  nodes/search:   0
.   0  DL   NEG: #: 9110 (100%) #n: 238682  nodes/search:  26
.   0  PEN  POS: #:  91 (  0%) #n:  68767  nodes/search: 755
.   0  PEN  NEG: #: 16199 ( 99%) #n: 949702  nodes/search:  58
.   0  DeadTested:     0, PenTested :  2757, patterns: 332, removed: 22, killed: 0
.   0  
.   0  Threshold 229 (225)
