PrintPriority: 2
Command:Maze screens/screen.4:
           ######## 
           #000000# 
############000000# 
#    #     0000000# 
#    #     #000000# 
#          #000000# 
#    #     ######## 
#    #     #        
## #########        
#    #    ##        
#         ##        
#    #     #        
#    #    ##        
###########         
                    
.   0  YES MACRO, nodes: 21 n: 1
Auto Set local cut parameter: 1,10, 11.
ScanSearch: h 355, nodes used: 0
ScanSearch: h 355, nodes used: 2113
ScanSearch: h 355, nodes used: 3761
ScanSearch: h 355, nodes used: 5704
ScanSearch: h 355, nodes used: 7471
ScanSearch: h 355, nodes used: 9123
ScanSearch: h 355, nodes used: 11207
ScanSearch: h 355, nodes used: 13132
ScanSearch: h 355, nodes used: 14798
ScanSearch: h 355, nodes used: 16523
ScanSearch: h 355, nodes used: 18201
ScanSearch: h 355, nodes used: 19882
ScanSearch: h 355, nodes used: 21882
ScanSearch: h 355, nodes used: 24214
ScanSearch: h 355, nodes used: 26206
ScanSearch: h 355, nodes used: 27887
ScanSearch: h 355, nodes used: 29520
ScanSearch: h 355, nodes used: 31176
ScanSearch: h 355, nodes used: 32934
ScanSearch: h 355, nodes used: 35846
ScanSearch: h: 355->355, nodes used: 38397
.   0  Threshold 355 (355)
.   0  tt: Y, dl_mg: Y, dl2_mg: Y
.   0  area_srch: Y dl_srch: Y pen_srch: Y
.   0  scan_srch: Y
.   0  node limit: 1000, minimize: Y
.   0  st_testd: Y, dl_db: 7, cut_goal: Y
.   0  xdist: Y, auto: Y, local: Y(1,10,11)
.   0  lb_mp: Y, lb_cf: Y, lb_dd: Y(0/1), mc_tu: Y, mc_gm: Y
.   0  overestim: 0.00, hoverestim: 1.00, assume dead: N
.   0  limit patterns: Y, lazy maximize: Y
.   0  nodes searched: total: 46975, top level: 193
.   0  mini: 247, scan: 38397
.   0  AbortNodeCount: -1, TimeOut: 0 TimeOutType: VIRTUAL
.   0  TT hits: 1, TT collisions: 0 Req: 187, (0.534759)
 1 1 1 3 1 1 1 1 1 1 1 1 1 1 1 1 1 1 1 1 1 1 1 1 1 1 1 1 1 1 1 1 1 1 1 1 1 1 1 1 1 1 1 1 1 1 1 1 1 1 1 1 1 1 1 1 1 1 1 1 1 1 1 1 1 1 1 1 1 2 1 1 1 1 1 1 1 1 1 2 1 1 1 1 1 1 1 1 1 2 1 1 1 1 1 1 1 1 1 1 1 2 1 1 1 1 1 1 1 1 1 1 1 1 1 2 1 1 1 1 1 1 1 1 1 1 1 1 1 1 1 1 1 1 1 1 1 1 1 1 1 1 1 1 1 1 1 1 1 1 1 1 1 1 1 1 1 1 1 1 1 1 1 1 1 1 1 1 1 1 1 1 1 1 1 1 1 1 1 1 1 1 1 1 1 1 
.   0  run: sec: 1, usec: 12486, t: 1
.   0  Nodes per Second:    46975 (1 sec.)
.   0  AREA POS: #:   1 (  1%) #n:    164  nodes/search: 164
.   0  AREA NEG: #:  54 ( 98%) #n:   1062  nodes/search:  19
.   0  DL   POS: #:   0 (  0%) #n:      0  nodes/search:   0
.   0  DL   NEG: #:  54 (100%) #n:   1883  nodes/search:  34
.   0  PEN  POS: #:   0 (  0%) #n:      0  nodes/search:   0
.   0  PEN  NEG: #:  16 (100%) #n:   1569  nodes/search:  98
.   0  DeadTested:     0, PenTested :    15, patterns: 18, removed: 1, killed: 0
.   0  
Path:  Gk-Dk*-Ck Df-Ef-Hf*-If Je-Ke Kd-Rb* Id-Jd-Kd-Rf* Jf-Je-Jd-Kd-Qb* Ke-Kd-Rc* Kg-Kf-Ke-Kd-Re* If-Jf-Je-Jd-Kd-Qf* Ig-If-Ie-Id-Jd-Kd-Pb* Ee-Ef-Hf*-If-Jf-Kf-Ke-Kd-Qc* De-Df-Ef-Hf*-If-Jf-Kf-Ke-Kd-Rd* Ce-Cf-Df-Ef-Hf*-If-Ie-Id-Jd-Kd-Qe* Cg-Cf-Df-Ef-Hf*-If-Ie-Id-Jd-Kd-Pf* Gg-Gf-Df*-Ef-Hf*-If-Jf-Kf-Ke-Kd-Ob* Ge-Gf-Df*-Ef-Hf*-If-Jf-Kf-Ke-Kd-Pc* Ck-Cj-Cg*-Cf-Df-Ef-Hf*-He-Hd-Id-Jd-Kd-Qd* Dl-Dk-Ck-Cj-Cg*-Cf-Df-Ef-Hf*-He-Hd-Id-Jd-Kd-Pe* Dh-Ch-Ck*-Cj-Cg*-Cf-Df-Ef-Hf*-If-Ie-Id-Jd-Kd-Of* Dg-Eg-Ef-Hf*-If-Jf-Kf-Ke-Kd-Oc* Gl-Gk-Dk*-Dj-Cj-Cg*-Dg-Df-Ef-Hf*-He-Hd-Id-Jd-Kd-Pd* Hl-Gl-Gk-Dk*-Ck-Cj-Cg*-Cf-Df-Ef-Hf*-If-Jf-Kf-Ke-Kd-Oe* El-Ek-Hk*-Gk-Dk*-Ck-Cj-Cg*-Cf-Df-Ef-Hf*-He-Hd-Id-Jd-Kd-Od*
(moves: 355 depth: 185)
Moves: 927, Pushes: 355, Treedepth: 185
Total number of calling MarkReach(): 67609
Total number of cycles for MarkReach(): 510754223
Average number of cycles per call: 7554.530063
Total number of while loop for MarkReach(): 4083163
Average number of cycles per loop: 125.087885
Total number of calling Moves(): 32458
Total number of cycles for Moves(): 596962197
Average number of cycles per call: 18391.835511
Total number of while loop for Moves(): 2911941
Average number of cycles per loop: 205.004908
Command:
real	0m1.038s
user	0m1.024s
sys	0m0.015s
