PrintPriority: 2
Command:Maze screens/screen.76:
####################
# # # #   # ##   # #
#                  #
#  ## # #####   # ##
##    ##00000#  #  #
## ## #00000### #  #
#   # ##00000#  # ##
#       ##00##  #  #
#   #              #
##     # #  #      #
#   ##   #  #      #
####################
                    
.   0  YES MACRO, nodes: 172 n: 2
Auto Set local cut parameter: 1,9, 9.
ScanSearch: h 194, nodes used: 0
ScanSearch: h 194, nodes used: 1221
ScanSearch: h 194, nodes used: 2299
ScanSearch: h 194, nodes used: 3425
ScanSearch: h 194, nodes used: 4558
ScanSearch: h 194, nodes used: 6516
ScanSearch: h 194, nodes used: 7639
ScanSearch: h 200, nodes used: 11306
ScanSearch: h 200, nodes used: 13456
ScanSearch: h 200, nodes used: 14611
ScanSearch: h 200, nodes used: 16389
ScanSearch: h 200, nodes used: 17488
ScanSearch: h 200, nodes used: 18593
ScanSearch: h 200, nodes used: 20203
ScanSearch: h 200, nodes used: 22339
ScanSearch: h 200, nodes used: 23445
ScanSearch: h 200, nodes used: 24697
ScanSearch: h: 194->200, nodes used: 25835
.   0  Threshold 200 (200)
.   0  tt: Y, dl_mg: Y, dl2_mg: Y
.   0  area_srch: Y dl_srch: Y pen_srch: Y
.   0  scan_srch: Y
.   0  node limit: 1000, minimize: Y
.   0  st_testd: Y, dl_db: 7, cut_goal: Y
.   0  xdist: Y, auto: Y, local: Y(1,9,9)
.   0  lb_mp: Y, lb_cf: Y, lb_dd: Y(0/1), mc_tu: Y, mc_gm: Y
.   0  overestim: 0.00, hoverestim: 1.00, assume dead: N
.   0  limit patterns: Y, lazy maximize: Y
.   0  nodes searched: total: 213171, top level: 305
.   0  mini: 33895, scan: 25835
.   0  AbortNodeCount: -1, TimeOut: 0 TimeOutType: VIRTUAL
.   0  TT hits: 29, TT collisions: 0 Req: 90, (32.222221)
 1 5 11 20 31 48 48 33 25 23 23 16 14 7 
.   0  run: sec: 3, usec: 548631, t: 4
.   0  Nodes per Second:    53293 (4 sec.)
.   0  AREA POS: #:   2 (  4%) #n:    688  nodes/search: 344
.   0  AREA NEG: #:  44 ( 95%) #n:   2375  nodes/search:  53
.   0  DL   POS: #:   0 (  0%) #n:      0  nodes/search:   0
.   0  DL   NEG: #:  45 (100%) #n:  39091  nodes/search: 868
.   0  PEN  POS: #:   3 (  6%) #n:   6425  nodes/search: 2141
.   0  PEN  NEG: #:  47 ( 94%) #n:  69811  nodes/search: 1485
.   0  DeadTested:     0, PenTested :     0, patterns: 69, removed: 13, killed: 0
.   0  
.   0  Threshold 202 (200)
.   0  tt: Y, dl_mg: Y, dl2_mg: Y
.   0  area_srch: Y dl_srch: Y pen_srch: Y
.   0  scan_srch: Y
.   0  node limit: 1000, minimize: Y
.   0  st_testd: Y, dl_db: 7, cut_goal: Y
.   0  xdist: Y, auto: Y, local: Y(1,9,9)
.   0  lb_mp: Y, lb_cf: Y, lb_dd: Y(0/1), mc_tu: Y, mc_gm: Y
.   0  overestim: 0.00, hoverestim: 1.00, assume dead: N
.   0  limit patterns: Y, lazy maximize: Y
.   0  nodes searched: total: 869723, top level: 2275
.   0  mini: 120196, scan: 25835
.   0  AbortNodeCount: -1, TimeOut: 0 TimeOutType: VIRTUAL
.   0  TT hits: 249, TT collisions: 0 Req: 650, (38.307693)
 2 10 28 47 91 135 170 160 136 127 130 117 93 66 39 22 16 29 39 45 65 82 92 102 112 106 85 61 36 21 11 
.   0  run: sec: 17, usec: 514822, t: 18
.   0  Nodes per Second:    48318 (18 sec.)
.   0  AREA POS: #:   6 (  2%) #n:    791  nodes/search: 131
.   0  AREA NEG: #: 265 ( 97%) #n:  25994  nodes/search:  98
.   0  DL   POS: #:   0 (  0%) #n:      0  nodes/search:   0
.   0  DL   NEG: #: 261 (100%) #n: 175887  nodes/search: 673
.   0  PEN  POS: #:  20 (  6%) #n:  33951  nodes/search: 1697
.   0  PEN  NEG: #: 280 ( 93%) #n: 306711  nodes/search: 1095
.   0  DeadTested:     0, PenTested :     1, patterns: 320, removed: 52, killed: 0
.   0  
.   0  Threshold 204 (200)
.   0  tt: Y, dl_mg: Y, dl2_mg: Y
.   0  area_srch: Y dl_srch: Y pen_srch: Y
.   0  scan_srch: Y
.   0  node limit: 1000, minimize: Y
.   0  st_testd: Y, dl_db: 7, cut_goal: Y
.   0  xdist: Y, auto: Y, local: Y(1,9,9)
.   0  lb_mp: Y, lb_cf: Y, lb_dd: Y(0/3), mc_tu: Y, mc_gm: Y
.   0  overestim: 0.00, hoverestim: 1.00, assume dead: N
.   0  limit patterns: Y, lazy maximize: Y
.   0  nodes searched: total: 4871483, top level: 93444
.   0  mini: 269812, scan: 25835
.   0  AbortNodeCount: -1, TimeOut: 0 TimeOutType: VIRTUAL
.   0  TT hits: 16685, TT collisions: 1523 Req: 33307, (50.094574)
 3 12 35 64 117 176 222 237 206 201 240 225 205 164 109 66 43 58 89 107 165 230 262 275 309 288 222 147 72 22 14 8 8 4 11 9 9 7 6 5 5 10 2 1 1 1 1 1 1 1 1 1 1 1 1 1 1 1 1 1 1 1 2 1 1 1 1 1 1 2 12 32 71 157 306 546 890 1359 2124 3039 3903 4824 5841 6667 7037 7154 7773 8414 7625 6272 4767 3412 2258 1328 732 364 164 58 16 6 3 2 10 18 18 30 51 67 88 83 84 78 61 41 23 15 15 31 52 71 75 77 64 48 37 26 16 16 29 44 60 61 54 45 36 24 12 7 3 1 1 1 1 1 1 1 1 1 1 1 1 1 1 1 1 1 1 1 1 
.   0  run: sec: 200, usec: 536808, t: 201
.   0  Nodes per Second:    24236 (201 sec.)
.   0  AREA POS: #:   8 (  0%) #n:   2841  nodes/search: 355
.   0  AREA NEG: #: 6409 ( 99%) #n: 242448  nodes/search:  37
.   0  DL   POS: #:   0 (  0%) #n:      0  nodes/search:   0
.   0  DL   NEG: #: 2198 (100%) #n: 414642  nodes/search: 188
.   0  PEN  POS: #:  49 (  0%) #n: 116920  nodes/search: 2386
.   0  PEN  NEG: #: 7502 ( 99%) #n: 1087670  nodes/search: 144
.   0  DeadTested:     0, PenTested :  1972, patterns: 678, removed: 127, killed: 0
.   0  
Path:  Ff-Fh*-Fi Ii-Ji-Ki Gj-Gi Cf-Cg-Ch Ci-Di Dj-Ej-Fj-Gj Fi-Fj Ki-Li-Me* Mi-Ni-Oi Pj-Oj-Nj Pi-Ph Oi-Ni-Mi-Li-Ki-Ie* Nj-Ni-Mi-Li-Ki-Hf* Od-Pd Oc-Pc Rf-Rg Ri-Rj-Qj-Pj-Oj Qi-Pi-Oi Rg-Rh-Ri-Qi Oi-Ni-Mi-Li-Le* Gi-Hi-Ii-Ji-Ki-Je* Oj-Oi-Ni-Mi-Li-Mg* Gj-Gi-Hi-Ii-Ji-Ki-If* Qi-Pi-Oi-Ni-Mi-Li Ph-Pi-Oi Fj-Gj-Gi-Hi Fd-Fe-Ff-Fh*-Fi-Fj Li-Ki-Ke* Hi-Ii-Ji-Ki-Ig* Oi-Ni-Mi-Li Fj-Gj-Gi Ch-Ci Dh-Eh-Fh-Fi Di-Dj Ci-Di Pf-Pg-Ph-Pi-Oi Pc-Oc-Od Pd-Pe-Pf-Pg-Ph Od-Pd-Pe-Pf Li-Ki-Jf* Oi-Ni-Mi-Li-Lf* Ph-Pi-Oi Pf-Pg-Ph Dj-Ej-Fj-Gj Fi-Fj Gi-Hi-Ii-Ji-Ki-Kf* Gj-Gi-Hi-Ii-Ji-Ki-Jg* Oi-Ni-Mi-Li-Lg* Ph-Pi-Oi-Ni-Mi-Li-Lh Fj-Gj-Gi-Hi-Ii-Ji-Ki-Kg* Di-Dj-Ej-Fj-Gj-Gi-Hi-Ii-Ji-Ki-Kh
(moves: 204 depth: 158)
Moves: 1396, Pushes: 204, Treedepth: 158
Command: