PrintPriority: 2
Command:Maze screens/screen.56:
####################
#  #  ##    #    ###
##         #  ###  #
## #   ## #        #
#    #         00###
# ##     ###  #0000#
# #  # # # # #0000##
#        #  #0000###
##  ###    #0000####
#  #       000######
#      # #  00######
####################
                    
.   0  YES MACRO, nodes: 324 n: 2
Auto Set local cut parameter: 1,10, 8.
ScanSearch: h 193, nodes used: 0
ScanSearch: h 203, nodes used: 2520
ScanSearch: h 203, nodes used: 3056
ScanSearch: h 203, nodes used: 4768
ScanSearch: h 203, nodes used: 8166
ScanSearch: h 203, nodes used: 10072
ScanSearch: h 203, nodes used: 10259
ScanSearch: h 203, nodes used: 10444
ScanSearch: h 203, nodes used: 11928
ScanSearch: h 203, nodes used: 12116
ScanSearch: h 203, nodes used: 12367
ScanSearch: h 203, nodes used: 14249
ScanSearch: h 203, nodes used: 15776
ScanSearch: h 203, nodes used: 16000
ScanSearch: h 203, nodes used: 18396
ScanSearch: h 203, nodes used: 18586
ScanSearch: h: 193->203, nodes used: 19132
.   0  Threshold 203 (203)
.   0  tt: Y, dl_mg: Y, dl2_mg: Y
.   0  area_srch: Y dl_srch: Y pen_srch: Y
.   0  scan_srch: Y
.   0  node limit: 1000, minimize: Y
.   0  st_testd: Y, dl_db: 7, cut_goal: Y
.   0  xdist: Y, auto: Y, local: Y(1,10,8)
.   0  lb_mp: Y, lb_cf: Y, lb_dd: Y(0/4), mc_tu: Y, mc_gm: Y
.   0  overestim: 0.00, hoverestim: 1.00, assume dead: N
.   0  limit patterns: Y, lazy maximize: Y
.   0  nodes searched: total: 56482, top level: 156
.   0  mini: 5483, scan: 19132
.   0  AbortNodeCount: -1, TimeOut: 0 TimeOutType: VIRTUAL
.   0  TT hits: 5, TT collisions: 0 Req: 122, (4.098361)
 1 1 2 1 1 1 1 1 1 1 1 1 1 1 1 1 1 1 1 1 1 1 2 1 3 1 1 1 1 4 20 3 2 2 3 2 2 2 4 1 1 1 1 1 1 1 1 5 5 7 8 9 5 5 5 5 4 3 2 1 1 1 1 1 1 2 
.   0  run: sec: 1, usec: 376584, t: 1
.   0  Nodes per Second:    56482 (1 sec.)
.   0  AREA POS: #:   2 (  4%) #n:    132  nodes/search:  66
.   0  AREA NEG: #:  48 ( 96%) #n:   4721  nodes/search:  98
.   0  DL   POS: #:   0 (  0%) #n:      0  nodes/search:   0
.   0  DL   NEG: #:  35 (100%) #n:   6301  nodes/search: 180
.   0  PEN  POS: #:   2 (  8%) #n:   4050  nodes/search: 2025
.   0  PEN  NEG: #:  23 ( 92%) #n:   9820  nodes/search: 426
.   0  DeadTested:     0, PenTested :    24, patterns: 50, removed: 9, killed: 0
.   0  
.   0  Threshold 205 (207)
.   0  tt: Y, dl_mg: Y, dl2_mg: Y
.   0  area_srch: Y dl_srch: Y pen_srch: Y
.   0  scan_srch: Y
.   0  node limit: 1000, minimize: Y
.   0  st_testd: Y, dl_db: 7, cut_goal: Y
.   0  xdist: Y, auto: Y, local: Y(1,10,8)
.   0  lb_mp: Y, lb_cf: Y, lb_dd: Y(0/4), mc_tu: Y, mc_gm: Y
.   0  overestim: 0.00, hoverestim: 1.00, assume dead: N
.   0  limit patterns: Y, lazy maximize: Y
.   0  nodes searched: total: 56483, top level: 157
.   0  mini: 5483, scan: 19132
.   0  AbortNodeCount: -1, TimeOut: 0 TimeOutType: VIRTUAL
.   0  TT hits: 5, TT collisions: 0 Req: 122, (4.098361)
 2 1 2 1 1 1 1 1 1 1 1 1 1 1 1 1 1 1 1 1 1 1 2 1 3 1 1 1 1 4 20 3 2 2 3 2 2 2 4 1 1 1 1 1 1 1 1 5 5 7 8 9 5 5 5 5 4 3 2 1 1 1 1 1 1 2 
.   0  run: sec: 1, usec: 376592, t: 1
.   0  Nodes per Second:    56483 (1 sec.)
.   0  AREA POS: #:   2 (  4%) #n:    132  nodes/search:  66
.   0  AREA NEG: #:  48 ( 96%) #n:   4721  nodes/search:  98
.   0  DL   POS: #:   0 (  0%) #n:      0  nodes/search:   0
.   0  DL   NEG: #:  35 (100%) #n:   6301  nodes/search: 180
.   0  PEN  POS: #:   2 (  8%) #n:   4050  nodes/search: 2025
.   0  PEN  NEG: #:  23 ( 92%) #n:   9820  nodes/search: 426
.   0  DeadTested:     0, PenTested :    24, patterns: 50, removed: 9, killed: 0
.   0  
.   0  Threshold 207 (207)
.   0  tt: Y, dl_mg: Y, dl2_mg: Y
.   0  area_srch: Y dl_srch: Y pen_srch: Y
.   0  scan_srch: Y
.   0  node limit: 1000, minimize: Y
.   0  st_testd: Y, dl_db: 7, cut_goal: Y
.   0  xdist: Y, auto: Y, local: Y(1,10,8)
.   0  lb_mp: Y, lb_cf: Y, lb_dd: Y(3/4), mc_tu: Y, mc_gm: Y
.   0  overestim: 0.00, hoverestim: 1.00, assume dead: N
.   0  limit patterns: Y, lazy maximize: Y
.   0  nodes searched: total: 64617, top level: 389
.   0  mini: 6011, scan: 19132
.   0  AbortNodeCount: -1, TimeOut: 0 TimeOutType: VIRTUAL
.   0  TT hits: 59, TT collisions: 0 Req: 291, (20.274914)
 3 2 4 2 2 2 2 2 2 2 2 2 2 2 2 2 2 2 2 2 2 2 4 2 6 2 2 2 2 7 21 5 3 3 5 3 3 3 5 2 2 2 2 2 2 2 2 7 6 8 9 13 7 6 6 7 9 4 3 2 2 2 2 2 3 9 5 5 5 1 1 1 1 1 1 1 1 1 1 1 1 1 3 2 5 5 4 4 1 1 1 1 1 5 5 4 4 1 1 1 1 2 2 1 2 1 1 1 1 1 1 1 1 1 1 1 1 1 1 1 1 1 1 1 1 1 1 3 1 1 1 1 1 1 1 1 1 1 1 1 1 1 2 2 1 1 1 1 1 1 1 1 1 1 1 1 1 
.   0  run: sec: 1, usec: 562183, t: 2
.   0  Nodes per Second:    32308 (2 sec.)
.   0  AREA POS: #:   3 (  3%) #n:    187  nodes/search:  62
.   0  AREA NEG: #:  88 ( 96%) #n:   5622  nodes/search:  63
.   0  DL   POS: #:   0 (  0%) #n:      0  nodes/search:   0
.   0  DL   NEG: #:  80 (100%) #n:   7130  nodes/search:  89
.   0  PEN  POS: #:   3 (  6%) #n:   4557  nodes/search: 1519
.   0  PEN  NEG: #:  44 ( 93%) #n:  11877  nodes/search: 269
.   0  DeadTested:     0, PenTested :    45, patterns: 63, removed: 10, killed: 0
.   0  
Path:  Nc-Nd Md-Me-Ne-Oe-Sf* Nd-Ne-Oe-Rg* Od-Nd-Ne-Oe-Rf* Ji-Ii Fj-Gj-Hj-Ij-Jj-Kj-Nh* Ci-Ch Ii-Hi Hh-Ih-Ii Ke-Le-Me-Ne-Oe-Og* Fh-Gh-Hh Ii-Ij-Jj-Kj-Pi* Hh-Ih-Ii-Ij-Jj-Kj-Oi* Hi-Hj-Ij-Jj-Kj-Mi* Hf-If Eg-Eh-Fh-Gh-Hh Ee-Ed Ch-Dh-Eh-Fh If-Ig Ed-Ec Fd-Gd Gc-Hc-Ic-Jc Gd-Ge-Gf-Hf Ig-If-Ie-Je-Ke-Le-Me-Ne-Oe-Oh* Hh-Ih-Ii-Ij-Jj-Kj-Ni* Fh-Gh-Hh-Ih-Ig-If-Ie-Je-Ke-Le-Me-Ne-Oe-Ph* Hf-If-Ie-Je-Ke-Le-Me-Ne-Oe-Pg* Ec-Ed Cd-Ce-De Jc-Ic Jd-Je Ic-Hc-Gc-Fc-Gc-Hc-Ic-Jc-Jd Je-Ke-Le-Me-Ne-Oe-Pf* Jd-Je-Ke-Le-Me-Ne-Oe-Qh* Ed-Ec-Fc-Gc-Hc-Ic-Jc-Jd-Je-Ke-Le-Me-Ne-Oe-Qg* De-Ee-Ed-Ec-Fc-Gc-Hc-Ic-Jc-Jd-Je-Ke-Le-Me-Ne-Oe-Qf*
(moves: 207 depth: 156)
Moves: 801, Pushes: 207, Treedepth: 156
Total number of calling MarkReach(): 40130
Total number of cycles for MarkReach(): 509909859
Average number of cycles per call: 12706.450511
Total number of while loop for MarkReach(): 4271893
Average number of cycles per loop: 119.363912
Total number of calling Moves(): 28630
Total number of cycles for Moves(): 581224072
Average number of cycles per call: 20301.225009
Total number of while loop for Moves(): 3242992
Average number of cycles per loop: 179.224639
Command:
real	0m1.593s
user	0m1.573s
sys	0m0.019s
