PrintPriority: 2
Command:Maze screens/screen.26:
 #######            
 #  #  #####        
##  #  #000###      
#   #  #00000#      
#   #  000000#      
#   #  #00000#      
#   #  ########     
##            #     
##  #     #   #     
 ######  ##   #     
      #      ##     
      ########      
                    
.   0  YES MACRO, nodes: 206 n: 1
Auto Set local cut parameter: 1,8, 7.
ScanSearch: h 163, nodes used: 0
ScanSearch: h 165, nodes used: 2366
ScanSearch: h 165, nodes used: 3547
ScanSearch: h 165, nodes used: 5881
ScanSearch: h 169, nodes used: 10407
ScanSearch: h 171, nodes used: 13730
ScanSearch: h 171, nodes used: 16290
ScanSearch: h 171, nodes used: 17903
ScanSearch: h 173, nodes used: 20086
ScanSearch: h 173, nodes used: 21273
ScanSearch: h 175, nodes used: 23314
ScanSearch: h 175, nodes used: 24501
ScanSearch: h 177, nodes used: 26210
ScanSearch: h: 163->177, nodes used: 27391
.   0  Threshold 177 (177)
.   0  tt: Y, dl_mg: Y, dl2_mg: Y
.   0  area_srch: Y dl_srch: Y pen_srch: Y
.   0  scan_srch: Y
.   0  node limit: 1000, minimize: Y
.   0  st_testd: Y, dl_db: 7, cut_goal: Y
.   0  xdist: Y, auto: Y, local: Y(1,8,7)
.   0  lb_mp: Y, lb_cf: Y, lb_dd: Y(0/1), mc_tu: Y, mc_gm: Y
.   0  overestim: 0.00, hoverestim: 1.00, assume dead: N
.   0  limit patterns: Y, lazy maximize: Y
.   0  nodes searched: total: 62868, top level: 14
.   0  mini: 23567, scan: 27391
.   0  AbortNodeCount: -1, TimeOut: 0 TimeOutType: VIRTUAL
.   0  TT hits: 1, TT collisions: 0 Req: 13, (7.692307)
 1 1 1 1 3 4 3 
.   0  run: sec: 0, usec: 917104, t: 1
.   0  Nodes per Second:    62868 (1 sec.)
.   0  AREA POS: #:   1 (  9%) #n:     20  nodes/search:  20
.   0  AREA NEG: #:  10 ( 90%) #n:   5338  nodes/search: 533
.   0  DL   POS: #:   1 ( 16%) #n:   1292  nodes/search: 1292
.   0  DL   NEG: #:   5 ( 83%) #n:   5000  nodes/search: 1000
.   0  PEN  POS: #:   0 (  0%) #n:      0  nodes/search:   0
.   0  PEN  NEG: #:   9 (100%) #n:  17137  nodes/search: 1904
.   0  DeadTested:     0, PenTested :     0, patterns: 111, removed: 23, killed: 0
.   0  
.   0  Threshold 179 (179)
.   0  tt: Y, dl_mg: Y, dl2_mg: Y
.   0  area_srch: Y dl_srch: Y pen_srch: Y
.   0  scan_srch: Y
.   0  node limit: 1000, minimize: Y
.   0  st_testd: Y, dl_db: 7, cut_goal: Y
.   0  xdist: Y, auto: Y, local: Y(1,8,7)
.   0  lb_mp: Y, lb_cf: Y, lb_dd: Y(0/1), mc_tu: Y, mc_gm: Y
.   0  overestim: 0.00, hoverestim: 1.00, assume dead: N
.   0  limit patterns: Y, lazy maximize: Y
.   0  nodes searched: total: 65617, top level: 34
.   0  mini: 24095, scan: 27391
.   0  AbortNodeCount: -1, TimeOut: 0 TimeOutType: VIRTUAL
.   0  TT hits: 9, TT collisions: 0 Req: 24, (37.500000)
 2 2 3 3 6 11 7 
.   0  run: sec: 0, usec: 947523, t: 1
.   0  Nodes per Second:    65617 (1 sec.)
.   0  AREA POS: #:   3 ( 21%) #n:     47  nodes/search:  15
.   0  AREA NEG: #:  11 ( 78%) #n:   6833  nodes/search: 621
.   0  DL   POS: #:   1 ( 14%) #n:   1292  nodes/search: 1292
.   0  DL   NEG: #:   6 ( 85%) #n:   6000  nodes/search: 1000
.   0  PEN  POS: #:   0 (  0%) #n:      0  nodes/search:   0
.   0  PEN  NEG: #:   9 (100%) #n:  17137  nodes/search: 1904
.   0  DeadTested:     0, PenTested :     0, patterns: 122, removed: 25, killed: 0
.   0  
.   0  Threshold 181 (179)
.   0  tt: Y, dl_mg: Y, dl2_mg: Y
.   0  area_srch: Y dl_srch: Y pen_srch: Y
.   0  scan_srch: Y
.   0  node limit: 1000, minimize: Y
.   0  st_testd: Y, dl_db: 7, cut_goal: Y
.   0  xdist: Y, auto: Y, local: Y(1,8,7)
.   0  lb_mp: Y, lb_cf: Y, lb_dd: Y(0/1), mc_tu: Y, mc_gm: Y
.   0  overestim: 0.00, hoverestim: 1.00, assume dead: N
.   0  limit patterns: Y, lazy maximize: Y
.   0  nodes searched: total: 102424, top level: 57
.   0  mini: 33816, scan: 27391
.   0  AbortNodeCount: -1, TimeOut: 0 TimeOutType: VIRTUAL
.   0  TT hits: 16, TT collisions: 0 Req: 38, (42.105263)
 3 3 5 5 7 15 12 5 2 
.   0  run: sec: 1, usec: 435835, t: 1
.   0  Nodes per Second:   102424 (1 sec.)
.   0  AREA POS: #:   3 ( 12%) #n:     47  nodes/search:  15
.   0  AREA NEG: #:  21 ( 87%) #n:   9683  nodes/search: 461
.   0  DL   POS: #:   1 (  6%) #n:   1292  nodes/search: 1292
.   0  DL   NEG: #:  14 ( 93%) #n:  13158  nodes/search: 939
.   0  PEN  POS: #:   2 (  9%) #n:   3072  nodes/search: 1536
.   0  PEN  NEG: #:  19 ( 90%) #n:  33881  nodes/search: 1783
.   0  DeadTested:     0, PenTested :     0, patterns: 161, removed: 28, killed: 0
.   0  
.   0  Threshold 183 (181)
.   0  tt: Y, dl_mg: Y, dl2_mg: Y
.   0  area_srch: Y dl_srch: Y pen_srch: Y
.   0  scan_srch: Y
.   0  node limit: 1000, minimize: Y
.   0  st_testd: Y, dl_db: 7, cut_goal: Y
.   0  xdist: Y, auto: Y, local: Y(1,8,7)
.   0  lb_mp: Y, lb_cf: Y, lb_dd: Y(0/1), mc_tu: Y, mc_gm: Y
.   0  overestim: 0.00, hoverestim: 1.00, assume dead: N
.   0  limit patterns: Y, lazy maximize: Y
.   0  nodes searched: total: 113478, top level: 86
.   0  mini: 35942, scan: 27391
.   0  AbortNodeCount: -1, TimeOut: 0 TimeOutType: VIRTUAL
.   0  TT hits: 25, TT collisions: 0 Req: 53, (47.169811)
 4 4 7 7 8 19 22 11 4 
.   0  run: sec: 1, usec: 588262, t: 2
.   0  Nodes per Second:    56739 (2 sec.)
.   0  AREA POS: #:   4 ( 13%) #n:     80  nodes/search:  20
.   0  AREA NEG: #:  26 ( 86%) #n:   9882  nodes/search: 380
.   0  DL   POS: #:   1 (  6%) #n:   1292  nodes/search: 1292
.   0  DL   NEG: #:  15 ( 93%) #n:  14158  nodes/search: 943
.   0  PEN  POS: #:   3 ( 11%) #n:   4855  nodes/search: 1618
.   0  PEN  NEG: #:  23 ( 88%) #n:  39110  nodes/search: 1700
.   0  DeadTested:     0, PenTested :     1, patterns: 176, removed: 30, killed: 0
.   0  
.   0  Threshold 185 (183)
.   0  tt: Y, dl_mg: Y, dl2_mg: Y
.   0  area_srch: Y dl_srch: Y pen_srch: Y
.   0  scan_srch: Y
.   0  node limit: 1000, minimize: Y
.   0  st_testd: Y, dl_db: 7, cut_goal: Y
.   0  xdist: Y, auto: Y, local: Y(1,8,7)
.   0  lb_mp: Y, lb_cf: Y, lb_dd: Y(11/2), mc_tu: Y, mc_gm: Y
.   0  overestim: 0.00, hoverestim: 1.00, assume dead: N
.   0  limit patterns: Y, lazy maximize: Y
.   0  nodes searched: total: 181392, top level: 641
.   0  mini: 50264, scan: 27391
.   0  AbortNodeCount: -1, TimeOut: 0 TimeOutType: VIRTUAL
.   0  TT hits: 83, TT collisions: 0 Req: 299, (27.759197)
 5 5 9 9 11 26 36 21 17 16 17 20 9 12 4 11 1 1 1 5 7 8 6 3 4 2 2 2 2 2 2 2 2 5 11 18 20 25 27 26 21 21 20 28 31 31 22 12 10 11 10 6 5 1 
.   0  run: sec: 2, usec: 794920, t: 3
.   0  Nodes per Second:    60464 (3 sec.)
.   0  AREA POS: #:   7 (  6%) #n:    257  nodes/search:  36
.   0  AREA NEG: #: 102 ( 93%) #n:  12945  nodes/search: 126
.   0  DL   POS: #:   1 (  1%) #n:   1292  nodes/search: 1292
.   0  DL   NEG: #:  69 ( 98%) #n:  23980  nodes/search: 347
.   0  PEN  POS: #:  12 ( 15%) #n:  19391  nodes/search: 1615
.   0  PEN  NEG: #:  66 ( 84%) #n:  61363  nodes/search: 929
.   0  DeadTested:     0, PenTested :    26, patterns: 250, removed: 38, killed: 0
.   0  
.   0  Threshold 187 (183)
.   0  tt: Y, dl_mg: Y, dl2_mg: Y
.   0  area_srch: Y dl_srch: Y pen_srch: Y
.   0  scan_srch: Y
.   0  node limit: 1000, minimize: Y
.   0  st_testd: Y, dl_db: 7, cut_goal: Y
.   0  xdist: Y, auto: Y, local: Y(1,8,7)
.   0  lb_mp: Y, lb_cf: Y, lb_dd: Y(1222/2), mc_tu: Y, mc_gm: Y
.   0  overestim: 0.00, hoverestim: 1.00, assume dead: N
.   0  limit patterns: Y, lazy maximize: Y
.   0  nodes searched: total: 894245, top level: 57441
.   0  mini: 77204, scan: 27391
.   0  AbortNodeCount: -1, TimeOut: 0 TimeOutType: VIRTUAL
.   0  TT hits: 8406, TT collisions: 1345 Req: 23159, (36.296906)
 6 6 11 11 14 33 55 43 41 66 47 67 70 93 68 47 31 18 16 18 19 20 22 39 62 77 82 62 58 60 58 40 31 80 169 267 381 500 604 688 812 1018 1134 1232 1440 1838 2175 2475 2797 3067 3144 3053 3378 3940 4033 3749 3254 2711 2164 1645 1392 1119 800 494 277 148 61 10 1 
.   0  run: sec: 21, usec: 275086, t: 21
.   0  Nodes per Second:    42583 (21 sec.)
.   0  AREA POS: #:  32 (  0%) #n:   3253  nodes/search: 101
.   0  AREA NEG: #: 5071 ( 99%) #n: 121295  nodes/search:  23
.   0  DL   POS: #:   2 (  0%) #n:   1380  nodes/search: 690
.   0  DL   NEG: #: 7647 ( 99%) #n: 225558  nodes/search:  29
.   0  PEN  POS: #:  43 (  7%) #n:  46418  nodes/search: 1079
.   0  PEN  NEG: #: 536 ( 92%) #n: 118141  nodes/search: 220
.   0  DeadTested:     0, PenTested :   480, patterns: 408, removed: 49, killed: 0
.   0  
.   0  Threshold 189 (183)
.   0  tt: Y, dl_mg: Y, dl2_mg: Y
.   0  area_srch: Y dl_srch: Y pen_srch: Y
.   0  scan_srch: Y
.   0  node limit: 1000, minimize: Y
.   0  st_testd: Y, dl_db: 7, cut_goal: Y
.   0  xdist: Y, auto: Y, local: Y(1,8,7)
.   0  lb_mp: Y, lb_cf: Y, lb_dd: Y(8773/2), mc_tu: Y, mc_gm: Y
.   0  overestim: 0.00, hoverestim: 1.00, assume dead: N
.   0  limit patterns: Y, lazy maximize: Y
.   0  nodes searched: total: 3988645, top level: 383347
.   0  mini: 114841, scan: 27391
.   0  AbortNodeCount: -1, TimeOut: 0 TimeOutType: VIRTUAL
.   0  TT hits: 98937, TT collisions: 29582 Req: 180132, (54.924721)
 7 7 13 13 17 40 74 65 71 118 96 132 150 213 221 147 111 81 85 75 78 84 72 96 161 197 222 192 167 188 216 185 189 288 487 798 1183 1601 2014 2403 3011 3834 4591 5385 6594 8508 11045 13219 15546 17864 19249 20149 22809 25289 25773 25048 22871 20331 17622 15503 13879 12003 10130 8348 6636 4755 3297 2501 1851 1333 903 495 244 118 47 9 
.   0  run: sec: 129, usec: 138699, t: 129
.   0  Nodes per Second:    30920 (129 sec.)
.   0  AREA POS: #:  52 (  0%) #n:   5044  nodes/search:  97
.   0  AREA NEG: #: 26965 ( 99%) #n: 557252  nodes/search:  20
.   0  DL   POS: #:   3 (  0%) #n:   1495  nodes/search: 498
.   0  DL   NEG: #: 41597 ( 99%) #n: 1115022  nodes/search:  26
.   0  PEN  POS: #: 202 (  8%) #n: 119754  nodes/search: 592
.   0  PEN  NEG: #: 2244 ( 91%) #n: 264899  nodes/search: 118
.   0  DeadTested:     0, PenTested :  2245, patterns: 800, removed: 65, killed: 1
.   0  
.   0  Threshold 191 (183)
