PrintPriority: 2
Command:Maze screens/screen.42:
     ########       
  ####      ######  
  #    ##        #  
  # ## ## #     ##  
### 000000#     ##  
#   000000#  #   #  
# # 000000#      #  
# # 000000   #   #  
#   ### ###     ##  
###             #   
  #             #   
  ######   ######   
       #####        
                    
.   0  No Macro: Too many entries (5)
Auto Set local cut parameter: 1,10, 9.
ScanSearch: h 208, nodes used: 0
ScanSearch: h 208, nodes used: 3302
ScanSearch: h 208, nodes used: 4742
ScanSearch: h 208, nodes used: 6366
ScanSearch: h 208, nodes used: 7901
ScanSearch: h 208, nodes used: 9428
ScanSearch: h 208, nodes used: 10952
ScanSearch: h 208, nodes used: 12483
ScanSearch: h 208, nodes used: 14084
ScanSearch: h 208, nodes used: 15613
ScanSearch: h 208, nodes used: 17755
ScanSearch: h 208, nodes used: 20363
ScanSearch: h 208, nodes used: 22019
ScanSearch: h 208, nodes used: 23854
ScanSearch: h 208, nodes used: 25093
ScanSearch: h 208, nodes used: 26705
ScanSearch: h 208, nodes used: 28313
ScanSearch: h 208, nodes used: 31062
ScanSearch: h 208, nodes used: 33381
ScanSearch: h 210, nodes used: 34749
ScanSearch: h 210, nodes used: 36145
ScanSearch: h 210, nodes used: 37698
ScanSearch: h 210, nodes used: 40016
ScanSearch: h 210, nodes used: 42851
ScanSearch: h: 208->210, nodes used: 45197
.   0  Threshold 210 (210)
.   0  tt: Y, dl_mg: Y, dl2_mg: Y
.   0  area_srch: Y dl_srch: Y pen_srch: Y
.   0  scan_srch: Y
.   0  node limit: 1000, minimize: Y
.   0  st_testd: Y, dl_db: 7, cut_goal: Y
.   0  xdist: Y, auto: Y, local: Y(1,10,9)
.   0  lb_mp: Y, lb_cf: Y, lb_dd: Y(0/1), mc_tu: Y, mc_gm: Y
.   0  overestim: 0.00, hoverestim: 1.00, assume dead: N
.   0  limit patterns: Y, lazy maximize: Y
.   0  nodes searched: total: 99648, top level: 29
.   0  mini: 22742, scan: 45197
.   0  AbortNodeCount: -1, TimeOut: 0 TimeOutType: VIRTUAL
.   0  TT hits: 2, TT collisions: 0 Req: 20, (10.000000)
 1 3 6 12 7 
.   0  run: sec: 1, usec: 937664, t: 2
.   0  Nodes per Second:    49824 (2 sec.)
.   0  AREA POS: #:   2 ( 11%) #n:   3354  nodes/search: 1677
.   0  AREA NEG: #:  15 ( 88%) #n:   7141  nodes/search: 476
.   0  DL   POS: #:   0 (  0%) #n:      0  nodes/search:   0
.   0  DL   NEG: #:   4 (100%) #n:   4000  nodes/search: 1000
.   0  PEN  POS: #:   4 ( 44%) #n:  20688  nodes/search: 5172
.   0  PEN  NEG: #:   5 ( 55%) #n:   6159  nodes/search: 1231
.   0  DeadTested:     0, PenTested :     0, patterns: 70, removed: 5, killed: 0
.   0  
.   0  Threshold 212 (210)
