PrintPriority: 2
Command:Maze screens/screen.77:
####################
#    ##   #    #   #
#           ##     #
## ##### 00###### ##
 # ##  ##0000#### ##
## ##  ###00##     #
#      #00000#     #
#   ## ## 00### ####
# #      #0## # #   
#     #   0#### ##  
# #  ## # ##  #  ## 
#######   ##      # 
      ##        # # 
       #  ## ###### 
       #######      
?                   
.   0  YES MACRO, nodes: 177 n: 2
Auto Set local cut parameter: 1,10, 9.
ScanSearch: h 360, nodes used: 0
ScanSearch: h 364, nodes used: 2467
ScanSearch: h 366, nodes used: 7549
ScanSearch: h 366, nodes used: 8961
ScanSearch: h 366, nodes used: 10875
ScanSearch: h 368, nodes used: 15249
ScanSearch: h 368, nodes used: 16359
ScanSearch: h 368, nodes used: 19101
ScanSearch: h 368, nodes used: 21854
ScanSearch: h 368, nodes used: 24614
ScanSearch: h 368, nodes used: 25943
ScanSearch: h 368, nodes used: 26242
ScanSearch: h 368, nodes used: 26528
ScanSearch: h 368, nodes used: 26805
ScanSearch: h: 360->368, nodes used: 27075
.   0  Threshold 368 (368)
