PrintPriority: 2
Command:Maze screens/screen.39:
             ###### 
 #############0000# 
##   ##     ##0000# 
#    ##     ##0000# 
#          #000000# 
#    ##    #0#0000# 
#    ##    #000000# 
## ##### ###0##0### 
##        ##000000# 
#  ###  # #####0### 
#       #  00000#   
#    #     ###00#   
#    #     # ####   
#    #     #        
######   ###        
?    #####          
.   0  NO MACRO, nodes: 10001 n: 1 -> restart:
.   0  YES MACRO, nodes: 19 n: 1
Auto Set local cut parameter: 1,10, 8.
ScanSearch: h 652, nodes used: 0
ScanSearch: h 652, nodes used: 1978
ScanSearch: h 652, nodes used: 3826
ScanSearch: h 654, nodes used: 12812
ScanSearch: h 654, nodes used: 14548
ScanSearch: h 656, nodes used: 16331
ScanSearch: h 656, nodes used: 17764
ScanSearch: h 656, nodes used: 20249
ScanSearch: h 656, nodes used: 21581
ScanSearch: h 656, nodes used: 22990
ScanSearch: h 656, nodes used: 24680
ScanSearch: h 656, nodes used: 26039
ScanSearch: h 656, nodes used: 27639
ScanSearch: h 656, nodes used: 29851
ScanSearch: h 656, nodes used: 31391
ScanSearch: h 656, nodes used: 33133
ScanSearch: h 656, nodes used: 34661
ScanSearch: h 656, nodes used: 36070
ScanSearch: h 656, nodes used: 37247
ScanSearch: h 656, nodes used: 38361
ScanSearch: h 656, nodes used: 39908
ScanSearch: h 656, nodes used: 41518
ScanSearch: h 656, nodes used: 43046
ScanSearch: h 656, nodes used: 44638
ScanSearch: h 656, nodes used: 45946
ScanSearch: h: 652->656, nodes used: 47161
.   0  Threshold 656 (656)
.   0  tt: Y, dl_mg: Y, dl2_mg: Y
.   0  area_srch: Y dl_srch: Y pen_srch: Y
.   0  scan_srch: Y
.   0  node limit: 1000, minimize: Y
.   0  st_testd: Y, dl_db: 7, cut_goal: Y
.   0  xdist: Y, auto: Y, local: Y(1,10,8)
.   0  lb_mp: Y, lb_cf: Y, lb_dd: Y(0/1), mc_tu: Y, mc_gm: Y
.   0  overestim: 0.00, hoverestim: 1.00, assume dead: N
.   0  limit patterns: Y, lazy maximize: Y
.   0  nodes searched: total: 113434, top level: 61
.   0  mini: 19645, scan: 47161
.   0  AbortNodeCount: -1, TimeOut: 0 TimeOutType: VIRTUAL
.   0  TT hits: 3, TT collisions: 0 Req: 28, (10.714286)
 1 4 5 4 4 5 12 10 5 9 2 
.   0  run: sec: 13, usec: 106069, t: 13
.   0  Nodes per Second:     8726 (13 sec.)
.   0  AREA POS: #:   3 ( 33%) #n:    324  nodes/search: 108
.   0  AREA NEG: #:   6 ( 66%) #n:   3114  nodes/search: 519
.   0  DL   POS: #:   0 (  0%) #n:      0  nodes/search:   0
.   0  DL   NEG: #:  13 (100%) #n:  13000  nodes/search: 1000
.   0  PEN  POS: #:   2 ( 12%) #n:   8150  nodes/search: 4075
.   0  PEN  NEG: #:  14 ( 87%) #n:  16007  nodes/search: 1143
.   0  DeadTested:     0, PenTested :     0, patterns: 67, removed: 28, killed: 0
.   0  
.   0  Threshold 658 (656)
.   0  tt: Y, dl_mg: Y, dl2_mg: Y
.   0  area_srch: Y dl_srch: Y pen_srch: Y
.   0  scan_srch: Y
.   0  node limit: 1000, minimize: Y
.   0  st_testd: Y, dl_db: 7, cut_goal: Y
.   0  xdist: Y, auto: Y, local: Y(1,10,8)
.   0  lb_mp: Y, lb_cf: Y, lb_dd: Y(0/1), mc_tu: Y, mc_gm: Y
.   0  overestim: 0.00, hoverestim: 1.00, assume dead: N
.   0  limit patterns: Y, lazy maximize: Y
.   0  nodes searched: total: 238606, top level: 219
.   0  mini: 33413, scan: 47161
.   0  AbortNodeCount: -1, TimeOut: 0 TimeOutType: VIRTUAL
.   0  TT hits: 64, TT collisions: 0 Req: 117, (54.700855)
 2 8 10 12 18 27 38 38 25 27 11 3 
.   0  run: sec: 16, usec: 144568, t: 16
.   0  Nodes per Second:    14913 (16 sec.)
.   0  AREA POS: #:   6 ( 22%) #n:   1897  nodes/search: 316
.   0  AREA NEG: #:  21 ( 77%) #n:   9091  nodes/search: 432
.   0  DL   POS: #:   0 (  0%) #n:      0  nodes/search:   0
.   0  DL   NEG: #:  37 (100%) #n:  37000  nodes/search: 1000
.   0  PEN  POS: #:   4 (  9%) #n:  19860  nodes/search: 4965
.   0  PEN  NEG: #:  38 ( 90%) #n:  43559  nodes/search: 1146
.   0  DeadTested:     0, PenTested :     0, patterns: 94, removed: 29, killed: 0
.   0  
.   0  Threshold 660 (658)
.   0  tt: Y, dl_mg: Y, dl2_mg: Y
.   0  area_srch: Y dl_srch: Y pen_srch: Y
.   0  scan_srch: Y
.   0  node limit: 1000, minimize: Y
.   0  st_testd: Y, dl_db: 7, cut_goal: Y
.   0  xdist: Y, auto: Y, local: Y(1,10,8)
.   0  lb_mp: Y, lb_cf: Y, lb_dd: Y(0/1), mc_tu: Y, mc_gm: Y
.   0  overestim: 0.00, hoverestim: 1.00, assume dead: N
.   0  limit patterns: Y, lazy maximize: Y
.   0  nodes searched: total: 500590, top level: 377
.   0  mini: 145542, scan: 47161
.   0  AbortNodeCount: -1, TimeOut: 0 TimeOutType: VIRTUAL
.   0  TT hits: 128, TT collisions: 0 Req: 215, (59.534885)
 3 12 18 23 32 40 59 59 39 36 20 11 7 6 5 7 
.   0  run: sec: 25, usec: 338560, t: 25
.   0  Nodes per Second:    20024 (25 sec.)
.   0  AREA POS: #:  16 ( 25%) #n:  13549  nodes/search: 846
.   0  AREA NEG: #:  47 ( 74%) #n:  20184  nodes/search: 429
.   0  DL   POS: #:   0 (  0%) #n:      0  nodes/search:   0
.   0  DL   NEG: #:  66 (100%) #n:  66000  nodes/search: 1000
.   0  PEN  POS: #:  14 ( 17%) #n: 117188  nodes/search: 8370
.   0  PEN  NEG: #:  64 ( 82%) #n:  77007  nodes/search: 1203
.   0  DeadTested:     0, PenTested :     0, patterns: 561, removed: 148, killed: 0
.   0  
.   0  Threshold 662 (658)
.   0  tt: Y, dl_mg: Y, dl2_mg: Y
.   0  area_srch: Y dl_srch: Y pen_srch: Y
.   0  scan_srch: Y
.   0  node limit: 1000, minimize: Y
.   0  st_testd: Y, dl_db: 7, cut_goal: Y
.   0  xdist: Y, auto: Y, local: Y(1,10,8)
.   0  lb_mp: Y, lb_cf: Y, lb_dd: Y(0/1), mc_tu: Y, mc_gm: Y
.   0  overestim: 0.00, hoverestim: 1.00, assume dead: N
.   0  limit patterns: Y, lazy maximize: Y
.   0  nodes searched: total: 1550546, top level: 1130
.   0  mini: 509901, scan: 47161
.   0  AbortNodeCount: -1, TimeOut: 0 TimeOutType: VIRTUAL
.   0  TT hits: 266, TT collisions: 0 Req: 506, (52.569168)
 4 16 23 31 47 56 87 85 60 62 49 35 67 96 134 123 78 55 19 3 
.   0  run: sec: 73, usec: 882779, t: 74
.   0  Nodes per Second:    20953 (74 sec.)
.   0  AREA POS: #:  22 ( 12%) #n:  19477  nodes/search: 885
.   0  AREA NEG: #: 151 ( 87%) #n:  43131  nodes/search: 285
.   0  DL   POS: #:   0 (  0%) #n:      0  nodes/search:   0
.   0  DL   NEG: #: 188 (100%) #n: 191308  nodes/search: 1017
.   0  PEN  POS: #:  47 ( 20%) #n: 401328  nodes/search: 8538
.   0  PEN  NEG: #: 184 ( 79%) #n: 280004  nodes/search: 1521
.   0  DeadTested:     0, PenTested :     0, patterns: 800, removed: 591, killed: 1154
.   0  
.   0  Threshold 664 (662)
.   0  tt: Y, dl_mg: Y, dl2_mg: Y
.   0  area_srch: Y dl_srch: Y pen_srch: Y
.   0  scan_srch: Y
.   0  node limit: 1000, minimize: Y
.   0  st_testd: Y, dl_db: 7, cut_goal: Y
.   0  xdist: Y, auto: Y, local: Y(1,10,8)
.   0  lb_mp: Y, lb_cf: Y, lb_dd: Y(0/1), mc_tu: Y, mc_gm: Y
.   0  overestim: 0.00, hoverestim: 1.00, assume dead: N
.   0  limit patterns: Y, lazy maximize: Y
.   0  nodes searched: total: 6281395, top level: 5398
.   0  mini: 1551488, scan: 47161
.   0  AbortNodeCount: -1, TimeOut: 0 TimeOutType: VIRTUAL
.   0  TT hits: 1212, TT collisions: 0 Req: 2267, (53.462727)
 5 20 31 42 70 90 139 163 177 258 322 370 504 611 665 640 513 404 219 112 35 8 
.   0  run: sec: 258, usec: 33385, t: 258
.   0  Nodes per Second:    24346 (258 sec.)
.   0  AREA POS: #:  58 ( 10%) #n:  51604  nodes/search: 889
.   0  AREA NEG: #: 511 ( 89%) #n: 127347  nodes/search: 249
.   0  DL   POS: #:   4 (  0%) #n:   3753  nodes/search: 938
.   0  DL   NEG: #: 804 ( 99%) #n: 808044  nodes/search: 1005
.   0  PEN  POS: #: 147 ( 15%) #n: 1071964  nodes/search: 7292
.   0  PEN  NEG: #: 800 ( 84%) #n: 1296133  nodes/search: 1620
.   0  DeadTested:     0, PenTested :     0, patterns: 2086, removed: 2012, killed: 4124
.   0  
.   0  Threshold 666 (658)
.   0  tt: Y, dl_mg: Y, dl2_mg: Y
.   0  area_srch: Y dl_srch: Y pen_srch: Y
.   0  scan_srch: Y
.   0  node limit: 1000, minimize: Y
.   0  st_testd: Y, dl_db: 7, cut_goal: Y
.   0  xdist: Y, auto: Y, local: Y(1,10,8)
.   0  lb_mp: Y, lb_cf: Y, lb_dd: Y(0/1), mc_tu: Y, mc_gm: Y
.   0  overestim: 0.00, hoverestim: 1.00, assume dead: N
.   0  limit patterns: Y, lazy maximize: Y
.   0  nodes searched: total: 11087020, top level: 11782
.   0  mini: 3067355, scan: 47161
.   0  AbortNodeCount: -1, TimeOut: 0 TimeOutType: VIRTUAL
.   0  TT hits: 3558, TT collisions: 11 Req: 5204, (68.370483)
 6 24 39 57 94 124 194 246 311 468 616 732 967 1210 1365 1369 1238 1011 732 542 267 98 45 18 9 
.   0  run: sec: 453, usec: 19523, t: 453
.   0  Nodes per Second:    24475 (453 sec.)
.   0  AREA POS: #:  99 ( 10%) #n:  81417  nodes/search: 822
.   0  AREA NEG: #: 890 ( 89%) #n: 237026  nodes/search: 266
.   0  DL   POS: #:  12 (  0%) #n:   9256  nodes/search: 771
.   0  DL   NEG: #: 1354 ( 99%) #n: 1358169  nodes/search: 1003
.   0  PEN  POS: #: 263 ( 16%) #n: 1887250  nodes/search: 7175
.   0  PEN  NEG: #: 1326 ( 83%) #n: 2550598  nodes/search: 1923
.   0  DeadTested:     0, PenTested :     0, patterns: 3136, removed: 3173, killed: 8048
.   0  
.   0  Threshold 668 (656)
