PrintPriority: 2
Command:Maze screens/screen.29:
#####               
#   ##              
#    #########      
## # #       ###### 
## #    # #   #   # 
#  #        #     # 
#  ###0######### ## 
#  ##0000000000# ## 
## ##0000000000# ## 
#  ##########0##  # 
#                 # 
#  #   #   #   #  # 
################### 
                    
.   0  YES MACRO, nodes: 317 n: 2
Auto Set local cut parameter: 1,7, 8.
ScanSearch: h 122, nodes used: 0
ScanSearch: h 126, nodes used: 1285
ScanSearch: h 126, nodes used: 1319
ScanSearch: h 126, nodes used: 1357
ScanSearch: h 126, nodes used: 1393
ScanSearch: h 132, nodes used: 1753
ScanSearch: h 132, nodes used: 1754
ScanSearch: h 132, nodes used: 1755
ScanSearch: h 132, nodes used: 1756
ScanSearch: h 132, nodes used: 1757
ScanSearch: h 132, nodes used: 1758
ScanSearch: h 132, nodes used: 2123
ScanSearch: h 132, nodes used: 2268
ScanSearch: h 132, nodes used: 2865
ScanSearch: h 132, nodes used: 4231
ScanSearch: h 132, nodes used: 5399
ScanSearch: h: 122->132, nodes used: 5556
.   0  Threshold 132 (132)
.   0  tt: Y, dl_mg: Y, dl2_mg: Y
.   0  area_srch: Y dl_srch: Y pen_srch: Y
.   0  scan_srch: Y
.   0  node limit: 1000, minimize: Y
.   0  st_testd: Y, dl_db: 7, cut_goal: Y
.   0  xdist: Y, auto: Y, local: Y(1,7,8)
.   0  lb_mp: Y, lb_cf: Y, lb_dd: Y(0/3), mc_tu: Y, mc_gm: Y
.   0  overestim: 0.00, hoverestim: 1.00, assume dead: N
.   0  limit patterns: Y, lazy maximize: Y
.   0  nodes searched: total: 5588, top level: 3
.   0  mini: 341, scan: 5556
.   0  AbortNodeCount: -1, TimeOut: 0 TimeOutType: VIRTUAL
.   0  TT hits: 1, TT collisions: 0 Req: 3, (33.333332)
 1 1 1 
.   0  run: sec: 0, usec: 527211, t: 1
.   0  Nodes per Second:     5588 (1 sec.)
.   0  AREA POS: #:   0 (  0%) #n:      0  nodes/search:   0
.   0  AREA NEG: #:   1 (100%) #n:     29  nodes/search:  29
.   0  DL   POS: #:   0 (  0%) #n:      0  nodes/search:   0
.   0  DL   NEG: #:   0 (  0%) #n:      0  nodes/search:   0
.   0  PEN  POS: #:   0 (  0%) #n:      0  nodes/search:   0
.   0  PEN  NEG: #:   0 (  0%) #n:      0  nodes/search:   0
.   0  DeadTested:     0, PenTested :     9, patterns: 21, removed: 0, killed: 0
.   0  
.   0  Threshold 134 (132)
.   0  tt: Y, dl_mg: Y, dl2_mg: Y
.   0  area_srch: Y dl_srch: Y pen_srch: Y
.   0  scan_srch: Y
.   0  node limit: 1000, minimize: Y
.   0  st_testd: Y, dl_db: 7, cut_goal: Y
.   0  xdist: Y, auto: Y, local: Y(1,7,8)
.   0  lb_mp: Y, lb_cf: Y, lb_dd: Y(2/3), mc_tu: Y, mc_gm: Y
.   0  overestim: 0.00, hoverestim: 1.00, assume dead: N
.   0  limit patterns: Y, lazy maximize: Y
.   0  nodes searched: total: 5620, top level: 6
.   0  mini: 341, scan: 5556
.   0  AbortNodeCount: -1, TimeOut: 0 TimeOutType: VIRTUAL
.   0  TT hits: 2, TT collisions: 0 Req: 5, (40.000000)
 2 2 2 
.   0  run: sec: 0, usec: 530189, t: 1
.   0  Nodes per Second:     5620 (1 sec.)
.   0  AREA POS: #:   0 (  0%) #n:      0  nodes/search:   0
.   0  AREA NEG: #:   2 (100%) #n:     58  nodes/search:  29
.   0  DL   POS: #:   0 (  0%) #n:      0  nodes/search:   0
.   0  DL   NEG: #:   0 (  0%) #n:      0  nodes/search:   0
.   0  PEN  POS: #:   0 (  0%) #n:      0  nodes/search:   0
.   0  PEN  NEG: #:   0 (  0%) #n:      0  nodes/search:   0
.   0  DeadTested:     0, PenTested :     9, patterns: 21, removed: 0, killed: 0
.   0  
.   0  Threshold 136 (132)
.   0  tt: Y, dl_mg: Y, dl2_mg: Y
.   0  area_srch: Y dl_srch: Y pen_srch: Y
.   0  scan_srch: Y
.   0  node limit: 1000, minimize: Y
.   0  st_testd: Y, dl_db: 7, cut_goal: Y
.   0  xdist: Y, auto: Y, local: Y(1,7,8)
.   0  lb_mp: Y, lb_cf: Y, lb_dd: Y(4/3), mc_tu: Y, mc_gm: Y
.   0  overestim: 0.00, hoverestim: 1.00, assume dead: N
.   0  limit patterns: Y, lazy maximize: Y
.   0  nodes searched: total: 5652, top level: 9
.   0  mini: 341, scan: 5556
.   0  AbortNodeCount: -1, TimeOut: 0 TimeOutType: VIRTUAL
.   0  TT hits: 3, TT collisions: 0 Req: 7, (42.857143)
 3 3 3 
.   0  run: sec: 0, usec: 532119, t: 1
.   0  Nodes per Second:     5652 (1 sec.)
.   0  AREA POS: #:   0 (  0%) #n:      0  nodes/search:   0
.   0  AREA NEG: #:   3 (100%) #n:     87  nodes/search:  29
.   0  DL   POS: #:   0 (  0%) #n:      0  nodes/search:   0
.   0  DL   NEG: #:   0 (  0%) #n:      0  nodes/search:   0
.   0  PEN  POS: #:   0 (  0%) #n:      0  nodes/search:   0
.   0  PEN  NEG: #:   0 (  0%) #n:      0  nodes/search:   0
.   0  DeadTested:     0, PenTested :     9, patterns: 21, removed: 0, killed: 0
.   0  
.   0  Threshold 138 (132)
.   0  tt: Y, dl_mg: Y, dl2_mg: Y
.   0  area_srch: Y dl_srch: Y pen_srch: Y
.   0  scan_srch: Y
.   0  node limit: 1000, minimize: Y
.   0  st_testd: Y, dl_db: 7, cut_goal: Y
.   0  xdist: Y, auto: Y, local: Y(1,7,8)
.   0  lb_mp: Y, lb_cf: Y, lb_dd: Y(6/3), mc_tu: Y, mc_gm: Y
.   0  overestim: 0.00, hoverestim: 1.00, assume dead: N
.   0  limit patterns: Y, lazy maximize: Y
.   0  nodes searched: total: 5684, top level: 12
.   0  mini: 341, scan: 5556
.   0  AbortNodeCount: -1, TimeOut: 0 TimeOutType: VIRTUAL
.   0  TT hits: 4, TT collisions: 0 Req: 9, (44.444443)
 4 4 4 
.   0  run: sec: 0, usec: 534105, t: 1
.   0  Nodes per Second:     5684 (1 sec.)
.   0  AREA POS: #:   0 (  0%) #n:      0  nodes/search:   0
.   0  AREA NEG: #:   4 (100%) #n:    116  nodes/search:  29
.   0  DL   POS: #:   0 (  0%) #n:      0  nodes/search:   0
.   0  DL   NEG: #:   0 (  0%) #n:      0  nodes/search:   0
.   0  PEN  POS: #:   0 (  0%) #n:      0  nodes/search:   0
.   0  PEN  NEG: #:   0 (  0%) #n:      0  nodes/search:   0
.   0  DeadTested:     0, PenTested :     9, patterns: 21, removed: 0, killed: 0
.   0  
.   0  Threshold 140 (132)
.   0  tt: Y, dl_mg: Y, dl2_mg: Y
.   0  area_srch: Y dl_srch: Y pen_srch: Y
.   0  scan_srch: Y
.   0  node limit: 1000, minimize: Y
.   0  st_testd: Y, dl_db: 7, cut_goal: Y
.   0  xdist: Y, auto: Y, local: Y(1,7,8)
.   0  lb_mp: Y, lb_cf: Y, lb_dd: Y(8/3), mc_tu: Y, mc_gm: Y
.   0  overestim: 0.00, hoverestim: 1.00, assume dead: N
.   0  limit patterns: Y, lazy maximize: Y
.   0  nodes searched: total: 5716, top level: 15
.   0  mini: 341, scan: 5556
.   0  AbortNodeCount: -1, TimeOut: 0 TimeOutType: VIRTUAL
.   0  TT hits: 5, TT collisions: 0 Req: 11, (45.454544)
 5 5 5 
.   0  run: sec: 0, usec: 536040, t: 1
.   0  Nodes per Second:     5716 (1 sec.)
.   0  AREA POS: #:   0 (  0%) #n:      0  nodes/search:   0
.   0  AREA NEG: #:   5 (100%) #n:    145  nodes/search:  29
.   0  DL   POS: #:   0 (  0%) #n:      0  nodes/search:   0
.   0  DL   NEG: #:   0 (  0%) #n:      0  nodes/search:   0
.   0  PEN  POS: #:   0 (  0%) #n:      0  nodes/search:   0
.   0  PEN  NEG: #:   0 (  0%) #n:      0  nodes/search:   0
.   0  DeadTested:     0, PenTested :     9, patterns: 21, removed: 0, killed: 0
.   0  
.   0  Threshold 142 (132)
.   0  tt: Y, dl_mg: Y, dl2_mg: Y
.   0  area_srch: Y dl_srch: Y pen_srch: Y
.   0  scan_srch: Y
.   0  node limit: 1000, minimize: Y
.   0  st_testd: Y, dl_db: 7, cut_goal: Y
.   0  xdist: Y, auto: Y, local: Y(1,7,8)
.   0  lb_mp: Y, lb_cf: Y, lb_dd: Y(10/3), mc_tu: Y, mc_gm: Y
.   0  overestim: 0.00, hoverestim: 1.00, assume dead: N
.   0  limit patterns: Y, lazy maximize: Y
.   0  nodes searched: total: 5748, top level: 18
.   0  mini: 341, scan: 5556
.   0  AbortNodeCount: -1, TimeOut: 0 TimeOutType: VIRTUAL
.   0  TT hits: 6, TT collisions: 0 Req: 13, (46.153847)
 6 6 6 
.   0  run: sec: 0, usec: 538989, t: 1
.   0  Nodes per Second:     5748 (1 sec.)
.   0  AREA POS: #:   0 (  0%) #n:      0  nodes/search:   0
.   0  AREA NEG: #:   6 (100%) #n:    174  nodes/search:  29
.   0  DL   POS: #:   0 (  0%) #n:      0  nodes/search:   0
.   0  DL   NEG: #:   0 (  0%) #n:      0  nodes/search:   0
.   0  PEN  POS: #:   0 (  0%) #n:      0  nodes/search:   0
.   0  PEN  NEG: #:   0 (  0%) #n:      0  nodes/search:   0
.   0  DeadTested:     0, PenTested :     9, patterns: 21, removed: 0, killed: 0
.   0  
.   0  Threshold 144 (132)
.   0  tt: Y, dl_mg: Y, dl2_mg: Y
.   0  area_srch: Y dl_srch: Y pen_srch: Y
.   0  scan_srch: Y
.   0  node limit: 1000, minimize: Y
.   0  st_testd: Y, dl_db: 7, cut_goal: Y
.   0  xdist: Y, auto: Y, local: Y(1,7,8)
.   0  lb_mp: Y, lb_cf: Y, lb_dd: Y(12/3), mc_tu: Y, mc_gm: Y
.   0  overestim: 0.00, hoverestim: 1.00, assume dead: N
.   0  limit patterns: Y, lazy maximize: Y
.   0  nodes searched: total: 5780, top level: 21
.   0  mini: 341, scan: 5556
.   0  AbortNodeCount: -1, TimeOut: 0 TimeOutType: VIRTUAL
.   0  TT hits: 7, TT collisions: 0 Req: 15, (46.666668)
 7 7 7 
.   0  run: sec: 0, usec: 540954, t: 1
.   0  Nodes per Second:     5780 (1 sec.)
.   0  AREA POS: #:   0 (  0%) #n:      0  nodes/search:   0
.   0  AREA NEG: #:   7 (100%) #n:    203  nodes/search:  29
.   0  DL   POS: #:   0 (  0%) #n:      0  nodes/search:   0
.   0  DL   NEG: #:   0 (  0%) #n:      0  nodes/search:   0
.   0  PEN  POS: #:   0 (  0%) #n:      0  nodes/search:   0
.   0  PEN  NEG: #:   0 (  0%) #n:      0  nodes/search:   0
.   0  DeadTested:     0, PenTested :     9, patterns: 21, removed: 0, killed: 0
.   0  
.   0  Threshold 146 (132)
.   0  tt: Y, dl_mg: Y, dl2_mg: Y
.   0  area_srch: Y dl_srch: Y pen_srch: Y
.   0  scan_srch: Y
.   0  node limit: 1000, minimize: Y
.   0  st_testd: Y, dl_db: 7, cut_goal: Y
.   0  xdist: Y, auto: Y, local: Y(1,7,8)
.   0  lb_mp: Y, lb_cf: Y, lb_dd: Y(14/3), mc_tu: Y, mc_gm: Y
.   0  overestim: 0.00, hoverestim: 1.00, assume dead: N
.   0  limit patterns: Y, lazy maximize: Y
.   0  nodes searched: total: 5812, top level: 24
.   0  mini: 341, scan: 5556
.   0  AbortNodeCount: -1, TimeOut: 0 TimeOutType: VIRTUAL
.   0  TT hits: 8, TT collisions: 0 Req: 17, (47.058823)
 8 8 8 
.   0  run: sec: 0, usec: 542902, t: 1
.   0  Nodes per Second:     5812 (1 sec.)
.   0  AREA POS: #:   0 (  0%) #n:      0  nodes/search:   0
.   0  AREA NEG: #:   8 (100%) #n:    232  nodes/search:  29
.   0  DL   POS: #:   0 (  0%) #n:      0  nodes/search:   0
.   0  DL   NEG: #:   0 (  0%) #n:      0  nodes/search:   0
.   0  PEN  POS: #:   0 (  0%) #n:      0  nodes/search:   0
.   0  PEN  NEG: #:   0 (  0%) #n:      0  nodes/search:   0
.   0  DeadTested:     0, PenTested :     9, patterns: 21, removed: 0, killed: 0
.   0  
.   0  Threshold 148 (132)
.   0  tt: Y, dl_mg: Y, dl2_mg: Y
.   0  area_srch: Y dl_srch: Y pen_srch: Y
.   0  scan_srch: Y
.   0  node limit: 1000, minimize: Y
.   0  st_testd: Y, dl_db: 7, cut_goal: Y
.   0  xdist: Y, auto: Y, local: Y(1,7,8)
.   0  lb_mp: Y, lb_cf: Y, lb_dd: Y(16/3), mc_tu: Y, mc_gm: Y
.   0  overestim: 0.00, hoverestim: 1.00, assume dead: N
.   0  limit patterns: Y, lazy maximize: Y
.   0  nodes searched: total: 5844, top level: 27
.   0  mini: 341, scan: 5556
.   0  AbortNodeCount: -1, TimeOut: 0 TimeOutType: VIRTUAL
.   0  TT hits: 9, TT collisions: 0 Req: 19, (47.368420)
 9 9 9 
.   0  run: sec: 0, usec: 544846, t: 1
.   0  Nodes per Second:     5844 (1 sec.)
.   0  AREA POS: #:   0 (  0%) #n:      0  nodes/search:   0
.   0  AREA NEG: #:   9 (100%) #n:    261  nodes/search:  29
.   0  DL   POS: #:   0 (  0%) #n:      0  nodes/search:   0
.   0  DL   NEG: #:   0 (  0%) #n:      0  nodes/search:   0
.   0  PEN  POS: #:   0 (  0%) #n:      0  nodes/search:   0
.   0  PEN  NEG: #:   0 (  0%) #n:      0  nodes/search:   0
.   0  DeadTested:     0, PenTested :     9, patterns: 21, removed: 0, killed: 0
.   0  
.   0  Threshold 150 (132)
.   0  tt: Y, dl_mg: Y, dl2_mg: Y
.   0  area_srch: Y dl_srch: Y pen_srch: Y
.   0  scan_srch: Y
.   0  node limit: 1000, minimize: Y
.   0  st_testd: Y, dl_db: 7, cut_goal: Y
.   0  xdist: Y, auto: Y, local: Y(1,7,8)
.   0  lb_mp: Y, lb_cf: Y, lb_dd: Y(18/3), mc_tu: Y, mc_gm: Y
.   0  overestim: 0.00, hoverestim: 1.00, assume dead: N
.   0  limit patterns: Y, lazy maximize: Y
.   0  nodes searched: total: 5876, top level: 30
.   0  mini: 341, scan: 5556
.   0  AbortNodeCount: -1, TimeOut: 0 TimeOutType: VIRTUAL
.   0  TT hits: 10, TT collisions: 0 Req: 21, (47.619049)
 10 10 10 
.   0  run: sec: 0, usec: 547745, t: 1
.   0  Nodes per Second:     5876 (1 sec.)
.   0  AREA POS: #:   0 (  0%) #n:      0  nodes/search:   0
.   0  AREA NEG: #:  10 (100%) #n:    290  nodes/search:  29
.   0  DL   POS: #:   0 (  0%) #n:      0  nodes/search:   0
.   0  DL   NEG: #:   0 (  0%) #n:      0  nodes/search:   0
.   0  PEN  POS: #:   0 (  0%) #n:      0  nodes/search:   0
.   0  PEN  NEG: #:   0 (  0%) #n:      0  nodes/search:   0
.   0  DeadTested:     0, PenTested :     9, patterns: 21, removed: 0, killed: 0
.   0  
.   0  Threshold 152 (132)
.   0  tt: Y, dl_mg: Y, dl2_mg: Y
.   0  area_srch: Y dl_srch: Y pen_srch: Y
.   0  scan_srch: Y
.   0  node limit: 1000, minimize: Y
.   0  st_testd: Y, dl_db: 7, cut_goal: Y
.   0  xdist: Y, auto: Y, local: Y(1,7,8)
.   0  lb_mp: Y, lb_cf: Y, lb_dd: Y(20/3), mc_tu: Y, mc_gm: Y
.   0  overestim: 0.00, hoverestim: 1.00, assume dead: N
.   0  limit patterns: Y, lazy maximize: Y
.   0  nodes searched: total: 5908, top level: 33
.   0  mini: 341, scan: 5556
.   0  AbortNodeCount: -1, TimeOut: 0 TimeOutType: VIRTUAL
.   0  TT hits: 11, TT collisions: 0 Req: 23, (47.826088)
 11 11 11 
.   0  run: sec: 0, usec: 549702, t: 1
.   0  Nodes per Second:     5908 (1 sec.)
.   0  AREA POS: #:   0 (  0%) #n:      0  nodes/search:   0
.   0  AREA NEG: #:  11 (100%) #n:    319  nodes/search:  29
.   0  DL   POS: #:   0 (  0%) #n:      0  nodes/search:   0
.   0  DL   NEG: #:   0 (  0%) #n:      0  nodes/search:   0
.   0  PEN  POS: #:   0 (  0%) #n:      0  nodes/search:   0
.   0  PEN  NEG: #:   0 (  0%) #n:      0  nodes/search:   0
.   0  DeadTested:     0, PenTested :     9, patterns: 21, removed: 0, killed: 0
.   0  
.   0  Threshold 154 (132)
.   0  tt: Y, dl_mg: Y, dl2_mg: Y
.   0  area_srch: Y dl_srch: Y pen_srch: Y
.   0  scan_srch: Y
.   0  node limit: 1000, minimize: Y
.   0  st_testd: Y, dl_db: 7, cut_goal: Y
.   0  xdist: Y, auto: Y, local: Y(1,7,8)
.   0  lb_mp: Y, lb_cf: Y, lb_dd: Y(22/3), mc_tu: Y, mc_gm: Y
.   0  overestim: 0.00, hoverestim: 1.00, assume dead: N
.   0  limit patterns: Y, lazy maximize: Y
.   0  nodes searched: total: 5940, top level: 36
.   0  mini: 341, scan: 5556
.   0  AbortNodeCount: -1, TimeOut: 0 TimeOutType: VIRTUAL
.   0  TT hits: 12, TT collisions: 0 Req: 25, (48.000000)
 12 12 12 
.   0  run: sec: 0, usec: 551646, t: 1
.   0  Nodes per Second:     5940 (1 sec.)
.   0  AREA POS: #:   0 (  0%) #n:      0  nodes/search:   0
.   0  AREA NEG: #:  12 (100%) #n:    348  nodes/search:  29
.   0  DL   POS: #:   0 (  0%) #n:      0  nodes/search:   0
.   0  DL   NEG: #:   0 (  0%) #n:      0  nodes/search:   0
.   0  PEN  POS: #:   0 (  0%) #n:      0  nodes/search:   0
.   0  PEN  NEG: #:   0 (  0%) #n:      0  nodes/search:   0
.   0  DeadTested:     0, PenTested :     9, patterns: 21, removed: 0, killed: 0
.   0  
.   0  Threshold 156 (132)
.   0  tt: Y, dl_mg: Y, dl2_mg: Y
.   0  area_srch: Y dl_srch: Y pen_srch: Y
.   0  scan_srch: Y
.   0  node limit: 1000, minimize: Y
.   0  st_testd: Y, dl_db: 7, cut_goal: Y
.   0  xdist: Y, auto: Y, local: Y(1,7,8)
.   0  lb_mp: Y, lb_cf: Y, lb_dd: Y(24/3), mc_tu: Y, mc_gm: Y
.   0  overestim: 0.00, hoverestim: 1.00, assume dead: N
.   0  limit patterns: Y, lazy maximize: Y
.   0  nodes searched: total: 5972, top level: 39
.   0  mini: 341, scan: 5556
.   0  AbortNodeCount: -1, TimeOut: 0 TimeOutType: VIRTUAL
.   0  TT hits: 13, TT collisions: 0 Req: 27, (48.148148)
 13 13 13 
.   0  run: sec: 0, usec: 553590, t: 1
.   0  Nodes per Second:     5972 (1 sec.)
.   0  AREA POS: #:   0 (  0%) #n:      0  nodes/search:   0
.   0  AREA NEG: #:  13 (100%) #n:    377  nodes/search:  29
.   0  DL   POS: #:   0 (  0%) #n:      0  nodes/search:   0
.   0  DL   NEG: #:   0 (  0%) #n:      0  nodes/search:   0
.   0  PEN  POS: #:   0 (  0%) #n:      0  nodes/search:   0
.   0  PEN  NEG: #:   0 (  0%) #n:      0  nodes/search:   0
.   0  DeadTested:     0, PenTested :     9, patterns: 21, removed: 0, killed: 0
.   0  
.   0  Threshold 158 (132)
.   0  tt: Y, dl_mg: Y, dl2_mg: Y
.   0  area_srch: Y dl_srch: Y pen_srch: Y
.   0  scan_srch: Y
.   0  node limit: 1000, minimize: Y
.   0  st_testd: Y, dl_db: 7, cut_goal: Y
.   0  xdist: Y, auto: Y, local: Y(1,7,8)
.   0  lb_mp: Y, lb_cf: Y, lb_dd: Y(26/3), mc_tu: Y, mc_gm: Y
.   0  overestim: 0.00, hoverestim: 1.00, assume dead: N
.   0  limit patterns: Y, lazy maximize: Y
.   0  nodes searched: total: 6004, top level: 42
.   0  mini: 341, scan: 5556
.   0  AbortNodeCount: -1, TimeOut: 0 TimeOutType: VIRTUAL
.   0  TT hits: 14, TT collisions: 0 Req: 29, (48.275864)
 14 14 14 
.   0  run: sec: 0, usec: 555557, t: 1
.   0  Nodes per Second:     6004 (1 sec.)
.   0  AREA POS: #:   0 (  0%) #n:      0  nodes/search:   0
.   0  AREA NEG: #:  14 (100%) #n:    406  nodes/search:  29
.   0  DL   POS: #:   0 (  0%) #n:      0  nodes/search:   0
.   0  DL   NEG: #:   0 (  0%) #n:      0  nodes/search:   0
.   0  PEN  POS: #:   0 (  0%) #n:      0  nodes/search:   0
.   0  PEN  NEG: #:   0 (  0%) #n:      0  nodes/search:   0
.   0  DeadTested:     0, PenTested :     9, patterns: 21, removed: 0, killed: 0
.   0  
.   0  Threshold 160 (132)
.   0  tt: Y, dl_mg: Y, dl2_mg: Y
.   0  area_srch: Y dl_srch: Y pen_srch: Y
.   0  scan_srch: Y
.   0  node limit: 1000, minimize: Y
.   0  st_testd: Y, dl_db: 7, cut_goal: Y
.   0  xdist: Y, auto: Y, local: Y(1,7,8)
.   0  lb_mp: Y, lb_cf: Y, lb_dd: Y(28/3), mc_tu: Y, mc_gm: Y
.   0  overestim: 0.00, hoverestim: 1.00, assume dead: N
.   0  limit patterns: Y, lazy maximize: Y
.   0  nodes searched: total: 6036, top level: 45
.   0  mini: 341, scan: 5556
.   0  AbortNodeCount: -1, TimeOut: 0 TimeOutType: VIRTUAL
.   0  TT hits: 15, TT collisions: 0 Req: 31, (48.387096)
 15 15 15 
.   0  run: sec: 0, usec: 557505, t: 1
.   0  Nodes per Second:     6036 (1 sec.)
.   0  AREA POS: #:   0 (  0%) #n:      0  nodes/search:   0
.   0  AREA NEG: #:  15 (100%) #n:    435  nodes/search:  29
.   0  DL   POS: #:   0 (  0%) #n:      0  nodes/search:   0
.   0  DL   NEG: #:   0 (  0%) #n:      0  nodes/search:   0
.   0  PEN  POS: #:   0 (  0%) #n:      0  nodes/search:   0
.   0  PEN  NEG: #:   0 (  0%) #n:      0  nodes/search:   0
.   0  DeadTested:     0, PenTested :     9, patterns: 21, removed: 0, killed: 0
.   0  
.   0  Threshold 162 (132)
.   0  tt: Y, dl_mg: Y, dl2_mg: Y
.   0  area_srch: Y dl_srch: Y pen_srch: Y
.   0  scan_srch: Y
.   0  node limit: 1000, minimize: Y
.   0  st_testd: Y, dl_db: 7, cut_goal: Y
.   0  xdist: Y, auto: Y, local: Y(1,7,8)
.   0  lb_mp: Y, lb_cf: Y, lb_dd: Y(30/3), mc_tu: Y, mc_gm: Y
.   0  overestim: 0.00, hoverestim: 1.00, assume dead: N
.   0  limit patterns: Y, lazy maximize: Y
.   0  nodes searched: total: 6068, top level: 48
.   0  mini: 341, scan: 5556
.   0  AbortNodeCount: -1, TimeOut: 0 TimeOutType: VIRTUAL
.   0  TT hits: 16, TT collisions: 0 Req: 33, (48.484848)
 16 16 16 
.   0  run: sec: 0, usec: 560452, t: 1
.   0  Nodes per Second:     6068 (1 sec.)
.   0  AREA POS: #:   0 (  0%) #n:      0  nodes/search:   0
.   0  AREA NEG: #:  16 (100%) #n:    464  nodes/search:  29
.   0  DL   POS: #:   0 (  0%) #n:      0  nodes/search:   0
.   0  DL   NEG: #:   0 (  0%) #n:      0  nodes/search:   0
.   0  PEN  POS: #:   0 (  0%) #n:      0  nodes/search:   0
.   0  PEN  NEG: #:   0 (  0%) #n:      0  nodes/search:   0
.   0  DeadTested:     0, PenTested :     9, patterns: 21, removed: 0, killed: 0
.   0  
.   0  Threshold 164 (132)
.   0  tt: Y, dl_mg: Y, dl2_mg: Y
.   0  area_srch: Y dl_srch: Y pen_srch: Y
.   0  scan_srch: Y
.   0  node limit: 1000, minimize: Y
.   0  st_testd: Y, dl_db: 7, cut_goal: Y
.   0  xdist: Y, auto: Y, local: Y(1,7,8)
.   0  lb_mp: Y, lb_cf: Y, lb_dd: Y(32/3), mc_tu: Y, mc_gm: Y
.   0  overestim: 0.00, hoverestim: 1.00, assume dead: N
.   0  limit patterns: Y, lazy maximize: Y
.   0  nodes searched: total: 6100, top level: 51
.   0  mini: 341, scan: 5556
.   0  AbortNodeCount: -1, TimeOut: 0 TimeOutType: VIRTUAL
.   0  TT hits: 17, TT collisions: 0 Req: 35, (48.571430)
 17 17 17 
.   0  run: sec: 0, usec: 562404, t: 1
.   0  Nodes per Second:     6100 (1 sec.)
.   0  AREA POS: #:   0 (  0%) #n:      0  nodes/search:   0
.   0  AREA NEG: #:  17 (100%) #n:    493  nodes/search:  29
.   0  DL   POS: #:   0 (  0%) #n:      0  nodes/search:   0
.   0  DL   NEG: #:   0 (  0%) #n:      0  nodes/search:   0
.   0  PEN  POS: #:   0 (  0%) #n:      0  nodes/search:   0
.   0  PEN  NEG: #:   0 (  0%) #n:      0  nodes/search:   0
.   0  DeadTested:     0, PenTested :     9, patterns: 21, removed: 0, killed: 0
.   0  
.   0  Threshold 166 (132)
.   0  tt: Y, dl_mg: Y, dl2_mg: Y
.   0  area_srch: Y dl_srch: Y pen_srch: Y
.   0  scan_srch: Y
.   0  node limit: 1000, minimize: Y
.   0  st_testd: Y, dl_db: 7, cut_goal: Y
.   0  xdist: Y, auto: Y, local: Y(1,7,8)
.   0  lb_mp: Y, lb_cf: Y, lb_dd: Y(34/3), mc_tu: Y, mc_gm: Y
.   0  overestim: 0.00, hoverestim: 1.00, assume dead: N
.   0  limit patterns: Y, lazy maximize: Y
.   0  nodes searched: total: 6132, top level: 54
.   0  mini: 341, scan: 5556
.   0  AbortNodeCount: -1, TimeOut: 0 TimeOutType: VIRTUAL
.   0  TT hits: 18, TT collisions: 0 Req: 37, (48.648647)
 18 18 18 
.   0  run: sec: 0, usec: 565361, t: 1
.   0  Nodes per Second:     6132 (1 sec.)
.   0  AREA POS: #:   0 (  0%) #n:      0  nodes/search:   0
.   0  AREA NEG: #:  18 (100%) #n:    522  nodes/search:  29
.   0  DL   POS: #:   0 (  0%) #n:      0  nodes/search:   0
.   0  DL   NEG: #:   0 (  0%) #n:      0  nodes/search:   0
.   0  PEN  POS: #:   0 (  0%) #n:      0  nodes/search:   0
.   0  PEN  NEG: #:   0 (  0%) #n:      0  nodes/search:   0
.   0  DeadTested:     0, PenTested :     9, patterns: 21, removed: 0, killed: 0
.   0  
.   0  Threshold 168 (132)
.   0  tt: Y, dl_mg: Y, dl2_mg: Y
.   0  area_srch: Y dl_srch: Y pen_srch: Y
.   0  scan_srch: Y
.   0  node limit: 1000, minimize: Y
.   0  st_testd: Y, dl_db: 7, cut_goal: Y
.   0  xdist: Y, auto: Y, local: Y(1,7,8)
.   0  lb_mp: Y, lb_cf: Y, lb_dd: Y(36/3), mc_tu: Y, mc_gm: Y
.   0  overestim: 0.00, hoverestim: 1.00, assume dead: N
.   0  limit patterns: Y, lazy maximize: Y
.   0  nodes searched: total: 6164, top level: 57
.   0  mini: 341, scan: 5556
.   0  AbortNodeCount: -1, TimeOut: 0 TimeOutType: VIRTUAL
.   0  TT hits: 19, TT collisions: 0 Req: 39, (48.717949)
 19 19 19 
.   0  run: sec: 0, usec: 568293, t: 1
.   0  Nodes per Second:     6164 (1 sec.)
.   0  AREA POS: #:   0 (  0%) #n:      0  nodes/search:   0
.   0  AREA NEG: #:  19 (100%) #n:    551  nodes/search:  29
.   0  DL   POS: #:   0 (  0%) #n:      0  nodes/search:   0
.   0  DL   NEG: #:   0 (  0%) #n:      0  nodes/search:   0
.   0  PEN  POS: #:   0 (  0%) #n:      0  nodes/search:   0
.   0  PEN  NEG: #:   0 (  0%) #n:      0  nodes/search:   0
.   0  DeadTested:     0, PenTested :     9, patterns: 21, removed: 0, killed: 0
.   0  
.   0  Threshold 170 (132)
.   0  tt: Y, dl_mg: Y, dl2_mg: Y
.   0  area_srch: Y dl_srch: Y pen_srch: Y
.   0  scan_srch: Y
.   0  node limit: 1000, minimize: Y
.   0  st_testd: Y, dl_db: 7, cut_goal: Y
.   0  xdist: Y, auto: Y, local: Y(1,7,8)
.   0  lb_mp: Y, lb_cf: Y, lb_dd: Y(38/3), mc_tu: Y, mc_gm: Y
.   0  overestim: 0.00, hoverestim: 1.00, assume dead: N
.   0  limit patterns: Y, lazy maximize: Y
.   0  nodes searched: total: 6196, top level: 60
.   0  mini: 341, scan: 5556
.   0  AbortNodeCount: -1, TimeOut: 0 TimeOutType: VIRTUAL
.   0  TT hits: 20, TT collisions: 0 Req: 41, (48.780487)
 20 20 20 
.   0  run: sec: 0, usec: 571230, t: 1
.   0  Nodes per Second:     6196 (1 sec.)
.   0  AREA POS: #:   0 (  0%) #n:      0  nodes/search:   0
.   0  AREA NEG: #:  20 (100%) #n:    580  nodes/search:  29
.   0  DL   POS: #:   0 (  0%) #n:      0  nodes/search:   0
.   0  DL   NEG: #:   0 (  0%) #n:      0  nodes/search:   0
.   0  PEN  POS: #:   0 (  0%) #n:      0  nodes/search:   0
.   0  PEN  NEG: #:   0 (  0%) #n:      0  nodes/search:   0
.   0  DeadTested:     0, PenTested :     9, patterns: 21, removed: 0, killed: 0
.   0  
.   0  Threshold 172 (132)
.   0  tt: Y, dl_mg: Y, dl2_mg: Y
.   0  area_srch: Y dl_srch: Y pen_srch: Y
.   0  scan_srch: Y
.   0  node limit: 1000, minimize: Y
.   0  st_testd: Y, dl_db: 7, cut_goal: Y
.   0  xdist: Y, auto: Y, local: Y(1,7,8)
.   0  lb_mp: Y, lb_cf: Y, lb_dd: Y(40/3), mc_tu: Y, mc_gm: Y
.   0  overestim: 0.00, hoverestim: 1.00, assume dead: N
.   0  limit patterns: Y, lazy maximize: Y
.   0  nodes searched: total: 6228, top level: 63
.   0  mini: 341, scan: 5556
.   0  AbortNodeCount: -1, TimeOut: 0 TimeOutType: VIRTUAL
.   0  TT hits: 21, TT collisions: 0 Req: 43, (48.837208)
 21 21 21 
.   0  run: sec: 0, usec: 573201, t: 1
.   0  Nodes per Second:     6228 (1 sec.)
.   0  AREA POS: #:   0 (  0%) #n:      0  nodes/search:   0
.   0  AREA NEG: #:  21 (100%) #n:    609  nodes/search:  29
.   0  DL   POS: #:   0 (  0%) #n:      0  nodes/search:   0
.   0  DL   NEG: #:   0 (  0%) #n:      0  nodes/search:   0
.   0  PEN  POS: #:   0 (  0%) #n:      0  nodes/search:   0
.   0  PEN  NEG: #:   0 (  0%) #n:      0  nodes/search:   0
.   0  DeadTested:     0, PenTested :     9, patterns: 21, removed: 0, killed: 0
.   0  
.   0  Threshold 174 (132)
.   0  tt: Y, dl_mg: Y, dl2_mg: Y
.   0  area_srch: Y dl_srch: Y pen_srch: Y
.   0  scan_srch: Y
.   0  node limit: 1000, minimize: Y
.   0  st_testd: Y, dl_db: 7, cut_goal: Y
.   0  xdist: Y, auto: Y, local: Y(1,7,8)
.   0  lb_mp: Y, lb_cf: Y, lb_dd: Y(42/3), mc_tu: Y, mc_gm: Y
.   0  overestim: 0.00, hoverestim: 1.00, assume dead: N
.   0  limit patterns: Y, lazy maximize: Y
.   0  nodes searched: total: 6260, top level: 66
.   0  mini: 341, scan: 5556
.   0  AbortNodeCount: -1, TimeOut: 0 TimeOutType: VIRTUAL
.   0  TT hits: 22, TT collisions: 0 Req: 45, (48.888889)
 22 22 22 
.   0  run: sec: 0, usec: 576155, t: 1
.   0  Nodes per Second:     6260 (1 sec.)
.   0  AREA POS: #:   0 (  0%) #n:      0  nodes/search:   0
.   0  AREA NEG: #:  22 (100%) #n:    638  nodes/search:  29
.   0  DL   POS: #:   0 (  0%) #n:      0  nodes/search:   0
.   0  DL   NEG: #:   0 (  0%) #n:      0  nodes/search:   0
.   0  PEN  POS: #:   0 (  0%) #n:      0  nodes/search:   0
.   0  PEN  NEG: #:   0 (  0%) #n:      0  nodes/search:   0
.   0  DeadTested:     0, PenTested :     9, patterns: 21, removed: 0, killed: 0
.   0  
.   0  Threshold 176 (132)
.   0  tt: Y, dl_mg: Y, dl2_mg: Y
.   0  area_srch: Y dl_srch: Y pen_srch: Y
.   0  scan_srch: Y
.   0  node limit: 1000, minimize: Y
.   0  st_testd: Y, dl_db: 7, cut_goal: Y
.   0  xdist: Y, auto: Y, local: Y(1,7,8)
.   0  lb_mp: Y, lb_cf: Y, lb_dd: Y(44/3), mc_tu: Y, mc_gm: Y
.   0  overestim: 0.00, hoverestim: 1.00, assume dead: N
.   0  limit patterns: Y, lazy maximize: Y
.   0  nodes searched: total: 6292, top level: 69
.   0  mini: 341, scan: 5556
.   0  AbortNodeCount: -1, TimeOut: 0 TimeOutType: VIRTUAL
.   0  TT hits: 23, TT collisions: 0 Req: 47, (48.936169)
 23 23 23 
.   0  run: sec: 0, usec: 578118, t: 1
.   0  Nodes per Second:     6292 (1 sec.)
.   0  AREA POS: #:   0 (  0%) #n:      0  nodes/search:   0
.   0  AREA NEG: #:  23 (100%) #n:    667  nodes/search:  29
.   0  DL   POS: #:   0 (  0%) #n:      0  nodes/search:   0
.   0  DL   NEG: #:   0 (  0%) #n:      0  nodes/search:   0
.   0  PEN  POS: #:   0 (  0%) #n:      0  nodes/search:   0
.   0  PEN  NEG: #:   0 (  0%) #n:      0  nodes/search:   0
.   0  DeadTested:     0, PenTested :     9, patterns: 21, removed: 0, killed: 0
.   0  
.   0  Threshold 178 (132)
.   0  tt: Y, dl_mg: Y, dl2_mg: Y
.   0  area_srch: Y dl_srch: Y pen_srch: Y
.   0  scan_srch: Y
.   0  node limit: 1000, minimize: Y
.   0  st_testd: Y, dl_db: 7, cut_goal: Y
.   0  xdist: Y, auto: Y, local: Y(1,7,8)
.   0  lb_mp: Y, lb_cf: Y, lb_dd: Y(46/3), mc_tu: Y, mc_gm: Y
.   0  overestim: 0.00, hoverestim: 1.00, assume dead: N
.   0  limit patterns: Y, lazy maximize: Y
.   0  nodes searched: total: 6324, top level: 72
.   0  mini: 341, scan: 5556
.   0  AbortNodeCount: -1, TimeOut: 0 TimeOutType: VIRTUAL
.   0  TT hits: 24, TT collisions: 0 Req: 49, (48.979591)
 24 24 24 
.   0  run: sec: 0, usec: 580059, t: 1
.   0  Nodes per Second:     6324 (1 sec.)
.   0  AREA POS: #:   0 (  0%) #n:      0  nodes/search:   0
.   0  AREA NEG: #:  24 (100%) #n:    696  nodes/search:  29
.   0  DL   POS: #:   0 (  0%) #n:      0  nodes/search:   0
.   0  DL   NEG: #:   0 (  0%) #n:      0  nodes/search:   0
.   0  PEN  POS: #:   0 (  0%) #n:      0  nodes/search:   0
.   0  PEN  NEG: #:   0 (  0%) #n:      0  nodes/search:   0
.   0  DeadTested:     0, PenTested :     9, patterns: 21, removed: 0, killed: 0
.   0  
.   0  Threshold 180 (132)
.   0  tt: Y, dl_mg: Y, dl2_mg: Y
.   0  area_srch: Y dl_srch: Y pen_srch: Y
.   0  scan_srch: Y
.   0  node limit: 1000, minimize: Y
.   0  st_testd: Y, dl_db: 7, cut_goal: Y
.   0  xdist: Y, auto: Y, local: Y(1,7,8)
.   0  lb_mp: Y, lb_cf: Y, lb_dd: Y(48/3), mc_tu: Y, mc_gm: Y
.   0  overestim: 0.00, hoverestim: 1.00, assume dead: N
.   0  limit patterns: Y, lazy maximize: Y
.   0  nodes searched: total: 6356, top level: 75
.   0  mini: 341, scan: 5556
.   0  AbortNodeCount: -1, TimeOut: 0 TimeOutType: VIRTUAL
.   0  TT hits: 25, TT collisions: 0 Req: 51, (49.019608)
 25 25 25 
.   0  run: sec: 0, usec: 582017, t: 1
.   0  Nodes per Second:     6356 (1 sec.)
.   0  AREA POS: #:   0 (  0%) #n:      0  nodes/search:   0
.   0  AREA NEG: #:  25 (100%) #n:    725  nodes/search:  29
.   0  DL   POS: #:   0 (  0%) #n:      0  nodes/search:   0
.   0  DL   NEG: #:   0 (  0%) #n:      0  nodes/search:   0
.   0  PEN  POS: #:   0 (  0%) #n:      0  nodes/search:   0
.   0  PEN  NEG: #:   0 (  0%) #n:      0  nodes/search:   0
.   0  DeadTested:     0, PenTested :     9, patterns: 21, removed: 0, killed: 0
.   0  
.   0  Threshold 182 (132)
.   0  tt: Y, dl_mg: Y, dl2_mg: Y
.   0  area_srch: Y dl_srch: Y pen_srch: Y
.   0  scan_srch: Y
.   0  node limit: 1000, minimize: Y
.   0  st_testd: Y, dl_db: 7, cut_goal: Y
.   0  xdist: Y, auto: Y, local: Y(1,7,8)
.   0  lb_mp: Y, lb_cf: Y, lb_dd: Y(50/3), mc_tu: Y, mc_gm: Y
.   0  overestim: 0.00, hoverestim: 1.00, assume dead: N
.   0  limit patterns: Y, lazy maximize: Y
.   0  nodes searched: total: 6388, top level: 78
.   0  mini: 341, scan: 5556
.   0  AbortNodeCount: -1, TimeOut: 0 TimeOutType: VIRTUAL
.   0  TT hits: 26, TT collisions: 0 Req: 53, (49.056602)
 26 26 26 
.   0  run: sec: 0, usec: 583971, t: 1
.   0  Nodes per Second:     6388 (1 sec.)
.   0  AREA POS: #:   0 (  0%) #n:      0  nodes/search:   0
.   0  AREA NEG: #:  26 (100%) #n:    754  nodes/search:  29
.   0  DL   POS: #:   0 (  0%) #n:      0  nodes/search:   0
.   0  DL   NEG: #:   0 (  0%) #n:      0  nodes/search:   0
.   0  PEN  POS: #:   0 (  0%) #n:      0  nodes/search:   0
.   0  PEN  NEG: #:   0 (  0%) #n:      0  nodes/search:   0
.   0  DeadTested:     0, PenTested :     9, patterns: 21, removed: 0, killed: 0
.   0  
.   0  Threshold 184 (132)
.   0  tt: Y, dl_mg: Y, dl2_mg: Y
.   0  area_srch: Y dl_srch: Y pen_srch: Y
.   0  scan_srch: Y
.   0  node limit: 1000, minimize: Y
.   0  st_testd: Y, dl_db: 7, cut_goal: Y
.   0  xdist: Y, auto: Y, local: Y(1,7,8)
.   0  lb_mp: Y, lb_cf: Y, lb_dd: Y(52/3), mc_tu: Y, mc_gm: Y
.   0  overestim: 0.00, hoverestim: 1.00, assume dead: N
.   0  limit patterns: Y, lazy maximize: Y
.   0  nodes searched: total: 6420, top level: 81
.   0  mini: 341, scan: 5556
.   0  AbortNodeCount: -1, TimeOut: 0 TimeOutType: VIRTUAL
.   0  TT hits: 27, TT collisions: 0 Req: 55, (49.090908)
 27 27 27 
.   0  run: sec: 0, usec: 585933, t: 1
.   0  Nodes per Second:     6420 (1 sec.)
.   0  AREA POS: #:   0 (  0%) #n:      0  nodes/search:   0
.   0  AREA NEG: #:  27 (100%) #n:    783  nodes/search:  29
.   0  DL   POS: #:   0 (  0%) #n:      0  nodes/search:   0
.   0  DL   NEG: #:   0 (  0%) #n:      0  nodes/search:   0
.   0  PEN  POS: #:   0 (  0%) #n:      0  nodes/search:   0
.   0  PEN  NEG: #:   0 (  0%) #n:      0  nodes/search:   0
.   0  DeadTested:     0, PenTested :     9, patterns: 21, removed: 0, killed: 0
.   0  
.   0  Threshold 186 (132)
.   0  tt: Y, dl_mg: Y, dl2_mg: Y
.   0  area_srch: Y dl_srch: Y pen_srch: Y
.   0  scan_srch: Y
.   0  node limit: 1000, minimize: Y
.   0  st_testd: Y, dl_db: 7, cut_goal: Y
.   0  xdist: Y, auto: Y, local: Y(1,7,8)
.   0  lb_mp: Y, lb_cf: Y, lb_dd: Y(54/3), mc_tu: Y, mc_gm: Y
.   0  overestim: 0.00, hoverestim: 1.00, assume dead: N
.   0  limit patterns: Y, lazy maximize: Y
.   0  nodes searched: total: 6452, top level: 84
.   0  mini: 341, scan: 5556
.   0  AbortNodeCount: -1, TimeOut: 0 TimeOutType: VIRTUAL
.   0  TT hits: 28, TT collisions: 0 Req: 57, (49.122807)
 28 28 28 
.   0  run: sec: 0, usec: 588876, t: 1
.   0  Nodes per Second:     6452 (1 sec.)
.   0  AREA POS: #:   0 (  0%) #n:      0  nodes/search:   0
.   0  AREA NEG: #:  28 (100%) #n:    812  nodes/search:  29
.   0  DL   POS: #:   0 (  0%) #n:      0  nodes/search:   0
.   0  DL   NEG: #:   0 (  0%) #n:      0  nodes/search:   0
.   0  PEN  POS: #:   0 (  0%) #n:      0  nodes/search:   0
.   0  PEN  NEG: #:   0 (  0%) #n:      0  nodes/search:   0
.   0  DeadTested:     0, PenTested :     9, patterns: 21, removed: 0, killed: 0
.   0  
.   0  Threshold 188 (132)
.   0  tt: Y, dl_mg: Y, dl2_mg: Y
.   0  area_srch: Y dl_srch: Y pen_srch: Y
.   0  scan_srch: Y
.   0  node limit: 1000, minimize: Y
.   0  st_testd: Y, dl_db: 7, cut_goal: Y
.   0  xdist: Y, auto: Y, local: Y(1,7,8)
.   0  lb_mp: Y, lb_cf: Y, lb_dd: Y(56/3), mc_tu: Y, mc_gm: Y
.   0  overestim: 0.00, hoverestim: 1.00, assume dead: N
.   0  limit patterns: Y, lazy maximize: Y
.   0  nodes searched: total: 6484, top level: 87
.   0  mini: 341, scan: 5556
.   0  AbortNodeCount: -1, TimeOut: 0 TimeOutType: VIRTUAL
.   0  TT hits: 29, TT collisions: 0 Req: 59, (49.152542)
 29 29 29 
.   0  run: sec: 0, usec: 590819, t: 1
.   0  Nodes per Second:     6484 (1 sec.)
.   0  AREA POS: #:   0 (  0%) #n:      0  nodes/search:   0
.   0  AREA NEG: #:  29 (100%) #n:    841  nodes/search:  29
.   0  DL   POS: #:   0 (  0%) #n:      0  nodes/search:   0
.   0  DL   NEG: #:   0 (  0%) #n:      0  nodes/search:   0
.   0  PEN  POS: #:   0 (  0%) #n:      0  nodes/search:   0
.   0  PEN  NEG: #:   0 (  0%) #n:      0  nodes/search:   0
.   0  DeadTested:     0, PenTested :     9, patterns: 21, removed: 0, killed: 0
.   0  
.   0  Threshold 190 (132)
.   0  tt: Y, dl_mg: Y, dl2_mg: Y
.   0  area_srch: Y dl_srch: Y pen_srch: Y
.   0  scan_srch: Y
.   0  node limit: 1000, minimize: Y
.   0  st_testd: Y, dl_db: 7, cut_goal: Y
.   0  xdist: Y, auto: Y, local: Y(1,7,8)
.   0  lb_mp: Y, lb_cf: Y, lb_dd: Y(58/3), mc_tu: Y, mc_gm: Y
.   0  overestim: 0.00, hoverestim: 1.00, assume dead: N
.   0  limit patterns: Y, lazy maximize: Y
.   0  nodes searched: total: 6516, top level: 90
.   0  mini: 341, scan: 5556
.   0  AbortNodeCount: -1, TimeOut: 0 TimeOutType: VIRTUAL
.   0  TT hits: 30, TT collisions: 0 Req: 61, (49.180328)
 30 30 30 
.   0  run: sec: 0, usec: 593716, t: 1
.   0  Nodes per Second:     6516 (1 sec.)
.   0  AREA POS: #:   0 (  0%) #n:      0  nodes/search:   0
.   0  AREA NEG: #:  30 (100%) #n:    870  nodes/search:  29
.   0  DL   POS: #:   0 (  0%) #n:      0  nodes/search:   0
.   0  DL   NEG: #:   0 (  0%) #n:      0  nodes/search:   0
.   0  PEN  POS: #:   0 (  0%) #n:      0  nodes/search:   0
.   0  PEN  NEG: #:   0 (  0%) #n:      0  nodes/search:   0
.   0  DeadTested:     0, PenTested :     9, patterns: 21, removed: 0, killed: 0
.   0  
.   0  Threshold 192 (132)
.   0  tt: Y, dl_mg: Y, dl2_mg: Y
.   0  area_srch: Y dl_srch: Y pen_srch: Y
.   0  scan_srch: Y
.   0  node limit: 1000, minimize: Y
.   0  st_testd: Y, dl_db: 7, cut_goal: Y
.   0  xdist: Y, auto: Y, local: Y(1,7,8)
.   0  lb_mp: Y, lb_cf: Y, lb_dd: Y(60/3), mc_tu: Y, mc_gm: Y
.   0  overestim: 0.00, hoverestim: 1.00, assume dead: N
.   0  limit patterns: Y, lazy maximize: Y
.   0  nodes searched: total: 6548, top level: 93
.   0  mini: 341, scan: 5556
.   0  AbortNodeCount: -1, TimeOut: 0 TimeOutType: VIRTUAL
.   0  TT hits: 31, TT collisions: 0 Req: 63, (49.206348)
 31 31 31 
.   0  run: sec: 0, usec: 595666, t: 1
.   0  Nodes per Second:     6548 (1 sec.)
.   0  AREA POS: #:   0 (  0%) #n:      0  nodes/search:   0
.   0  AREA NEG: #:  31 (100%) #n:    899  nodes/search:  29
.   0  DL   POS: #:   0 (  0%) #n:      0  nodes/search:   0
.   0  DL   NEG: #:   0 (  0%) #n:      0  nodes/search:   0
.   0  PEN  POS: #:   0 (  0%) #n:      0  nodes/search:   0
.   0  PEN  NEG: #:   0 (  0%) #n:      0  nodes/search:   0
.   0  DeadTested:     0, PenTested :     9, patterns: 21, removed: 0, killed: 0
.   0  
.   0  Threshold 194 (132)
.   0  tt: Y, dl_mg: Y, dl2_mg: Y
.   0  area_srch: Y dl_srch: Y pen_srch: Y
.   0  scan_srch: Y
.   0  node limit: 1000, minimize: Y
.   0  st_testd: Y, dl_db: 7, cut_goal: Y
.   0  xdist: Y, auto: Y, local: Y(1,7,8)
.   0  lb_mp: Y, lb_cf: Y, lb_dd: Y(62/3), mc_tu: Y, mc_gm: Y
.   0  overestim: 0.00, hoverestim: 1.00, assume dead: N
.   0  limit patterns: Y, lazy maximize: Y
.   0  nodes searched: total: 6580, top level: 96
.   0  mini: 341, scan: 5556
.   0  AbortNodeCount: -1, TimeOut: 0 TimeOutType: VIRTUAL
.   0  TT hits: 32, TT collisions: 0 Req: 65, (49.230770)
 32 32 32 
.   0  run: sec: 0, usec: 598614, t: 1
.   0  Nodes per Second:     6580 (1 sec.)
.   0  AREA POS: #:   0 (  0%) #n:      0  nodes/search:   0
.   0  AREA NEG: #:  32 (100%) #n:    928  nodes/search:  29
.   0  DL   POS: #:   0 (  0%) #n:      0  nodes/search:   0
.   0  DL   NEG: #:   0 (  0%) #n:      0  nodes/search:   0
.   0  PEN  POS: #:   0 (  0%) #n:      0  nodes/search:   0
.   0  PEN  NEG: #:   0 (  0%) #n:      0  nodes/search:   0
.   0  DeadTested:     0, PenTested :     9, patterns: 21, removed: 0, killed: 0
.   0  
.   0  Threshold 196 (132)
.   0  tt: Y, dl_mg: Y, dl2_mg: Y
.   0  area_srch: Y dl_srch: Y pen_srch: Y
.   0  scan_srch: Y
.   0  node limit: 1000, minimize: Y
.   0  st_testd: Y, dl_db: 7, cut_goal: Y
.   0  xdist: Y, auto: Y, local: Y(1,7,8)
.   0  lb_mp: Y, lb_cf: Y, lb_dd: Y(64/3), mc_tu: Y, mc_gm: Y
.   0  overestim: 0.00, hoverestim: 1.00, assume dead: N
.   0  limit patterns: Y, lazy maximize: Y
.   0  nodes searched: total: 6612, top level: 99
.   0  mini: 341, scan: 5556
.   0  AbortNodeCount: -1, TimeOut: 0 TimeOutType: VIRTUAL
.   0  TT hits: 33, TT collisions: 0 Req: 67, (49.253731)
 33 33 33 
.   0  run: sec: 0, usec: 600563, t: 1
.   0  Nodes per Second:     6612 (1 sec.)
.   0  AREA POS: #:   0 (  0%) #n:      0  nodes/search:   0
.   0  AREA NEG: #:  33 (100%) #n:    957  nodes/search:  29
.   0  DL   POS: #:   0 (  0%) #n:      0  nodes/search:   0
.   0  DL   NEG: #:   0 (  0%) #n:      0  nodes/search:   0
.   0  PEN  POS: #:   0 (  0%) #n:      0  nodes/search:   0
.   0  PEN  NEG: #:   0 (  0%) #n:      0  nodes/search:   0
.   0  DeadTested:     0, PenTested :     9, patterns: 21, removed: 0, killed: 0
.   0  
.   0  Threshold 198 (132)
.   0  tt: Y, dl_mg: Y, dl2_mg: Y
.   0  area_srch: Y dl_srch: Y pen_srch: Y
.   0  scan_srch: Y
.   0  node limit: 1000, minimize: Y
.   0  st_testd: Y, dl_db: 7, cut_goal: Y
.   0  xdist: Y, auto: Y, local: Y(1,7,8)
.   0  lb_mp: Y, lb_cf: Y, lb_dd: Y(66/3), mc_tu: Y, mc_gm: Y
.   0  overestim: 0.00, hoverestim: 1.00, assume dead: N
.   0  limit patterns: Y, lazy maximize: Y
.   0  nodes searched: total: 6644, top level: 102
.   0  mini: 341, scan: 5556
.   0  AbortNodeCount: -1, TimeOut: 0 TimeOutType: VIRTUAL
.   0  TT hits: 34, TT collisions: 0 Req: 69, (49.275364)
 34 34 34 
.   0  run: sec: 0, usec: 602511, t: 1
.   0  Nodes per Second:     6644 (1 sec.)
.   0  AREA POS: #:   0 (  0%) #n:      0  nodes/search:   0
.   0  AREA NEG: #:  34 (100%) #n:    986  nodes/search:  29
.   0  DL   POS: #:   0 (  0%) #n:      0  nodes/search:   0
.   0  DL   NEG: #:   0 (  0%) #n:      0  nodes/search:   0
.   0  PEN  POS: #:   0 (  0%) #n:      0  nodes/search:   0
.   0  PEN  NEG: #:   0 (  0%) #n:      0  nodes/search:   0
.   0  DeadTested:     0, PenTested :     9, patterns: 21, removed: 0, killed: 0
.   0  
.   0  Threshold 200 (132)
.   0  tt: Y, dl_mg: Y, dl2_mg: Y
.   0  area_srch: Y dl_srch: Y pen_srch: Y
.   0  scan_srch: Y
.   0  node limit: 1000, minimize: Y
.   0  st_testd: Y, dl_db: 7, cut_goal: Y
.   0  xdist: Y, auto: Y, local: Y(1,7,8)
.   0  lb_mp: Y, lb_cf: Y, lb_dd: Y(68/3), mc_tu: Y, mc_gm: Y
.   0  overestim: 0.00, hoverestim: 1.00, assume dead: N
.   0  limit patterns: Y, lazy maximize: Y
.   0  nodes searched: total: 6676, top level: 105
.   0  mini: 341, scan: 5556
.   0  AbortNodeCount: -1, TimeOut: 0 TimeOutType: VIRTUAL
.   0  TT hits: 35, TT collisions: 0 Req: 71, (49.295776)
 35 35 35 
.   0  run: sec: 0, usec: 605450, t: 1
.   0  Nodes per Second:     6676 (1 sec.)
.   0  AREA POS: #:   0 (  0%) #n:      0  nodes/search:   0
.   0  AREA NEG: #:  35 (100%) #n:   1015  nodes/search:  29
.   0  DL   POS: #:   0 (  0%) #n:      0  nodes/search:   0
.   0  DL   NEG: #:   0 (  0%) #n:      0  nodes/search:   0
.   0  PEN  POS: #:   0 (  0%) #n:      0  nodes/search:   0
.   0  PEN  NEG: #:   0 (  0%) #n:      0  nodes/search:   0
.   0  DeadTested:     0, PenTested :     9, patterns: 21, removed: 0, killed: 0
.   0  
.   0  Threshold 202 (132)
.   0  tt: Y, dl_mg: Y, dl2_mg: Y
.   0  area_srch: Y dl_srch: Y pen_srch: Y
.   0  scan_srch: Y
.   0  node limit: 1000, minimize: Y
.   0  st_testd: Y, dl_db: 7, cut_goal: Y
.   0  xdist: Y, auto: Y, local: Y(1,7,8)
.   0  lb_mp: Y, lb_cf: Y, lb_dd: Y(70/3), mc_tu: Y, mc_gm: Y
.   0  overestim: 0.00, hoverestim: 1.00, assume dead: N
.   0  limit patterns: Y, lazy maximize: Y
.   0  nodes searched: total: 6708, top level: 108
.   0  mini: 341, scan: 5556
.   0  AbortNodeCount: -1, TimeOut: 0 TimeOutType: VIRTUAL
.   0  TT hits: 36, TT collisions: 0 Req: 73, (49.315067)
 36 36 36 
.   0  run: sec: 0, usec: 608409, t: 1
.   0  Nodes per Second:     6708 (1 sec.)
.   0  AREA POS: #:   0 (  0%) #n:      0  nodes/search:   0
.   0  AREA NEG: #:  36 (100%) #n:   1044  nodes/search:  29
.   0  DL   POS: #:   0 (  0%) #n:      0  nodes/search:   0
.   0  DL   NEG: #:   0 (  0%) #n:      0  nodes/search:   0
.   0  PEN  POS: #:   0 (  0%) #n:      0  nodes/search:   0
.   0  PEN  NEG: #:   0 (  0%) #n:      0  nodes/search:   0
.   0  DeadTested:     0, PenTested :     9, patterns: 21, removed: 0, killed: 0
.   0  
.   0  Threshold 204 (132)
.   0  tt: Y, dl_mg: Y, dl2_mg: Y
.   0  area_srch: Y dl_srch: Y pen_srch: Y
.   0  scan_srch: Y
.   0  node limit: 1000, minimize: Y
.   0  st_testd: Y, dl_db: 7, cut_goal: Y
.   0  xdist: Y, auto: Y, local: Y(1,7,8)
.   0  lb_mp: Y, lb_cf: Y, lb_dd: Y(72/3), mc_tu: Y, mc_gm: Y
.   0  overestim: 0.00, hoverestim: 1.00, assume dead: N
.   0  limit patterns: Y, lazy maximize: Y
.   0  nodes searched: total: 6740, top level: 111
.   0  mini: 341, scan: 5556
.   0  AbortNodeCount: -1, TimeOut: 0 TimeOutType: VIRTUAL
.   0  TT hits: 37, TT collisions: 0 Req: 75, (49.333332)
 37 37 37 
.   0  run: sec: 0, usec: 610360, t: 1
.   0  Nodes per Second:     6740 (1 sec.)
.   0  AREA POS: #:   0 (  0%) #n:      0  nodes/search:   0
.   0  AREA NEG: #:  37 (100%) #n:   1073  nodes/search:  29
.   0  DL   POS: #:   0 (  0%) #n:      0  nodes/search:   0
.   0  DL   NEG: #:   0 (  0%) #n:      0  nodes/search:   0
.   0  PEN  POS: #:   0 (  0%) #n:      0  nodes/search:   0
.   0  PEN  NEG: #:   0 (  0%) #n:      0  nodes/search:   0
.   0  DeadTested:     0, PenTested :     9, patterns: 21, removed: 0, killed: 0
.   0  
.   0  Threshold 206 (132)
.   0  tt: Y, dl_mg: Y, dl2_mg: Y
.   0  area_srch: Y dl_srch: Y pen_srch: Y
.   0  scan_srch: Y
.   0  node limit: 1000, minimize: Y
.   0  st_testd: Y, dl_db: 7, cut_goal: Y
.   0  xdist: Y, auto: Y, local: Y(1,7,8)
.   0  lb_mp: Y, lb_cf: Y, lb_dd: Y(74/3), mc_tu: Y, mc_gm: Y
.   0  overestim: 0.00, hoverestim: 1.00, assume dead: N
.   0  limit patterns: Y, lazy maximize: Y
.   0  nodes searched: total: 6772, top level: 114
.   0  mini: 341, scan: 5556
.   0  AbortNodeCount: -1, TimeOut: 0 TimeOutType: VIRTUAL
.   0  TT hits: 38, TT collisions: 0 Req: 77, (49.350651)
 38 38 38 
.   0  run: sec: 0, usec: 613302, t: 1
.   0  Nodes per Second:     6772 (1 sec.)
.   0  AREA POS: #:   0 (  0%) #n:      0  nodes/search:   0
.   0  AREA NEG: #:  38 (100%) #n:   1102  nodes/search:  29
.   0  DL   POS: #:   0 (  0%) #n:      0  nodes/search:   0
.   0  DL   NEG: #:   0 (  0%) #n:      0  nodes/search:   0
.   0  PEN  POS: #:   0 (  0%) #n:      0  nodes/search:   0
.   0  PEN  NEG: #:   0 (  0%) #n:      0  nodes/search:   0
.   0  DeadTested:     0, PenTested :     9, patterns: 21, removed: 0, killed: 0
.   0  
.   0  Threshold 208 (132)
.   0  tt: Y, dl_mg: Y, dl2_mg: Y
.   0  area_srch: Y dl_srch: Y pen_srch: Y
.   0  scan_srch: Y
.   0  node limit: 1000, minimize: Y
.   0  st_testd: Y, dl_db: 7, cut_goal: Y
.   0  xdist: Y, auto: Y, local: Y(1,7,8)
.   0  lb_mp: Y, lb_cf: Y, lb_dd: Y(76/3), mc_tu: Y, mc_gm: Y
.   0  overestim: 0.00, hoverestim: 1.00, assume dead: N
.   0  limit patterns: Y, lazy maximize: Y
.   0  nodes searched: total: 6804, top level: 117
.   0  mini: 341, scan: 5556
.   0  AbortNodeCount: -1, TimeOut: 0 TimeOutType: VIRTUAL
.   0  TT hits: 39, TT collisions: 0 Req: 79, (49.367088)
 39 39 39 
.   0  run: sec: 0, usec: 616259, t: 1
.   0  Nodes per Second:     6804 (1 sec.)
.   0  AREA POS: #:   0 (  0%) #n:      0  nodes/search:   0
.   0  AREA NEG: #:  39 (100%) #n:   1131  nodes/search:  29
.   0  DL   POS: #:   0 (  0%) #n:      0  nodes/search:   0
.   0  DL   NEG: #:   0 (  0%) #n:      0  nodes/search:   0
.   0  PEN  POS: #:   0 (  0%) #n:      0  nodes/search:   0
.   0  PEN  NEG: #:   0 (  0%) #n:      0  nodes/search:   0
.   0  DeadTested:     0, PenTested :     9, patterns: 21, removed: 0, killed: 0
.   0  
.   0  Threshold 210 (132)
.   0  tt: Y, dl_mg: Y, dl2_mg: Y
.   0  area_srch: Y dl_srch: Y pen_srch: Y
.   0  scan_srch: Y
.   0  node limit: 1000, minimize: Y
.   0  st_testd: Y, dl_db: 7, cut_goal: Y
.   0  xdist: Y, auto: Y, local: Y(1,7,8)
.   0  lb_mp: Y, lb_cf: Y, lb_dd: Y(78/3), mc_tu: Y, mc_gm: Y
.   0  overestim: 0.00, hoverestim: 1.00, assume dead: N
.   0  limit patterns: Y, lazy maximize: Y
.   0  nodes searched: total: 6836, top level: 120
.   0  mini: 341, scan: 5556
.   0  AbortNodeCount: -1, TimeOut: 0 TimeOutType: VIRTUAL
.   0  TT hits: 40, TT collisions: 0 Req: 81, (49.382717)
 40 40 40 
.   0  run: sec: 0, usec: 619198, t: 1
.   0  Nodes per Second:     6836 (1 sec.)
.   0  AREA POS: #:   0 (  0%) #n:      0  nodes/search:   0
.   0  AREA NEG: #:  40 (100%) #n:   1160  nodes/search:  29
.   0  DL   POS: #:   0 (  0%) #n:      0  nodes/search:   0
.   0  DL   NEG: #:   0 (  0%) #n:      0  nodes/search:   0
.   0  PEN  POS: #:   0 (  0%) #n:      0  nodes/search:   0
.   0  PEN  NEG: #:   0 (  0%) #n:      0  nodes/search:   0
.   0  DeadTested:     0, PenTested :     9, patterns: 21, removed: 0, killed: 0
.   0  
.   0  Threshold 212 (132)
.   0  tt: Y, dl_mg: Y, dl2_mg: Y
.   0  area_srch: Y dl_srch: Y pen_srch: Y
.   0  scan_srch: Y
.   0  node limit: 1000, minimize: Y
.   0  st_testd: Y, dl_db: 7, cut_goal: Y
.   0  xdist: Y, auto: Y, local: Y(1,7,8)
.   0  lb_mp: Y, lb_cf: Y, lb_dd: Y(80/3), mc_tu: Y, mc_gm: Y
.   0  overestim: 0.00, hoverestim: 1.00, assume dead: N
.   0  limit patterns: Y, lazy maximize: Y
.   0  nodes searched: total: 6868, top level: 123
.   0  mini: 341, scan: 5556
.   0  AbortNodeCount: -1, TimeOut: 0 TimeOutType: VIRTUAL
.   0  TT hits: 41, TT collisions: 0 Req: 83, (49.397591)
 41 41 41 
.   0  run: sec: 0, usec: 621157, t: 1
.   0  Nodes per Second:     6868 (1 sec.)
.   0  AREA POS: #:   0 (  0%) #n:      0  nodes/search:   0
.   0  AREA NEG: #:  41 (100%) #n:   1189  nodes/search:  29
.   0  DL   POS: #:   0 (  0%) #n:      0  nodes/search:   0
.   0  DL   NEG: #:   0 (  0%) #n:      0  nodes/search:   0
.   0  PEN  POS: #:   0 (  0%) #n:      0  nodes/search:   0
.   0  PEN  NEG: #:   0 (  0%) #n:      0  nodes/search:   0
.   0  DeadTested:     0, PenTested :     9, patterns: 21, removed: 0, killed: 0
.   0  
.   0  Threshold 214 (132)
.   0  tt: Y, dl_mg: Y, dl2_mg: Y
.   0  area_srch: Y dl_srch: Y pen_srch: Y
.   0  scan_srch: Y
.   0  node limit: 1000, minimize: Y
.   0  st_testd: Y, dl_db: 7, cut_goal: Y
.   0  xdist: Y, auto: Y, local: Y(1,7,8)
.   0  lb_mp: Y, lb_cf: Y, lb_dd: Y(82/3), mc_tu: Y, mc_gm: Y
.   0  overestim: 0.00, hoverestim: 1.00, assume dead: N
.   0  limit patterns: Y, lazy maximize: Y
.   0  nodes searched: total: 6900, top level: 126
.   0  mini: 341, scan: 5556
.   0  AbortNodeCount: -1, TimeOut: 0 TimeOutType: VIRTUAL
.   0  TT hits: 42, TT collisions: 0 Req: 85, (49.411766)
 42 42 42 
.   0  run: sec: 0, usec: 623106, t: 1
.   0  Nodes per Second:     6900 (1 sec.)
.   0  AREA POS: #:   0 (  0%) #n:      0  nodes/search:   0
.   0  AREA NEG: #:  42 (100%) #n:   1218  nodes/search:  29
.   0  DL   POS: #:   0 (  0%) #n:      0  nodes/search:   0
.   0  DL   NEG: #:   0 (  0%) #n:      0  nodes/search:   0
.   0  PEN  POS: #:   0 (  0%) #n:      0  nodes/search:   0
.   0  PEN  NEG: #:   0 (  0%) #n:      0  nodes/search:   0
.   0  DeadTested:     0, PenTested :     9, patterns: 21, removed: 0, killed: 0
.   0  
.   0  Threshold 216 (132)
.   0  tt: Y, dl_mg: Y, dl2_mg: Y
.   0  area_srch: Y dl_srch: Y pen_srch: Y
.   0  scan_srch: Y
.   0  node limit: 1000, minimize: Y
.   0  st_testd: Y, dl_db: 7, cut_goal: Y
.   0  xdist: Y, auto: Y, local: Y(1,7,8)
.   0  lb_mp: Y, lb_cf: Y, lb_dd: Y(84/3), mc_tu: Y, mc_gm: Y
.   0  overestim: 0.00, hoverestim: 1.00, assume dead: N
.   0  limit patterns: Y, lazy maximize: Y
.   0  nodes searched: total: 6932, top level: 129
.   0  mini: 341, scan: 5556
.   0  AbortNodeCount: -1, TimeOut: 0 TimeOutType: VIRTUAL
.   0  TT hits: 43, TT collisions: 0 Req: 87, (49.425289)
 43 43 43 
.   0  run: sec: 0, usec: 625051, t: 1
.   0  Nodes per Second:     6932 (1 sec.)
.   0  AREA POS: #:   0 (  0%) #n:      0  nodes/search:   0
.   0  AREA NEG: #:  43 (100%) #n:   1247  nodes/search:  29
.   0  DL   POS: #:   0 (  0%) #n:      0  nodes/search:   0
.   0  DL   NEG: #:   0 (  0%) #n:      0  nodes/search:   0
.   0  PEN  POS: #:   0 (  0%) #n:      0  nodes/search:   0
.   0  PEN  NEG: #:   0 (  0%) #n:      0  nodes/search:   0
.   0  DeadTested:     0, PenTested :     9, patterns: 21, removed: 0, killed: 0
.   0  
.   0  Threshold 218 (132)
.   0  tt: Y, dl_mg: Y, dl2_mg: Y
.   0  area_srch: Y dl_srch: Y pen_srch: Y
.   0  scan_srch: Y
.   0  node limit: 1000, minimize: Y
.   0  st_testd: Y, dl_db: 7, cut_goal: Y
.   0  xdist: Y, auto: Y, local: Y(1,7,8)
.   0  lb_mp: Y, lb_cf: Y, lb_dd: Y(86/3), mc_tu: Y, mc_gm: Y
.   0  overestim: 0.00, hoverestim: 1.00, assume dead: N
.   0  limit patterns: Y, lazy maximize: Y
.   0  nodes searched: total: 6964, top level: 132
.   0  mini: 341, scan: 5556
.   0  AbortNodeCount: -1, TimeOut: 0 TimeOutType: VIRTUAL
.   0  TT hits: 44, TT collisions: 0 Req: 89, (49.438202)
 44 44 44 
.   0  run: sec: 0, usec: 626990, t: 1
.   0  Nodes per Second:     6964 (1 sec.)
.   0  AREA POS: #:   0 (  0%) #n:      0  nodes/search:   0
.   0  AREA NEG: #:  44 (100%) #n:   1276  nodes/search:  29
.   0  DL   POS: #:   0 (  0%) #n:      0  nodes/search:   0
.   0  DL   NEG: #:   0 (  0%) #n:      0  nodes/search:   0
.   0  PEN  POS: #:   0 (  0%) #n:      0  nodes/search:   0
.   0  PEN  NEG: #:   0 (  0%) #n:      0  nodes/search:   0
.   0  DeadTested:     0, PenTested :     9, patterns: 21, removed: 0, killed: 0
.   0  
.   0  Threshold 220 (132)
.   0  tt: Y, dl_mg: Y, dl2_mg: Y
.   0  area_srch: Y dl_srch: Y pen_srch: Y
.   0  scan_srch: Y
.   0  node limit: 1000, minimize: Y
.   0  st_testd: Y, dl_db: 7, cut_goal: Y
.   0  xdist: Y, auto: Y, local: Y(1,7,8)
.   0  lb_mp: Y, lb_cf: Y, lb_dd: Y(88/3), mc_tu: Y, mc_gm: Y
.   0  overestim: 0.00, hoverestim: 1.00, assume dead: N
.   0  limit patterns: Y, lazy maximize: Y
.   0  nodes searched: total: 6996, top level: 135
.   0  mini: 341, scan: 5556
.   0  AbortNodeCount: -1, TimeOut: 0 TimeOutType: VIRTUAL
.   0  TT hits: 45, TT collisions: 0 Req: 91, (49.450550)
 45 45 45 
.   0  run: sec: 0, usec: 628935, t: 1
.   0  Nodes per Second:     6996 (1 sec.)
.   0  AREA POS: #:   0 (  0%) #n:      0  nodes/search:   0
.   0  AREA NEG: #:  45 (100%) #n:   1305  nodes/search:  29
.   0  DL   POS: #:   0 (  0%) #n:      0  nodes/search:   0
.   0  DL   NEG: #:   0 (  0%) #n:      0  nodes/search:   0
.   0  PEN  POS: #:   0 (  0%) #n:      0  nodes/search:   0
.   0  PEN  NEG: #:   0 (  0%) #n:      0  nodes/search:   0
.   0  DeadTested:     0, PenTested :     9, patterns: 21, removed: 0, killed: 0
.   0  
.   0  Threshold 222 (132)
.   0  tt: Y, dl_mg: Y, dl2_mg: Y
.   0  area_srch: Y dl_srch: Y pen_srch: Y
.   0  scan_srch: Y
.   0  node limit: 1000, minimize: Y
.   0  st_testd: Y, dl_db: 7, cut_goal: Y
.   0  xdist: Y, auto: Y, local: Y(1,7,8)
.   0  lb_mp: Y, lb_cf: Y, lb_dd: Y(90/3), mc_tu: Y, mc_gm: Y
.   0  overestim: 0.00, hoverestim: 1.00, assume dead: N
.   0  limit patterns: Y, lazy maximize: Y
.   0  nodes searched: total: 7028, top level: 138
.   0  mini: 341, scan: 5556
.   0  AbortNodeCount: -1, TimeOut: 0 TimeOutType: VIRTUAL
.   0  TT hits: 46, TT collisions: 0 Req: 93, (49.462364)
 46 46 46 
.   0  run: sec: 0, usec: 630896, t: 1
.   0  Nodes per Second:     7028 (1 sec.)
.   0  AREA POS: #:   0 (  0%) #n:      0  nodes/search:   0
.   0  AREA NEG: #:  46 (100%) #n:   1334  nodes/search:  29
.   0  DL   POS: #:   0 (  0%) #n:      0  nodes/search:   0
.   0  DL   NEG: #:   0 (  0%) #n:      0  nodes/search:   0
.   0  PEN  POS: #:   0 (  0%) #n:      0  nodes/search:   0
.   0  PEN  NEG: #:   0 (  0%) #n:      0  nodes/search:   0
.   0  DeadTested:     0, PenTested :     9, patterns: 21, removed: 0, killed: 0
.   0  
.   0  Threshold 224 (132)
.   0  tt: Y, dl_mg: Y, dl2_mg: Y
.   0  area_srch: Y dl_srch: Y pen_srch: Y
.   0  scan_srch: Y
.   0  node limit: 1000, minimize: Y
.   0  st_testd: Y, dl_db: 7, cut_goal: Y
.   0  xdist: Y, auto: Y, local: Y(1,7,8)
.   0  lb_mp: Y, lb_cf: Y, lb_dd: Y(92/3), mc_tu: Y, mc_gm: Y
.   0  overestim: 0.00, hoverestim: 1.00, assume dead: N
.   0  limit patterns: Y, lazy maximize: Y
.   0  nodes searched: total: 7060, top level: 141
.   0  mini: 341, scan: 5556
.   0  AbortNodeCount: -1, TimeOut: 0 TimeOutType: VIRTUAL
.   0  TT hits: 47, TT collisions: 0 Req: 95, (49.473682)
 47 47 47 
.   0  run: sec: 0, usec: 632830, t: 1
.   0  Nodes per Second:     7060 (1 sec.)
.   0  AREA POS: #:   0 (  0%) #n:      0  nodes/search:   0
.   0  AREA NEG: #:  47 (100%) #n:   1363  nodes/search:  29
.   0  DL   POS: #:   0 (  0%) #n:      0  nodes/search:   0
.   0  DL   NEG: #:   0 (  0%) #n:      0  nodes/search:   0
.   0  PEN  POS: #:   0 (  0%) #n:      0  nodes/search:   0
.   0  PEN  NEG: #:   0 (  0%) #n:      0  nodes/search:   0
.   0  DeadTested:     0, PenTested :     9, patterns: 21, removed: 0, killed: 0
.   0  
.   0  Threshold 226 (132)
.   0  tt: Y, dl_mg: Y, dl2_mg: Y
.   0  area_srch: Y dl_srch: Y pen_srch: Y
.   0  scan_srch: Y
.   0  node limit: 1000, minimize: Y
.   0  st_testd: Y, dl_db: 7, cut_goal: Y
.   0  xdist: Y, auto: Y, local: Y(1,7,8)
.   0  lb_mp: Y, lb_cf: Y, lb_dd: Y(94/3), mc_tu: Y, mc_gm: Y
.   0  overestim: 0.00, hoverestim: 1.00, assume dead: N
.   0  limit patterns: Y, lazy maximize: Y
.   0  nodes searched: total: 7092, top level: 144
.   0  mini: 341, scan: 5556
.   0  AbortNodeCount: -1, TimeOut: 0 TimeOutType: VIRTUAL
.   0  TT hits: 48, TT collisions: 0 Req: 97, (49.484535)
 48 48 48 
.   0  run: sec: 0, usec: 635686, t: 1
.   0  Nodes per Second:     7092 (1 sec.)
.   0  AREA POS: #:   0 (  0%) #n:      0  nodes/search:   0
.   0  AREA NEG: #:  48 (100%) #n:   1392  nodes/search:  29
.   0  DL   POS: #:   0 (  0%) #n:      0  nodes/search:   0
.   0  DL   NEG: #:   0 (  0%) #n:      0  nodes/search:   0
.   0  PEN  POS: #:   0 (  0%) #n:      0  nodes/search:   0
.   0  PEN  NEG: #:   0 (  0%) #n:      0  nodes/search:   0
.   0  DeadTested:     0, PenTested :     9, patterns: 21, removed: 0, killed: 0
.   0  
.   0  Threshold 228 (132)
.   0  tt: Y, dl_mg: Y, dl2_mg: Y
.   0  area_srch: Y dl_srch: Y pen_srch: Y
.   0  scan_srch: Y
.   0  node limit: 1000, minimize: Y
.   0  st_testd: Y, dl_db: 7, cut_goal: Y
.   0  xdist: Y, auto: Y, local: Y(1,7,8)
.   0  lb_mp: Y, lb_cf: Y, lb_dd: Y(96/3), mc_tu: Y, mc_gm: Y
.   0  overestim: 0.00, hoverestim: 1.00, assume dead: N
.   0  limit patterns: Y, lazy maximize: Y
.   0  nodes searched: total: 7124, top level: 147
.   0  mini: 341, scan: 5556
.   0  AbortNodeCount: -1, TimeOut: 0 TimeOutType: VIRTUAL
.   0  TT hits: 49, TT collisions: 0 Req: 99, (49.494949)
 49 49 49 
.   0  run: sec: 0, usec: 638627, t: 1
.   0  Nodes per Second:     7124 (1 sec.)
.   0  AREA POS: #:   0 (  0%) #n:      0  nodes/search:   0
.   0  AREA NEG: #:  49 (100%) #n:   1421  nodes/search:  29
.   0  DL   POS: #:   0 (  0%) #n:      0  nodes/search:   0
.   0  DL   NEG: #:   0 (  0%) #n:      0  nodes/search:   0
.   0  PEN  POS: #:   0 (  0%) #n:      0  nodes/search:   0
.   0  PEN  NEG: #:   0 (  0%) #n:      0  nodes/search:   0
.   0  DeadTested:     0, PenTested :     9, patterns: 21, removed: 0, killed: 0
.   0  
.   0  Threshold 230 (132)
.   0  tt: Y, dl_mg: Y, dl2_mg: Y
.   0  area_srch: Y dl_srch: Y pen_srch: Y
.   0  scan_srch: Y
.   0  node limit: 1000, minimize: Y
.   0  st_testd: Y, dl_db: 7, cut_goal: Y
.   0  xdist: Y, auto: Y, local: Y(1,7,8)
.   0  lb_mp: Y, lb_cf: Y, lb_dd: Y(98/3), mc_tu: Y, mc_gm: Y
.   0  overestim: 0.00, hoverestim: 1.00, assume dead: N
.   0  limit patterns: Y, lazy maximize: Y
.   0  nodes searched: total: 7156, top level: 150
.   0  mini: 341, scan: 5556
.   0  AbortNodeCount: -1, TimeOut: 0 TimeOutType: VIRTUAL
.   0  TT hits: 50, TT collisions: 0 Req: 101, (49.504951)
 50 50 50 
.   0  run: sec: 0, usec: 641575, t: 1
.   0  Nodes per Second:     7156 (1 sec.)
.   0  AREA POS: #:   0 (  0%) #n:      0  nodes/search:   0
.   0  AREA NEG: #:  50 (100%) #n:   1450  nodes/search:  29
.   0  DL   POS: #:   0 (  0%) #n:      0  nodes/search:   0
.   0  DL   NEG: #:   0 (  0%) #n:      0  nodes/search:   0
.   0  PEN  POS: #:   0 (  0%) #n:      0  nodes/search:   0
.   0  PEN  NEG: #:   0 (  0%) #n:      0  nodes/search:   0
.   0  DeadTested:     0, PenTested :     9, patterns: 21, removed: 0, killed: 0
.   0  
.   0  Threshold 232 (132)
.   0  tt: Y, dl_mg: Y, dl2_mg: Y
.   0  area_srch: Y dl_srch: Y pen_srch: Y
.   0  scan_srch: Y
.   0  node limit: 1000, minimize: Y
.   0  st_testd: Y, dl_db: 7, cut_goal: Y
.   0  xdist: Y, auto: Y, local: Y(1,7,8)
.   0  lb_mp: Y, lb_cf: Y, lb_dd: Y(100/3), mc_tu: Y, mc_gm: Y
.   0  overestim: 0.00, hoverestim: 1.00, assume dead: N
.   0  limit patterns: Y, lazy maximize: Y
.   0  nodes searched: total: 7188, top level: 153
.   0  mini: 341, scan: 5556
.   0  AbortNodeCount: -1, TimeOut: 0 TimeOutType: VIRTUAL
.   0  TT hits: 51, TT collisions: 0 Req: 103, (49.514565)
 51 51 51 
.   0  run: sec: 0, usec: 643531, t: 1
.   0  Nodes per Second:     7188 (1 sec.)
.   0  AREA POS: #:   0 (  0%) #n:      0  nodes/search:   0
.   0  AREA NEG: #:  51 (100%) #n:   1479  nodes/search:  29
.   0  DL   POS: #:   0 (  0%) #n:      0  nodes/search:   0
.   0  DL   NEG: #:   0 (  0%) #n:      0  nodes/search:   0
.   0  PEN  POS: #:   0 (  0%) #n:      0  nodes/search:   0
.   0  PEN  NEG: #:   0 (  0%) #n:      0  nodes/search:   0
.   0  DeadTested:     0, PenTested :     9, patterns: 21, removed: 0, killed: 0
.   0  
.   0  Threshold 234 (132)
.   0  tt: Y, dl_mg: Y, dl2_mg: Y
.   0  area_srch: Y dl_srch: Y pen_srch: Y
.   0  scan_srch: Y
.   0  node limit: 1000, minimize: Y
.   0  st_testd: Y, dl_db: 7, cut_goal: Y
.   0  xdist: Y, auto: Y, local: Y(1,7,8)
.   0  lb_mp: Y, lb_cf: Y, lb_dd: Y(102/3), mc_tu: Y, mc_gm: Y
.   0  overestim: 0.00, hoverestim: 1.00, assume dead: N
.   0  limit patterns: Y, lazy maximize: Y
.   0  nodes searched: total: 7220, top level: 156
.   0  mini: 341, scan: 5556
.   0  AbortNodeCount: -1, TimeOut: 0 TimeOutType: VIRTUAL
.   0  TT hits: 52, TT collisions: 0 Req: 105, (49.523811)
 52 52 52 
.   0  run: sec: 0, usec: 645477, t: 1
.   0  Nodes per Second:     7220 (1 sec.)
.   0  AREA POS: #:   0 (  0%) #n:      0  nodes/search:   0
.   0  AREA NEG: #:  52 (100%) #n:   1508  nodes/search:  29
.   0  DL   POS: #:   0 (  0%) #n:      0  nodes/search:   0
.   0  DL   NEG: #:   0 (  0%) #n:      0  nodes/search:   0
.   0  PEN  POS: #:   0 (  0%) #n:      0  nodes/search:   0
.   0  PEN  NEG: #:   0 (  0%) #n:      0  nodes/search:   0
.   0  DeadTested:     0, PenTested :     9, patterns: 21, removed: 0, killed: 0
.   0  
.   0  Threshold 236 (132)
.   0  tt: Y, dl_mg: Y, dl2_mg: Y
.   0  area_srch: Y dl_srch: Y pen_srch: Y
.   0  scan_srch: Y
.   0  node limit: 1000, minimize: Y
.   0  st_testd: Y, dl_db: 7, cut_goal: Y
.   0  xdist: Y, auto: Y, local: Y(1,7,8)
.   0  lb_mp: Y, lb_cf: Y, lb_dd: Y(104/3), mc_tu: Y, mc_gm: Y
.   0  overestim: 0.00, hoverestim: 1.00, assume dead: N
.   0  limit patterns: Y, lazy maximize: Y
.   0  nodes searched: total: 7252, top level: 159
.   0  mini: 341, scan: 5556
.   0  AbortNodeCount: -1, TimeOut: 0 TimeOutType: VIRTUAL
.   0  TT hits: 53, TT collisions: 0 Req: 107, (49.532711)
 53 53 53 
.   0  run: sec: 0, usec: 648438, t: 1
.   0  Nodes per Second:     7252 (1 sec.)
.   0  AREA POS: #:   0 (  0%) #n:      0  nodes/search:   0
.   0  AREA NEG: #:  53 (100%) #n:   1537  nodes/search:  29
.   0  DL   POS: #:   0 (  0%) #n:      0  nodes/search:   0
.   0  DL   NEG: #:   0 (  0%) #n:      0  nodes/search:   0
.   0  PEN  POS: #:   0 (  0%) #n:      0  nodes/search:   0
.   0  PEN  NEG: #:   0 (  0%) #n:      0  nodes/search:   0
.   0  DeadTested:     0, PenTested :     9, patterns: 21, removed: 0, killed: 0
.   0  
.   0  Threshold 238 (132)
.   0  tt: Y, dl_mg: Y, dl2_mg: Y
.   0  area_srch: Y dl_srch: Y pen_srch: Y
.   0  scan_srch: Y
.   0  node limit: 1000, minimize: Y
.   0  st_testd: Y, dl_db: 7, cut_goal: Y
.   0  xdist: Y, auto: Y, local: Y(1,7,8)
.   0  lb_mp: Y, lb_cf: Y, lb_dd: Y(106/3), mc_tu: Y, mc_gm: Y
.   0  overestim: 0.00, hoverestim: 1.00, assume dead: N
.   0  limit patterns: Y, lazy maximize: Y
.   0  nodes searched: total: 7284, top level: 162
.   0  mini: 341, scan: 5556
.   0  AbortNodeCount: -1, TimeOut: 0 TimeOutType: VIRTUAL
.   0  TT hits: 54, TT collisions: 0 Req: 109, (49.541283)
 54 54 54 
.   0  run: sec: 0, usec: 650385, t: 1
.   0  Nodes per Second:     7284 (1 sec.)
.   0  AREA POS: #:   0 (  0%) #n:      0  nodes/search:   0
.   0  AREA NEG: #:  54 (100%) #n:   1566  nodes/search:  29
.   0  DL   POS: #:   0 (  0%) #n:      0  nodes/search:   0
.   0  DL   NEG: #:   0 (  0%) #n:      0  nodes/search:   0
.   0  PEN  POS: #:   0 (  0%) #n:      0  nodes/search:   0
.   0  PEN  NEG: #:   0 (  0%) #n:      0  nodes/search:   0
.   0  DeadTested:     0, PenTested :     9, patterns: 21, removed: 0, killed: 0
.   0  
.   0  Threshold 240 (132)
.   0  tt: Y, dl_mg: Y, dl2_mg: Y
.   0  area_srch: Y dl_srch: Y pen_srch: Y
.   0  scan_srch: Y
.   0  node limit: 1000, minimize: Y
.   0  st_testd: Y, dl_db: 7, cut_goal: Y
.   0  xdist: Y, auto: Y, local: Y(1,7,8)
.   0  lb_mp: Y, lb_cf: Y, lb_dd: Y(108/3), mc_tu: Y, mc_gm: Y
.   0  overestim: 0.00, hoverestim: 1.00, assume dead: N
.   0  limit patterns: Y, lazy maximize: Y
.   0  nodes searched: total: 7316, top level: 165
.   0  mini: 341, scan: 5556
.   0  AbortNodeCount: -1, TimeOut: 0 TimeOutType: VIRTUAL
.   0  TT hits: 55, TT collisions: 0 Req: 111, (49.549549)
 55 55 55 
.   0  run: sec: 0, usec: 653325, t: 1
.   0  Nodes per Second:     7316 (1 sec.)
.   0  AREA POS: #:   0 (  0%) #n:      0  nodes/search:   0
.   0  AREA NEG: #:  55 (100%) #n:   1595  nodes/search:  29
.   0  DL   POS: #:   0 (  0%) #n:      0  nodes/search:   0
.   0  DL   NEG: #:   0 (  0%) #n:      0  nodes/search:   0
.   0  PEN  POS: #:   0 (  0%) #n:      0  nodes/search:   0
.   0  PEN  NEG: #:   0 (  0%) #n:      0  nodes/search:   0
.   0  DeadTested:     0, PenTested :     9, patterns: 21, removed: 0, killed: 0
.   0  
.   0  Threshold 242 (132)
.   0  tt: Y, dl_mg: Y, dl2_mg: Y
.   0  area_srch: Y dl_srch: Y pen_srch: Y
.   0  scan_srch: Y
.   0  node limit: 1000, minimize: Y
.   0  st_testd: Y, dl_db: 7, cut_goal: Y
.   0  xdist: Y, auto: Y, local: Y(1,7,8)
.   0  lb_mp: Y, lb_cf: Y, lb_dd: Y(110/3), mc_tu: Y, mc_gm: Y
.   0  overestim: 0.00, hoverestim: 1.00, assume dead: N
.   0  limit patterns: Y, lazy maximize: Y
.   0  nodes searched: total: 7348, top level: 168
.   0  mini: 341, scan: 5556
.   0  AbortNodeCount: -1, TimeOut: 0 TimeOutType: VIRTUAL
.   0  TT hits: 56, TT collisions: 0 Req: 113, (49.557522)
 56 56 56 
.   0  run: sec: 0, usec: 656274, t: 1
.   0  Nodes per Second:     7348 (1 sec.)
.   0  AREA POS: #:   0 (  0%) #n:      0  nodes/search:   0
.   0  AREA NEG: #:  56 (100%) #n:   1624  nodes/search:  29
.   0  DL   POS: #:   0 (  0%) #n:      0  nodes/search:   0
.   0  DL   NEG: #:   0 (  0%) #n:      0  nodes/search:   0
.   0  PEN  POS: #:   0 (  0%) #n:      0  nodes/search:   0
.   0  PEN  NEG: #:   0 (  0%) #n:      0  nodes/search:   0
.   0  DeadTested:     0, PenTested :     9, patterns: 21, removed: 0, killed: 0
.   0  
.   0  Threshold 244 (132)
.   0  tt: Y, dl_mg: Y, dl2_mg: Y
.   0  area_srch: Y dl_srch: Y pen_srch: Y
.   0  scan_srch: Y
.   0  node limit: 1000, minimize: Y
.   0  st_testd: Y, dl_db: 7, cut_goal: Y
.   0  xdist: Y, auto: Y, local: Y(1,7,8)
.   0  lb_mp: Y, lb_cf: Y, lb_dd: Y(112/3), mc_tu: Y, mc_gm: Y
.   0  overestim: 0.00, hoverestim: 1.00, assume dead: N
.   0  limit patterns: Y, lazy maximize: Y
.   0  nodes searched: total: 7380, top level: 171
.   0  mini: 341, scan: 5556
.   0  AbortNodeCount: -1, TimeOut: 0 TimeOutType: VIRTUAL
.   0  TT hits: 57, TT collisions: 0 Req: 115, (49.565216)
 57 57 57 
.   0  run: sec: 0, usec: 659228, t: 1
.   0  Nodes per Second:     7380 (1 sec.)
.   0  AREA POS: #:   0 (  0%) #n:      0  nodes/search:   0
.   0  AREA NEG: #:  57 (100%) #n:   1653  nodes/search:  29
.   0  DL   POS: #:   0 (  0%) #n:      0  nodes/search:   0
.   0  DL   NEG: #:   0 (  0%) #n:      0  nodes/search:   0
.   0  PEN  POS: #:   0 (  0%) #n:      0  nodes/search:   0
.   0  PEN  NEG: #:   0 (  0%) #n:      0  nodes/search:   0
.   0  DeadTested:     0, PenTested :     9, patterns: 21, removed: 0, killed: 0
.   0  
.   0  Threshold 246 (132)
.   0  tt: Y, dl_mg: Y, dl2_mg: Y
.   0  area_srch: Y dl_srch: Y pen_srch: Y
.   0  scan_srch: Y
.   0  node limit: 1000, minimize: Y
.   0  st_testd: Y, dl_db: 7, cut_goal: Y
.   0  xdist: Y, auto: Y, local: Y(1,7,8)
.   0  lb_mp: Y, lb_cf: Y, lb_dd: Y(114/3), mc_tu: Y, mc_gm: Y
.   0  overestim: 0.00, hoverestim: 1.00, assume dead: N
.   0  limit patterns: Y, lazy maximize: Y
.   0  nodes searched: total: 7412, top level: 174
.   0  mini: 341, scan: 5556
.   0  AbortNodeCount: -1, TimeOut: 0 TimeOutType: VIRTUAL
.   0  TT hits: 58, TT collisions: 0 Req: 117, (49.572651)
 58 58 58 
.   0  run: sec: 0, usec: 661182, t: 1
.   0  Nodes per Second:     7412 (1 sec.)
.   0  AREA POS: #:   0 (  0%) #n:      0  nodes/search:   0
.   0  AREA NEG: #:  58 (100%) #n:   1682  nodes/search:  29
.   0  DL   POS: #:   0 (  0%) #n:      0  nodes/search:   0
.   0  DL   NEG: #:   0 (  0%) #n:      0  nodes/search:   0
.   0  PEN  POS: #:   0 (  0%) #n:      0  nodes/search:   0
.   0  PEN  NEG: #:   0 (  0%) #n:      0  nodes/search:   0
.   0  DeadTested:     0, PenTested :     9, patterns: 21, removed: 0, killed: 0
.   0  
.   0  Threshold 248 (132)
.   0  tt: Y, dl_mg: Y, dl2_mg: Y
.   0  area_srch: Y dl_srch: Y pen_srch: Y
.   0  scan_srch: Y
.   0  node limit: 1000, minimize: Y
.   0  st_testd: Y, dl_db: 7, cut_goal: Y
.   0  xdist: Y, auto: Y, local: Y(1,7,8)
.   0  lb_mp: Y, lb_cf: Y, lb_dd: Y(116/3), mc_tu: Y, mc_gm: Y
.   0  overestim: 0.00, hoverestim: 1.00, assume dead: N
.   0  limit patterns: Y, lazy maximize: Y
.   0  nodes searched: total: 7444, top level: 177
.   0  mini: 341, scan: 5556
.   0  AbortNodeCount: -1, TimeOut: 0 TimeOutType: VIRTUAL
.   0  TT hits: 59, TT collisions: 0 Req: 119, (49.579830)
 59 59 59 
.   0  run: sec: 0, usec: 663131, t: 1
.   0  Nodes per Second:     7444 (1 sec.)
.   0  AREA POS: #:   0 (  0%) #n:      0  nodes/search:   0
.   0  AREA NEG: #:  59 (100%) #n:   1711  nodes/search:  29
.   0  DL   POS: #:   0 (  0%) #n:      0  nodes/search:   0
.   0  DL   NEG: #:   0 (  0%) #n:      0  nodes/search:   0
.   0  PEN  POS: #:   0 (  0%) #n:      0  nodes/search:   0
.   0  PEN  NEG: #:   0 (  0%) #n:      0  nodes/search:   0
.   0  DeadTested:     0, PenTested :     9, patterns: 21, removed: 0, killed: 0
.   0  
.   0  Threshold 250 (132)
.   0  tt: Y, dl_mg: Y, dl2_mg: Y
.   0  area_srch: Y dl_srch: Y pen_srch: Y
.   0  scan_srch: Y
.   0  node limit: 1000, minimize: Y
.   0  st_testd: Y, dl_db: 7, cut_goal: Y
.   0  xdist: Y, auto: Y, local: Y(1,7,8)
.   0  lb_mp: Y, lb_cf: Y, lb_dd: Y(118/3), mc_tu: Y, mc_gm: Y
.   0  overestim: 0.00, hoverestim: 1.00, assume dead: N
.   0  limit patterns: Y, lazy maximize: Y
.   0  nodes searched: total: 7476, top level: 180
.   0  mini: 341, scan: 5556
.   0  AbortNodeCount: -1, TimeOut: 0 TimeOutType: VIRTUAL
.   0  TT hits: 60, TT collisions: 0 Req: 121, (49.586777)
 60 60 60 
.   0  run: sec: 0, usec: 666073, t: 1
.   0  Nodes per Second:     7476 (1 sec.)
.   0  AREA POS: #:   0 (  0%) #n:      0  nodes/search:   0
.   0  AREA NEG: #:  60 (100%) #n:   1740  nodes/search:  29
.   0  DL   POS: #:   0 (  0%) #n:      0  nodes/search:   0
.   0  DL   NEG: #:   0 (  0%) #n:      0  nodes/search:   0
.   0  PEN  POS: #:   0 (  0%) #n:      0  nodes/search:   0
.   0  PEN  NEG: #:   0 (  0%) #n:      0  nodes/search:   0
.   0  DeadTested:     0, PenTested :     9, patterns: 21, removed: 0, killed: 0
.   0  
.   0  Threshold 252 (132)
.   0  tt: Y, dl_mg: Y, dl2_mg: Y
.   0  area_srch: Y dl_srch: Y pen_srch: Y
.   0  scan_srch: Y
.   0  node limit: 1000, minimize: Y
.   0  st_testd: Y, dl_db: 7, cut_goal: Y
.   0  xdist: Y, auto: Y, local: Y(1,7,8)
.   0  lb_mp: Y, lb_cf: Y, lb_dd: Y(120/3), mc_tu: Y, mc_gm: Y
.   0  overestim: 0.00, hoverestim: 1.00, assume dead: N
.   0  limit patterns: Y, lazy maximize: Y
.   0  nodes searched: total: 7508, top level: 183
.   0  mini: 341, scan: 5556
.   0  AbortNodeCount: -1, TimeOut: 0 TimeOutType: VIRTUAL
.   0  TT hits: 61, TT collisions: 0 Req: 123, (49.593494)
 61 61 61 
.   0  run: sec: 0, usec: 668031, t: 1
.   0  Nodes per Second:     7508 (1 sec.)
.   0  AREA POS: #:   0 (  0%) #n:      0  nodes/search:   0
.   0  AREA NEG: #:  61 (100%) #n:   1769  nodes/search:  29
.   0  DL   POS: #:   0 (  0%) #n:      0  nodes/search:   0
.   0  DL   NEG: #:   0 (  0%) #n:      0  nodes/search:   0
.   0  PEN  POS: #:   0 (  0%) #n:      0  nodes/search:   0
.   0  PEN  NEG: #:   0 (  0%) #n:      0  nodes/search:   0
.   0  DeadTested:     0, PenTested :     9, patterns: 21, removed: 0, killed: 0
.   0  
.   0  Threshold 254 (132)
.   0  tt: Y, dl_mg: Y, dl2_mg: Y
.   0  area_srch: Y dl_srch: Y pen_srch: Y
.   0  scan_srch: Y
.   0  node limit: 1000, minimize: Y
.   0  st_testd: Y, dl_db: 7, cut_goal: Y
.   0  xdist: Y, auto: Y, local: Y(1,7,8)
.   0  lb_mp: Y, lb_cf: Y, lb_dd: Y(122/3), mc_tu: Y, mc_gm: Y
.   0  overestim: 0.00, hoverestim: 1.00, assume dead: N
.   0  limit patterns: Y, lazy maximize: Y
.   0  nodes searched: total: 7540, top level: 186
.   0  mini: 341, scan: 5556
.   0  AbortNodeCount: -1, TimeOut: 0 TimeOutType: VIRTUAL
.   0  TT hits: 62, TT collisions: 0 Req: 125, (49.599998)
 62 62 62 
.   0  run: sec: 0, usec: 669977, t: 1
.   0  Nodes per Second:     7540 (1 sec.)
.   0  AREA POS: #:   0 (  0%) #n:      0  nodes/search:   0
.   0  AREA NEG: #:  62 (100%) #n:   1798  nodes/search:  29
.   0  DL   POS: #:   0 (  0%) #n:      0  nodes/search:   0
.   0  DL   NEG: #:   0 (  0%) #n:      0  nodes/search:   0
.   0  PEN  POS: #:   0 (  0%) #n:      0  nodes/search:   0
.   0  PEN  NEG: #:   0 (  0%) #n:      0  nodes/search:   0
.   0  DeadTested:     0, PenTested :     9, patterns: 21, removed: 0, killed: 0
.   0  
.   0  Threshold 256 (132)
.   0  tt: Y, dl_mg: Y, dl2_mg: Y
.   0  area_srch: Y dl_srch: Y pen_srch: Y
.   0  scan_srch: Y
.   0  node limit: 1000, minimize: Y
.   0  st_testd: Y, dl_db: 7, cut_goal: Y
.   0  xdist: Y, auto: Y, local: Y(1,7,8)
.   0  lb_mp: Y, lb_cf: Y, lb_dd: Y(124/3), mc_tu: Y, mc_gm: Y
.   0  overestim: 0.00, hoverestim: 1.00, assume dead: N
.   0  limit patterns: Y, lazy maximize: Y
.   0  nodes searched: total: 7572, top level: 189
.   0  mini: 341, scan: 5556
.   0  AbortNodeCount: -1, TimeOut: 0 TimeOutType: VIRTUAL
.   0  TT hits: 63, TT collisions: 0 Req: 127, (49.606300)
 63 63 63 
.   0  run: sec: 0, usec: 671921, t: 1
.   0  Nodes per Second:     7572 (1 sec.)
.   0  AREA POS: #:   0 (  0%) #n:      0  nodes/search:   0
.   0  AREA NEG: #:  63 (100%) #n:   1827  nodes/search:  29
.   0  DL   POS: #:   0 (  0%) #n:      0  nodes/search:   0
.   0  DL   NEG: #:   0 (  0%) #n:      0  nodes/search:   0
.   0  PEN  POS: #:   0 (  0%) #n:      0  nodes/search:   0
.   0  PEN  NEG: #:   0 (  0%) #n:      0  nodes/search:   0
.   0  DeadTested:     0, PenTested :     9, patterns: 21, removed: 0, killed: 0
.   0  
.   0  Threshold 258 (132)
.   0  tt: Y, dl_mg: Y, dl2_mg: Y
.   0  area_srch: Y dl_srch: Y pen_srch: Y
.   0  scan_srch: Y
.   0  node limit: 1000, minimize: Y
.   0  st_testd: Y, dl_db: 7, cut_goal: Y
.   0  xdist: Y, auto: Y, local: Y(1,7,8)
.   0  lb_mp: Y, lb_cf: Y, lb_dd: Y(126/3), mc_tu: Y, mc_gm: Y
.   0  overestim: 0.00, hoverestim: 1.00, assume dead: N
.   0  limit patterns: Y, lazy maximize: Y
.   0  nodes searched: total: 7604, top level: 192
.   0  mini: 341, scan: 5556
.   0  AbortNodeCount: -1, TimeOut: 0 TimeOutType: VIRTUAL
.   0  TT hits: 64, TT collisions: 0 Req: 129, (49.612404)
 64 64 64 
.   0  run: sec: 0, usec: 673886, t: 1
.   0  Nodes per Second:     7604 (1 sec.)
.   0  AREA POS: #:   0 (  0%) #n:      0  nodes/search:   0
.   0  AREA NEG: #:  64 (100%) #n:   1856  nodes/search:  29
.   0  DL   POS: #:   0 (  0%) #n:      0  nodes/search:   0
.   0  DL   NEG: #:   0 (  0%) #n:      0  nodes/search:   0
.   0  PEN  POS: #:   0 (  0%) #n:      0  nodes/search:   0
.   0  PEN  NEG: #:   0 (  0%) #n:      0  nodes/search:   0
.   0  DeadTested:     0, PenTested :     9, patterns: 21, removed: 0, killed: 0
.   0  
.   0  Threshold 260 (132)
.   0  tt: Y, dl_mg: Y, dl2_mg: Y
.   0  area_srch: Y dl_srch: Y pen_srch: Y
.   0  scan_srch: Y
.   0  node limit: 1000, minimize: Y
.   0  st_testd: Y, dl_db: 7, cut_goal: Y
.   0  xdist: Y, auto: Y, local: Y(1,7,8)
.   0  lb_mp: Y, lb_cf: Y, lb_dd: Y(128/3), mc_tu: Y, mc_gm: Y
.   0  overestim: 0.00, hoverestim: 1.00, assume dead: N
.   0  limit patterns: Y, lazy maximize: Y
.   0  nodes searched: total: 7636, top level: 195
.   0  mini: 341, scan: 5556
.   0  AbortNodeCount: -1, TimeOut: 0 TimeOutType: VIRTUAL
.   0  TT hits: 65, TT collisions: 0 Req: 131, (49.618320)
 65 65 65 
.   0  run: sec: 0, usec: 675828, t: 1
.   0  Nodes per Second:     7636 (1 sec.)
.   0  AREA POS: #:   0 (  0%) #n:      0  nodes/search:   0
.   0  AREA NEG: #:  65 (100%) #n:   1885  nodes/search:  29
.   0  DL   POS: #:   0 (  0%) #n:      0  nodes/search:   0
.   0  DL   NEG: #:   0 (  0%) #n:      0  nodes/search:   0
.   0  PEN  POS: #:   0 (  0%) #n:      0  nodes/search:   0
.   0  PEN  NEG: #:   0 (  0%) #n:      0  nodes/search:   0
.   0  DeadTested:     0, PenTested :     9, patterns: 21, removed: 0, killed: 0
.   0  
.   0  Threshold 262 (132)
.   0  tt: Y, dl_mg: Y, dl2_mg: Y
.   0  area_srch: Y dl_srch: Y pen_srch: Y
.   0  scan_srch: Y
.   0  node limit: 1000, minimize: Y
.   0  st_testd: Y, dl_db: 7, cut_goal: Y
.   0  xdist: Y, auto: Y, local: Y(1,7,8)
.   0  lb_mp: Y, lb_cf: Y, lb_dd: Y(130/3), mc_tu: Y, mc_gm: Y
.   0  overestim: 0.00, hoverestim: 1.00, assume dead: N
.   0  limit patterns: Y, lazy maximize: Y
.   0  nodes searched: total: 7668, top level: 198
.   0  mini: 341, scan: 5556
.   0  AbortNodeCount: -1, TimeOut: 0 TimeOutType: VIRTUAL
.   0  TT hits: 66, TT collisions: 0 Req: 133, (49.624062)
 66 66 66 
.   0  run: sec: 0, usec: 678698, t: 1
.   0  Nodes per Second:     7668 (1 sec.)
.   0  AREA POS: #:   0 (  0%) #n:      0  nodes/search:   0
.   0  AREA NEG: #:  66 (100%) #n:   1914  nodes/search:  29
.   0  DL   POS: #:   0 (  0%) #n:      0  nodes/search:   0
.   0  DL   NEG: #:   0 (  0%) #n:      0  nodes/search:   0
.   0  PEN  POS: #:   0 (  0%) #n:      0  nodes/search:   0
.   0  PEN  NEG: #:   0 (  0%) #n:      0  nodes/search:   0
.   0  DeadTested:     0, PenTested :     9, patterns: 21, removed: 0, killed: 0
.   0  
removing goal macro
ScanSearch: h 132, nodes used: 7668
ScanSearch: h 132, nodes used: 8292
ScanSearch: h 132, nodes used: 8326
ScanSearch: h 132, nodes used: 8364
ScanSearch: h 132, nodes used: 8400
ScanSearch: h 132, nodes used: 8635
ScanSearch: h 132, nodes used: 8636
ScanSearch: h 132, nodes used: 8637
ScanSearch: h 132, nodes used: 8638
ScanSearch: h 132, nodes used: 8639
ScanSearch: h 132, nodes used: 8640
ScanSearch: h 132, nodes used: 9020
ScanSearch: h 132, nodes used: 9165
ScanSearch: h 132, nodes used: 9762
ScanSearch: h 132, nodes used: 11128
ScanSearch: h 132, nodes used: 12296
ScanSearch: h: 132->132, nodes used: 12453
.   0  Threshold 132 (132)
.   0  tt: Y, dl_mg: Y, dl2_mg: Y
.   0  area_srch: Y dl_srch: Y pen_srch: Y
.   0  scan_srch: Y
.   0  node limit: 1000, minimize: Y
.   0  st_testd: Y, dl_db: 7, cut_goal: Y
.   0  xdist: Y, auto: Y, local: Y(1,7,8)
.   0  lb_mp: Y, lb_cf: Y, lb_dd: Y(137/4), mc_tu: Y, mc_gm: Y
.   0  overestim: 0.00, hoverestim: 1.00, assume dead: N
.   0  limit patterns: Y, lazy maximize: Y
.   0  nodes searched: total: 39055, top level: 978
.   0  mini: 1206, scan: 12453
.   0  AbortNodeCount: -1, TimeOut: 0 TimeOutType: VIRTUAL
.   0  TT hits: 97, TT collisions: 0 Req: 426, (22.769953)
 67 75 86 24 32 38 48 66 76 81 83 76 59 52 48 38 23 6 
.   0  run: sec: 1, usec: 271624, t: 1
.   0  Nodes per Second:    39055 (1 sec.)
.   0  AREA POS: #:   3 (  2%) #n:     39  nodes/search:  13
.   0  AREA NEG: #: 144 ( 97%) #n:   3643  nodes/search:  25
.   0  DL   POS: #:   0 (  0%) #n:      0  nodes/search:   0
.   0  DL   NEG: #: 136 (100%) #n:   6017  nodes/search:  44
.   0  PEN  POS: #:   2 (  3%) #n:   1380  nodes/search: 690
.   0  PEN  NEG: #:  55 ( 96%) #n:   2822  nodes/search:  51
.   0  DeadTested:     0, PenTested :    72, patterns: 55, removed: 0, killed: 0
.   0  
.   0  Threshold 134 (132)
.   0  tt: Y, dl_mg: Y, dl2_mg: Y
.   0  area_srch: Y dl_srch: Y pen_srch: Y
.   0  scan_srch: Y
.   0  node limit: 1000, minimize: Y
.   0  st_testd: Y, dl_db: 7, cut_goal: Y
.   0  xdist: Y, auto: Y, local: Y(1,7,8)
.   0  lb_mp: Y, lb_cf: Y, lb_dd: Y(188/7), mc_tu: Y, mc_gm: Y
.   0  overestim: 0.00, hoverestim: 1.00, assume dead: N
.   0  limit patterns: Y, lazy maximize: Y
.   0  nodes searched: total: 176592, top level: 4861
.   0  mini: 9966, scan: 12453
.   0  AbortNodeCount: -1, TimeOut: 0 TimeOutType: VIRTUAL
.   0  TT hits: 662, TT collisions: 30 Req: 2023, (32.723679)
 68 84 124 81 98 125 169 250 343 412 467 473 445 400 371 338 267 174 100 48 16 6 2 
.   0  run: sec: 4, usec: 362906, t: 4
.   0  Nodes per Second:    44148 (4 sec.)
.   0  AREA POS: #:   4 (  0%) #n:    110  nodes/search:  27
.   0  AREA NEG: #: 763 ( 99%) #n:  16373  nodes/search:  21
.   0  DL   POS: #:   0 (  0%) #n:      0  nodes/search:   0
.   0  DL   NEG: #: 829 (100%) #n:  29737  nodes/search:  35
.   0  PEN  POS: #:  10 (  4%) #n:  11088  nodes/search: 1108
.   0  PEN  NEG: #: 240 ( 96%) #n:  16974  nodes/search:  70
.   0  DeadTested:     0, PenTested :   232, patterns: 181, removed: 7, killed: 0
.   0  
.   0  Threshold 136 (132)
.   0  tt: Y, dl_mg: Y, dl2_mg: Y
.   0  area_srch: Y dl_srch: Y pen_srch: Y
.   0  scan_srch: Y
.   0  node limit: 1000, minimize: Y
.   0  st_testd: Y, dl_db: 7, cut_goal: Y
.   0  xdist: Y, auto: Y, local: Y(1,7,8)
.   0  lb_mp: Y, lb_cf: Y, lb_dd: Y(308/7), mc_tu: Y, mc_gm: Y
.   0  overestim: 0.00, hoverestim: 1.00, assume dead: N
.   0  limit patterns: Y, lazy maximize: Y
.   0  nodes searched: total: 587355, top level: 14815
.   0  mini: 32878, scan: 12453
.   0  AbortNodeCount: -1, TimeOut: 0 TimeOutType: VIRTUAL
.   0  TT hits: 2889, TT collisions: 146 Req: 6450, (44.790699)
 69 93 162 158 206 248 350 531 774 1031 1199 1243 1267 1252 1223 1209 1165 970 690 426 246 144 87 49 19 4 
.   0  run: sec: 17, usec: 355132, t: 17
.   0  Nodes per Second:    34550 (17 sec.)
.   0  AREA POS: #:   4 (  0%) #n:    110  nodes/search:  27
.   0  AREA NEG: #: 2375 ( 99%) #n:  47390  nodes/search:  19
.   0  DL   POS: #:   0 (  0%) #n:      0  nodes/search:   0
.   0  DL   NEG: #: 2637 (100%) #n: 107739  nodes/search:  40
.   0  PEN  POS: #:  22 (  3%) #n:  32307  nodes/search: 1468
.   0  PEN  NEG: #: 531 ( 96%) #n:  42588  nodes/search:  80
.   0  DeadTested:     0, PenTested :   474, patterns: 488, removed: 34, killed: 0
.   0  
.   0  Threshold 138 (132)
.   0  tt: Y, dl_mg: Y, dl2_mg: Y
.   0  area_srch: Y dl_srch: Y pen_srch: Y
.   0  scan_srch: Y
.   0  node limit: 1000, minimize: Y
.   0  st_testd: Y, dl_db: 7, cut_goal: Y
.   0  xdist: Y, auto: Y, local: Y(1,7,8)
.   0  lb_mp: Y, lb_cf: Y, lb_dd: Y(1153/20), mc_tu: Y, mc_gm: Y
.   0  overestim: 0.00, hoverestim: 1.00, assume dead: N
.   0  limit patterns: Y, lazy maximize: Y
.   0  nodes searched: total: 1691834, top level: 43830
.   0  mini: 84806, scan: 12453
.   0  AbortNodeCount: -1, TimeOut: 0 TimeOutType: VIRTUAL
.   0  TT hits: 9085, TT collisions: 666 Req: 19307, (47.055473)
 70 102 200 235 357 452 608 925 1391 1979 2567 2779 3007 3279 3378 3487 3645 3552 3086 2450 1767 1281 956 721 525 356 228 155 112 88 52 27 10 3 
.   0  run: sec: 65, usec: 12689, t: 65
.   0  Nodes per Second:    26028 (65 sec.)
.   0  AREA POS: #:   6 (  0%) #n:    114  nodes/search:  19
.   0  AREA NEG: #: 7250 ( 99%) #n: 128330  nodes/search:  17
.   0  DL   POS: #:   0 (  0%) #n:      0  nodes/search:   0
.   0  DL   NEG: #: 8512 (100%) #n: 315411  nodes/search:  37
.   0  PEN  POS: #:  64 (  3%) #n:  85620  nodes/search: 1337
.   0  PEN  NEG: #: 1797 ( 96%) #n: 105236  nodes/search:  58
.   0  DeadTested:     0, PenTested :  1015, patterns: 800, removed: 104, killed: 440
.   0  
.   0  Threshold 140 (132)
