PrintPriority: 2
Command:Maze screens/screen.49:
       ####         
       #  ##        
       #   ##       
       #    ##      
     ###     ##     
  ####        #     
###  # #####  #     
#    # #0000  #     
# #    00000# #     
#    # #0000# #     
###  ####0### #     
  ####     ## ##    
     ###       #    
       #  ##   #    
       #########    
?                   
.   0  YES MACRO, nodes: 528 n: 3
Auto Set local cut parameter: 1,10, 7.
ScanSearch: h 104, nodes used: 0
ScanSearch: h 112, nodes used: 1731
ScanSearch: h 112, nodes used: 1942
ScanSearch: h 112, nodes used: 2157
ScanSearch: h 112, nodes used: 2408
ScanSearch: h 112, nodes used: 2628
ScanSearch: h 112, nodes used: 2860
ScanSearch: h 112, nodes used: 3112
ScanSearch: h 112, nodes used: 3365
ScanSearch: h 112, nodes used: 3366
ScanSearch: h 112, nodes used: 3600
ScanSearch: h 112, nodes used: 3862
ScanSearch: h: 104->112, nodes used: 4096
.   0  Threshold 112 (112)
.   0  tt: Y, dl_mg: Y, dl2_mg: Y
.   0  area_srch: Y dl_srch: Y pen_srch: Y
.   0  scan_srch: Y
.   0  node limit: 1000, minimize: Y
.   0  st_testd: Y, dl_db: 7, cut_goal: Y
.   0  xdist: Y, auto: Y, local: Y(1,10,7)
.   0  lb_mp: Y, lb_cf: Y, lb_dd: Y(0/1), mc_tu: Y, mc_gm: Y
.   0  overestim: 0.00, hoverestim: 1.00, assume dead: N
.   0  limit patterns: Y, lazy maximize: Y
.   0  nodes searched: total: 6892, top level: 10
.   0  mini: 785, scan: 4096
.   0  AbortNodeCount: -1, TimeOut: 0 TimeOutType: VIRTUAL
.   0  TT hits: 1, TT collisions: 0 Req: 8, (12.500000)
 1 1 1 1 2 2 2 
.   0  run: sec: 0, usec: 472811, t: 1
.   0  Nodes per Second:     6892 (1 sec.)
.   0  AREA POS: #:   1 ( 20%) #n:     28  nodes/search:  28
.   0  AREA NEG: #:   4 ( 80%) #n:    241  nodes/search:  60
.   0  DL   POS: #:   0 (  0%) #n:      0  nodes/search:   0
.   0  DL   NEG: #:   4 (100%) #n:    242  nodes/search:  60
.   0  PEN  POS: #:   0 (  0%) #n:      0  nodes/search:   0
.   0  PEN  NEG: #:   5 (100%) #n:    845  nodes/search: 169
.   0  DeadTested:     0, PenTested :     1, patterns: 17, removed: 1, killed: 0
.   0  
.   0  Threshold 114 (112)
.   0  tt: Y, dl_mg: Y, dl2_mg: Y
.   0  area_srch: Y dl_srch: Y pen_srch: Y
.   0  scan_srch: Y
.   0  node limit: 1000, minimize: Y
.   0  st_testd: Y, dl_db: 7, cut_goal: Y
.   0  xdist: Y, auto: Y, local: Y(1,10,7)
.   0  lb_mp: Y, lb_cf: Y, lb_dd: Y(0/1), mc_tu: Y, mc_gm: Y
.   0  overestim: 0.00, hoverestim: 1.00, assume dead: N
.   0  limit patterns: Y, lazy maximize: Y
.   0  nodes searched: total: 7446, top level: 20
.   0  mini: 1049, scan: 4096
.   0  AbortNodeCount: -1, TimeOut: 0 TimeOutType: VIRTUAL
.   0  TT hits: 7, TT collisions: 0 Req: 15, (46.666668)
 2 2 2 2 4 4 4 
.   0  run: sec: 0, usec: 478854, t: 1
.   0  Nodes per Second:     7446 (1 sec.)
.   0  AREA POS: #:   1 ( 16%) #n:     28  nodes/search:  28
.   0  AREA NEG: #:   5 ( 83%) #n:    253  nodes/search:  50
.   0  DL   POS: #:   0 (  0%) #n:      0  nodes/search:   0
.   0  DL   NEG: #:   5 (100%) #n:    252  nodes/search:  50
.   0  PEN  POS: #:   1 ( 16%) #n:    245  nodes/search: 245
.   0  PEN  NEG: #:   5 ( 83%) #n:    845  nodes/search: 169
.   0  DeadTested:     0, PenTested :     2, patterns: 21, removed: 1, killed: 0
.   0  
.   0  Threshold 116 (112)
.   0  tt: Y, dl_mg: Y, dl2_mg: Y
.   0  area_srch: Y dl_srch: Y pen_srch: Y
.   0  scan_srch: Y
.   0  node limit: 1000, minimize: Y
.   0  st_testd: Y, dl_db: 7, cut_goal: Y
.   0  xdist: Y, auto: Y, local: Y(1,10,7)
.   0  lb_mp: Y, lb_cf: Y, lb_dd: Y(0/1), mc_tu: Y, mc_gm: Y
.   0  overestim: 0.00, hoverestim: 1.00, assume dead: N
.   0  limit patterns: Y, lazy maximize: Y
.   0  nodes searched: total: 9385, top level: 30
.   0  mini: 1049, scan: 4096
.   0  AbortNodeCount: -1, TimeOut: 0 TimeOutType: VIRTUAL
.   0  TT hits: 13, TT collisions: 0 Req: 21, (61.904762)
 3 3 3 3 6 6 6 
.   0  run: sec: 0, usec: 529457, t: 1
.   0  Nodes per Second:     9385 (1 sec.)
.   0  AREA POS: #:   1 ( 10%) #n:     28  nodes/search:  28
.   0  AREA NEG: #:   9 ( 90%) #n:    340  nodes/search:  37
.   0  DL   POS: #:   0 (  0%) #n:      0  nodes/search:   0
.   0  DL   NEG: #:   9 (100%) #n:    465  nodes/search:  51
.   0  PEN  POS: #:   1 ( 10%) #n:    245  nodes/search: 245
.   0  PEN  NEG: #:   9 ( 90%) #n:   1058  nodes/search: 117
.   0  DeadTested:     0, PenTested :     2, patterns: 21, removed: 1, killed: 0
.   0  
.   0  Threshold 118 (112)
.   0  tt: Y, dl_mg: Y, dl2_mg: Y
.   0  area_srch: Y dl_srch: Y pen_srch: Y
.   0  scan_srch: Y
.   0  node limit: 1000, minimize: Y
.   0  st_testd: Y, dl_db: 7, cut_goal: Y
.   0  xdist: Y, auto: Y, local: Y(1,10,7)
.   0  lb_mp: Y, lb_cf: Y, lb_dd: Y(0/1), mc_tu: Y, mc_gm: Y
.   0  overestim: 0.00, hoverestim: 1.00, assume dead: N
.   0  limit patterns: Y, lazy maximize: Y
.   0  nodes searched: total: 9411, top level: 40
.   0  mini: 1049, scan: 4096
.   0  AbortNodeCount: -1, TimeOut: 0 TimeOutType: VIRTUAL
.   0  TT hits: 19, TT collisions: 0 Req: 27, (70.370369)
 4 4 4 4 8 8 8 
.   0  run: sec: 0, usec: 530820, t: 1
.   0  Nodes per Second:     9411 (1 sec.)
.   0  AREA POS: #:   1 ( 10%) #n:     28  nodes/search:  28
.   0  AREA NEG: #:   9 ( 90%) #n:    340  nodes/search:  37
.   0  DL   POS: #:   0 (  0%) #n:      0  nodes/search:   0
.   0  DL   NEG: #:  10 (100%) #n:    475  nodes/search:  47
.   0  PEN  POS: #:   1 ( 10%) #n:    245  nodes/search: 245
.   0  PEN  NEG: #:   9 ( 90%) #n:   1058  nodes/search: 117
.   0  DeadTested:     0, PenTested :     2, patterns: 21, removed: 1, killed: 0
.   0  
.   0  Threshold 120 (112)
.   0  tt: Y, dl_mg: Y, dl2_mg: Y
.   0  area_srch: Y dl_srch: Y pen_srch: Y
.   0  scan_srch: Y
.   0  node limit: 1000, minimize: Y
.   0  st_testd: Y, dl_db: 7, cut_goal: Y
.   0  xdist: Y, auto: Y, local: Y(1,10,7)
.   0  lb_mp: Y, lb_cf: Y, lb_dd: Y(0/1), mc_tu: Y, mc_gm: Y
.   0  overestim: 0.00, hoverestim: 1.00, assume dead: N
.   0  limit patterns: Y, lazy maximize: Y
.   0  nodes searched: total: 11350, top level: 50
.   0  mini: 1049, scan: 4096
.   0  AbortNodeCount: -1, TimeOut: 0 TimeOutType: VIRTUAL
.   0  TT hits: 25, TT collisions: 0 Req: 33, (75.757576)
 5 5 5 5 10 10 10 
.   0  run: sec: 0, usec: 580410, t: 1
.   0  Nodes per Second:    11350 (1 sec.)
.   0  AREA POS: #:   1 (  7%) #n:     28  nodes/search:  28
.   0  AREA NEG: #:  13 ( 92%) #n:    427  nodes/search:  32
.   0  DL   POS: #:   0 (  0%) #n:      0  nodes/search:   0
.   0  DL   NEG: #:  14 (100%) #n:    688  nodes/search:  49
.   0  PEN  POS: #:   1 (  7%) #n:    245  nodes/search: 245
.   0  PEN  NEG: #:  13 ( 92%) #n:   1271  nodes/search:  97
.   0  DeadTested:     0, PenTested :     2, patterns: 21, removed: 1, killed: 0
.   0  
.   0  Threshold 122 (112)
.   0  tt: Y, dl_mg: Y, dl2_mg: Y
.   0  area_srch: Y dl_srch: Y pen_srch: Y
.   0  scan_srch: Y
.   0  node limit: 1000, minimize: Y
.   0  st_testd: Y, dl_db: 7, cut_goal: Y
.   0  xdist: Y, auto: Y, local: Y(1,10,7)
.   0  lb_mp: Y, lb_cf: Y, lb_dd: Y(0/1), mc_tu: Y, mc_gm: Y
.   0  overestim: 0.00, hoverestim: 1.00, assume dead: N
.   0  limit patterns: Y, lazy maximize: Y
.   0  nodes searched: total: 11376, top level: 60
.   0  mini: 1049, scan: 4096
.   0  AbortNodeCount: -1, TimeOut: 0 TimeOutType: VIRTUAL
.   0  TT hits: 31, TT collisions: 0 Req: 39, (79.487183)
 6 6 6 6 12 12 12 
.   0  run: sec: 0, usec: 581741, t: 1
.   0  Nodes per Second:    11376 (1 sec.)
.   0  AREA POS: #:   1 (  7%) #n:     28  nodes/search:  28
.   0  AREA NEG: #:  13 ( 92%) #n:    427  nodes/search:  32
.   0  DL   POS: #:   0 (  0%) #n:      0  nodes/search:   0
.   0  DL   NEG: #:  15 (100%) #n:    698  nodes/search:  46
.   0  PEN  POS: #:   1 (  7%) #n:    245  nodes/search: 245
.   0  PEN  NEG: #:  13 ( 92%) #n:   1271  nodes/search:  97
.   0  DeadTested:     0, PenTested :     2, patterns: 21, removed: 1, killed: 0
.   0  
.   0  Threshold 124 (112)
.   0  tt: Y, dl_mg: Y, dl2_mg: Y
.   0  area_srch: Y dl_srch: Y pen_srch: Y
.   0  scan_srch: Y
.   0  node limit: 1000, minimize: Y
.   0  st_testd: Y, dl_db: 7, cut_goal: Y
.   0  xdist: Y, auto: Y, local: Y(1,10,7)
.   0  lb_mp: Y, lb_cf: Y, lb_dd: Y(0/2), mc_tu: Y, mc_gm: Y
.   0  overestim: 0.00, hoverestim: 1.00, assume dead: N
.   0  limit patterns: Y, lazy maximize: Y
.   0  nodes searched: total: 16321, top level: 87
.   0  mini: 1711, scan: 4096
.   0  AbortNodeCount: -1, TimeOut: 0 TimeOutType: VIRTUAL
.   0  TT hits: 37, TT collisions: 0 Req: 58, (63.793102)
 7 7 7 7 14 14 14 1 1 2 2 1 1 2 2 1 1 1 2 
.   0  run: sec: 0, usec: 677159, t: 1
.   0  Nodes per Second:    16321 (1 sec.)
.   0  AREA POS: #:   1 (  4%) #n:     28  nodes/search:  28
.   0  AREA NEG: #:  24 ( 96%) #n:    755  nodes/search:  31
.   0  DL   POS: #:   0 (  0%) #n:      0  nodes/search:   0
.   0  DL   NEG: #:  20 (100%) #n:    941  nodes/search:  47
.   0  PEN  POS: #:   2 (  7%) #n:   1128  nodes/search: 564
.   0  PEN  NEG: #:  24 ( 92%) #n:   1808  nodes/search:  75
.   0  DeadTested:     0, PenTested :    10, patterns: 29, removed: 1, killed: 0
.   0  
.   0  Threshold 126 (114)
.   0  tt: Y, dl_mg: Y, dl2_mg: Y
.   0  area_srch: Y dl_srch: Y pen_srch: Y
.   0  scan_srch: Y
.   0  node limit: 1000, minimize: Y
.   0  st_testd: Y, dl_db: 7, cut_goal: Y
.   0  xdist: Y, auto: Y, local: Y(1,10,7)
.   0  lb_mp: Y, lb_cf: Y, lb_dd: Y(341/4), mc_tu: Y, mc_gm: Y
.   0  overestim: 0.00, hoverestim: 1.00, assume dead: N
.   0  limit patterns: Y, lazy maximize: Y
.   0  nodes searched: total: 207931, top level: 37169
.   0  mini: 34599, scan: 4096
.   0  AbortNodeCount: -1, TimeOut: 0 TimeOutType: VIRTUAL
.   0  TT hits: 1588, TT collisions: 78 Req: 5469, (29.036386)
 8 8 8 8 16 16 16 3 5 7 6 7 12 21 35 50 105 233 376 372 258 192 150 127 106 88 66 45 28 33 123 221 299 351 392 474 539 573 606 666 784 879 906 857 739 538 400 315 236 146 82 42 18 5 
.   0  run: sec: 4, usec: 180269, t: 4
.   0  Nodes per Second:    51983 (4 sec.)
.   0  AREA POS: #:  22 (  1%) #n:   4895  nodes/search: 222
.   0  AREA NEG: #: 2124 ( 98%) #n:  42040  nodes/search:  19
.   0  DL   POS: #:   0 (  0%) #n:      0  nodes/search:   0
.   0  DL   NEG: #: 2323 (100%) #n:  29026  nodes/search:  12
.   0  PEN  POS: #:  21 (  6%) #n:  13331  nodes/search: 634
.   0  PEN  NEG: #: 322 ( 93%) #n:  18611  nodes/search:  57
.   0  DeadTested:     0, PenTested :   316, patterns: 104, removed: 3, killed: 0
.   0  
.   0  Threshold 128 (114)
.   0  tt: Y, dl_mg: Y, dl2_mg: Y
.   0  area_srch: Y dl_srch: Y pen_srch: Y
.   0  scan_srch: Y
.   0  node limit: 1000, minimize: Y
.   0  st_testd: Y, dl_db: 7, cut_goal: Y
.   0  xdist: Y, auto: Y, local: Y(1,10,7)
.   0  lb_mp: Y, lb_cf: Y, lb_dd: Y(1693/23), mc_tu: Y, mc_gm: Y
.   0  overestim: 0.00, hoverestim: 1.00, assume dead: N
.   0  limit patterns: Y, lazy maximize: Y
.   0  nodes searched: total: 334781, top level: 54576
.   0  mini: 41820, scan: 4096
.   0  AbortNodeCount: -1, TimeOut: 0 TimeOutType: VIRTUAL
.   0  TT hits: 3521, TT collisions: 222 Req: 11386, (30.923943)
 9 9 9 9 17 17 17 4 6 9 8 8 13 23 38 53 113 250 410 541 407 264 216 174 124 112 81 64 42 58 164 262 374 464 598 773 1036 1370 1584 1825 1900 1994 1919 1765 1512 1194 862 586 356 197 107 69 86 136 177 199 200 203 187 144 107 115 109 122 103 123 107 99 87 59 43 32 14 7 1 1 3 3 5 5 3 2 1 1 1 1 1 
.   0  run: sec: 6, usec: 929941, t: 7
.   0  Nodes per Second:    47826 (7 sec.)
.   0  AREA POS: #:  38 (  1%) #n:   8913  nodes/search: 234
.   0  AREA NEG: #: 3599 ( 98%) #n:  68361  nodes/search:  18
.   0  DL   POS: #:   0 (  0%) #n:      0  nodes/search:   0
.   0  DL   NEG: #: 4603 (100%) #n:  56805  nodes/search:  12
.   0  PEN  POS: #:  30 (  6%) #n:  20796  nodes/search: 693
.   0  PEN  NEG: #: 451 ( 93%) #n:  23490  nodes/search:  52
.   0  DeadTested:     0, PenTested :   446, patterns: 154, removed: 6, killed: 0
.   0  
Path:  Il-Jl Jm-Km-Lm-Mm-Nm-Mm-Lm-Km Nl-Nh*-Ng Mh-Ih* Jj-Lj* Gi-Di* Kf-Lf-Mf Jl-Jm-Jl-Li* Km-Jm-Jl-Ij* Jd-Jc-Jd-Je-Jf Kd-Ke Le-Lf Mf-Mg-Mh Ng-Nh-Ni Mh-Jh* Dj-Ej Ke-Le Lf-Mf Le-Lf Mf-Mg Ni-Nm*-Mm-Lm-Km-Jm Mg-Mh-Nh-Ni Lf-Mf-Mg Jf-Kf Ie-If Kf-Lf If-Jf Mg-Mh Lf-Mf-Mg Jf-Kf-Lf Ni-Nm* Mh-Nh-Ni Jm-Jl-Kj* Mg-Mh-Kh* Ej-Ei Di-Dj Ei-Ki* Lf-Mf-Mg-Mh-Lh Dj-Ej Nm-Mm-Lm-Km-Jm Ni-Nm* Jm-Jl-Ji* Nm-Mm-Lm-Km-Jm-Jl-Jj* Ej-Ei-Ii*
(moves: 128 depth: 86)
Moves: 683, Pushes: 128, Treedepth: 86
Total number of calling MarkReach(): 659448
Total number of cycles for MarkReach(): 4334478552
Average number of cycles per call: 6572.889071
Total number of while loop for MarkReach(): 38402583
Average number of cycles per loop: 112.869453
Total number of calling Moves(): 344609
Total number of cycles for Moves(): 4100193494
Average number of cycles per call: 11898.103340
Total number of while loop for Moves(): 22403120
Average number of cycles per loop: 183.018860
Command:
real	0m6.975s
user	0m6.935s
sys	0m0.036s
