PrintPriority: 2
Command:Maze screens/screen.20:
    ##########      
#####        ####   
#     #      #  #   
# ####### #### 0### 
# #    ## #  # 000# 
# #       #  # 0#0# 
# #    #     # 000# 
# #  ### ##    0#0# 
# ###  #  #  # 000# 
# #    #  #### 0#0# 
# #          # 000# 
#      #     #00#0# 
####  ###    #0000# 
   #       ###0000# 
   #      ## ###### 
?  ########         
.   0  YES MACRO, nodes: 2881 n: 2
Auto Set local cut parameter: 1,10, 9.
ScanSearch: h 446, nodes used: 0
ScanSearch: h 448, nodes used: 2183
ScanSearch: h 448, nodes used: 3439
ScanSearch: h 448, nodes used: 3493
ScanSearch: h 448, nodes used: 4836
ScanSearch: h 448, nodes used: 6133
ScanSearch: h 448, nodes used: 6163
ScanSearch: h 448, nodes used: 6180
ScanSearch: h 448, nodes used: 7555
ScanSearch: h 448, nodes used: 8916
ScanSearch: h 448, nodes used: 10287
ScanSearch: h 448, nodes used: 10295
ScanSearch: h 448, nodes used: 11652
ScanSearch: h 448, nodes used: 13905
ScanSearch: h 448, nodes used: 15291
ScanSearch: h 448, nodes used: 16776
ScanSearch: h 448, nodes used: 16816
ScanSearch: h 450, nodes used: 19156
ScanSearch: h: 446->452, nodes used: 24616
.   0  Threshold 452 (452)
.   0  tt: Y, dl_mg: Y, dl2_mg: Y
.   0  area_srch: Y dl_srch: Y pen_srch: Y
.   0  scan_srch: Y
.   0  node limit: 1000, minimize: Y
.   0  st_testd: Y, dl_db: 7, cut_goal: Y
.   0  xdist: Y, auto: Y, local: Y(1,10,9)
.   0  lb_mp: Y, lb_cf: Y, lb_dd: Y(106/2), mc_tu: Y, mc_gm: Y
.   0  overestim: 0.00, hoverestim: 1.00, assume dead: N
.   0  limit patterns: Y, lazy maximize: Y
.   0  nodes searched: total: 1427554, top level: 9936
.   0  mini: 122092, scan: 24616
.   0  AbortNodeCount: -1, TimeOut: 0 TimeOutType: VIRTUAL
.   0  TT hits: 1056, TT collisions: 2 Req: 2730, (38.681320)
 1 10 55 86 133 172 212 239 191 187 174 121 114 77 62 78 230 421 592 770 961 1267 1258 885 549 448 381 190 72 
.   0  run: sec: 63, usec: 983899, t: 64
.   0  Nodes per Second:    22306 (64 sec.)
.   0  AREA POS: #:  28 (  4%) #n:  15625  nodes/search: 558
.   0  AREA NEG: #: 651 ( 95%) #n:  43843  nodes/search:  67
.   0  DL   POS: #:   0 (  0%) #n:      0  nodes/search:   0
.   0  DL   NEG: #: 139 (100%) #n:  58677  nodes/search: 422
.   0  PEN  POS: #:  56 (  6%) #n: 138012  nodes/search: 2464
.   0  PEN  NEG: #: 862 ( 93%) #n: 233627  nodes/search: 271
.   0  DeadTested:     0, PenTested :   803, patterns: 399, removed: 34, killed: 0
.   0  
.   0  Threshold 454 (452)
