PrintPriority: 2
Command:Maze screens/screen.45:
##### ####          
#000# #  ####       
#000###     #       
#0000##     ###     
##0000##      #     
###0000##     #     
# ##0000#     #     
#  ##0# ### ####    
#   #0#        #    
#              #    
#   #        ###    
#  ######  ###      
# ##    ####        
###                 
                    
.   0  YES MACRO, nodes: 18 n: 1
Auto Set local cut parameter: 1,10, 10.
ScanSearch: h 284, nodes used: 0
ScanSearch: h 286, nodes used: 1214
ScanSearch: h 286, nodes used: 2286
ScanSearch: h 286, nodes used: 3419
ScanSearch: h 286, nodes used: 4559
ScanSearch: h 286, nodes used: 6567
ScanSearch: h 292, nodes used: 10545
ScanSearch: h 292, nodes used: 11664
ScanSearch: h 294, nodes used: 13637
ScanSearch: h 294, nodes used: 15681
ScanSearch: h 296, nodes used: 17402
ScanSearch: h 296, nodes used: 19003
ScanSearch: h 296, nodes used: 20744
ScanSearch: h 296, nodes used: 22667
ScanSearch: h 296, nodes used: 23932
ScanSearch: h 296, nodes used: 25214
ScanSearch: h 298, nodes used: 27416
ScanSearch: h: 284->298, nodes used: 28655
.   0  Threshold 298 (298)
.   0  tt: Y, dl_mg: Y, dl2_mg: Y
.   0  area_srch: Y dl_srch: Y pen_srch: Y
.   0  scan_srch: Y
.   0  node limit: 1000, minimize: Y
.   0  st_testd: Y, dl_db: 7, cut_goal: Y
.   0  xdist: Y, auto: Y, local: Y(1,10,10)
.   0  lb_mp: Y, lb_cf: Y, lb_dd: Y(0/1), mc_tu: Y, mc_gm: Y
.   0  overestim: 0.00, hoverestim: 1.00, assume dead: N
.   0  limit patterns: Y, lazy maximize: Y
.   0  nodes searched: total: 158244, top level: 117
.   0  mini: 29165, scan: 28655
.   0  AbortNodeCount: -1, TimeOut: 0 TimeOutType: VIRTUAL
.   0  TT hits: 5, TT collisions: 0 Req: 59, (8.474576)
 1 2 6 14 24 31 23 10 6 
.   0  run: sec: 2, usec: 489734, t: 2
.   0  Nodes per Second:    79122 (2 sec.)
.   0  AREA POS: #:   4 ( 11%) #n:   2104  nodes/search: 526
.   0  AREA NEG: #:  30 ( 88%) #n:  15120  nodes/search: 504
.   0  DL   POS: #:   0 (  0%) #n:      0  nodes/search:   0
.   0  DL   NEG: #:  21 (100%) #n:  16619  nodes/search: 791
.   0  PEN  POS: #:   2 (  4%) #n:    533  nodes/search: 266
.   0  PEN  NEG: #:  39 ( 95%) #n:  60393  nodes/search: 1548
.   0  DeadTested:     0, PenTested :     0, patterns: 172, removed: 21, killed: 0
.   0  
.   0  Threshold 300 (298)
.   0  tt: Y, dl_mg: Y, dl2_mg: Y
.   0  area_srch: Y dl_srch: Y pen_srch: Y
.   0  scan_srch: Y
.   0  node limit: 1000, minimize: Y
.   0  st_testd: Y, dl_db: 7, cut_goal: Y
.   0  xdist: Y, auto: Y, local: Y(1,10,10)
.   0  lb_mp: Y, lb_cf: Y, lb_dd: Y(0/1), mc_tu: Y, mc_gm: Y
.   0  overestim: 0.00, hoverestim: 1.00, assume dead: N
.   0  limit patterns: Y, lazy maximize: Y
.   0  nodes searched: total: 242163, top level: 439
.   0  mini: 48243, scan: 28655
.   0  AbortNodeCount: -1, TimeOut: 0 TimeOutType: VIRTUAL
.   0  TT hits: 41, TT collisions: 0 Req: 288, (14.236111)
 2 3 8 18 35 59 59 26 24 13 15 8 3 4 1 5 2 1 1 1 1 1 1 1 1 1 1 1 1 1 1 1 1 1 1 1 1 4 1 1 1 1 1 1 1 1 1 3 1 1 1 1 1 1 1 2 1 1 1 1 1 1 1 1 1 1 1 1 1 1 1 1 1 1 1 1 1 1 1 2 2 1 1 1 1 1 1 1 1 1 1 1 1 1 1 1 1 1 1 1 1 1 1 1 1 1 1 1 1 1 1 1 1 1 1 1 1 1 1 1 1 1 1 1 1 1 1 1 1 1 2 1 1 1 1 1 1 1 1 1 1 1 1 1 1 1 1 1 1 1 1 1 1 1 1 1 1 1 1 1 1 1 
.   0  run: sec: 4, usec: 355804, t: 4
.   0  Nodes per Second:    60541 (4 sec.)
.   0  AREA POS: #:  10 ( 10%) #n:   2736  nodes/search: 273
.   0  AREA NEG: #:  87 ( 89%) #n:  19077  nodes/search: 219
.   0  DL   POS: #:   0 (  0%) #n:      0  nodes/search:   0
.   0  DL   NEG: #:  62 (100%) #n:  29852  nodes/search: 481
.   0  PEN  POS: #:   9 ( 10%) #n:   7062  nodes/search: 784
.   0  PEN  NEG: #:  81 ( 90%) #n:  99727  nodes/search: 1231
.   0  DeadTested:     0, PenTested :    22, patterns: 284, removed: 26, killed: 0
.   0  
Path:  Dj-Cj Hj-Ij-Jj Hi-Hj-Gj Ki-Li Jj-Ij Jk-Jj Ik-Jk-Kk Jj-Ji Ij-Hj Gk-Hk-Ik Hj-Hi Gj-Fj-Bb* Hi-Hj-Gj-Fj-Cb* Cj-Dj-Gj*-Fj-Bc* Ji-Ii-Hi-Hj-Gj-Fj-Db* Ci-Cj-Dj-Gj*-Fj-Cc* Mj-Nj-Mj-Lj-Kj-Jj-Ij-Hj-Gj-Fj-Bd* Li-Ki-Ji-Ii-Hi-Hj-Gj-Fj-Dc* Kk-Kj-Jj-Ij-Hj-Gj-Fj-Cd* Ik-Jk-Jj-Ij-Hj-Gj-Fj-Dd* Lk-Kk-Jk-Jj-Ij-Hj-Gj-Fj-Ce* Lg-Lf Mf-Mg Le-Ke Lf-Lg-Lj*-Kj-Jj-Ij-Hj-Gj-Fj-Ed* Mg-Lg-Lj*-Kj-Jj-Ij-Hj-Gj-Fj-De* Kf-Lf-Lg-Lj*-Kj-Jj-Ij-Hj-Gj-Fj-Ee* Ke-Kf-Kg-Lg-Lj*-Kj-Jj-Ij-Hj-Gj-Fj-Df* Ld-Le-Lf-Lg-Lj*-Kj-Jj-Ij-Hj-Gj-Fj-Fe* Id-Ic-Id-Jd-Kd-Ke-Kf-Kg-Lg-Lj*-Kj-Jj-Ij-Hj-Gj-Fj-Ef* Jc-Ic-Id-Jd-Je-Ke-Kf-Kg-Lg-Lj*-Kj-Jj-Ij-Hj-Gj-Fj-Ff*
(moves: 300 depth: 161)
Moves: 865, Pushes: 300, Treedepth: 161
Total number of calling MarkReach(): 297207
Total number of cycles for MarkReach(): 1943131437
Average number of cycles per call: 6537.973322
Total number of while loop for MarkReach(): 17567188
Average number of cycles per loop: 110.611410
Total number of calling Moves(): 105482
Total number of cycles for Moves(): 1508328903
Average number of cycles per call: 14299.396134
Total number of while loop for Moves(): 8766918
Average number of cycles per loop: 172.047794
Command:
real	0m4.386s
user	0m4.366s
sys	0m0.018s
