PrintPriority: 2
Command:Maze screens/screen.15:
   ########         
   #   #  #         
   #      #         
 ### #    ####      
 #     ##    #      
 #  #     #  #      
 #  #        ####   
 ## #### ##     #   
 #  #00000# #   #   
 #   000000 # ###   
##  #00000#   #     
#   ###0#######     
#     #  #          
#  #     #          
######   #          
?    #####          
.   0  YES MACRO, nodes: 2805 n: 3
Auto Set local cut parameter: 1,7, 9.
ScanSearch: h 98, nodes used: 0
ScanSearch: h 98, nodes used: 1186
ScanSearch: h 98, nodes used: 2702
ScanSearch: h 100, nodes used: 4391
ScanSearch: h 100, nodes used: 5657
ScanSearch: h 100, nodes used: 6921
ScanSearch: h 100, nodes used: 8087
ScanSearch: h 100, nodes used: 9354
ScanSearch: h 100, nodes used: 10615
ScanSearch: h 106, nodes used: 12689
ScanSearch: h 106, nodes used: 13910
ScanSearch: h 106, nodes used: 13911
ScanSearch: h 106, nodes used: 13912
ScanSearch: h 106, nodes used: 15171
ScanSearch: h 106, nodes used: 16452
ScanSearch: h: 98->108, nodes used: 17893
.   0  Threshold 108 (108)
.   0  tt: Y, dl_mg: Y, dl2_mg: Y
.   0  area_srch: Y dl_srch: Y pen_srch: Y
.   0  scan_srch: Y
.   0  node limit: 1000, minimize: Y
.   0  st_testd: Y, dl_db: 7, cut_goal: Y
.   0  xdist: Y, auto: Y, local: Y(1,7,9)
.   0  lb_mp: Y, lb_cf: Y, lb_dd: Y(0/1), mc_tu: Y, mc_gm: Y
.   0  overestim: 0.00, hoverestim: 1.00, assume dead: N
.   0  limit patterns: Y, lazy maximize: Y
.   0  nodes searched: total: 30132, top level: 11
.   0  mini: 3204, scan: 17893
.   0  AbortNodeCount: -1, TimeOut: 0 TimeOutType: VIRTUAL
.   0  TT hits: 1, TT collisions: 0 Req: 8, (12.500000)
 1 3 3 1 1 1 1 
.   0  run: sec: 2, usec: 22678, t: 2
.   0  Nodes per Second:    15066 (2 sec.)
.   0  AREA POS: #:   0 (  0%) #n:      0  nodes/search:   0
.   0  AREA NEG: #:   3 (100%) #n:     74  nodes/search:  24
.   0  DL   POS: #:   0 (  0%) #n:      0  nodes/search:   0
.   0  DL   NEG: #:   4 (100%) #n:   4000  nodes/search: 1000
.   0  PEN  POS: #:   0 (  0%) #n:      0  nodes/search:   0
.   0  PEN  NEG: #:   5 (100%) #n:   5534  nodes/search: 1106
.   0  DeadTested:     0, PenTested :     0, patterns: 37, removed: 10, killed: 0
.   0  
.   0  Threshold 110 (110)
.   0  tt: Y, dl_mg: Y, dl2_mg: Y
.   0  area_srch: Y dl_srch: Y pen_srch: Y
.   0  scan_srch: Y
.   0  node limit: 1000, minimize: Y
.   0  st_testd: Y, dl_db: 7, cut_goal: Y
.   0  xdist: Y, auto: Y, local: Y(1,7,9)
.   0  lb_mp: Y, lb_cf: Y, lb_dd: Y(37/4), mc_tu: Y, mc_gm: Y
.   0  overestim: 0.00, hoverestim: 1.00, assume dead: N
.   0  limit patterns: Y, lazy maximize: Y
.   0  nodes searched: total: 171847, top level: 895
.   0  mini: 10839, scan: 17893
.   0  AbortNodeCount: -1, TimeOut: 0 TimeOutType: VIRTUAL
.   0  TT hits: 97, TT collisions: 0 Req: 377, (25.729443)
 2 6 6 3 10 30 58 72 75 72 89 98 100 81 60 48 42 29 12 2 
.   0  run: sec: 3, usec: 999992, t: 4
.   0  Nodes per Second:    42962 (4 sec.)
.   0  AREA POS: #:   3 (  3%) #n:   2346  nodes/search: 782
.   0  AREA NEG: #:  80 ( 96%) #n:   3483  nodes/search:  43
.   0  DL   POS: #:   0 (  0%) #n:      0  nodes/search:   0
.   0  DL   NEG: #:  55 (100%) #n:  44092  nodes/search: 801
.   0  PEN  POS: #:   3 (  3%) #n:   5275  nodes/search: 1758
.   0  PEN  NEG: #:  92 ( 96%) #n:  55057  nodes/search: 598
.   0  DeadTested:     0, PenTested :    33, patterns: 82, removed: 12, killed: 0
.   0  
.   0  Threshold 112 (110)
.   0  tt: Y, dl_mg: Y, dl2_mg: Y
.   0  area_srch: Y dl_srch: Y pen_srch: Y
.   0  scan_srch: Y
.   0  node limit: 1000, minimize: Y
.   0  st_testd: Y, dl_db: 7, cut_goal: Y
.   0  xdist: Y, auto: Y, local: Y(1,7,9)
.   0  lb_mp: Y, lb_cf: Y, lb_dd: Y(41/4), mc_tu: Y, mc_gm: Y
.   0  overestim: 0.00, hoverestim: 1.00, assume dead: N
.   0  limit patterns: Y, lazy maximize: Y
.   0  nodes searched: total: 190873, top level: 995
.   0  mini: 10916, scan: 17893
.   0  AbortNodeCount: -1, TimeOut: 0 TimeOutType: VIRTUAL
.   0  TT hits: 101, TT collisions: 0 Req: 404, (25.000000)
 3 9 16 14 20 41 69 84 83 76 92 106 108 81 60 48 42 29 12 2 
.   0  run: sec: 4, usec: 267338, t: 4
.   0  Nodes per Second:    47718 (4 sec.)
.   0  AREA POS: #:   3 (  3%) #n:   2346  nodes/search: 782
.   0  AREA NEG: #:  89 ( 96%) #n:   3767  nodes/search:  42
.   0  DL   POS: #:   0 (  0%) #n:      0  nodes/search:   0
.   0  DL   NEG: #:  63 (100%) #n:  49145  nodes/search: 780
.   0  PEN  POS: #:   4 (  3%) #n:   6501  nodes/search: 1625
.   0  PEN  NEG: #: 101 ( 96%) #n:  60115  nodes/search: 595
.   0  DeadTested:     0, PenTested :    34, patterns: 85, removed: 12, killed: 0
.   0  
.   0  Threshold 114 (110)
.   0  tt: Y, dl_mg: Y, dl2_mg: Y
.   0  area_srch: Y dl_srch: Y pen_srch: Y
.   0  scan_srch: Y
.   0  node limit: 1000, minimize: Y
.   0  st_testd: Y, dl_db: 7, cut_goal: Y
.   0  xdist: Y, auto: Y, local: Y(1,7,9)
.   0  lb_mp: Y, lb_cf: Y, lb_dd: Y(54/4), mc_tu: Y, mc_gm: Y
.   0  overestim: 0.00, hoverestim: 1.00, assume dead: N
.   0  limit patterns: Y, lazy maximize: Y
.   0  nodes searched: total: 230466, top level: 1120
.   0  mini: 16212, scan: 17893
.   0  AbortNodeCount: -1, TimeOut: 0 TimeOutType: VIRTUAL
.   0  TT hits: 107, TT collisions: 0 Req: 460, (23.260870)
 4 10 18 15 22 42 72 96 106 92 109 119 120 86 64 52 48 31 12 2 
.   0  run: sec: 4, usec: 800945, t: 5
.   0  Nodes per Second:    46093 (5 sec.)
.   0  AREA POS: #:   3 (  2%) #n:   2346  nodes/search: 782
.   0  AREA NEG: #: 110 ( 97%) #n:   4934  nodes/search:  44
.   0  DL   POS: #:   0 (  0%) #n:      0  nodes/search:   0
.   0  DL   NEG: #:  80 (100%) #n:  58346  nodes/search: 729
.   0  PEN  POS: #:   5 (  4%) #n:   8458  nodes/search: 1691
.   0  PEN  NEG: #: 118 ( 95%) #n:  76020  nodes/search: 644
.   0  DeadTested:     0, PenTested :    35, patterns: 97, removed: 16, killed: 0
.   0  
.   0  Threshold 116 (116)
.   0  tt: Y, dl_mg: Y, dl2_mg: Y
.   0  area_srch: Y dl_srch: Y pen_srch: Y
.   0  scan_srch: Y
.   0  node limit: 1000, minimize: Y
.   0  st_testd: Y, dl_db: 7, cut_goal: Y
.   0  xdist: Y, auto: Y, local: Y(1,7,9)
.   0  lb_mp: Y, lb_cf: Y, lb_dd: Y(54/4), mc_tu: Y, mc_gm: Y
.   0  overestim: 0.00, hoverestim: 1.00, assume dead: N
.   0  limit patterns: Y, lazy maximize: Y
.   0  nodes searched: total: 230470, top level: 1124
.   0  mini: 16212, scan: 17893
.   0  AbortNodeCount: -1, TimeOut: 0 TimeOutType: VIRTUAL
.   0  TT hits: 108, TT collisions: 0 Req: 461, (23.427332)
 5 13 18 15 22 42 72 96 106 92 109 119 120 86 64 52 48 31 12 2 
.   0  run: sec: 4, usec: 800945, t: 5
.   0  Nodes per Second:    46094 (5 sec.)
.   0  AREA POS: #:   3 (  2%) #n:   2346  nodes/search: 782
.   0  AREA NEG: #: 110 ( 97%) #n:   4934  nodes/search:  44
.   0  DL   POS: #:   0 (  0%) #n:      0  nodes/search:   0
.   0  DL   NEG: #:  80 (100%) #n:  58346  nodes/search: 729
.   0  PEN  POS: #:   5 (  4%) #n:   8458  nodes/search: 1691
.   0  PEN  NEG: #: 118 ( 95%) #n:  76020  nodes/search: 644
.   0  DeadTested:     0, PenTested :    35, patterns: 97, removed: 16, killed: 0
.   0  
.   0  Threshold 118 (116)
.   0  tt: Y, dl_mg: Y, dl2_mg: Y
.   0  area_srch: Y dl_srch: Y pen_srch: Y
.   0  scan_srch: Y
.   0  node limit: 1000, minimize: Y
.   0  st_testd: Y, dl_db: 7, cut_goal: Y
.   0  xdist: Y, auto: Y, local: Y(1,7,9)
.   0  lb_mp: Y, lb_cf: Y, lb_dd: Y(5926/6), mc_tu: Y, mc_gm: Y
.   0  overestim: 0.00, hoverestim: 1.00, assume dead: N
.   0  limit patterns: Y, lazy maximize: Y
.   0  nodes searched: total: 4942416, top level: 77426
.   0  mini: 24548, scan: 17893
.   0  AbortNodeCount: -1, TimeOut: 0 TimeOutType: VIRTUAL
.   0  TT hits: 19186, TT collisions: 1461 Req: 37510, (51.149029)
 6 16 31 31 47 97 159 203 200 180 224 259 280 229 188 211 263 335 455 728 1163 1760 2632 3853 5224 6464 7403 7905 7989 7621 6857 5650 4135 2597 1317 515 159 36 4 
.   0  run: sec: 136, usec: 732930, t: 137
.   0  Nodes per Second:    36076 (137 sec.)
.   0  AREA POS: #:  42 (  0%) #n:   6982  nodes/search: 166
.   0  AREA NEG: #: 10532 ( 99%) #n: 309964  nodes/search:  29
.   0  DL   POS: #:   0 (  0%) #n:      0  nodes/search:   0
.   0  DL   NEG: #: 10700 (100%) #n: 638777  nodes/search:  59
.   0  PEN  POS: #:   8 (  0%) #n:  12912  nodes/search: 1614
.   0  PEN  NEG: #: 5021 ( 99%) #n: 537694  nodes/search: 107
.   0  DeadTested:     0, PenTested :  1666, patterns: 178, removed: 16, killed: 0
.   0  
.   0  Threshold 120 (116)
