PrintPriority: 2
Command:Maze screens/screen.14:
       #######      
 #######0    #      
 #   00#0    #      
 #   #000#########  
 # ###000000##   #  
 # 000000000## # #  
 # ###00000000   #  
##   ####0###0# ##  
#  #    #0    # #   
#         #  ## #   
#       ###   # #   
#####         # #   
    ### ###   # #   
      #     #   #   
      ########  #   
?            ####   
.   0  YES MACRO, nodes: 1435 n: 3
Auto Set local cut parameter: 1,9, 8.
ScanSearch: h 231, nodes used: 0
ScanSearch: h 231, nodes used: 4
ScanSearch: h 231, nodes used: 16
ScanSearch: h 231, nodes used: 1562
ScanSearch: h 231, nodes used: 3248
ScanSearch: h 231, nodes used: 4736
ScanSearch: h 231, nodes used: 6000
ScanSearch: h 231, nodes used: 7381
ScanSearch: h 231, nodes used: 8637
ScanSearch: h 231, nodes used: 10155
ScanSearch: h 231, nodes used: 11670
ScanSearch: h 231, nodes used: 12643
ScanSearch: h 231, nodes used: 14351
ScanSearch: h 231, nodes used: 15075
ScanSearch: h 231, nodes used: 16675
ScanSearch: h 231, nodes used: 18361
ScanSearch: h 233, nodes used: 22792
ScanSearch: h 233, nodes used: 24294
ScanSearch: h: 231->233, nodes used: 25920
.   0  Threshold 233 (233)
.   0  tt: Y, dl_mg: Y, dl2_mg: Y
.   0  area_srch: Y dl_srch: Y pen_srch: Y
.   0  scan_srch: Y
.   0  node limit: 1000, minimize: Y
.   0  st_testd: Y, dl_db: 7, cut_goal: Y
.   0  xdist: Y, auto: Y, local: Y(1,9,8)
.   0  lb_mp: Y, lb_cf: Y, lb_dd: Y(0/1), mc_tu: Y, mc_gm: Y
.   0  overestim: 0.00, hoverestim: 1.00, assume dead: N
.   0  limit patterns: Y, lazy maximize: Y
.   0  nodes searched: total: 25922, top level: 2
.   0  mini: 2843, scan: 25920
.   0  AbortNodeCount: -1, TimeOut: 0 TimeOutType: VIRTUAL
.   0  TT hits: 1, TT collisions: 0 Req: 2, (50.000000)
 1 1 
.   0  run: sec: 2, usec: 977156, t: 3
.   0  Nodes per Second:     8641 (3 sec.)
.   0  AREA POS: #:   0 (  0%) #n:      0  nodes/search:   0
.   0  AREA NEG: #:   0 (  0%) #n:      0  nodes/search:   0
.   0  DL   POS: #:   0 (  0%) #n:      0  nodes/search:   0
.   0  DL   NEG: #:   0 (  0%) #n:      0  nodes/search:   0
.   0  PEN  POS: #:   0 (  0%) #n:      0  nodes/search:   0
.   0  PEN  NEG: #:   0 (  0%) #n:      0  nodes/search:   0
.   0  DeadTested:     0, PenTested :     2, patterns: 10, removed: 0, killed: 0
.   0  
.   0  Threshold 235 (233)
.   0  tt: Y, dl_mg: Y, dl2_mg: Y
.   0  area_srch: Y dl_srch: Y pen_srch: Y
.   0  scan_srch: Y
.   0  node limit: 1000, minimize: Y
.   0  st_testd: Y, dl_db: 7, cut_goal: Y
.   0  xdist: Y, auto: Y, local: Y(1,9,8)
.   0  lb_mp: Y, lb_cf: Y, lb_dd: Y(0/1), mc_tu: Y, mc_gm: Y
.   0  overestim: 0.00, hoverestim: 1.00, assume dead: N
.   0  limit patterns: Y, lazy maximize: Y
.   0  nodes searched: total: 72601, top level: 58
.   0  mini: 9694, scan: 25920
.   0  AbortNodeCount: -1, TimeOut: 0 TimeOutType: VIRTUAL
.   0  TT hits: 7, TT collisions: 0 Req: 31, (22.580645)
 2 2 6 19 14 8 3 1 1 1 1 
.   0  run: sec: 4, usec: 179806, t: 4
.   0  Nodes per Second:    18150 (4 sec.)
.   0  AREA POS: #:   2 ( 13%) #n:   3026  nodes/search: 1513
.   0  AREA NEG: #:  13 ( 86%) #n:    851  nodes/search:  65
.   0  DL   POS: #:   0 (  0%) #n:      0  nodes/search:   0
.   0  DL   NEG: #:  12 (100%) #n:  12000  nodes/search: 1000
.   0  PEN  POS: #:   0 (  0%) #n:      0  nodes/search:   0
.   0  PEN  NEG: #:  13 (100%) #n:  16906  nodes/search: 1300
.   0  DeadTested:     0, PenTested :     2, patterns: 16, removed: 5, killed: 0
.   0  
.   0  Threshold 237 (233)
.   0  tt: Y, dl_mg: Y, dl2_mg: Y
.   0  area_srch: Y dl_srch: Y pen_srch: Y
.   0  scan_srch: Y
.   0  node limit: 1000, minimize: Y
.   0  st_testd: Y, dl_db: 7, cut_goal: Y
.   0  xdist: Y, auto: Y, local: Y(1,9,8)
.   0  lb_mp: Y, lb_cf: Y, lb_dd: Y(0/1), mc_tu: Y, mc_gm: Y
.   0  overestim: 0.00, hoverestim: 1.00, assume dead: N
.   0  limit patterns: Y, lazy maximize: Y
.   0  nodes searched: total: 92609, top level: 119
.   0  mini: 17866, scan: 25920
.   0  AbortNodeCount: -1, TimeOut: 0 TimeOutType: VIRTUAL
.   0  TT hits: 34, TT collisions: 0 Req: 63, (53.968254)
 3 3 12 38 28 16 6 2 2 2 2 1 1 1 2 
.   0  run: sec: 4, usec: 683711, t: 5
.   0  Nodes per Second:    18522 (5 sec.)
.   0  AREA POS: #:   3 ( 16%) #n:  10034  nodes/search: 3344
.   0  AREA NEG: #:  15 ( 83%) #n:    943  nodes/search:  62
.   0  DL   POS: #:   0 (  0%) #n:      0  nodes/search:   0
.   0  DL   NEG: #:  16 (100%) #n:  16000  nodes/search: 1000
.   0  PEN  POS: #:   1 (  5%) #n:   2023  nodes/search: 2023
.   0  PEN  NEG: #:  16 ( 94%) #n:  19906  nodes/search: 1244
.   0  DeadTested:     0, PenTested :     2, patterns: 31, removed: 9, killed: 0
.   0  
.   0  Threshold 239 (235)
