PrintPriority: 2
Command:Maze screens/screen.34:
 #########          
 #000000 ##         
 #0#0#0   ##        
##0000# #  ##       
#00000#  #  ##      
#00000#  ##  #      
##0###       #      
 #        #  #      
 # #      ## #      
 #  ###  ##  #      
 #    ## ## ##      
 #    #     #       
 ###      ###       
   #  #####         
   ####             
?                   
.   0  YES MACRO, nodes: 285 n: 2
Auto Set local cut parameter: 1,9, 7.
ScanSearch: h 154, nodes used: 0
ScanSearch: h 156, nodes used: 1351
ScanSearch: h 156, nodes used: 2798
ScanSearch: h 156, nodes used: 3913
ScanSearch: h 156, nodes used: 5043
ScanSearch: h 156, nodes used: 6428
ScanSearch: h 156, nodes used: 7703
ScanSearch: h 156, nodes used: 9889
ScanSearch: h 156, nodes used: 10996
ScanSearch: h 156, nodes used: 12995
ScanSearch: h 156, nodes used: 14470
ScanSearch: h 156, nodes used: 15883
ScanSearch: h 156, nodes used: 18312
ScanSearch: h 156, nodes used: 20194
ScanSearch: h: 154->166, nodes used: 21728
.   0  Threshold 166 (166)
.   0  tt: Y, dl_mg: Y, dl2_mg: Y
.   0  area_srch: Y dl_srch: Y pen_srch: Y
.   0  scan_srch: Y
.   0  node limit: 1000, minimize: Y
.   0  st_testd: Y, dl_db: 7, cut_goal: Y
.   0  xdist: Y, auto: Y, local: Y(1,9,7)
.   0  lb_mp: Y, lb_cf: Y, lb_dd: Y(1/4), mc_tu: Y, mc_gm: Y
.   0  overestim: 0.00, hoverestim: 1.00, assume dead: N
.   0  limit patterns: Y, lazy maximize: Y
.   0  nodes searched: total: 249319, top level: 287
.   0  mini: 45122, scan: 21728
.   0  AbortNodeCount: -1, TimeOut: 0 TimeOutType: VIRTUAL
.   0  TT hits: 34, TT collisions: 0 Req: 131, (25.954199)
 1 2 8 9 9 7 3 2 1 8 27 39 40 34 31 46 19 1 
.   0  run: sec: 3, usec: 760061, t: 4
.   0  Nodes per Second:    62330 (4 sec.)
.   0  AREA POS: #:   4 (  5%) #n:    105  nodes/search:  26
.   0  AREA NEG: #:  76 ( 95%) #n:  13090  nodes/search: 172
.   0  DL   POS: #:   0 (  0%) #n:      0  nodes/search:   0
.   0  DL   NEG: #:  65 (100%) #n:  47674  nodes/search: 733
.   0  PEN  POS: #:   9 ( 11%) #n:  26779  nodes/search: 2975
.   0  PEN  NEG: #:  71 ( 88%) #n:  74366  nodes/search: 1047
.   0  DeadTested:     0, PenTested :     3, patterns: 172, removed: 19, killed: 0
.   0  
.   0  Threshold 168 (166)
.   0  tt: Y, dl_mg: Y, dl2_mg: Y
.   0  area_srch: Y dl_srch: Y pen_srch: Y
.   0  scan_srch: Y
.   0  node limit: 1000, minimize: Y
.   0  st_testd: Y, dl_db: 7, cut_goal: Y
.   0  xdist: Y, auto: Y, local: Y(1,9,7)
.   0  lb_mp: Y, lb_cf: Y, lb_dd: Y(31/6), mc_tu: Y, mc_gm: Y
.   0  overestim: 0.00, hoverestim: 1.00, assume dead: N
.   0  limit patterns: Y, lazy maximize: Y
.   0  nodes searched: total: 861472, top level: 2740
.   0  mini: 122820, scan: 21728
.   0  AbortNodeCount: -1, TimeOut: 0 TimeOutType: VIRTUAL
.   0  TT hits: 476, TT collisions: 0 Req: 1294, (36.785164)
 2 4 16 24 31 32 19 12 8 21 67 137 195 195 180 172 103 91 130 176 199 190 152 134 120 104 82 61 32 12 6 4 3 3 3 3 3 5 5 4 
.   0  run: sec: 17, usec: 476531, t: 17
.   0  Nodes per Second:    50675 (17 sec.)
.   0  AREA POS: #:  10 (  1%) #n:    289  nodes/search:  28
.   0  AREA NEG: #: 545 ( 98%) #n:  40754  nodes/search:  74
.   0  DL   POS: #:   0 (  0%) #n:      0  nodes/search:   0
.   0  DL   NEG: #: 334 (100%) #n: 114535  nodes/search: 342
.   0  PEN  POS: #:  32 (  5%) #n:  76618  nodes/search: 2394
.   0  PEN  NEG: #: 517 ( 94%) #n: 269177  nodes/search: 520
.   0  DeadTested:     0, PenTested :   275, patterns: 389, removed: 40, killed: 0
.   0  
.   0  Threshold 170 (166)
.   0  tt: Y, dl_mg: Y, dl2_mg: Y
.   0  area_srch: Y dl_srch: Y pen_srch: Y
.   0  scan_srch: Y
.   0  node limit: 1000, minimize: Y
.   0  st_testd: Y, dl_db: 7, cut_goal: Y
.   0  xdist: Y, auto: Y, local: Y(1,9,7)
.   0  lb_mp: Y, lb_cf: Y, lb_dd: Y(91/12), mc_tu: Y, mc_gm: Y
.   0  overestim: 0.00, hoverestim: 1.00, assume dead: N
.   0  limit patterns: Y, lazy maximize: Y
.   0  nodes searched: total: 2115995, top level: 12658
.   0  mini: 277577, scan: 21728
.   0  AbortNodeCount: -1, TimeOut: 0 TimeOutType: VIRTUAL
.   0  TT hits: 2246, TT collisions: 63 Req: 5684, (39.514427)
 3 5 17 28 41 52 39 23 18 30 83 192 310 371 383 413 371 357 439 577 721 825 799 671 563 453 336 257 199 193 169 126 101 102 79 105 148 173 160 144 124 109 109 78 75 62 65 49 65 136 164 153 128 118 118 110 116 112 107 102 89 84 76 57 34 40 30 16 8 1 1 1 1 1 1 1 1 1 1 1 1 1 1 1 1 1 1 1 1 1 1 1 1 1 1 1 1 2 1 1 1 1 1 1 1 1 1 1 2 1 1 1 1 1 1 
.   0  run: sec: 60, usec: 371408, t: 60
.   0  Nodes per Second:    35267 (60 sec.)
.   0  AREA POS: #:  25 (  1%) #n:   2755  nodes/search: 110
.   0  AREA NEG: #: 1751 ( 98%) #n: 112350  nodes/search:  64
.   0  DL   POS: #:   0 (  0%) #n:      0  nodes/search:   0
.   0  DL   NEG: #: 1327 (100%) #n: 224664  nodes/search: 169
.   0  PEN  POS: #: 124 (  7%) #n: 230274  nodes/search: 1857
.   0  PEN  NEG: #: 1532 ( 92%) #n: 518604  nodes/search: 338
.   0  DeadTested:     0, PenTested :  1022, patterns: 800, removed: 93, killed: 113
.   0  
Path:  Ic-Hc Lf-Lg Ch-Ci-Cj-Ck-Cj-Ci-Ch-Fd* El-Dl Em-El-Ek-Dk Gm-Hm-Im Gi-Fi Ig-Jg Hc-Cb* Fh-Eh-Dh Hf-He-Hd-Hc-Db* Dl-El Dh-Ch Dk-Ck Ch-Fe* Ck-Cj-Ci-Ch-Cc* Hh-Gh-Fh-Eh-Dh-Ch-Cd* El-Ek-Dk-Ck-Cj-Ci-Ch-Dd* Ii-Ih Jl-Il Im-Hm-Gm-Fm-Em-El-Ek-Dk-Ck-Cj-Ci-Ch-Ec* Fi-Gi Lg-Lf Jg-Ig-Hg-Hf-He-Hd-Hc-Eb* Jh-Jg-Ig-Hg-Hf-He-Hd-Hc-Fb* Ih-Hh-Gh-Fh-Eh-Dh-Ch-Ed* Gi-Hi-Hh-Gh-Fh-Eh-Dh-Ch-Ee* Lf-Lg-Kg-Jg-Ig-Hg Il-Ik-Ij-Ii-Ih-Hh-Gh-Fh-Eh-Dh-Ch-De* Hg-Hh-Gh-Fh-Eh-Dh-Ch-Ce*
(moves: 170 depth: 114)
Moves: 726, Pushes: 170, Treedepth: 114
Command: