PrintPriority: 2
Command:Maze screens/screen.16:
#####               
#   ##              
#    #  ####        
#    ####  #        
#          #        
###  #     ##       
 #  ##      ##      
 #    ## ##00#      
 #  # ##   #0#      
 ###    00##0#      
  #    #00000#      
  #    #00000#      
  #  #########      
  #  #              
  ####              
?                   
.   0  YES MACRO, nodes: 44 n: 2
Auto Set local cut parameter: 1,8, 7.
ScanSearch: h 162, nodes used: 0
ScanSearch: h 164, nodes used: 1258
ScanSearch: h 164, nodes used: 2280
ScanSearch: h 166, nodes used: 4265
ScanSearch: h 166, nodes used: 5495
ScanSearch: h 166, nodes used: 7952
ScanSearch: h 166, nodes used: 9859
ScanSearch: h 166, nodes used: 11062
ScanSearch: h 166, nodes used: 12341
ScanSearch: h 166, nodes used: 13595
ScanSearch: h 168, nodes used: 15368
ScanSearch: h 168, nodes used: 16725
ScanSearch: h 168, nodes used: 18077
ScanSearch: h 168, nodes used: 18078
ScanSearch: h 168, nodes used: 20408
ScanSearch: h: 162->168, nodes used: 22384
.   0  Threshold 168 (168)
.   0  tt: Y, dl_mg: Y, dl2_mg: Y
.   0  area_srch: Y dl_srch: Y pen_srch: Y
.   0  scan_srch: Y
.   0  node limit: 1000, minimize: Y
.   0  st_testd: Y, dl_db: 7, cut_goal: Y
.   0  xdist: Y, auto: Y, local: Y(1,8,7)
.   0  lb_mp: Y, lb_cf: Y, lb_dd: Y(0/1), mc_tu: Y, mc_gm: Y
.   0  overestim: 0.00, hoverestim: 1.00, assume dead: N
.   0  limit patterns: Y, lazy maximize: Y
.   0  nodes searched: total: 53969, top level: 33
.   0  mini: 4902, scan: 22384
.   0  AbortNodeCount: -1, TimeOut: 0 TimeOutType: VIRTUAL
.   0  TT hits: 2, TT collisions: 0 Req: 20, (10.000000)
 1 4 12 14 2 
.   0  run: sec: 0, usec: 519992, t: 1
.   0  Nodes per Second:    53969 (1 sec.)
.   0  AREA POS: #:   4 ( 28%) #n:    948  nodes/search: 237
.   0  AREA NEG: #:  10 ( 71%) #n:    751  nodes/search:  75
.   0  DL   POS: #:   0 (  0%) #n:      0  nodes/search:   0
.   0  DL   NEG: #:   5 (100%) #n:   5000  nodes/search: 1000
.   0  PEN  POS: #:   2 ( 18%) #n:   1615  nodes/search: 807
.   0  PEN  NEG: #:   9 ( 81%) #n:  12331  nodes/search: 1370
.   0  DeadTested:     0, PenTested :     1, patterns: 61, removed: 4, killed: 0
.   0  
.   0  Threshold 170 (168)
.   0  tt: Y, dl_mg: Y, dl2_mg: Y
.   0  area_srch: Y dl_srch: Y pen_srch: Y
.   0  scan_srch: Y
.   0  node limit: 1000, minimize: Y
.   0  st_testd: Y, dl_db: 7, cut_goal: Y
.   0  xdist: Y, auto: Y, local: Y(1,8,7)
.   0  lb_mp: Y, lb_cf: Y, lb_dd: Y(0/1), mc_tu: Y, mc_gm: Y
.   0  overestim: 0.00, hoverestim: 1.00, assume dead: N
.   0  limit patterns: Y, lazy maximize: Y
.   0  nodes searched: total: 59169, top level: 40
.   0  mini: 6379, scan: 22384
.   0  AbortNodeCount: -1, TimeOut: 0 TimeOutType: VIRTUAL
.   0  TT hits: 5, TT collisions: 0 Req: 25, (20.000000)
 2 6 13 15 4 
.   0  run: sec: 0, usec: 565375, t: 1
.   0  Nodes per Second:    59169 (1 sec.)
.   0  AREA POS: #:   4 ( 26%) #n:    948  nodes/search: 237
.   0  AREA NEG: #:  11 ( 73%) #n:    765  nodes/search:  69
.   0  DL   POS: #:   0 (  0%) #n:      0  nodes/search:   0
.   0  DL   NEG: #:   6 (100%) #n:   6000  nodes/search: 1000
.   0  PEN  POS: #:   2 ( 16%) #n:   1615  nodes/search: 807
.   0  PEN  NEG: #:  10 ( 83%) #n:  15505  nodes/search: 1550
.   0  DeadTested:     0, PenTested :     1, patterns: 66, removed: 5, killed: 0
.   0  
.   0  Threshold 172 (172)
.   0  tt: Y, dl_mg: Y, dl2_mg: Y
.   0  area_srch: Y dl_srch: Y pen_srch: Y
.   0  scan_srch: Y
.   0  node limit: 1000, minimize: Y
.   0  st_testd: Y, dl_db: 7, cut_goal: Y
.   0  xdist: Y, auto: Y, local: Y(1,8,7)
.   0  lb_mp: Y, lb_cf: Y, lb_dd: Y(0/1), mc_tu: Y, mc_gm: Y
.   0  overestim: 0.00, hoverestim: 1.00, assume dead: N
.   0  limit patterns: Y, lazy maximize: Y
.   0  nodes searched: total: 151223, top level: 238
.   0  mini: 35733, scan: 22384
.   0  AbortNodeCount: -1, TimeOut: 0 TimeOutType: VIRTUAL
.   0  TT hits: 25, TT collisions: 0 Req: 106, (23.584906)
 3 10 25 34 27 32 26 20 21 18 8 6 4 4 
.   0  run: sec: 1, usec: 748280, t: 2
.   0  Nodes per Second:    75612 (2 sec.)
.   0  AREA POS: #:   9 ( 16%) #n:   2256  nodes/search: 250
.   0  AREA NEG: #:  44 ( 83%) #n:   2427  nodes/search:  55
.   0  DL   POS: #:   0 (  0%) #n:      0  nodes/search:   0
.   0  DL   NEG: #:  38 (100%) #n:  20410  nodes/search: 537
.   0  PEN  POS: #:   4 (  8%) #n:   5331  nodes/search: 1332
.   0  PEN  NEG: #:  42 ( 91%) #n:  64798  nodes/search: 1542
.   0  DeadTested:     0, PenTested :     6, patterns: 199, removed: 8, killed: 0
.   0  
.   0  Threshold 174 (172)
.   0  tt: Y, dl_mg: Y, dl2_mg: Y
.   0  area_srch: Y dl_srch: Y pen_srch: Y
.   0  scan_srch: Y
.   0  node limit: 1000, minimize: Y
.   0  st_testd: Y, dl_db: 7, cut_goal: Y
.   0  xdist: Y, auto: Y, local: Y(1,8,7)
.   0  lb_mp: Y, lb_cf: Y, lb_dd: Y(0/1), mc_tu: Y, mc_gm: Y
.   0  overestim: 0.00, hoverestim: 1.00, assume dead: N
.   0  limit patterns: Y, lazy maximize: Y
.   0  nodes searched: total: 248487, top level: 542
.   0  mini: 72748, scan: 22384
.   0  AbortNodeCount: -1, TimeOut: 0 TimeOutType: VIRTUAL
.   0  TT hits: 112, TT collisions: 0 Req: 238, (47.058823)
 4 14 37 65 62 83 69 58 55 47 18 14 8 8 
.   0  run: sec: 3, usec: 758682, t: 4
.   0  Nodes per Second:    62122 (4 sec.)
.   0  AREA POS: #:  15 ( 18%) #n:   2444  nodes/search: 162
.   0  AREA NEG: #:  67 ( 81%) #n:   3175  nodes/search:  47
.   0  DL   POS: #:   0 (  0%) #n:      0  nodes/search:   0
.   0  DL   NEG: #:  71 (100%) #n:  35918  nodes/search: 505
.   0  PEN  POS: #:   9 ( 12%) #n:  25461  nodes/search: 2829
.   0  PEN  NEG: #:  62 ( 87%) #n:  99224  nodes/search: 1600
.   0  DeadTested:     0, PenTested :     6, patterns: 385, removed: 42, killed: 0
.   0  
.   0  Threshold 176 (172)
.   0  tt: Y, dl_mg: Y, dl2_mg: Y
.   0  area_srch: Y dl_srch: Y pen_srch: Y
.   0  scan_srch: Y
.   0  node limit: 1000, minimize: Y
.   0  st_testd: Y, dl_db: 7, cut_goal: Y
.   0  xdist: Y, auto: Y, local: Y(1,8,7)
.   0  lb_mp: Y, lb_cf: Y, lb_dd: Y(0/1), mc_tu: Y, mc_gm: Y
.   0  overestim: 0.00, hoverestim: 1.00, assume dead: N
.   0  limit patterns: Y, lazy maximize: Y
.   0  nodes searched: total: 404077, top level: 1175
.   0  mini: 105538, scan: 22384
.   0  AbortNodeCount: -1, TimeOut: 0 TimeOutType: VIRTUAL
.   0  TT hits: 252, TT collisions: 0 Req: 488, (51.639343)
 5 18 49 103 124 178 177 172 133 105 50 33 16 12 
.   0  run: sec: 7, usec: 899483, t: 8
.   0  Nodes per Second:    50510 (8 sec.)
.   0  AREA POS: #:  17 ( 10%) #n:   4854  nodes/search: 285
.   0  AREA NEG: #: 145 ( 89%) #n:   5807  nodes/search:  40
.   0  DL   POS: #:   0 (  0%) #n:      0  nodes/search:   0
.   0  DL   NEG: #: 184 (100%) #n:  57737  nodes/search: 313
.   0  PEN  POS: #:  17 ( 12%) #n:  39349  nodes/search: 2314
.   0  PEN  NEG: #: 119 ( 87%) #n: 153163  nodes/search: 1287
.   0  DeadTested:     0, PenTested :     6, patterns: 556, removed: 62, killed: 0
.   0  
.   0  Threshold 178 (172)
.   0  tt: Y, dl_mg: Y, dl2_mg: Y
.   0  area_srch: Y dl_srch: Y pen_srch: Y
.   0  scan_srch: Y
.   0  node limit: 1000, minimize: Y
.   0  st_testd: Y, dl_db: 7, cut_goal: Y
.   0  xdist: Y, auto: Y, local: Y(1,8,7)
.   0  lb_mp: Y, lb_cf: Y, lb_dd: Y(0/1), mc_tu: Y, mc_gm: Y
.   0  overestim: 0.00, hoverestim: 1.00, assume dead: N
.   0  limit patterns: Y, lazy maximize: Y
.   0  nodes searched: total: 693454, top level: 2496
.   0  mini: 181881, scan: 22384
.   0  AbortNodeCount: -1, TimeOut: 0 TimeOutType: VIRTUAL
.   0  TT hits: 632, TT collisions: 0 Req: 1155, (54.718616)
 6 22 61 143 191 280 330 370 342 299 200 165 59 28 
.   0  run: sec: 18, usec: 304038, t: 18
.   0  Nodes per Second:    38525 (18 sec.)
.   0  AREA POS: #:  20 (  6%) #n:   4955  nodes/search: 247
.   0  AREA NEG: #: 304 ( 93%) #n:  12493  nodes/search:  41
.   0  DL   POS: #:   0 (  0%) #n:      0  nodes/search:   0
.   0  DL   NEG: #: 407 (100%) #n:  91846  nodes/search: 225
.   0  PEN  POS: #:  37 ( 13%) #n: 113407  nodes/search: 3065
.   0  PEN  NEG: #: 234 ( 86%) #n: 212958  nodes/search: 910
.   0  DeadTested:     0, PenTested :     7, patterns: 800, removed: 114, killed: 86
.   0  
.   0  Threshold 180 (172)
.   0  tt: Y, dl_mg: Y, dl2_mg: Y
.   0  area_srch: Y dl_srch: Y pen_srch: Y
.   0  scan_srch: Y
.   0  node limit: 1000, minimize: Y
.   0  st_testd: Y, dl_db: 7, cut_goal: Y
.   0  xdist: Y, auto: Y, local: Y(1,8,7)
.   0  lb_mp: Y, lb_cf: Y, lb_dd: Y(0/1), mc_tu: Y, mc_gm: Y
.   0  overestim: 0.00, hoverestim: 1.00, assume dead: N
.   0  limit patterns: Y, lazy maximize: Y
.   0  nodes searched: total: 948946, top level: 4012
.   0  mini: 257783, scan: 22384
.   0  AbortNodeCount: -1, TimeOut: 0 TimeOutType: VIRTUAL
.   0  TT hits: 1326, TT collisions: 0 Req: 1985, (66.801010)
 7 26 73 183 257 379 476 569 558 504 389 345 155 81 10 
.   0  run: sec: 28, usec: 25419, t: 28
.   0  Nodes per Second:    33891 (28 sec.)
.   0  AREA POS: #:  23 (  4%) #n:   6101  nodes/search: 265
.   0  AREA NEG: #: 447 ( 95%) #n:  17859  nodes/search:  39
.   0  DL   POS: #:   0 (  0%) #n:      0  nodes/search:   0
.   0  DL   NEG: #: 590 (100%) #n: 117018  nodes/search: 198
.   0  PEN  POS: #:  53 ( 13%) #n: 182157  nodes/search: 3436
.   0  PEN  NEG: #: 332 ( 86%) #n: 267078  nodes/search: 804
.   0  DeadTested:     0, PenTested :     9, patterns: 800, removed: 164, killed: 408
.   0  
.   0  Threshold 182 (172)
.   0  tt: Y, dl_mg: Y, dl2_mg: Y
.   0  area_srch: Y dl_srch: Y pen_srch: Y
.   0  scan_srch: Y
.   0  node limit: 1000, minimize: Y
.   0  st_testd: Y, dl_db: 7, cut_goal: Y
.   0  xdist: Y, auto: Y, local: Y(1,8,7)
.   0  lb_mp: Y, lb_cf: Y, lb_dd: Y(0/1), mc_tu: Y, mc_gm: Y
.   0  overestim: 0.00, hoverestim: 1.00, assume dead: N
.   0  limit patterns: Y, lazy maximize: Y
.   0  nodes searched: total: 1395452, top level: 5927
.   0  mini: 387788, scan: 22384
.   0  AbortNodeCount: -1, TimeOut: 0 TimeOutType: VIRTUAL
.   0  TT hits: 2154, TT collisions: 0 Req: 2978, (72.330421)
 8 30 85 223 323 478 634 769 773 735 612 585 354 226 78 6 6 2 
.   0  run: sec: 44, usec: 657710, t: 45
.   0  Nodes per Second:    31010 (45 sec.)
.   0  AREA POS: #:  23 (  3%) #n:   6101  nodes/search: 265
.   0  AREA NEG: #: 683 ( 96%) #n:  27919  nodes/search:  40
.   0  DL   POS: #:   0 (  0%) #n:      0  nodes/search:   0
.   0  DL   NEG: #: 865 (100%) #n: 158007  nodes/search: 182
.   0  PEN  POS: #:  93 ( 14%) #n: 293494  nodes/search: 3155
.   0  PEN  NEG: #: 533 ( 85%) #n: 362173  nodes/search: 679
.   0  DeadTested:     0, PenTested :    30, patterns: 828, removed: 242, killed: 971
.   0  
.   0  Threshold 184 (170)
.   0  tt: Y, dl_mg: Y, dl2_mg: Y
.   0  area_srch: Y dl_srch: Y pen_srch: Y
.   0  scan_srch: Y
.   0  node limit: 1000, minimize: Y
.   0  st_testd: Y, dl_db: 7, cut_goal: Y
.   0  xdist: Y, auto: Y, local: Y(1,8,7)
.   0  lb_mp: Y, lb_cf: Y, lb_dd: Y(0/1), mc_tu: Y, mc_gm: Y
.   0  overestim: 0.00, hoverestim: 1.00, assume dead: N
.   0  limit patterns: Y, lazy maximize: Y
.   0  nodes searched: total: 2460255, top level: 9913
.   0  mini: 729692, scan: 22384
.   0  AbortNodeCount: -1, TimeOut: 0 TimeOutType: VIRTUAL
.   0  TT hits: 3341, TT collisions: 6 Req: 4828, (69.200500)
 9 34 97 263 391 579 800 973 996 986 884 903 719 719 685 524 102 83 50 47 36 23 10 
.   0  run: sec: 95, usec: 57596, t: 95
.   0  Nodes per Second:    25897 (95 sec.)
.   0  AREA POS: #:  29 (  2%) #n:   6247  nodes/search: 215
.   0  AREA NEG: #: 1166 ( 97%) #n:  45781  nodes/search:  39
.   0  DL   POS: #:   1 (  0%) #n:    389  nodes/search: 389
.   0  DL   NEG: #: 1461 ( 99%) #n: 241584  nodes/search: 165
.   0  PEN  POS: #: 185 ( 16%) #n: 528679  nodes/search: 2857
.   0  PEN  NEG: #: 966 ( 83%) #n: 640083  nodes/search: 662
.   0  DeadTested:     0, PenTested :    64, patterns: 1244, removed: 380, killed: 2281
.   0  
.   0  Threshold 186 (172)
.   0  tt: Y, dl_mg: Y, dl2_mg: Y
.   0  area_srch: Y dl_srch: Y pen_srch: Y
.   0  scan_srch: Y
.   0  node limit: 1000, minimize: Y
.   0  st_testd: Y, dl_db: 7, cut_goal: Y
.   0  xdist: Y, auto: Y, local: Y(1,8,7)
.   0  lb_mp: Y, lb_cf: Y, lb_dd: Y(0/1), mc_tu: Y, mc_gm: Y
.   0  overestim: 0.00, hoverestim: 1.00, assume dead: N
.   0  limit patterns: Y, lazy maximize: Y
.   0  nodes searched: total: 5149605, top level: 23208
.   0  mini: 1145095, scan: 22384
.   0  AbortNodeCount: -1, TimeOut: 0 TimeOutType: VIRTUAL
.   0  TT hits: 5945, TT collisions: 25 Req: 9936, (59.832932)
 10 38 109 303 459 682 969 1198 1239 1251 1171 1262 1181 1478 1971 2372 3095 3176 401 289 250 179 84 26 9 4 2 
.   0  run: sec: 254, usec: 111076, t: 254
.   0  Nodes per Second:    20274 (254 sec.)
.   0  AREA POS: #:  36 (  1%) #n:   6836  nodes/search: 189
.   0  AREA NEG: #: 2401 ( 98%) #n:  86842  nodes/search:  36
.   0  DL   POS: #:   1 (  0%) #n:    389  nodes/search: 389
.   0  DL   NEG: #: 3490 ( 99%) #n: 481562  nodes/search: 137
.   0  PEN  POS: #: 310 ( 10%) #n: 818102  nodes/search: 2639
.   0  PEN  NEG: #: 2681 ( 89%) #n: 1135994  nodes/search: 423
.   0  DeadTested:     0, PenTested :    87, patterns: 1890, removed: 608, killed: 4606
.   0  
.   0  Threshold 188 (172)
