PrintPriority: 2
Command:Maze screens/screen.83:
####### #########   
#     # #   ##  #   
# ### # #       #   
# #   ###       #   
#           ##  #   
#    ####   ##  #   
# ############ ##   
###000000#####  #   
  #000000####   #   
  #000000000    #   
  #000000####   #   
  #000000#  #   #   
  ########  #####   
                    
.   0  YES MACRO, nodes: 11 n: 1
Auto Set local cut parameter: 1,10, 8.
ScanSearch: h 194, nodes used: 0
ScanSearch: h 194, nodes used: 506
ScanSearch: h 194, nodes used: 1415
ScanSearch: h 194, nodes used: 1701
ScanSearch: h 194, nodes used: 1911
ScanSearch: h 194, nodes used: 2122
ScanSearch: h 194, nodes used: 2343
ScanSearch: h 194, nodes used: 2511
ScanSearch: h 194, nodes used: 2672
ScanSearch: h 194, nodes used: 2881
ScanSearch: h: 194->194, nodes used: 3185
.   0  Threshold 194 (194)
.   0  tt: Y, dl_mg: Y, dl2_mg: Y
.   0  area_srch: Y dl_srch: Y pen_srch: Y
.   0  scan_srch: Y
.   0  node limit: 1000, minimize: Y
.   0  st_testd: Y, dl_db: 7, cut_goal: Y
.   0  xdist: Y, auto: Y, local: Y(1,10,8)
.   0  lb_mp: Y, lb_cf: Y, lb_dd: Y(0/1), mc_tu: Y, mc_gm: Y
.   0  overestim: 0.00, hoverestim: 1.00, assume dead: N
.   0  limit patterns: Y, lazy maximize: Y
.   0  nodes searched: total: 6247, top level: 80
.   0  mini: 129, scan: 3185
.   0  AbortNodeCount: -1, TimeOut: 0 TimeOutType: VIRTUAL
.   0  TT hits: 1, TT collisions: 0 Req: 77, (1.298701)
 1 1 1 1 1 3 1 2 1 2 1 2 1 1 1 1 1 1 1 1 1 1 1 1 1 1 1 1 1 1 1 1 1 1 1 1 1 1 1 1 1 1 1 1 1 1 1 1 1 1 1 1 1 1 1 1 1 1 1 1 1 1 1 1 1 1 1 1 1 1 1 1 1 1 1 
.   0  run: sec: 0, usec: 157500, t: 1
.   0  Nodes per Second:     6247 (1 sec.)
.   0  AREA POS: #:   2 (  9%) #n:    240  nodes/search: 120
.   0  AREA NEG: #:  20 ( 90%) #n:    358  nodes/search:  17
.   0  DL   POS: #:   0 (  0%) #n:      0  nodes/search:   0
.   0  DL   NEG: #:  17 (100%) #n:    682  nodes/search:  40
.   0  PEN  POS: #:   0 (  0%) #n:      0  nodes/search:   0
.   0  PEN  NEG: #:  10 (100%) #n:    588  nodes/search:  58
.   0  DeadTested:     0, PenTested :     7, patterns: 16, removed: 0, killed: 0
.   0  
Path:  Ed-Fd Ee-Ed Fe-Ke*-Le Mc-Nc-Oc Oh-Oi-Oj Nj-Nk Mj-Dh* Oj-Nj-Dl* Nk-Nj-Eh* Ok-Oj-Nj-Di* Oe-Of-Oi*-Oj-Nj-Dk* Oc-Od-Oe-Of-Oi*-Oj-Nj-El* Md-Nd-Od-Oe-Of-Oi*-Oj-Nj-Ei* Le-Ld-Md-Nd-Od-Oe-Of-Oi*-Oj-Nj-Dj* Fd-Fe-Ke*-Kd-Ld-Md-Nd-Od-Oe-Of-Oi*-Oj-Nj-Ek* Ed-Fd-Fe-Ke*-Kd-Ld-Md-Nd-Od-Oe-Of-Oi*-Oj-Nj-Ej*
(moves: 194 depth: 74)
Moves: 507, Pushes: 194, Treedepth: 74
Total number of calling MarkReach(): 10683
Total number of cycles for MarkReach(): 66040956
Average number of cycles per call: 6181.873631
Total number of while loop for MarkReach(): 746349
Average number of cycles per loop: 88.485355
Total number of calling Moves(): 10686
Total number of cycles for Moves(): 116979864
Average number of cycles per call: 10947.020775
Total number of while loop for Moves(): 870179
Average number of cycles per loop: 134.431955
Command:
real	0m0.175s
user	0m0.161s
sys	0m0.014s
