PrintPriority: 2
Command:Maze screens/screen.55:
####################
#     ##      #   ##
#    ##000        ##
#  ###0000# # #  ###
#   #0000# # #     #
### #000#  #       #
##  ##0#           #
##      ###  # # ###
##         # #     #
####     # # # #   #
####         # #  ##
####################
                    
.   0  YES MACRO, nodes: 233 n: 2
Auto Set local cut parameter: 1,10, 11.
ScanSearch: h 120, nodes used: 0
ScanSearch: h 120, nodes used: 46
ScanSearch: h 120, nodes used: 133
ScanSearch: h 120, nodes used: 256
ScanSearch: h 120, nodes used: 514
ScanSearch: h 120, nodes used: 777
ScanSearch: h 120, nodes used: 809
ScanSearch: h 120, nodes used: 840
ScanSearch: h 120, nodes used: 870
ScanSearch: h 120, nodes used: 1160
ScanSearch: h 120, nodes used: 1193
ScanSearch: h 120, nodes used: 1249
ScanSearch: h: 120->120, nodes used: 1526
.   0  Threshold 120 (120)
.   0  tt: Y, dl_mg: Y, dl2_mg: Y
.   0  area_srch: Y dl_srch: Y pen_srch: Y
.   0  scan_srch: Y
.   0  node limit: 1000, minimize: Y
.   0  st_testd: Y, dl_db: 7, cut_goal: Y
.   0  xdist: Y, auto: Y, local: Y(1,10,11)
.   0  lb_mp: Y, lb_cf: Y, lb_dd: Y(0/6), mc_tu: Y, mc_gm: Y
.   0  overestim: 0.00, hoverestim: 1.00, assume dead: N
.   0  limit patterns: Y, lazy maximize: Y
.   0  nodes searched: total: 2927, top level: 96
.   0  mini: 30, scan: 1526
.   0  AbortNodeCount: -1, TimeOut: 0 TimeOutType: VIRTUAL
.   0  TT hits: 1, TT collisions: 0 Req: 94, (1.063830)
 1 1 2 1 1 1 1 1 1 1 1 1 1 1 1 1 1 1 1 1 1 1 1 1 1 1 1 1 1 1 1 1 1 1 1 1 3 1 1 1 1 1 1 1 1 1 1 1 1 1 1 1 2 1 2 1 1 1 1 1 1 1 1 1 1 1 1 1 1 1 1 1 1 1 1 1 1 1 1 1 1 1 1 1 1 1 1 1 1 1 1 
.   0  run: sec: 0, usec: 241723, t: 1
.   0  Nodes per Second:     2927 (1 sec.)
.   0  AREA POS: #:   1 (  2%) #n:     42  nodes/search:  42
.   0  AREA NEG: #:  33 ( 97%) #n:    405  nodes/search:  12
.   0  DL   POS: #:   0 (  0%) #n:      0  nodes/search:   0
.   0  DL   NEG: #:  24 (100%) #n:    179  nodes/search:   7
.   0  PEN  POS: #:   2 ( 18%) #n:    270  nodes/search: 135
.   0  PEN  NEG: #:   9 ( 81%) #n:    201  nodes/search:  22
.   0  DeadTested:     0, PenTested :    19, patterns: 21, removed: 0, killed: 0
.   0  
Path:  Eh-Fh Gh-Ff* Lc-Kc-Ie* Fh-Gh-Fe* Fj-Fi-Fh-Gh-Ge* Di-Ei-Eh-Fh-Gh-Gf* Ij-Ii-Hi-Gi-Gh-Gg Qc-Pc-Oc-Nc-Mc-Lc-Kc-Gd* Pe-Pd-Pc-Oc-Nc-Mc-Lc-Kc-Hf* Rj-Ri-Qi-Qh-Qg-Qf-Qe-Qd-Qc-Pc-Oc-Nc-Mc-Lc-Kc-He* Rg-Qg Pi-Qi-Ri Qg-Qf-Pf-Pe-Pd-Pc-Oc-Nc-Mc-Lc-Kc-Hd* Ng-Og-Of-Pf-Pe-Pd-Pc-Oc-Nc-Mc-Lc-Kc-Jd* Ri-Qi-Qh-Qg-Qf-Pf-Pe-Pd-Pc-Oc-Nc-Mc-Lc-Kc-Id*
(moves: 120 depth: 90)
Moves: 420, Pushes: 120, Treedepth: 90
Total number of calling MarkReach(): 3836
Total number of cycles for MarkReach(): 30148698
Average number of cycles per call: 7859.410323
Total number of while loop for MarkReach(): 450916
Average number of cycles per loop: 66.861007
Total number of calling Moves(): 4568
Total number of cycles for Moves(): 74969367
Average number of cycles per call: 16411.857925
Total number of while loop for Moves(): 554283
Average number of cycles per loop: 135.254675
Command:
real	0m0.263s
user	0m0.244s
sys	0m0.018s
