PrintPriority: 2
Command:Maze screens/screen.51:
 #########          
 #       #          
 #       #          
### #    #          
#0#      ##         
#0###     #         
#0#0   ## ####      
#000   ##    #      
#000         #      
#00### ### # #      
#00# #     ###      
#### #######        
                    
.   0  YES MACRO, nodes: 191 n: 3
Auto Set local cut parameter: 1,9, 7.
ScanSearch: h 118, nodes used: 0
ScanSearch: h 118, nodes used: 1660
ScanSearch: h 118, nodes used: 2432
ScanSearch: h 118, nodes used: 3260
ScanSearch: h 118, nodes used: 3764
ScanSearch: h 118, nodes used: 4072
ScanSearch: h 118, nodes used: 4361
ScanSearch: h 118, nodes used: 4645
ScanSearch: h 118, nodes used: 4933
ScanSearch: h 118, nodes used: 5221
ScanSearch: h 118, nodes used: 5505
ScanSearch: h 118, nodes used: 5792
ScanSearch: h 118, nodes used: 6074
ScanSearch: h 118, nodes used: 6358
ScanSearch: h: 118->118, nodes used: 6642
.   0  Threshold 118 (118)
.   0  tt: Y, dl_mg: Y, dl2_mg: Y
.   0  area_srch: Y dl_srch: Y pen_srch: Y
.   0  scan_srch: Y
.   0  node limit: 1000, minimize: Y
.   0  st_testd: Y, dl_db: 7, cut_goal: Y
.   0  xdist: Y, auto: Y, local: Y(1,9,7)
.   0  lb_mp: Y, lb_cf: Y, lb_dd: Y(0/4), mc_tu: Y, mc_gm: Y
.   0  overestim: 0.00, hoverestim: 1.00, assume dead: N
.   0  limit patterns: Y, lazy maximize: Y
.   0  nodes searched: total: 23377, top level: 260
.   0  mini: 323, scan: 6642
.   0  AbortNodeCount: -1, TimeOut: 0 TimeOutType: VIRTUAL
.   0  TT hits: 4, TT collisions: 0 Req: 170, (2.352941)
 1 2 1 1 1 1 1 1 1 1 1 3 18 37 29 21 19 11 8 2 3 2 1 1 1 1 3 2 1 1 1 1 1 1 1 1 1 1 1 1 1 1 1 1 1 1 1 1 1 1 1 1 1 1 1 2 3 2 2 3 2 2 2 2 2 2 2 2 2 2 2 2 2 2 2 2 2 2 2 2 1 1 1 1 1 1 1 
.   0  run: sec: 0, usec: 121232, t: 1
.   0  Nodes per Second:    23377 (1 sec.)
.   0  AREA POS: #:   2 (  4%) #n:   1240  nodes/search: 620
.   0  AREA NEG: #:  41 ( 95%) #n:   1150  nodes/search:  28
.   0  DL   POS: #:   0 (  0%) #n:      0  nodes/search:   0
.   0  DL   NEG: #:  28 (100%) #n:   2534  nodes/search:  90
.   0  PEN  POS: #:   1 (  2%) #n:     88  nodes/search:  88
.   0  PEN  NEG: #:  44 ( 97%) #n:   3681  nodes/search:  83
.   0  DeadTested:     0, PenTested :    39, patterns: 16, removed: 0, killed: 0
.   0  
Path:  Ii-Gi* If-Hf-Gf-Ff Fg-Eg-Dg Ei-Ck* Gi-Fi-Ei-Bk* Hd-Gd Fc-Fd Dc-Ec Ff-Fg-Fh Gh-Gi Fh-Eh-Be* Gi-Fi Fd-Fe-Ff-Fg-Fh-Eh-Bf* Gd-Fd-Fe-Ff-Fg-Fh-Eh-Bg* Fi-Ei-Bj* Gj-Gi-Fi-Ei-Bi* Ge-Gf-Ff-Fg-Fh-Eh-Bh* He-Hf-Gf-Ff-Fg-Fh-Eh Gc-Fc-Fd-Fe-Ff Ec-Fc-Fd Ff-Fg Fd-Fe Kh-Jh-Ji-Ii-Gi*-Fi-Ei-Cj* Eh-Ch* Fg-Fh-Eh-Dh Fe-Ff-Fg-Fh-Fi-Ei-Ci* Ic-Id-Ie-If-Hf-Gf-Gg-Gh-Gi-Fi-Ei-Di
(moves: 118 depth: 86)
Moves: 413, Pushes: 118, Treedepth: 86
Total number of calling MarkReach(): 24597
Total number of cycles for MarkReach(): 7450224
Average number of cycles per call: 302.891572
Total number of while loop for MarkReach(): 0
Average number of cycles per loop: inf
Total number of stones for MarkReach(): 0
Average stones for MarkReach(): 0
Average number of cycles per call: 2932.714248
Total number of while loop for Moves(): 2262380
Average number of cycles per loop: 44.361843
Command:
real	0m0.135s
user	0m0.125s
sys	0m0.010s
