PrintPriority: 2
Command:Maze screens/screen.8:
  ####              
  #  ###########    
  #            #    
  #  #   #     #    
  #       #    #    
###  # #  #### #    
# #       ##   #    
#      # #   # #    
#              #    
#####00#########    
  #000000#          
  #000000#          
  #000000#          
  #000000#          
  #000000#          
? ########          
.   0  YES MACRO, nodes: 275 n: 2
Auto Set local cut parameter: 1,10, 8.
ScanSearch: h 220, nodes used: 0
ScanSearch: h 222, nodes used: 2878
ScanSearch: h 224, nodes used: 6044
ScanSearch: h 224, nodes used: 7463
ScanSearch: h 224, nodes used: 10406
ScanSearch: h 224, nodes used: 12311
ScanSearch: h 224, nodes used: 13711
ScanSearch: h 224, nodes used: 18993
ScanSearch: h 224, nodes used: 23380
ScanSearch: h 224, nodes used: 30424
ScanSearch: h 224, nodes used: 32234
ScanSearch: h 224, nodes used: 34049
ScanSearch: h 224, nodes used: 35914
ScanSearch: h 224, nodes used: 37719
ScanSearch: h 226, nodes used: 45041
ScanSearch: h 226, nodes used: 46848
ScanSearch: h 226, nodes used: 48658
ScanSearch: h 226, nodes used: 50514
ScanSearch: h: 220->226, nodes used: 51924
.   0  Threshold 226 (220)
.   0  tt: Y, dl_mg: Y, dl2_mg: Y
.   0  area_srch: Y dl_srch: Y pen_srch: Y
.   0  scan_srch: Y
.   0  node limit: 1000, minimize: Y
.   0  st_testd: Y, dl_db: 7, cut_goal: Y
.   0  xdist: Y, auto: Y, local: Y(1,10,8)
.   0  lb_mp: Y, lb_cf: Y, lb_dd: Y(0/1), mc_tu: Y, mc_gm: Y
.   0  overestim: 0.00, hoverestim: 1.00, assume dead: N
.   0  limit patterns: Y, lazy maximize: Y
.   0  nodes searched: total: 160038, top level: 52
.   0  mini: 57050, scan: 51924
.   0  AbortNodeCount: -1, TimeOut: 0 TimeOutType: VIRTUAL
.   0  TT hits: 2, TT collisions: 0 Req: 37, (5.405406)
 1 4 5 9 5 5 5 7 4 2 2 1 1 1 
.   0  run: sec: 1, usec: 541022, t: 2
.   0  Nodes per Second:    80019 (2 sec.)
.   0  AREA POS: #:   1 (  5%) #n:   1966  nodes/search: 1966
.   0  AREA NEG: #:  17 ( 94%) #n:   4377  nodes/search: 257
.   0  DL   POS: #:   0 (  0%) #n:      0  nodes/search:   0
.   0  DL   NEG: #:  20 (100%) #n:  16475  nodes/search: 823
.   0  PEN  POS: #:   5 ( 20%) #n:  20189  nodes/search: 4037
.   0  PEN  NEG: #:  20 ( 80%) #n:  27039  nodes/search: 1351
.   0  DeadTested:     0, PenTested :     1, patterns: 237, removed: 86, killed: 0
.   0  
.   0  Threshold 228 (220)
.   0  tt: Y, dl_mg: Y, dl2_mg: Y
.   0  area_srch: Y dl_srch: Y pen_srch: Y
.   0  scan_srch: Y
.   0  node limit: 1000, minimize: Y
.   0  st_testd: Y, dl_db: 7, cut_goal: Y
.   0  xdist: Y, auto: Y, local: Y(1,10,8)
.   0  lb_mp: Y, lb_cf: Y, lb_dd: Y(0/1), mc_tu: Y, mc_gm: Y
.   0  overestim: 0.00, hoverestim: 1.00, assume dead: N
.   0  limit patterns: Y, lazy maximize: Y
.   0  nodes searched: total: 228026, top level: 116
.   0  mini: 83773, scan: 51924
.   0  AbortNodeCount: -1, TimeOut: 0 TimeOutType: VIRTUAL
.   0  TT hits: 30, TT collisions: 0 Req: 79, (37.974682)
 2 8 15 22 10 10 9 13 8 3 3 2 2 2 6 1 
.   0  run: sec: 2, usec: 176416, t: 2
.   0  Nodes per Second:   114013 (2 sec.)
.   0  AREA POS: #:   2 (  6%) #n:   3657  nodes/search: 1828
.   0  AREA NEG: #:  28 ( 93%) #n:  11857  nodes/search: 423
.   0  DL   POS: #:   0 (  0%) #n:      0  nodes/search:   0
.   0  DL   NEG: #:  28 (100%) #n:  22767  nodes/search: 813
.   0  PEN  POS: #:  10 ( 26%) #n:  38244  nodes/search: 3824
.   0  PEN  NEG: #:  28 ( 73%) #n:  45099  nodes/search: 1610
.   0  DeadTested:     0, PenTested :     2, patterns: 300, removed: 125, killed: 0
.   0  
.   0  Threshold 230 (220)
.   0  tt: Y, dl_mg: Y, dl2_mg: Y
.   0  area_srch: Y dl_srch: Y pen_srch: Y
.   0  scan_srch: Y
.   0  node limit: 1000, minimize: Y
.   0  st_testd: Y, dl_db: 7, cut_goal: Y
.   0  xdist: Y, auto: Y, local: Y(1,10,8)
.   0  lb_mp: Y, lb_cf: Y, lb_dd: Y(0/1), mc_tu: Y, mc_gm: Y
.   0  overestim: 0.00, hoverestim: 1.00, assume dead: N
.   0  limit patterns: Y, lazy maximize: Y
.   0  nodes searched: total: 388916, top level: 339
.   0  mini: 129483, scan: 51924
.   0  AbortNodeCount: -1, TimeOut: 0 TimeOutType: VIRTUAL
.   0  TT hits: 59, TT collisions: 0 Req: 263, (22.433460)
 3 10 20 33 21 20 12 21 13 10 11 13 6 3 7 2 1 3 1 3 1 1 1 3 1 1 1 1 1 1 1 1 1 1 1 1 1 1 1 1 1 1 1 1 1 1 1 1 1 1 1 1 1 1 1 1 1 1 1 1 1 1 1 1 1 1 1 1 1 1 1 1 2 1 1 2 1 3 1 1 1 1 1 1 1 1 1 1 1 1 1 1 1 1 1 1 1 1 1 1 1 1 1 1 1 1 1 1 1 1 1 1 1 1 1 1 1 1 1 1 1 1 1 1 1 1 1 1 1 1 1 1 1 1 1 1 1 1 1 1 
.   0  run: sec: 3, usec: 821924, t: 4
.   0  Nodes per Second:    97229 (4 sec.)
.   0  AREA POS: #:   7 (  9%) #n:   7863  nodes/search: 1123
.   0  AREA NEG: #:  66 ( 90%) #n:  22361  nodes/search: 338
.   0  DL   POS: #:   0 (  0%) #n:      0  nodes/search:   0
.   0  DL   NEG: #:  58 (100%) #n:  43094  nodes/search: 743
.   0  PEN  POS: #:  18 ( 21%) #n:  66811  nodes/search: 3711
.   0  PEN  NEG: #:  67 ( 78%) #n:  84854  nodes/search: 1266
.   0  DeadTested:     0, PenTested :    12, patterns: 406, removed: 142, killed: 0
.   0  
Path:  Fg-Gg Fh-Fi-Do* Ei-Fi-Dn* Ih-Ig-If-Ig-Ih Ji-Ii-Hi-Gi Ih-Ii-Hi Li-Ki-Ji Ni-Mi-Li Hc-Gc-Fc-Ec Fe-Ee-De Ef-Eg-Eh Gi-Io* Hi-Gi-In* Eh-Ei-Fi-Eo* Gg-Gh-Gi-Ho* Hg-Gg-Gh-Gi-Im* Ji-Ii-Hi-Gi-Hn* Dg-Dh-Di-Ei-Fi-Dm* He-Ge-Gf-Gg-Gh-Gi-Go* Li-Ki-Ji-Ii-Hi-Gi-Hm* Hd-He-Ge-Gf-Gg-Gh-Gi-Gn* Md-Ld Lc-Kc-Jc-Ic-Hc Ld-Lc-Kc-Jc Nc-Mc-Lc Ec-Dc Ed-Ee-Ef-Eg-Eh-Fh-Fi-En* De-Df-Dg-Dh-Di-Ei-Fi-Fo* Dc-Dd-De-Df-Dg-Dh-Di-Ei-Fi-Em* Hc-Gc-Fc-Ec-Ed-Ee-Ef-Eg-Eh-Ei-Fi-Fn* Jc-Ic-Hc-Gc-Fc-Ec-Ed-Ee-Ef-Eg-Eh-Ei-Fi-Fm* Lc-Kc-Jc-Ic-Hc-Gc-Fc-Ec-Ed-Ee-Ef-Eg-Eh-Ei-Fi-Gm*
(moves: 230 depth: 139)
Moves: 782, Pushes: 230, Treedepth: 139
Total number of calling MarkReach(): 246660
Total number of cycles for MarkReach(): 470962736
Average number of cycles per call: 1909.359994
Total number of while loop for MarkReach(): 0
Average number of cycles per loop: inf
Total number of calling Moves(): 310687
Total number of cycles for Moves(): 2039714106
Average number of cycles per call: 6565.173651
Total number of while loop for Moves(): 30815116
Average number of cycles per loop: 66.191998
Command:
real	0m3.379s
user	0m3.825s
sys	0m0.020s
