PrintPriority: 2
Command:Total number of calling MarkReach(): 0
Total number of cycles for MarkReach(): 0
Average number of cycles per call: -nan
Total number of while loop for MarkReach(): 0
Average number of cycles per loop: -nan
Total number of calling Moves(): 0
Total number of cycles for Moves(): 0
Average number of cycles per call: -nan
Total number of while loop for Moves(): 0
Average number of cycles per loop: -nan
Maze screens/screen.9:
          #######   
          #00000#   
      #####00000#   
      #000000000#   
      #00##00000#   
      ##0##00000#   
     ###0########   
     #     ##       
 #####      #####   
##   #      #   #   
#               #   
######      #####   
     #      #       
     ########       
                    
.   0  YES MACRO, nodes: 15 n: 1
Auto Set local cut parameter: 1,9, 8.
ScanSearch: h 229, nodes used: 0
ScanSearch: h 231, nodes used: 1594
ScanSearch: h 231, nodes used: 4642
ScanSearch: h 231, nodes used: 6096
ScanSearch: h 233, nodes used: 9728
ScanSearch: h 233, nodes used: 11005
ScanSearch: h 233, nodes used: 12324
ScanSearch: h 233, nodes used: 13775
ScanSearch: h 233, nodes used: 15160
ScanSearch: h 233, nodes used: 16574
ScanSearch: h 235, nodes used: 17967
ScanSearch: h 235, nodes used: 19493
ScanSearch: h 235, nodes used: 21129
ScanSearch: h 235, nodes used: 22854
ScanSearch: h: 229->235, nodes used: 24360
.   0  Threshold 235 (235)
.   0  tt: Y, dl_mg: Y, dl2_mg: Y
.   0  area_srch: Y dl_srch: Y pen_srch: Y
.   0  scan_srch: Y
.   0  node limit: 1000, minimize: Y
.   0  st_testd: Y, dl_db: 7, cut_goal: Y
.   0  xdist: Y, auto: Y, local: Y(1,9,8)
.   0  lb_mp: Y, lb_cf: Y, lb_dd: Y(0/1), mc_tu: Y, mc_gm: Y
.   0  overestim: 0.00, hoverestim: 1.00, assume dead: N
.   0  limit patterns: Y, lazy maximize: Y
.   0  nodes searched: total: 104105, top level: 222
.   0  mini: 15994, scan: 24360
.   0  AbortNodeCount: -1, TimeOut: 0 TimeOutType: VIRTUAL
.   0  TT hits: 10, TT collisions: 0 Req: 75, (13.333333)
 1 2 12 22 22 46 51 19 14 16 3 7 7 
.   0  run: sec: 0, usec: 791906, t: 1
.   0  Nodes per Second:   104105 (1 sec.)
.   0  AREA POS: #:   5 ( 17%) #n:    289  nodes/search:  57
.   0  AREA NEG: #:  23 ( 82%) #n:   7103  nodes/search: 308
.   0  DL   POS: #:   0 (  0%) #n:      0  nodes/search:   0
.   0  DL   NEG: #:  42 (100%) #n:   7128  nodes/search: 169
.   0  PEN  POS: #:   7 ( 12%) #n:  10001  nodes/search: 1428
.   0  PEN  NEG: #:  47 ( 87%) #n:  15687  nodes/search: 333
.   0  DeadTested:     0, PenTested :     0, patterns: 60, removed: 9, killed: 0
.   0  
.   0  Threshold 237 (235)
.   0  tt: Y, dl_mg: Y, dl2_mg: Y
.   0  area_srch: Y dl_srch: Y pen_srch: Y
.   0  scan_srch: Y
.   0  node limit: 1000, minimize: Y
.   0  st_testd: Y, dl_db: 7, cut_goal: Y
.   0  xdist: Y, auto: Y, local: Y(1,9,8)
.   0  lb_mp: Y, lb_cf: Y, lb_dd: Y(0/1), mc_tu: Y, mc_gm: Y
.   0  overestim: 0.00, hoverestim: 1.00, assume dead: N
.   0  limit patterns: Y, lazy maximize: Y
.   0  nodes searched: total: 181418, top level: 680
.   0  mini: 30121, scan: 24360
.   0  AbortNodeCount: -1, TimeOut: 0 TimeOutType: VIRTUAL
.   0  TT hits: 97, TT collisions: 0 Req: 235, (41.276596)
 2 4 24 44 57 117 172 113 53 45 18 15 14 2 
.   0  run: sec: 1, usec: 515320, t: 2
.   0  Nodes per Second:    90709 (2 sec.)
.   0  AREA POS: #:   7 ( 13%) #n:    959  nodes/search: 137
.   0  AREA NEG: #:  45 ( 86%) #n:  10789  nodes/search: 239
.   0  DL   POS: #:   0 (  0%) #n:      0  nodes/search:   0
.   0  DL   NEG: #:  93 (100%) #n:  14326  nodes/search: 154
.   0  PEN  POS: #:  14 ( 11%) #n:  23319  nodes/search: 1665
.   0  PEN  NEG: #: 103 ( 88%) #n:  26330  nodes/search: 255
.   0  DeadTested:     0, PenTested :     9, patterns: 117, removed: 22, killed: 0
.   0  
.   0  Threshold 239 (235)
.   0  tt: Y, dl_mg: Y, dl2_mg: Y
.   0  area_srch: Y dl_srch: Y pen_srch: Y
.   0  scan_srch: Y
.   0  node limit: 1000, minimize: Y
.   0  st_testd: Y, dl_db: 7, cut_goal: Y
.   0  xdist: Y, auto: Y, local: Y(1,9,8)
.   0  lb_mp: Y, lb_cf: Y, lb_dd: Y(0/1), mc_tu: Y, mc_gm: Y
.   0  overestim: 0.00, hoverestim: 1.00, assume dead: N
.   0  limit patterns: Y, lazy maximize: Y
.   0  nodes searched: total: 299272, top level: 1364
.   0  mini: 36103, scan: 24360
.   0  AbortNodeCount: -1, TimeOut: 0 TimeOutType: VIRTUAL
.   0  TT hits: 285, TT collisions: 0 Req: 498, (57.228916)
 3 6 36 66 90 192 295 222 133 108 70 43 35 36 18 11 
.   0  run: sec: 2, usec: 724271, t: 3
.   0  Nodes per Second:    99757 (3 sec.)
.   0  AREA POS: #:   9 (  8%) #n:   1359  nodes/search: 151
.   0  AREA NEG: #:  93 ( 91%) #n:  15062  nodes/search: 161
.   0  DL   POS: #:   0 (  0%) #n:      0  nodes/search:   0
.   0  DL   NEG: #: 201 (100%) #n:  26450  nodes/search: 131
.   0  PEN  POS: #:  18 (  8%) #n:  28773  nodes/search: 1598
.   0  PEN  NEG: #: 207 ( 92%) #n:  40782  nodes/search: 197
.   0  DeadTested:     0, PenTested :    13, patterns: 145, removed: 23, killed: 0
.   0  
.   0  Threshold 241 (235)
.   0  tt: Y, dl_mg: Y, dl2_mg: Y
.   0  area_srch: Y dl_srch: Y pen_srch: Y
.   0  scan_srch: Y
.   0  node limit: 1000, minimize: Y
.   0  st_testd: Y, dl_db: 7, cut_goal: Y
.   0  xdist: Y, auto: Y, local: Y(1,9,8)
.   0  lb_mp: Y, lb_cf: Y, lb_dd: Y(0/1), mc_tu: Y, mc_gm: Y
.   0  overestim: 0.00, hoverestim: 1.00, assume dead: N
.   0  limit patterns: Y, lazy maximize: Y
.   0  nodes searched: total: 443064, top level: 2291
.   0  mini: 42891, scan: 24360
.   0  AbortNodeCount: -1, TimeOut: 0 TimeOutType: VIRTUAL
.   0  TT hits: 580, TT collisions: 0 Req: 887, (65.388954)
 4 8 48 88 123 267 420 340 220 202 164 108 99 101 61 29 9 
.   0  run: sec: 4, usec: 301112, t: 4
.   0  Nodes per Second:   110766 (4 sec.)
.   0  AREA POS: #:  14 (  7%) #n:   3274  nodes/search: 233
.   0  AREA NEG: #: 167 ( 92%) #n:  23593  nodes/search: 141
.   0  DL   POS: #:   0 (  0%) #n:      0  nodes/search:   0
.   0  DL   NEG: #: 324 (100%) #n:  39832  nodes/search: 122
.   0  PEN  POS: #:  26 (  7%) #n:  32971  nodes/search: 1268
.   0  PEN  NEG: #: 326 ( 92%) #n:  59817  nodes/search: 183
.   0  DeadTested:     0, PenTested :    13, patterns: 179, removed: 27, killed: 0
.   0  
.   0  Threshold 243 (235)
.   0  tt: Y, dl_mg: Y, dl2_mg: Y
.   0  area_srch: Y dl_srch: Y pen_srch: Y
.   0  scan_srch: Y
.   0  node limit: 1000, minimize: Y
.   0  st_testd: Y, dl_db: 7, cut_goal: Y
.   0  xdist: Y, auto: Y, local: Y(1,9,8)
.   0  lb_mp: Y, lb_cf: Y, lb_dd: Y(0/1), mc_tu: Y, mc_gm: Y
.   0  overestim: 0.00, hoverestim: 1.00, assume dead: N
.   0  limit patterns: Y, lazy maximize: Y
.   0  nodes searched: total: 498146, top level: 2607
.   0  mini: 43569, scan: 24360
.   0  AbortNodeCount: -1, TimeOut: 0 TimeOutType: VIRTUAL
.   0  TT hits: 693, TT collisions: 0 Req: 1083, (63.988918)
 5 9 49 98 139 288 453 378 247 233 182 128 111 107 63 32 10 1 2 1 1 1 1 1 1 2 1 1 1 1 1 1 1 1 1 1 1 1 1 1 1 1 1 1 1 1 1 1 1 1 1 1 1 2 1 1 1 1 1 1 1 1 1 1 1 1 1 1 1 1 2 1 1 1 1 1 1 1 1 1 1 1 1 1 1 1 1 1 
.   0  run: sec: 4, usec: 917498, t: 5
.   0  Nodes per Second:    99629 (5 sec.)
.   0  AREA POS: #:  14 (  6%) #n:   3274  nodes/search: 233
.   0  AREA NEG: #: 218 ( 93%) #n:  26691  nodes/search: 122
.   0  DL   POS: #:   0 (  0%) #n:      0  nodes/search:   0
.   0  DL   NEG: #: 389 (100%) #n:  45498  nodes/search: 116
.   0  PEN  POS: #:  27 (  6%) #n:  34621  nodes/search: 1282
.   0  PEN  NEG: #: 379 ( 93%) #n:  64015  nodes/search: 168
.   0  DeadTested:     0, PenTested :    23, patterns: 182, removed: 28, killed: 0
.   0  
Path:  Gk-Hk-Ik-Jk Il-Ik Hl-Il Gj-Gk Ij-Jj Il-Hl Kl-Jl-Il Jj-Ij Jk-Jl Ik-Hk Jl-Jk Ii-Hi Ih-Pb* Ki-Ji Jh-Ih Ji-Jh Ih-Pf* Jh-Ih-Ob* Jk-Jj-Ji-Jh-Ih-Pc* Ij-Ii-Ih-Pe* Hh-Ih-Of* Hi-Hh-Ih-Nb* Il-Ik-Ij-Ii-Ih-Oc* Hl-Il-Ik-Ij-Ii-Ih-Pd* Hk-Hj-Ij-Ii-Ih-Oe* Gk-Gl Dk-Ek-Hk*-Ik-Ij-Ii-Ih-Nf* Gl-Gk-Dk*-Ek-Hk*-Ik-Ij-Ii-Ih-Nc* Lk-Lj Ok-Nk-Kk*-Jk-Ik-Ij-Ii-Ih-Ne* Lj-Lk-Ok*-Nk-Kk*-Jk-Ik-Ij-Ii-Ih-Nd*
(moves: 243 depth: 87)
Moves: 632, Pushes: 243, Treedepth: 87
Total number of calling MarkReach(): 887684
Total number of cycles for MarkReach(): 2711207806
Average number of cycles per call: 3054.248816
Total number of while loop for MarkReach(): 46554936
Average number of cycles per loop: 58.236742
Total number of calling Moves(): 451551
Total number of cycles for Moves(): 2595207579
Average number of cycles per call: 5747.318861
Total number of while loop for Moves(): 25756360
Average number of cycles per loop: 100.759874
Command:
real	0m4.941s
user	0m4.919s
sys	0m0.018s
