PrintPriority: 2
Command:Maze screens/screen.2:
############        
#0000#     ###      
#0000#       #      
#0000# ####  #      
#00000   ##  #      
#0000# #    ##      
###### ##    #      
  #          #      
  #    #     #      
  ############      
                    
.   0  YES MACRO, nodes: 11 n: 1
Auto Set local cut parameter: 1,6, 6.
ScanSearch: h 129, nodes used: 0
ScanSearch: h 129, nodes used: 228
ScanSearch: h 129, nodes used: 737
ScanSearch: h 129, nodes used: 875
ScanSearch: h 129, nodes used: 1013
ScanSearch: h 129, nodes used: 1330
ScanSearch: h 129, nodes used: 1590
ScanSearch: h 131, nodes used: 2314
ScanSearch: h 131, nodes used: 2537
ScanSearch: h 131, nodes used: 2739
ScanSearch: h: 129->131, nodes used: 2932
.   0  Threshold 131 (131)
.   0  tt: Y, dl_mg: Y, dl2_mg: Y
.   0  area_srch: Y dl_srch: Y pen_srch: Y
.   0  scan_srch: Y
.   0  node limit: 1000, minimize: Y
.   0  st_testd: Y, dl_db: 7, cut_goal: Y
.   0  xdist: Y, auto: Y, local: Y(1,6,6)
.   0  lb_mp: Y, lb_cf: Y, lb_dd: Y(0/1), mc_tu: Y, mc_gm: Y
.   0  overestim: 0.00, hoverestim: 1.00, assume dead: N
.   0  limit patterns: Y, lazy maximize: Y
.   0  nodes searched: total: 7598, top level: 80
.   0  mini: 843, scan: 2932
.   0  AbortNodeCount: -1, TimeOut: 0 TimeOutType: VIRTUAL
.   0  TT hits: 1, TT collisions: 0 Req: 78, (1.282051)
 1 1 2 2 1 1 1 1 1 1 1 1 1 1 1 1 1 1 1 1 1 1 1 1 1 1 1 1 1 1 1 1 1 1 1 1 1 1 1 1 1 1 1 1 1 1 1 1 1 1 1 1 1 1 1 1 1 2 1 1 1 1 1 1 1 1 1 1 1 1 1 1 1 1 1 1 1 
.   0  run: sec: 0, usec: 35941, t: 1
.   0  Nodes per Second:     7598 (1 sec.)
.   0  AREA POS: #:   1 (  3%) #n:   1133  nodes/search: 1133
.   0  AREA NEG: #:  26 ( 96%) #n:    327  nodes/search:  12
.   0  DL   POS: #:   0 (  0%) #n:      0  nodes/search:   0
.   0  DL   NEG: #:  22 (100%) #n:    559  nodes/search:  25
.   0  PEN  POS: #:   0 (  0%) #n:      0  nodes/search:   0
.   0  PEN  NEG: #:  10 (100%) #n:    497  nodes/search:  49
.   0  DeadTested:     0, PenTested :     5, patterns: 25, removed: 0, killed: 0
.   0  
Path:  Eh-Fh Kf-Lf Lg-Kg Lf-Le-Ld Kc-Jc Gd-Ge-Bb* Hc-Gc-Gd-Ge-Cb* Fh-Gh-Gg-Ge*-Gd-Ge-Bc* Jc-Ic-Hc-Gc-Gd-Ge-Cc* Hh-Gh-Fh-Gh-Gg-Ge*-Bd* Ld-Lc-Kc-Jc-Ic-Hc-Gc-Gd-Ge-Bf* Jh-Ih-Hh-Gh-Fh-Gh-Gg-Ge*-Cd* Jg-Jh-Ih-Hh-Gh-Fh-Gh-Gg-Ge*-Be* Kg-Jg-Jh-Ih-Hh-Gh-Fh-Gh-Gg-Ge*-Cf* Lh-Kh-Jh-Ih-Hh-Gh-Fh-Gh-Gg-Ge*-Ce*
(moves: 131 depth: 76)
Moves: 540, Pushes: 131, Treedepth: 76
Total number of calling MarkReach(): 11881
Total number of cycles for MarkReach(): 3688572
Average number of cycles per call: 310.459726
Total number of while loop for MarkReach(): 0
Average number of cycles per loop: inf
Total number of stones for MarkReach(): 0
Average stones for MarkReach(): 0
Average number of cycles per call: 2054.537495
Total number of while loop for Moves(): 601699
Average number of cycles per loop: 35.880199
Command:
real	0m0.047s
user	0m0.037s
sys	0m0.010s
