PrintPriority: 2
Command:Maze screens/screen.65:
####################
#     #      #000###
#     #      ##000##
# # # ## ## ##00000#
#     #      000000#
### ###     ###0##0#
#        #    #0####
#     #  ###  #0#  #
## # ##            #
#     ##   #  # #  #
#     #    #  #    #
####################
                    
.   0  YES MACRO, nodes: 105 n: 2
Auto Set local cut parameter: 1,10, 10.
ScanSearch: h 203, nodes used: 0
ScanSearch: h 209, nodes used: 2162
ScanSearch: h 209, nodes used: 4245
ScanSearch: h 209, nodes used: 4534
ScanSearch: h 209, nodes used: 4829
ScanSearch: h 209, nodes used: 5126
ScanSearch: h 209, nodes used: 6267
ScanSearch: h 209, nodes used: 6549
ScanSearch: h 209, nodes used: 6825
ScanSearch: h 209, nodes used: 11759
ScanSearch: h 209, nodes used: 12321
ScanSearch: h 209, nodes used: 12910
ScanSearch: h 209, nodes used: 13205
ScanSearch: h 209, nodes used: 13481
ScanSearch: h 209, nodes used: 13772
ScanSearch: h: 203->209, nodes used: 14726
.   0  Threshold 209 (209)
.   0  tt: Y, dl_mg: Y, dl2_mg: Y
.   0  area_srch: Y dl_srch: Y pen_srch: Y
.   0  scan_srch: Y
.   0  node limit: 1000, minimize: Y
.   0  st_testd: Y, dl_db: 7, cut_goal: Y
.   0  xdist: Y, auto: Y, local: Y(1,10,10)
.   0  lb_mp: Y, lb_cf: Y, lb_dd: Y(0/1), mc_tu: Y, mc_gm: Y
.   0  overestim: 0.00, hoverestim: 1.00, assume dead: N
.   0  limit patterns: Y, lazy maximize: Y
.   0  nodes searched: total: 17401, top level: 52
.   0  mini: 6576, scan: 14726
.   0  AbortNodeCount: -1, TimeOut: 0 TimeOutType: VIRTUAL
.   0  TT hits: 1, TT collisions: 0 Req: 51, (1.960784)
 1 2 1 1 1 1 3 1 1 1 1 1 1 1 2 2 1 1 1 1 1 1 1 1 1 1 1 1 1 1 1 1 1 1 1 1 1 1 1 1 1 1 1 1 1 1 1 
.   0  run: sec: 0, usec: 254309, t: 1
.   0  Nodes per Second:    17401 (1 sec.)
.   0  AREA POS: #:   0 (  0%) #n:      0  nodes/search:   0
.   0  AREA NEG: #:  18 (100%) #n:    897  nodes/search:  49
.   0  DL   POS: #:   0 (  0%) #n:      0  nodes/search:   0
.   0  DL   NEG: #:   6 (100%) #n:     36  nodes/search:   6
.   0  PEN  POS: #:   1 (  7%) #n:    202  nodes/search: 202
.   0  PEN  NEG: #:  12 ( 92%) #n:    786  nodes/search:  65
.   0  DeadTested:     0, PenTested :    22, patterns: 56, removed: 1, killed: 0
.   0  
.   0  Threshold 211 (209)
.   0  tt: Y, dl_mg: Y, dl2_mg: Y
.   0  area_srch: Y dl_srch: Y pen_srch: Y
.   0  scan_srch: Y
.   0  node limit: 1000, minimize: Y
.   0  st_testd: Y, dl_db: 7, cut_goal: Y
.   0  xdist: Y, auto: Y, local: Y(1,10,10)
.   0  lb_mp: Y, lb_cf: Y, lb_dd: Y(0/2), mc_tu: Y, mc_gm: Y
.   0  overestim: 0.00, hoverestim: 1.00, assume dead: N
.   0  limit patterns: Y, lazy maximize: Y
.   0  nodes searched: total: 20776, top level: 200
.   0  mini: 7074, scan: 14726
.   0  AbortNodeCount: -1, TimeOut: 0 TimeOutType: VIRTUAL
.   0  TT hits: 47, TT collisions: 0 Req: 190, (24.736841)
 2 4 2 2 2 2 5 2 2 2 2 2 2 2 4 5 3 3 3 3 3 3 3 3 3 3 3 2 2 2 2 2 2 2 2 2 2 2 2 2 2 2 2 2 2 2 2 1 2 1 2 1 1 1 1 1 1 1 1 2 1 5 2 1 1 1 1 1 1 1 1 1 1 1 1 1 1 1 1 1 1 1 1 1 1 1 1 1 1 1 1 1 1 1 1 1 1 2 1 1 1 1 1 1 1 1 1 1 1 1 1 1 1 1 1 1 1 1 1 1 1 1 1 
.   0  run: sec: 0, usec: 290310, t: 1
.   0  Nodes per Second:    20776 (1 sec.)
.   0  AREA POS: #:   1 (  2%) #n:    395  nodes/search: 395
.   0  AREA NEG: #:  42 ( 97%) #n:   1616  nodes/search:  38
.   0  DL   POS: #:   0 (  0%) #n:      0  nodes/search:   0
.   0  DL   NEG: #:  31 (100%) #n:    480  nodes/search:  15
.   0  PEN  POS: #:   3 ( 12%) #n:    368  nodes/search: 122
.   0  PEN  NEG: #:  21 ( 87%) #n:   1269  nodes/search:  60
.   0  DeadTested:     0, PenTested :    32, patterns: 73, removed: 1, killed: 0
.   0  
Path:  Le-Lf Me-Sf* Pi-Pj-Pi-Ob* Ke-Je Lf-Le-Me-Se* Oi-Pi-Pj-Pi-Pb* Li-Ki-Ji-Ki-Li-Mi-Ni-Oi-Pi-Qi-Pi-Pc* Je-Ke-Le-Me-Qb* Id-Ie-Je-Ke-Le-Me-Sd* If-Ie-Je-Ke-Le-Me-Qc* Jf-Kf-Ke-Le-Me-Rc* Gg-Fg-Eg Dh-Ch-Dh Eg-Fg-Ig*-If-Ie-Je-Ke-Le-Me-Re* Df-De-Dd Ej-Dj Ei-Eh-Eg-Fg-Ig*-If-Jf-Kf-Lf-Le-Me-Qe* Dh-Eh-Eg-Fg-Ig*-If-Jf-Kf-Lf-Le-Me-Rd* Dj-Ej-Ei-Eh-Eg-Fg-Ig*-If-Jf-Kf-Lf-Le-Me-Qd* Dd-De-Dh*-Eh-Eg-Fg-Ig*-If-Jf-Kf-Ke-Le-Me-Pd* Ee-De-Dh*-Eh-Eg-Fg-Ig*-If-Ie-Je-Ke-Le-Me-Pe*
(moves: 211 depth: 122)
Moves: 721, Pushes: 211, Treedepth: 122
Total number of calling MarkReach(): 18520
Total number of cycles for MarkReach(): 11614150
Average number of cycles per call: 627.113931
Total number of while loop for MarkReach(): 0
Average number of cycles per loop: inf
Total number of calling Moves(): 14627
Total number of cycles for Moves(): 135975442
Average number of cycles per call: 9296.194845
Total number of while loop for Moves(): 1427847
Average number of cycles per loop: 95.231101
Command:
real	0m0.308s
user	0m0.295s
sys	0m0.012s
