PrintPriority: 2
Command:Maze screens/screen.57:
####################
#      ###   #  #  #
# # #  #           #
#####     #    # # #
#0#00#    ##       #
#00000        #   ##
#00000    ### ## ###
#0#00#         #   #
#####     #  #     #
#####  #           #
#####  #  #  #  #  #
####################
                    
.   0  YES MACRO, nodes: 235 n: 2
Auto Set local cut parameter: 1,10, 9.
ScanSearch: h 217, nodes used: 0
ScanSearch: h 219, nodes used: 2142
ScanSearch: h 219, nodes used: 4554
ScanSearch: h 219, nodes used: 5976
ScanSearch: h 219, nodes used: 7429
ScanSearch: h 221, nodes used: 15060
ScanSearch: h 221, nodes used: 16597
ScanSearch: h 221, nodes used: 18173
ScanSearch: h 221, nodes used: 19695
ScanSearch: h 221, nodes used: 21250
ScanSearch: h 221, nodes used: 27752
ScanSearch: h 221, nodes used: 29302
ScanSearch: h 223, nodes used: 35801
ScanSearch: h 223, nodes used: 39471
ScanSearch: h 223, nodes used: 41685
ScanSearch: h 223, nodes used: 43717
ScanSearch: h: 217->223, nodes used: 46056
.   0  Threshold 223 (223)
.   0  tt: Y, dl_mg: Y, dl2_mg: Y
.   0  area_srch: Y dl_srch: Y pen_srch: Y
.   0  scan_srch: Y
.   0  node limit: 1000, minimize: Y
.   0  st_testd: Y, dl_db: 7, cut_goal: Y
.   0  xdist: Y, auto: Y, local: Y(1,10,9)
.   0  lb_mp: Y, lb_cf: Y, lb_dd: Y(0/1), mc_tu: Y, mc_gm: Y
.   0  overestim: 0.00, hoverestim: 1.00, assume dead: N
.   0  limit patterns: Y, lazy maximize: Y
.   0  nodes searched: total: 101437, top level: 25
.   0  mini: 49350, scan: 46056
.   0  AbortNodeCount: -1, TimeOut: 0 TimeOutType: VIRTUAL
.   0  TT hits: 2, TT collisions: 0 Req: 19, (10.526316)
 1 4 10 4 1 1 1 1 2 
.   0  run: sec: 2, usec: 133033, t: 2
.   0  Nodes per Second:    50718 (2 sec.)
.   0  AREA POS: #:   1 ( 10%) #n:     11  nodes/search:  11
.   0  AREA NEG: #:   9 ( 90%) #n:   1628  nodes/search: 180
.   0  DL   POS: #:   0 (  0%) #n:      0  nodes/search:   0
.   0  DL   NEG: #:   4 (100%) #n:   3074  nodes/search: 768
.   0  PEN  POS: #:   5 ( 55%) #n:  27561  nodes/search: 5512
.   0  PEN  NEG: #:   4 ( 44%) #n:   8484  nodes/search: 2121
.   0  DeadTested:     0, PenTested :     0, patterns: 143, removed: 23, killed: 0
.   0  
.   0  Threshold 225 (223)
.   0  tt: Y, dl_mg: Y, dl2_mg: Y
.   0  area_srch: Y dl_srch: Y pen_srch: Y
.   0  scan_srch: Y
.   0  node limit: 1000, minimize: Y
.   0  st_testd: Y, dl_db: 7, cut_goal: Y
.   0  xdist: Y, auto: Y, local: Y(1,10,9)
.   0  lb_mp: Y, lb_cf: Y, lb_dd: Y(0/4), mc_tu: Y, mc_gm: Y
.   0  overestim: 0.00, hoverestim: 1.00, assume dead: N
.   0  limit patterns: Y, lazy maximize: Y
.   0  nodes searched: total: 121023, top level: 250
.   0  mini: 53583, scan: 46056
.   0  AbortNodeCount: -1, TimeOut: 0 TimeOutType: VIRTUAL
.   0  TT hits: 7, TT collisions: 0 Req: 201, (3.482587)
 2 5 13 9 2 3 2 2 3 1 1 7 1 1 1 1 1 3 5 1 1 1 1 1 1 1 2 1 1 1 1 1 1 1 1 9 5 1 1 1 1 1 1 1 1 1 1 2 1 1 1 1 1 1 1 1 3 1 1 1 1 1 1 1 1 1 3 1 1 1 1 1 1 4 1 1 1 3 1 1 1 1 1 1 1 4 1 1 1 1 1 1 1 1 1 1 1 1 2 1 1 1 1 1 1 1 1 1 1 1 1 1 1 1 1 1 1 1 1 1 1 1 1 1 1 1 1 1 1 2 1 1 1 1 1 1 1 1 1 1 1 1 1 1 1 1 1 1 1 1 1 1 1 1 1 1 1 1 1 1 1 1 1 1 1 1 1 1 1 1 1 1 1 1 1 1 1 1 
.   0  run: sec: 2, usec: 715661, t: 3
.   0  Nodes per Second:    40341 (3 sec.)
.   0  AREA POS: #:   2 (  8%) #n:     65  nodes/search:  32
.   0  AREA NEG: #:  21 ( 91%) #n:   1956  nodes/search:  93
.   0  DL   POS: #:   0 (  0%) #n:      0  nodes/search:   0
.   0  DL   NEG: #:  19 (100%) #n:   4174  nodes/search: 219
.   0  PEN  POS: #:   7 ( 23%) #n:  32697  nodes/search: 4671
.   0  PEN  NEG: #:  23 ( 76%) #n:  12216  nodes/search: 531
.   0  DeadTested:     0, PenTested :    17, patterns: 158, removed: 27, killed: 0
.   0  
Path:  Kc-Lc Kj-Lj-Mj-Mi Kh-Jh-Ih-Hh-Gh-Gg-Bh* Nc-Oc Kf-Jf-If-Hf-Gf-Be* Lc-Mc Md-Nd Me-Mf-Lf-Jf*-If-Hf-Gf-Bf* Mc-Md-Me-Mf-Lf-Jf*-If-Hf-Gf-Cf* Pj-Pi Qg-Qf-Qe Oe-Ne-Me-Mf-Lf-Jf*-If-Hf-Gf-Ee* Nd-Ne-Me-Mf-Lf-Jf*-If-Hf-Gf-De* Oc-Nc-Mc-Md-Me-Mf-Lf-Jf*-If-Hf-Gf Od-Oe-Ne-Me-Mf-Lf-Jf*-If-Ig-Hg-Gg-Bg* Qe-Pe-Oe-Ne-Me-Mf-Lf-Jf*-If Oi-Oj-Nj-Mj-Lj-Li-Lh-Kh-Jh-Ih-Hh-Gh-Gg-Cg* Mi-Mh-Lh-Kh-Jh-Ih-Hh-Gh-Gg-Dh* Gf-Df* If-Hf-Gf Ng-Nh-Mh-Lh-Kh-Jh-Ih-Hh-Gh-Gg-Dg* Qd-Qe-Pe-Oe-Ne-Me-Mf-Lf-Jf*-If Pi-Oi-Oj-Nj-Mj-Mi-Mh-Lh-Kh-Jh-Ih-Ig-Hg-Gg-Eh* Gf-Ef* If-Hf-Gf-Ff Rj-Qj-Pj-Oj-Nj-Mj-Mi-Mh-Lh-Kh-Jh-Ih-Ig-Hg-Gg-Eg* Ri-Rj-Qj-Pj-Oj-Nj-Mj-Lj-Kj-Jj-Ij-Ii-Ih-Hh-Gh-Gg-Fg
(moves: 225 depth: 177)
Moves: 720, Pushes: 225, Treedepth: 177
Total number of calling MarkReach(): 117865
Total number of cycles for MarkReach(): 1152562401
Average number of cycles per call: 9778.665431
Total number of while loop for MarkReach(): 12764248
Average number of cycles per loop: 90.296146
Total number of calling Moves(): 87084
Total number of cycles for Moves(): 1777037778
Average number of cycles per call: 20406.019223
Total number of while loop for Moves(): 10579743
Average number of cycles per loop: 167.966063
Command:
real	0m2.746s
user	0m2.726s
sys	0m0.020s
