PrintPriority: 2
Command:Maze screens/screen.6:
######  ###         
#0000# ## ##        
#0000###   #        
#00000     #        
#0000# #   #        
#00### #   #        
####   #   #        
   #   #   #        
   #       #        
   #  ##   #        
   #########        
                    
.   0  YES MACRO, nodes: 11 n: 1
Auto Set local cut parameter: 1,5, 6.
ScanSearch: h 106, nodes used: 0
ScanSearch: h 108, nodes used: 440
ScanSearch: h 108, nodes used: 690
ScanSearch: h 108, nodes used: 939
ScanSearch: h 108, nodes used: 1169
ScanSearch: h 108, nodes used: 1730
ScanSearch: h 108, nodes used: 1961
ScanSearch: h 108, nodes used: 2196
ScanSearch: h 108, nodes used: 2419
ScanSearch: h 108, nodes used: 2614
ScanSearch: h: 106->110, nodes used: 3163
.   0  Threshold 110 (110)
.   0  tt: Y, dl_mg: Y, dl2_mg: Y
.   0  area_srch: Y dl_srch: Y pen_srch: Y
.   0  scan_srch: Y
.   0  node limit: 1000, minimize: Y
.   0  st_testd: Y, dl_db: 7, cut_goal: Y
.   0  xdist: Y, auto: Y, local: Y(1,5,6)
.   0  lb_mp: Y, lb_cf: Y, lb_dd: Y(0/1), mc_tu: Y, mc_gm: Y
.   0  overestim: 0.00, hoverestim: 1.00, assume dead: N
.   0  limit patterns: Y, lazy maximize: Y
.   0  nodes searched: total: 5796, top level: 86
.   0  mini: 787, scan: 3163
.   0  AbortNodeCount: -1, TimeOut: 0 TimeOutType: VIRTUAL
.   0  TT hits: 2, TT collisions: 0 Req: 78, (2.564103)
 1 1 4 5 4 3 2 2 2 2 2 2 2 2 2 2 4 1 1 1 1 1 1 1 1 1 1 1 1 1 1 1 1 1 1 1 1 1 1 1 1 1 1 1 1 1 1 1 1 1 1 1 1 1 1 1 1 1 1 1 1 
.   0  run: sec: 0, usec: 84699, t: 1
.   0  Nodes per Second:     5796 (1 sec.)
.   0  AREA POS: #:   1 (  3%) #n:     15  nodes/search:  15
.   0  AREA NEG: #:  32 ( 96%) #n:    710  nodes/search:  22
.   0  DL   POS: #:   0 (  0%) #n:      0  nodes/search:   0
.   0  DL   NEG: #:  29 (100%) #n:    318  nodes/search:  10
.   0  PEN  POS: #:   1 ( 10%) #n:    242  nodes/search: 242
.   0  PEN  NEG: #:   9 ( 90%) #n:    392  nodes/search:  43
.   0  DeadTested:     0, PenTested :     7, patterns: 17, removed: 3, killed: 0
.   0  
Path:  Je-Ie Jh-Ji Jf-Jg Jd-Je Id-Hd-Gd-Bb* Ie-Id-Hd-Gd-Bf* Je-Ie-Id-Hd-Gd-Cb* Ig-If-Ie-Id-Hd-Gd-Bc* Jg-Jf-Je-Jd-Id-Hd-Gd-Be* Ii-Ih-Ig-If-Ie-Id-Hd-Gd-Cf* Gh-Gg-Gf-Gd*-Cc* Fg-Gg-Gf-Gd*-Bd* Fi-Fh-Gh-Gg-Gf-Gd*-Ce* Ji-Ii-Ih-Ig-If-Ie-Id-Hd-Gd-Cd*
(moves: 110 depth: 60)
Moves: 346, Pushes: 110, Treedepth: 60
Total number of calling MarkReach(): 7922
Total number of cycles for MarkReach(): 34480197
Average number of cycles per call: 4352.461121
Total number of while loop for MarkReach(): 354903
Average number of cycles per loop: 97.153862
Total number of calling Moves(): 7909
Total number of cycles for Moves(): 57351516
Average number of cycles per call: 7251.424453
Total number of while loop for Moves(): 381345
Average number of cycles per loop: 150.392731
Command:
real	0m0.100s
user	0m0.087s
sys	0m0.013s
