PrintPriority: 2
Command:Maze screens/screen.12:
################    
#           000#    
# # ######  000#    
# #         #00#    
# #         ##0##   
# #       ###000#   
# #        ##000#   
# ###      ##000#   
#     # ##0##000#   
#####   ##0##000#   
    #####00000###   
        #00000#     
        #######     
                    
.   0  YES MACRO, nodes: 426 n: 2
Auto Set local cut parameter: 1,10, 6.
ScanSearch: h 206, nodes used: 0
ScanSearch: h 208, nodes used: 4851
ScanSearch: h 210, nodes used: 7959
ScanSearch: h 210, nodes used: 9810
ScanSearch: h 210, nodes used: 11386
ScanSearch: h 210, nodes used: 12256
ScanSearch: h 210, nodes used: 12835
ScanSearch: h 210, nodes used: 14159
ScanSearch: h 210, nodes used: 14756
ScanSearch: h 210, nodes used: 15385
ScanSearch: h 210, nodes used: 16209
ScanSearch: h 210, nodes used: 16806
ScanSearch: h 210, nodes used: 17440
ScanSearch: h 210, nodes used: 18165
ScanSearch: h 210, nodes used: 18784
ScanSearch: h: 206->210, nodes used: 19402
.   0  Threshold 210 (210)
.   0  tt: Y, dl_mg: Y, dl2_mg: Y
.   0  area_srch: Y dl_srch: Y pen_srch: Y
.   0  scan_srch: Y
.   0  node limit: 1000, minimize: Y
.   0  st_testd: Y, dl_db: 7, cut_goal: Y
.   0  xdist: Y, auto: Y, local: Y(1,10,6)
.   0  lb_mp: Y, lb_cf: Y, lb_dd: Y(0/1), mc_tu: Y, mc_gm: Y
.   0  overestim: 0.00, hoverestim: 1.00, assume dead: N
.   0  limit patterns: Y, lazy maximize: Y
.   0  nodes searched: total: 28363, top level: 14
.   0  mini: 6569, scan: 19402
.   0  AbortNodeCount: -1, TimeOut: 0 TimeOutType: VIRTUAL
.   0  TT hits: 1, TT collisions: 0 Req: 7, (14.285714)
 1 2 5 3 1 2 
.   0  run: sec: 0, usec: 509981, t: 1
.   0  Nodes per Second:    28363 (1 sec.)
.   0  AREA POS: #:   0 (  0%) #n:      0  nodes/search:   0
.   0  AREA NEG: #:   0 (  0%) #n:      0  nodes/search:   0
.   0  DL   POS: #:   0 (  0%) #n:      0  nodes/search:   0
.   0  DL   NEG: #:   4 (100%) #n:    435  nodes/search: 108
.   0  PEN  POS: #:   1 ( 20%) #n:   2838  nodes/search: 2838
.   0  PEN  NEG: #:   4 ( 80%) #n:    514  nodes/search: 128
.   0  DeadTested:     0, PenTested :     0, patterns: 26, removed: 8, killed: 0
.   0  
.   0  Threshold 212 (210)
.   0  tt: Y, dl_mg: Y, dl2_mg: Y
.   0  area_srch: Y dl_srch: Y pen_srch: Y
.   0  scan_srch: Y
.   0  node limit: 1000, minimize: Y
.   0  st_testd: Y, dl_db: 7, cut_goal: Y
.   0  xdist: Y, auto: Y, local: Y(1,10,6)
.   0  lb_mp: Y, lb_cf: Y, lb_dd: Y(0/1), mc_tu: Y, mc_gm: Y
.   0  overestim: 0.00, hoverestim: 1.00, assume dead: N
.   0  limit patterns: Y, lazy maximize: Y
.   0  nodes searched: total: 57979, top level: 72
.   0  mini: 10898, scan: 19402
.   0  AbortNodeCount: -1, TimeOut: 0 TimeOutType: VIRTUAL
.   0  TT hits: 8, TT collisions: 0 Req: 38, (21.052631)
 2 4 14 29 14 6 3 
.   0  run: sec: 0, usec: 754521, t: 1
.   0  Nodes per Second:    57979 (1 sec.)
.   0  AREA POS: #:   0 (  0%) #n:      0  nodes/search:   0
.   0  AREA NEG: #:   6 (100%) #n:    530  nodes/search:  88
.   0  DL   POS: #:   0 (  0%) #n:      0  nodes/search:   0
.   0  DL   NEG: #:  22 (100%) #n:   1910  nodes/search:  86
.   0  PEN  POS: #:   5 ( 19%) #n:   9821  nodes/search: 1964
.   0  PEN  NEG: #:  21 ( 80%) #n:   2547  nodes/search: 121
.   0  DeadTested:     0, PenTested :     0, patterns: 37, removed: 10, killed: 0
.   0  
.   0  Threshold 214 (210)
.   0  tt: Y, dl_mg: Y, dl2_mg: Y
.   0  area_srch: Y dl_srch: Y pen_srch: Y
.   0  scan_srch: Y
.   0  node limit: 1000, minimize: Y
.   0  st_testd: Y, dl_db: 7, cut_goal: Y
.   0  xdist: Y, auto: Y, local: Y(1,10,6)
.   0  lb_mp: Y, lb_cf: Y, lb_dd: Y(0/1), mc_tu: Y, mc_gm: Y
.   0  overestim: 0.00, hoverestim: 1.00, assume dead: N
.   0  limit patterns: Y, lazy maximize: Y
.   0  nodes searched: total: 103439, top level: 168
.   0  mini: 12197, scan: 19402
.   0  AbortNodeCount: -1, TimeOut: 0 TimeOutType: VIRTUAL
.   0  TT hits: 42, TT collisions: 0 Req: 110, (38.181820)
 3 6 23 58 49 23 6 
.   0  run: sec: 1, usec: 179402, t: 1
.   0  Nodes per Second:   103439 (1 sec.)
.   0  AREA POS: #:   4 ( 21%) #n:    206  nodes/search:  51
.   0  AREA NEG: #:  15 ( 78%) #n:   1303  nodes/search:  86
.   0  DL   POS: #:   0 (  0%) #n:      0  nodes/search:   0
.   0  DL   NEG: #:  57 (100%) #n:   5451  nodes/search:  95
.   0  PEN  POS: #:   6 (  9%) #n:  10854  nodes/search: 1809
.   0  PEN  NEG: #:  55 ( 90%) #n:   7252  nodes/search: 131
.   0  DeadTested:     0, PenTested :     0, patterns: 47, removed: 11, killed: 0
.   0  
.   0  Threshold 216 (210)
.   0  tt: Y, dl_mg: Y, dl2_mg: Y
.   0  area_srch: Y dl_srch: Y pen_srch: Y
.   0  scan_srch: Y
.   0  node limit: 1000, minimize: Y
.   0  st_testd: Y, dl_db: 7, cut_goal: Y
.   0  xdist: Y, auto: Y, local: Y(1,10,6)
.   0  lb_mp: Y, lb_cf: Y, lb_dd: Y(0/1), mc_tu: Y, mc_gm: Y
.   0  overestim: 0.00, hoverestim: 1.00, assume dead: N
.   0  limit patterns: Y, lazy maximize: Y
.   0  nodes searched: total: 145333, top level: 302
.   0  mini: 12288, scan: 19402
.   0  AbortNodeCount: -1, TimeOut: 0 TimeOutType: VIRTUAL
.   0  TT hits: 115, TT collisions: 0 Req: 208, (55.288460)
 4 8 32 87 84 58 26 3 
.   0  run: sec: 1, usec: 578719, t: 2
.   0  Nodes per Second:    72666 (2 sec.)
.   0  AREA POS: #:   4 ( 12%) #n:    206  nodes/search:  51
.   0  AREA NEG: #:  27 ( 87%) #n:   2243  nodes/search:  83
.   0  DL   POS: #:   0 (  0%) #n:      0  nodes/search:   0
.   0  DL   NEG: #:  93 (100%) #n:   9075  nodes/search:  97
.   0  PEN  POS: #:   6 (  6%) #n:  10854  nodes/search: 1809
.   0  PEN  NEG: #:  92 ( 93%) #n:  11344  nodes/search: 123
.   0  DeadTested:     0, PenTested :     1, patterns: 48, removed: 12, killed: 0
.   0  
.   0  Threshold 218 (210)
.   0  tt: Y, dl_mg: Y, dl2_mg: Y
.   0  area_srch: Y dl_srch: Y pen_srch: Y
.   0  scan_srch: Y
.   0  node limit: 1000, minimize: Y
.   0  st_testd: Y, dl_db: 7, cut_goal: Y
.   0  xdist: Y, auto: Y, local: Y(1,10,6)
.   0  lb_mp: Y, lb_cf: Y, lb_dd: Y(0/1), mc_tu: Y, mc_gm: Y
.   0  overestim: 0.00, hoverestim: 1.00, assume dead: N
.   0  limit patterns: Y, lazy maximize: Y
.   0  nodes searched: total: 201938, top level: 455
.   0  mini: 12288, scan: 19402
.   0  AbortNodeCount: -1, TimeOut: 0 TimeOutType: VIRTUAL
.   0  TT hits: 215, TT collisions: 0 Req: 325, (66.153847)
 5 10 41 116 119 93 49 14 7 1 
.   0  run: sec: 2, usec: 125043, t: 2
.   0  Nodes per Second:   100969 (2 sec.)
.   0  AREA POS: #:   4 (  8%) #n:    206  nodes/search:  51
.   0  AREA NEG: #:  43 ( 91%) #n:   3598  nodes/search:  83
.   0  DL   POS: #:   0 (  0%) #n:      0  nodes/search:   0
.   0  DL   NEG: #: 142 (100%) #n:  14023  nodes/search:  98
.   0  PEN  POS: #:   6 (  4%) #n:  10854  nodes/search: 1809
.   0  PEN  NEG: #: 139 ( 95%) #n:  16698  nodes/search: 120
.   0  DeadTested:     0, PenTested :     1, patterns: 48, removed: 12, killed: 0
.   0  
.   0  Threshold 220 (210)
.   0  tt: Y, dl_mg: Y, dl2_mg: Y
.   0  area_srch: Y dl_srch: Y pen_srch: Y
.   0  scan_srch: Y
.   0  node limit: 1000, minimize: Y
.   0  st_testd: Y, dl_db: 7, cut_goal: Y
.   0  xdist: Y, auto: Y, local: Y(1,10,6)
.   0  lb_mp: Y, lb_cf: Y, lb_dd: Y(0/1), mc_tu: Y, mc_gm: Y
.   0  overestim: 0.00, hoverestim: 1.00, assume dead: N
.   0  limit patterns: Y, lazy maximize: Y
.   0  nodes searched: total: 249482, top level: 619
.   0  mini: 12288, scan: 19402
.   0  AbortNodeCount: -1, TimeOut: 0 TimeOutType: VIRTUAL
.   0  TT hits: 329, TT collisions: 0 Req: 452, (72.787613)
 6 12 50 145 154 128 72 25 22 5 
.   0  run: sec: 2, usec: 579836, t: 3
.   0  Nodes per Second:    83161 (3 sec.)
.   0  AREA POS: #:   4 (  6%) #n:    206  nodes/search:  51
.   0  AREA NEG: #:  58 ( 93%) #n:   4857  nodes/search:  83
.   0  DL   POS: #:   0 (  0%) #n:      0  nodes/search:   0
.   0  DL   NEG: #: 183 (100%) #n:  18734  nodes/search: 102
.   0  PEN  POS: #:   6 (  3%) #n:  10854  nodes/search: 1809
.   0  PEN  NEG: #: 182 ( 96%) #n:  21015  nodes/search: 115
.   0  DeadTested:     0, PenTested :     2, patterns: 48, removed: 12, killed: 0
.   0  
.   0  Threshold 222 (210)
.   0  tt: Y, dl_mg: Y, dl2_mg: Y
.   0  area_srch: Y dl_srch: Y pen_srch: Y
.   0  scan_srch: Y
.   0  node limit: 1000, minimize: Y
.   0  st_testd: Y, dl_db: 7, cut_goal: Y
.   0  xdist: Y, auto: Y, local: Y(1,10,6)
.   0  lb_mp: Y, lb_cf: Y, lb_dd: Y(0/1), mc_tu: Y, mc_gm: Y
.   0  overestim: 0.00, hoverestim: 1.00, assume dead: N
.   0  limit patterns: Y, lazy maximize: Y
.   0  nodes searched: total: 309040, top level: 790
.   0  mini: 12288, scan: 19402
.   0  AbortNodeCount: -1, TimeOut: 0 TimeOutType: VIRTUAL
.   0  TT hits: 453, TT collisions: 0 Req: 585, (77.435898)
 7 14 59 174 189 163 95 36 37 16 
.   0  run: sec: 3, usec: 156341, t: 3
.   0  Nodes per Second:   103013 (3 sec.)
.   0  AREA POS: #:   4 (  5%) #n:    206  nodes/search:  51
.   0  AREA NEG: #:  74 ( 94%) #n:   6212  nodes/search:  83
.   0  DL   POS: #:   0 (  0%) #n:      0  nodes/search:   0
.   0  DL   NEG: #: 236 (100%) #n:  23662  nodes/search: 100
.   0  PEN  POS: #:   6 (  2%) #n:  10854  nodes/search: 1809
.   0  PEN  NEG: #: 232 ( 97%) #n:  26696  nodes/search: 115
.   0  DeadTested:     0, PenTested :     2, patterns: 48, removed: 12, killed: 0
.   0  
.   0  Threshold 224 (210)
.   0  tt: Y, dl_mg: Y, dl2_mg: Y
.   0  area_srch: Y dl_srch: Y pen_srch: Y
.   0  scan_srch: Y
.   0  node limit: 1000, minimize: Y
.   0  st_testd: Y, dl_db: 7, cut_goal: Y
.   0  xdist: Y, auto: Y, local: Y(1,10,6)
.   0  lb_mp: Y, lb_cf: Y, lb_dd: Y(0/3), mc_tu: Y, mc_gm: Y
.   0  overestim: 0.00, hoverestim: 1.00, assume dead: N
.   0  limit patterns: Y, lazy maximize: Y
.   0  nodes searched: total: 561503, top level: 5316
.   0  mini: 20571, scan: 19402
.   0  AbortNodeCount: -1, TimeOut: 0 TimeOutType: VIRTUAL
.   0  TT hits: 979, TT collisions: 6 Req: 2235, (43.803131)
 8 15 63 181 207 177 99 42 48 27 2 1 1 1 1 1 1 1 3 1 1 1 1 1 1 3 3 1 1 1 1 1 1 1 1 4 9 15 34 47 68 110 136 170 142 171 268 388 476 385 451 475 234 148 134 184 144 89 23 15 5 1 1 1 1 1 4 1 1 8 5 6 1 1 2 1 1 1 1 1 1 3 2 2 3 5 1 1 1 1 1 4 4 1 1 1 1 3 1 1 1 1 1 2 2 4 1 1 1 1 
.   0  run: sec: 5, usec: 408037, t: 5
.   0  Nodes per Second:   112301 (5 sec.)
.   0  AREA POS: #:  21 ( 12%) #n:  13477  nodes/search: 641
.   0  AREA NEG: #: 144 ( 87%) #n:  10951  nodes/search:  76
.   0  DL   POS: #:   0 (  0%) #n:      0  nodes/search:   0
.   0  DL   NEG: #: 429 (100%) #n:  43114  nodes/search: 100
.   0  PEN  POS: #:  12 (  2%) #n:  15388  nodes/search: 1282
.   0  PEN  NEG: #: 571 ( 97%) #n:  72157  nodes/search: 126
.   0  DeadTested:     0, PenTested :   317, patterns: 95, removed: 12, killed: 0
.   0  
Path:  Ie-Je Ge-Fe-Ee Ff-Ef-Ff Ee-Ef Fd-Ed Hd-Gd Jd-Id Ld-Lc-Pj* Id-Jd-Kd-Ld-Lc-Pi* Hf-If Gd-Hd-Id-Jd-Kd-Ld-Lc-Ph* Fh-Fg Ed-Fd-Gd-Hd-Id-Jd-Kd-Ld-Lc-Pg* Hh-Hi Je-Ie Jf-Je-Jd-Kd-Ld-Lc-Pf* Jh-Kh-Nf* Ig-Jg-Jh-Kh-Ng* Gh-Hh-Ih-Jh-Kh-Nh* Hi-Hh-Ih-Jh-Kh-Ni* If-Jf Gg-Gh-Hh-Ih-Jh-Kh-Nj* Fg-Gg-Hg-Ig-If Jf-Je Ff-Fe-Ge-He-Hd-Id-Jd-Kd-Ld-Lc-Oj* Ef-Ff-Gf-Hf-He Je-Jd-Kd-Ld-Lc-Oi* If-Jf-Je-Jd-Kd-Ld-Lc-Oh* Ie-Id-Jd-Kd-Ld-Lc-Og* He-Ie-Je-Jd-Kd-Ld-Lc-Of*
(moves: 224 depth: 109)
Moves: 935, Pushes: 224, Treedepth: 109
Total number of calling MarkReach(): 668534
Total number of cycles for MarkReach(): 531762682
Average number of cycles per call: 795.416063
Total number of while loop for MarkReach(): 0
Average number of cycles per loop: inf
Total number of calling Moves(): 642072
Total number of cycles for Moves(): 6504371377
Average number of cycles per call: 10130.283484
Total number of while loop for Moves(): 63472224
Average number of cycles per loop: 102.475870
Command:
real	0m5.429s
user	0m5.413s
sys	0m0.011s
