PrintPriority: 2
Command:Maze screens/screen.53:
##################  
#                ## 
#  #     ##       # 
#     ###    #    # 
#0###         ##  ##
#000#  #  #    #   #
#00##  ####    #   #
#000#        ##  ###
#000   ###  #    # #
##00   #  ##   ##  #
 ##0#              #
  ##################
                    
.   0  YES MACRO, nodes: 651 n: 3
Auto Set local cut parameter: 1,10, 9.
ScanSearch: h 186, nodes used: 0
ScanSearch: h 186, nodes used: 1983
ScanSearch: h 186, nodes used: 3354
ScanSearch: h 186, nodes used: 4720
ScanSearch: h 186, nodes used: 5988
ScanSearch: h 186, nodes used: 7332
ScanSearch: h 186, nodes used: 8674
ScanSearch: h 186, nodes used: 10286
ScanSearch: h 186, nodes used: 11904
ScanSearch: h 186, nodes used: 13133
ScanSearch: h 186, nodes used: 14393
ScanSearch: h 186, nodes used: 15672
ScanSearch: h 186, nodes used: 16957
ScanSearch: h 244, nodes used: 18930
ScanSearch: h 244, nodes used: 20074
ScanSearch: h: 186->244, nodes used: 21222
.   0  Threshold 244 (244)
.   0  tt: Y, dl_mg: Y, dl2_mg: Y
.   0  area_srch: Y dl_srch: Y pen_srch: Y
.   0  scan_srch: Y
.   0  node limit: 1000, minimize: Y
.   0  st_testd: Y, dl_db: 7, cut_goal: Y
.   0  xdist: Y, auto: Y, local: Y(1,10,9)
.   0  lb_mp: Y, lb_cf: Y, lb_dd: Y(0/4), mc_tu: Y, mc_gm: Y
.   0  overestim: 0.00, hoverestim: 1.00, assume dead: N
.   0  limit patterns: Y, lazy maximize: Y
.   0  nodes searched: total: 271340, top level: 523
.   0  mini: 43420, scan: 21222
.   0  AbortNodeCount: -1, TimeOut: 0 TimeOutType: VIRTUAL
.   0  TT hits: 67, TT collisions: 0 Req: 419, (15.990454)
 1 1 1 1 1 1 1 2 2 2 4 3 2 7 8 10 15 17 16 21 23 20 10 4 3 2 3 2 7 3 2 2 2 2 2 4 4 2 2 2 2 3 2 6 5 6 9 9 8 7 7 2 2 2 2 5 4 6 6 7 13 13 12 9 10 12 12 11 5 1 1 1 1 1 1 1 3 1 1 1 1 1 1 1 4 1 1 1 1 1 1 1 1 1 1 1 1 1 1 1 1 1 1 1 1 4 1 1 1 1 1 1 1 1 1 1 1 1 1 1 1 1 1 1 1 1 1 4 2 3 1 1 1 1 1 1 1 1 1 1 1 1 1 1 1 1 1 1 1 1 1 1 1 1 1 1 1 1 1 1 1 1 1 1 
.   0  run: sec: 0, usec: 827523, t: 1
.   0  Nodes per Second:   271340 (1 sec.)
.   0  AREA POS: #:  15 ( 14%) #n:   2872  nodes/search: 191
.   0  AREA NEG: #:  87 ( 85%) #n:   7164  nodes/search:  82
.   0  DL   POS: #:   0 (  0%) #n:      0  nodes/search:   0
.   0  DL   NEG: #:  93 (100%) #n:  70823  nodes/search: 761
.   0  PEN  POS: #:   5 (  4%) #n:  10533  nodes/search: 2106
.   0  PEN  NEG: #: 109 ( 95%) #n: 114519  nodes/search: 1050
.   0  DeadTested:     0, PenTested :    24, patterns: 149, removed: 55, killed: 0
.   0  
Path:  Ei-Df* Cc-Cd-Bd-Be Fg-Fh-Fi Gg-Gh Fd-Fe-Ff Hc-Gc-Fc-Fd Mg-Lg Lh-Kh-Jh Fi-Fh Gh-Gg-Gf Fh-Fi-Ei-Cf* Ff-Fg-Fh-Fi-Ei-Cg* Gj-Gi-Gh Fd-Fe-Ff-Fg-Fh-Fi-Ei-Bf* Ke-Je-Ie-He-Ge-Fe-Ff-Fg-Fh-Fi-Ei-Bg* Me-Le-Ke-Je-Ie-He-Ge-Fe-Ff-Fg-Fh-Fi-Ei-Dk* Nc-Mc-Lc-Ld-Le-Ke-Je-Ie-He-Ge-Fe-Ff-Fg-Fh-Fi-Ei-Bi* Qd-Qc-Pc-Oc-Nc-Mc-Md-Me-Mf Pd-Qd-Qc-Pc-Oc-Nc-Mc-Lc-Ld-Le-Ke-Je-Ie-He-Ge-Fe-Ff-Fg-Fh-Fi-Ei-Bh* Qf-Qe-Qd-Qc-Pc-Oc-Nc-Mc-Lc-Ld-Le-Ke-Je-Ie-He-Ge-Fe-Ff-Fg-Fh-Fi-Ei-Ch* Gh-Gi Gf-Gg Jh-Gh*-Fh-Fi Gi-Gh-Fh Fi-Ei-Ci* Fh-Fi-Ei-Dh* Gg-Gh-Fh-Fi-Ei-Di Lg-Lh-Kh-Jh-Gh*-Fh-Fi-Fj-Ej-Cj* Mf-Mg-Lg-Lh-Kh-Jh-Gh*-Fh-Fi-Fj-Ej-Dj
(moves: 202 depth: 163)
Moves: 1103, Pushes: 202, Treedepth: 163
Total number of calling MarkReach(): 330643
Total number of cycles for MarkReach(): 161136054
Average number of cycles per call: 487.341495
Total number of while loop for MarkReach(): 0
Average number of cycles per loop: inf
Total number of stones for MarkReach(): 0
Average stones for MarkReach(): 0
Average number of cycles per call: 5770.374055
Total number of while loop for Moves(): 11420422
Average number of cycles per loop: 45.445827
Command:
real	0m0.847s
user	0m0.831s
sys	0m0.014s
