PrintPriority: 2
Command:Maze screens/screen.81:
              ##### 
     ##########   # 
     #        #   # 
     #            # 
     # ##### ##   # 
     #     # ##   # 
     # ### # ##   # 
###### ###        # 
#00000       ##   # 
#00000       ###### 
#00000       #      
########### ##      
          ###       
                    
.   0  YES MACRO, nodes: 343 n: 3
Auto Set local cut parameter: 1,10, 7.
ScanSearch: h 167, nodes used: 0
ScanSearch: h 173, nodes used: 2704
ScanSearch: h 173, nodes used: 3928
ScanSearch: h 173, nodes used: 4528
ScanSearch: h 173, nodes used: 5773
ScanSearch: h 173, nodes used: 6957
ScanSearch: h 173, nodes used: 8512
ScanSearch: h 173, nodes used: 9758
ScanSearch: h 173, nodes used: 11518
ScanSearch: h 173, nodes used: 12617
ScanSearch: h 173, nodes used: 13821
ScanSearch: h 173, nodes used: 15629
ScanSearch: h: 167->173, nodes used: 16940
.   0  Threshold 173 (167)
.   0  tt: Y, dl_mg: Y, dl2_mg: Y
.   0  area_srch: Y dl_srch: Y pen_srch: Y
.   0  scan_srch: Y
.   0  node limit: 1000, minimize: Y
.   0  st_testd: Y, dl_db: 7, cut_goal: Y
.   0  xdist: Y, auto: Y, local: Y(1,10,7)
.   0  lb_mp: Y, lb_cf: Y, lb_dd: Y(0/2), mc_tu: Y, mc_gm: Y
.   0  overestim: 0.00, hoverestim: 1.00, assume dead: N
.   0  limit patterns: Y, lazy maximize: Y
.   0  nodes searched: total: 41943, top level: 2734
.   0  mini: 1011, scan: 16940
.   0  AbortNodeCount: -1, TimeOut: 0 TimeOutType: VIRTUAL
.   0  TT hits: 436, TT collisions: 0 Req: 1365, (31.941391)
 1 5 5 3 1 3 2 1 1 3 2 1 1 1 1 1 1 1 1 1 1 1 1 1 1 1 1 1 1 1 1 1 1 1 1 1 1 1 1 1 1 1 1 1 1 1 3 1 1 1 1 1 1 1 1 1 1 3 4 2 2 2 2 2 6 4 4 2 2 3 2 2 2 2 2 2 10 26 40 69 94 101 104 92 69 81 123 151 132 101 83 64 75 76 93 95 87 80 77 83 74 56 57 60 42 42 32 24 19 17 13 13 11 7 17 14 25 19 18 10 8 6 3 7 3 2 2 1 1 
.   0  run: sec: 0, usec: 593841, t: 1
.   0  Nodes per Second:    41943 (1 sec.)
.   0  AREA POS: #:   4 ( 12%) #n:     62  nodes/search:  15
.   0  AREA NEG: #:  29 ( 87%) #n:    982  nodes/search:  33
.   0  DL   POS: #:   0 (  0%) #n:      0  nodes/search:   0
.   0  DL   NEG: #: 134 (100%) #n:   3069  nodes/search:  22
.   0  PEN  POS: #:   0 (  0%) #n:      0  nodes/search:   0
.   0  PEN  NEG: #: 105 (100%) #n:   5407  nodes/search:  51
.   0  DeadTested:     0, PenTested :    98, patterns: 23, removed: 1, killed: 0
.   0  
Path:  Nh-Ph*-Qh Qe-Pe Qf-Qg Qd-Qe Pd-Od-Nd-Md Id-Hd Gf-Gg-Gi*-Bi* Hf-Gf-Gg-Gi*-Ci* Hd-Gd-Ge-Gf-Gg-Gi*-Di* Lh-Kh-Ki-Ji-Ii-Hi-Gi-Ei* Kd-Jd-Id-Hd-Gd-Ge-Gf-Gg-Gi* Qh-Ph-Oh-Mh*-Lh-Kh-Ki-Ji-Ii Gi-Gj-Bj* Ii-Hi-Gi Md-Ld-Kd-Jd-Id-Hd-Gd-Ge Gi-Gj-Cj* Ge-Gf-Gg-Gi* Mf-Mg-Mh-Lh-Kh-Ki-Ji-Ii Gi-Gj-Dj* Ii-Hi-Gi Pg-Ph-Oh-Mh*-Lh-Kh-Ki-Ji-Ii Gi-Gj-Ej* Ii-Hi-Gi Qg-Qh-Ph-Oh-Mh*-Lh-Kh-Ki-Ji-Ii Pe-Pf-Pg-Ph-Oh-Mh*-Lh-Kh-Ki Gi-Gj-Bk* Ii-Hi-Gi Ki-Ji-Ii Qe-Qf-Qg-Qh-Ph-Oh-Mh*-Lh-Kh-Ki Gi-Gj-Ck* Ii-Hi-Gi Ki-Ji-Ii Gi-Gj-Dk* Ii-Hi-Gi-Gj-Ek*
(moves: 173 depth: 128)
Moves: 815, Pushes: 173, Treedepth: 128
Total number of calling MarkReach(): 82292
Total number of cycles for MarkReach(): 174708274
Average number of cycles per call: 2123.028654
Total number of while loop for MarkReach(): 0
Average number of cycles per loop: inf
Total number of calling Moves(): 57055
Total number of cycles for Moves(): 343542338
Average number of cycles per call: 6021.248585
Total number of while loop for Moves(): 5218611
Average number of cycles per loop: 65.830225
Command:
real	0m0.459s
user	0m0.600s
sys	0m0.004s
