PrintPriority: 2
Command:Maze screens/screen.59:
####################
#   #  # # ##  #####
# # #          #####
# #    ######    ###
#   #  #0000#      #
## ## ##0000#      #
#      #0000## ## ##
#      #0000#      #
#       #00#  ###  #
#####              #
##### #    #  #   ##
####################
                    
.   0  YES MACRO, nodes: 173 n: 2
Auto Set local cut parameter: 1,10, 10.
ScanSearch: h 218, nodes used: 0
ScanSearch: h 224, nodes used: 4257
ScanSearch: h 224, nodes used: 5606
ScanSearch: h 224, nodes used: 6764
ScanSearch: h 224, nodes used: 8674
ScanSearch: h 224, nodes used: 9931
ScanSearch: h 224, nodes used: 12122
ScanSearch: h 224, nodes used: 13507
ScanSearch: h 224, nodes used: 15220
ScanSearch: h 224, nodes used: 16403
ScanSearch: h 224, nodes used: 18041
ScanSearch: h 224, nodes used: 19410
ScanSearch: h 224, nodes used: 20821
ScanSearch: h 224, nodes used: 22198
ScanSearch: h 224, nodes used: 23571
ScanSearch: h 224, nodes used: 24694
ScanSearch: h: 218->224, nodes used: 25840
.   0  Threshold 224 (224)
.   0  tt: Y, dl_mg: Y, dl2_mg: Y
.   0  area_srch: Y dl_srch: Y pen_srch: Y
.   0  scan_srch: Y
.   0  node limit: 1000, minimize: Y
.   0  st_testd: Y, dl_db: 7, cut_goal: Y
.   0  xdist: Y, auto: Y, local: Y(1,10,10)
.   0  lb_mp: Y, lb_cf: Y, lb_dd: Y(0/1), mc_tu: Y, mc_gm: Y
.   0  overestim: 0.00, hoverestim: 1.00, assume dead: N
.   0  limit patterns: Y, lazy maximize: Y
.   0  nodes searched: total: 90244, top level: 36
.   0  mini: 17796, scan: 25840
.   0  AbortNodeCount: -1, TimeOut: 0 TimeOutType: VIRTUAL
.   0  TT hits: 1, TT collisions: 0 Req: 27, (3.703704)
 1 1 1 1 1 1 1 1 1 1 3 2 5 3 2 3 2 6 
.   0  run: sec: 0, usec: 514591, t: 1
.   0  Nodes per Second:    90244 (1 sec.)
.   0  AREA POS: #:   1 (  5%) #n:   2523  nodes/search: 2523
.   0  AREA NEG: #:  16 ( 94%) #n:   2317  nodes/search: 144
.   0  DL   POS: #:   0 (  0%) #n:      0  nodes/search:   0
.   0  DL   NEG: #:  13 (100%) #n:  12466  nodes/search: 958
.   0  PEN  POS: #:   1 (  5%) #n:   2865  nodes/search: 2865
.   0  PEN  NEG: #:  17 ( 94%) #n:  26699  nodes/search: 1570
.   0  DeadTested:     0, PenTested :     0, patterns: 78, removed: 15, killed: 0
.   0  
.   0  Threshold 226 (226)
.   0  tt: Y, dl_mg: Y, dl2_mg: Y
.   0  area_srch: Y dl_srch: Y pen_srch: Y
.   0  scan_srch: Y
.   0  node limit: 1000, minimize: Y
.   0  st_testd: Y, dl_db: 7, cut_goal: Y
.   0  xdist: Y, auto: Y, local: Y(1,10,10)
.   0  lb_mp: Y, lb_cf: Y, lb_dd: Y(0/2), mc_tu: Y, mc_gm: Y
.   0  overestim: 0.00, hoverestim: 1.00, assume dead: N
.   0  limit patterns: Y, lazy maximize: Y
.   0  nodes searched: total: 173851, top level: 351
.   0  mini: 21502, scan: 25840
.   0  AbortNodeCount: -1, TimeOut: 0 TimeOutType: VIRTUAL
.   0  TT hits: 47, TT collisions: 0 Req: 182, (25.824175)
 2 2 2 4 10 11 6 4 10 17 22 27 34 40 46 33 17 13 1 1 1 1 1 1 1 1 1 1 1 1 1 1 1 1 1 1 1 1 1 1 1 1 1 1 1 1 1 1 1 1 1 1 1 1 1 1 1 1 1 1 1 1 1 1 1 1 1 1 1 
.   0  run: sec: 0, usec: 987268, t: 1
.   0  Nodes per Second:   173851 (1 sec.)
.   0  AREA POS: #:   1 (  1%) #n:   2523  nodes/search: 2523
.   0  AREA NEG: #:  50 ( 98%) #n:   5676  nodes/search: 113
.   0  DL   POS: #:   0 (  0%) #n:      0  nodes/search:   0
.   0  DL   NEG: #:  44 (100%) #n:  37581  nodes/search: 854
.   0  PEN  POS: #:   4 (  7%) #n:   5947  nodes/search: 1486
.   0  PEN  NEG: #:  51 ( 92%) #n:  55937  nodes/search: 1096
.   0  DeadTested:     0, PenTested :     8, patterns: 101, removed: 15, killed: 0
.   0  
.   0  Threshold 228 (230)
.   0  tt: Y, dl_mg: Y, dl2_mg: Y
.   0  area_srch: Y dl_srch: Y pen_srch: Y
.   0  scan_srch: Y
.   0  node limit: 1000, minimize: Y
.   0  st_testd: Y, dl_db: 7, cut_goal: Y
.   0  xdist: Y, auto: Y, local: Y(1,10,10)
.   0  lb_mp: Y, lb_cf: Y, lb_dd: Y(0/2), mc_tu: Y, mc_gm: Y
.   0  overestim: 0.00, hoverestim: 1.00, assume dead: N
.   0  limit patterns: Y, lazy maximize: Y
.   0  nodes searched: total: 173852, top level: 352
.   0  mini: 21502, scan: 25840
.   0  AbortNodeCount: -1, TimeOut: 0 TimeOutType: VIRTUAL
.   0  TT hits: 47, TT collisions: 0 Req: 182, (25.824175)
 3 2 2 4 10 11 6 4 10 17 22 27 34 40 46 33 17 13 1 1 1 1 1 1 1 1 1 1 1 1 1 1 1 1 1 1 1 1 1 1 1 1 1 1 1 1 1 1 1 1 1 1 1 1 1 1 1 1 1 1 1 1 1 1 1 1 1 1 1 
.   0  run: sec: 0, usec: 987752, t: 1
.   0  Nodes per Second:   173852 (1 sec.)
.   0  AREA POS: #:   1 (  1%) #n:   2523  nodes/search: 2523
.   0  AREA NEG: #:  50 ( 98%) #n:   5676  nodes/search: 113
.   0  DL   POS: #:   0 (  0%) #n:      0  nodes/search:   0
.   0  DL   NEG: #:  44 (100%) #n:  37581  nodes/search: 854
.   0  PEN  POS: #:   4 (  7%) #n:   5947  nodes/search: 1486
.   0  PEN  NEG: #:  51 ( 92%) #n:  55937  nodes/search: 1096
.   0  DeadTested:     0, PenTested :     8, patterns: 101, removed: 15, killed: 0
.   0  
.   0  Threshold 230 (230)
.   0  tt: Y, dl_mg: Y, dl2_mg: Y
.   0  area_srch: Y dl_srch: Y pen_srch: Y
.   0  scan_srch: Y
.   0  node limit: 1000, minimize: Y
.   0  st_testd: Y, dl_db: 7, cut_goal: Y
.   0  xdist: Y, auto: Y, local: Y(1,10,10)
.   0  lb_mp: Y, lb_cf: Y, lb_dd: Y(1/3), mc_tu: Y, mc_gm: Y
.   0  overestim: 0.00, hoverestim: 1.00, assume dead: N
.   0  limit patterns: Y, lazy maximize: Y
.   0  nodes searched: total: 998776, top level: 2112
.   0  mini: 204113, scan: 25840
.   0  AbortNodeCount: -1, TimeOut: 0 TimeOutType: VIRTUAL
.   0  TT hits: 180, TT collisions: 1 Req: 1017, (17.699116)
 4 3 3 7 19 21 11 7 19 40 62 94 140 180 206 165 124 81 66 54 66 50 34 39 45 44 42 25 34 29 35 37 39 33 25 21 6 4 6 4 5 3 3 2 4 2 2 2 2 2 2 2 2 4 2 2 2 2 2 2 2 2 4 2 2 2 2 2 2 1 1 1 1 1 1 1 1 1 1 1 1 2 1 1 1 1 1 1 1 1 1 1 1 2 4 1 1 1 1 1 1 1 1 1 1 1 1 1 1 1 1 1 1 1 1 1 1 1 1 1 1 1 1 1 1 1 1 1 1 3 1 1 1 1 1 1 1 1 1 1 1 1 1 1 1 1 1 1 1 1 1 1 1 1 1 1 1 1 1 1 1 1 1 1 1 1 1 1 1 1 1 1 1 1 1 1 1 1 2 1 
.   0  run: sec: 7, usec: 861258, t: 8
.   0  Nodes per Second:   124847 (8 sec.)
.   0  AREA POS: #:  18 (  5%) #n:  11327  nodes/search: 629
.   0  AREA NEG: #: 298 ( 94%) #n:  35709  nodes/search: 119
.   0  DL   POS: #:   0 (  0%) #n:      0  nodes/search:   0
.   0  DL   NEG: #: 233 (100%) #n: 193904  nodes/search: 832
.   0  PEN  POS: #:  14 (  3%) #n:  41434  nodes/search: 2959
.   0  PEN  NEG: #: 344 ( 96%) #n: 458615  nodes/search: 1333
.   0  DeadTested:     0, PenTested :    29, patterns: 397, removed: 87, killed: 0
.   0  
Path:  Hc-Gc-Fc Cf-Cg-Ch Ci-Di-Ei Hj-Ij-Jj-Ie* Lj-Mj-Nj Fi-Fh Ei-Fi-Gi-Gj-Hj-Ij-Jj-Je* Fh-Fi-Gi-Gj-Hj-Ij-Jj-If* Eh-Ei-Fi-Gi-Gj-Hj-Ij-Jj-Jf* Dh-Di-Ei-Fi-Gi-Gj-Hj-Ij-Jj-Ih* Ff-Fg-Fh-Gh-Gi-Gj-Hj-Ij-Jj-Ig* Ch-Ci-Di-Ei-Fi-Gi-Gj-Hj-Ij-Jj Fc-Fd-Fe-Ff-Fg-Fh-Fi-Gi-Gj-Hj-Ij Nj-Mj-Lj-Kj Qj-Pj-Oj-Nj-Mj-Lj Rg-Rf-Re Og-Oh-Ph-Rh*-Ri-Rj-Qj-Pj-Oj-Nj Od-Oe-Of-Og Mc-Kc*-Jc-Ic-Hc-Gc-Fc Kj-Le* Lj-Kj-Ke* Nj-Mj-Lj-Kj-Lf* Fc-Fd-Fe-Ff-Fg-Fh-Fi-Gi-Gj Og-Oh-Ph-Rh*-Ri-Rj-Qj-Pj-Oj-Nj-Mj-Lj-Kj-Kf* Qe-Qf Re-Qe Qf-Rf Qe-Qf Rf-Rg-Rh-Ri-Rj-Qj-Pj-Oj-Nj-Mj-Lj-Kj-Lg* Jj-Jg* Ij-Jj Gj-Hj-Ij Qf-Rf-Rg-Rh-Ri-Rj-Qj-Pj-Oj-Nj-Mj-Lj-Kj-Kg* Pe-Pf-Qf-Rf-Rg-Rh-Ri-Rj-Qj-Pj-Oj-Nj-Mj-Lj-Kj-Lh* Jj-Jh* Ij-Jj-Kj-Kh*
(moves: 230 depth: 179)
Moves: 997, Pushes: 230, Treedepth: 179
Total number of calling MarkReach(): 685292
Total number of cycles for MarkReach(): 518959301
Average number of cycles per call: 757.282007
Total number of while loop for MarkReach(): 0
Average number of cycles per loop: inf
Total number of calling Moves(): 313072
Total number of cycles for Moves(): 3499743852
Average number of cycles per call: 11178.718800
Total number of while loop for Moves(): 33752194
Average number of cycles per loop: 103.689374
Command:
real	0m7.907s
user	0m7.868s
sys	0m0.017s
