PrintPriority: 2
Command:Maze screens/screen.5:
        #####       
        #   #####   
        # # ##  #   
        #       #   
######### ###   #   
#000000##     ###   
#00000000     ##    
#000000##      #    
#########     ##    
        #      #    
        ### ## #    
          #    #    
          ######    
                    
.   0  YES MACRO, nodes: 13 n: 1
Auto Set local cut parameter: 1,7, 6.
ScanSearch: h 139, nodes used: 0
ScanSearch: h 141, nodes used: 607
ScanSearch: h 141, nodes used: 2538
ScanSearch: h 141, nodes used: 3794
ScanSearch: h 141, nodes used: 4140
ScanSearch: h 141, nodes used: 4438
ScanSearch: h 141, nodes used: 4755
ScanSearch: h 141, nodes used: 5072
ScanSearch: h 141, nodes used: 5408
ScanSearch: h 141, nodes used: 5722
ScanSearch: h 141, nodes used: 6078
ScanSearch: h 141, nodes used: 7653
ScanSearch: h: 139->141, nodes used: 7984
.   0  Threshold 141 (141)
.   0  tt: Y, dl_mg: Y, dl2_mg: Y
.   0  area_srch: Y dl_srch: Y pen_srch: Y
.   0  scan_srch: Y
.   0  node limit: 1000, minimize: Y
.   0  st_testd: Y, dl_db: 7, cut_goal: Y
.   0  xdist: Y, auto: Y, local: Y(1,7,6)
.   0  lb_mp: Y, lb_cf: Y, lb_dd: Y(0/1), mc_tu: Y, mc_gm: Y
.   0  overestim: 0.00, hoverestim: 1.00, assume dead: N
.   0  limit patterns: Y, lazy maximize: Y
.   0  nodes searched: total: 18897, top level: 44
.   0  mini: 2220, scan: 7984
.   0  AbortNodeCount: -1, TimeOut: 0 TimeOutType: VIRTUAL
.   0  TT hits: 2, TT collisions: 0 Req: 20, (10.000000)
 1 5 9 13 6 4 4 2 
.   0  run: sec: 0, usec: 64389, t: 1
.   0  Nodes per Second:    18897 (1 sec.)
.   0  AREA POS: #:   3 ( 25%) #n:     82  nodes/search:  27
.   0  AREA NEG: #:   9 ( 75%) #n:    489  nodes/search:  54
.   0  DL   POS: #:   0 (  0%) #n:      0  nodes/search:   0
.   0  DL   NEG: #:  12 (100%) #n:   1848  nodes/search: 154
.   0  PEN  POS: #:   0 (  0%) #n:      0  nodes/search:   0
.   0  PEN  NEG: #:  14 (100%) #n:   2430  nodes/search: 173
.   0  DeadTested:     0, PenTested :     0, patterns: 28, removed: 4, killed: 0
.   0  
.   0  Threshold 143 (141)
.   0  tt: Y, dl_mg: Y, dl2_mg: Y
.   0  area_srch: Y dl_srch: Y pen_srch: Y
.   0  scan_srch: Y
.   0  node limit: 1000, minimize: Y
.   0  st_testd: Y, dl_db: 7, cut_goal: Y
.   0  xdist: Y, auto: Y, local: Y(1,7,6)
.   0  lb_mp: Y, lb_cf: Y, lb_dd: Y(0/1), mc_tu: Y, mc_gm: Y
.   0  overestim: 0.00, hoverestim: 1.00, assume dead: N
.   0  limit patterns: Y, lazy maximize: Y
.   0  nodes searched: total: 43260, top level: 222
.   0  mini: 5087, scan: 7984
.   0  AbortNodeCount: -1, TimeOut: 0 TimeOutType: VIRTUAL
.   0  TT hits: 29, TT collisions: 0 Req: 142, (20.422535)
 2 9 24 34 28 15 15 8 1 1 2 3 1 1 1 3 1 4 1 1 1 1 1 1 5 1 1 1 1 1 1 2 1 1 2 1 1 1 5 7 2 1 1 1 1 1 1 1 1 1 1 1 1 1 1 1 1 1 1 1 1 1 1 1 1 1 1 1 1 1 
.   0  run: sec: 0, usec: 118987, t: 1
.   0  Nodes per Second:    43260 (1 sec.)
.   0  AREA POS: #:   6 ( 13%) #n:    284  nodes/search:  47
.   0  AREA NEG: #:  37 ( 86%) #n:   1718  nodes/search:  46
.   0  DL   POS: #:   0 (  0%) #n:      0  nodes/search:   0
.   0  DL   NEG: #:  47 (100%) #n:   7062  nodes/search: 150
.   0  PEN  POS: #:   3 (  6%) #n:   2338  nodes/search: 779
.   0  PEN  NEG: #:  40 ( 93%) #n:  10199  nodes/search: 254
.   0  DeadTested:     0, PenTested :    12, patterns: 45, removed: 7, killed: 0
.   0  
Path:  Nf-Ne Lg-Lh Jg-Bf* Jh-Jg-Bh* Mg-Lg-Kg-Jg-Cf* Li-Ki Lh-Lg-Kg-Jg-Bg* Mh-Lh-Kh Mj-Lj-Li-Lh-Lg-Kg-Jg-Ch* Kj-Lj-Li-Lh-Lg-Kg-Jg-Df* Kh-Jh-Jg-Cg* Ki-Kh-Kg-Jg-Dh* Ne-Nf-Ng-Nh-Ni-Nj-Mj-Lj-Li-Lh-Lg-Kg-Jg-Ef* Kf-Jf-Jg-Dg* Lc-Ld-Kd-Jd-Je-Jf-Jg-Eh* Od-Nd-Md-Ld-Kd-Jd-Je-Jf-Jg-Eg*
(moves: 143 depth: 69)
Moves: 422, Pushes: 143, Treedepth: 69
Total number of calling MarkReach(): 36448
Total number of cycles for MarkReach(): 10726164
Average number of cycles per call: 294.286765
Total number of while loop for MarkReach(): 0
Average number of cycles per loop: inf
Total number of stones for MarkReach(): 0
Average stones for MarkReach(): 0
Average number of cycles per call: 2164.667469
Total number of while loop for Moves(): 2271587
Average number of cycles per loop: 37.999108
Command:
real	0m0.135s
user	0m0.120s
sys	0m0.015s
