PrintPriority: 2
Command:Maze screens/screen.72:
####################
#0000000000#0000####
#000000000000000000#
# #0##########00000#
# #    #      ###00#
#      #  ###   #00#
#   ###         #00#
#   #       #  ##00#
#  #     #   ##000##
# ##  #      00000##
##       ##   #00###
####################
                    
.   0  YES MACRO, nodes: 161 n: 2
Auto Set local cut parameter: 1,10, 14.
ScanSearch: h 288, nodes used: 0
ScanSearch: h 288, nodes used: 83
ScanSearch: h 288, nodes used: 161
ScanSearch: h 292, nodes used: 3540
ScanSearch: h 292, nodes used: 5023
ScanSearch: h 292, nodes used: 5088
ScanSearch: h 292, nodes used: 6634
ScanSearch: h 292, nodes used: 8301
ScanSearch: h 292, nodes used: 8385
ScanSearch: h 292, nodes used: 9766
ScanSearch: h 292, nodes used: 11160
ScanSearch: h 292, nodes used: 12533
ScanSearch: h 292, nodes used: 14258
ScanSearch: h 292, nodes used: 15767
ScanSearch: h 292, nodes used: 17232
ScanSearch: h 292, nodes used: 18742
ScanSearch: h: 288->292, nodes used: 18750
.   0  Threshold 292 (284)
.   0  tt: Y, dl_mg: Y, dl2_mg: Y
.   0  area_srch: Y dl_srch: Y pen_srch: Y
.   0  scan_srch: Y
.   0  node limit: 1000, minimize: Y
.   0  st_testd: Y, dl_db: 7, cut_goal: Y
.   0  xdist: Y, auto: Y, local: Y(1,10,14)
.   0  lb_mp: Y, lb_cf: Y, lb_dd: Y(0/1), mc_tu: Y, mc_gm: Y
.   0  overestim: 0.00, hoverestim: 1.00, assume dead: N
.   0  limit patterns: Y, lazy maximize: Y
.   0  nodes searched: total: 24010, top level: 52
.   0  mini: 3893, scan: 18750
.   0  AbortNodeCount: -1, TimeOut: 0 TimeOutType: VIRTUAL
.   0  TT hits: 3, TT collisions: 0 Req: 25, (12.000000)
 1 1 6 7 14 8 2 1 1 1 1 1 1 1 1 1 4 
.   0  run: sec: 0, usec: 449924, t: 1
.   0  Nodes per Second:    24010 (1 sec.)
.   0  AREA POS: #:   1 ( 16%) #n:   1651  nodes/search: 1651
.   0  AREA NEG: #:   5 ( 83%) #n:     94  nodes/search:  18
.   0  DL   POS: #:   0 (  0%) #n:      0  nodes/search:   0
.   0  DL   NEG: #:   1 (100%) #n:     17  nodes/search:  17
.   0  PEN  POS: #:   0 (  0%) #n:      0  nodes/search:   0
.   0  PEN  NEG: #:   8 (100%) #n:   2354  nodes/search: 294
.   0  DeadTested:     0, PenTested :    12, patterns: 36, removed: 1, killed: 0
.   0  
.   0  Threshold 294 (284)
.   0  tt: Y, dl_mg: Y, dl2_mg: Y
.   0  area_srch: Y dl_srch: Y pen_srch: Y
.   0  scan_srch: Y
.   0  node limit: 1000, minimize: Y
.   0  st_testd: Y, dl_db: 7, cut_goal: Y
.   0  xdist: Y, auto: Y, local: Y(1,10,14)
.   0  lb_mp: Y, lb_cf: Y, lb_dd: Y(0/1), mc_tu: Y, mc_gm: Y
.   0  overestim: 0.00, hoverestim: 1.00, assume dead: N
.   0  limit patterns: Y, lazy maximize: Y
.   0  nodes searched: total: 29690, top level: 83
.   0  mini: 4797, scan: 18750
.   0  AbortNodeCount: -1, TimeOut: 0 TimeOutType: VIRTUAL
.   0  TT hits: 22, TT collisions: 0 Req: 50, (44.000000)
 2 2 7 8 15 9 4 9 4 3 3 3 2 2 2 2 5 1 
.   0  run: sec: 0, usec: 613579, t: 1
.   0  Nodes per Second:    29690 (1 sec.)
.   0  AREA POS: #:   1 ( 14%) #n:   1651  nodes/search: 1651
.   0  AREA NEG: #:   6 ( 85%) #n:    125  nodes/search:  20
.   0  DL   POS: #:   0 (  0%) #n:      0  nodes/search:   0
.   0  DL   NEG: #:   7 (100%) #n:   1131  nodes/search: 161
.   0  PEN  POS: #:   0 (  0%) #n:      0  nodes/search:   0
.   0  PEN  NEG: #:  12 (100%) #n:   4807  nodes/search: 400
.   0  DeadTested:     0, PenTested :    16, patterns: 40, removed: 1, killed: 0
.   0  
.   0  Threshold 296 (284)
.   0  tt: Y, dl_mg: Y, dl2_mg: Y
.   0  area_srch: Y dl_srch: Y pen_srch: Y
.   0  scan_srch: Y
.   0  node limit: 1000, minimize: Y
.   0  st_testd: Y, dl_db: 7, cut_goal: Y
.   0  xdist: Y, auto: Y, local: Y(1,10,14)
.   0  lb_mp: Y, lb_cf: Y, lb_dd: Y(0/2), mc_tu: Y, mc_gm: Y
.   0  overestim: 0.00, hoverestim: 1.00, assume dead: N
.   0  limit patterns: Y, lazy maximize: Y
.   0  nodes searched: total: 40589, top level: 198
.   0  mini: 4868, scan: 18750
.   0  AbortNodeCount: -1, TimeOut: 0 TimeOutType: VIRTUAL
.   0  TT hits: 40, TT collisions: 0 Req: 157, (25.477707)
 3 3 8 9 16 10 6 10 5 4 4 4 3 3 3 3 6 2 1 2 1 1 1 3 1 1 1 1 1 1 1 1 1 1 1 1 1 1 1 3 1 1 1 1 1 1 1 1 2 1 1 1 1 1 1 1 2 1 1 1 1 1 1 1 1 1 2 2 1 1 1 1 1 1 1 1 1 1 1 1 1 1 1 1 1 1 1 1 1 1 1 1 1 1 1 1 1 1 1 1 1 1 1 1 1 
.   0  run: sec: 0, usec: 841214, t: 1
.   0  Nodes per Second:    40589 (1 sec.)
.   0  AREA POS: #:   1 (  4%) #n:   1651  nodes/search: 1651
.   0  AREA NEG: #:  21 ( 95%) #n:    832  nodes/search:  39
.   0  DL   POS: #:   0 (  0%) #n:      0  nodes/search:   0
.   0  DL   NEG: #:  17 (100%) #n:   2110  nodes/search: 124
.   0  PEN  POS: #:   1 (  3%) #n:     85  nodes/search:  85
.   0  PEN  NEG: #:  29 ( 96%) #n:   7409  nodes/search: 255
.   0  DeadTested:     0, PenTested :    33, patterns: 47, removed: 1, killed: 0
.   0  
Path:  Mj-Sh* Cg-Dg Ch-Cg Df-Ef De-Kb* Dg-Df-De-Jb* Ef-Df-De-Ib* Cg-Cf-Df-De-Hb* Li-Ki Kh-Lh-Li Ih-Hh-Ih-Jh-Kh Jj-Kj-Lj-Mj-Sg* Li-Lj-Mj-Sf* Kh-Lh-Li-Lj-Mj-Se* Ki-Kj-Lj-Mj-Hc* Hi-Hh-Ih-Jh-Kh-Ki-Kj-Lj-Mj-Ic* Gi-Hi-Ii-Ij-Jj-Kj-Lj-Mj-Jc* Fj-Fi-Gi-Hi-Ii-Ij-Jj-Kj-Lj-Mj-Kc* Mg-Ng-Og-Ng-Mg-Lg-Kg Jf-Jg-Jh-Kh-Lh-Li-Lj-Mj-Re* Ig-Jg-Jh-Kh-Lh-Li-Lj-Mj-Rf* Kg-Jg-Jh-Kh-Lh-Li-Lj-Mj-Rg* If-Ig-Ih-Ii-Ij-Jj-Kj-Lj-Mj-Rh*
(moves: 296 depth: 104)
Moves: 943, Pushes: 296, Treedepth: 104
Total number of calling MarkReach(): 25783
Total number of cycles for MarkReach(): 77190210
Average number of cycles per call: 2993.841291
Total number of while loop for MarkReach(): 0
Average number of cycles per loop: inf
Total number of calling Moves(): 22883
Total number of cycles for Moves(): 144636988
Average number of cycles per call: 6320.717913
Total number of while loop for Moves(): 2382004
Average number of cycles per loop: 60.720716
Command:
real	0m0.430s
user	0m0.847s
sys	0m0.004s
