PrintPriority: 2
Command:Maze screens/screen.82:
    ######          
 ####    #          
 #    ## #          
 #       #          
### #### ########   
#        ##00000#   
#        0000000#   
#        ##00000#   
## ## ## ##00000#   
 ###     ########   
 #       #          
 #    #  #          
 #########          
                    
.   0  YES MACRO, nodes: 13 n: 1
Auto Set local cut parameter: 1,7, 7.
ScanSearch: h 135, nodes used: 0
ScanSearch: h 137, nodes used: 3998
ScanSearch: h 139, nodes used: 5316
ScanSearch: h 141, nodes used: 6482
ScanSearch: h 141, nodes used: 7690
ScanSearch: h 141, nodes used: 8869
ScanSearch: h 143, nodes used: 12041
ScanSearch: h 143, nodes used: 13260
ScanSearch: h 143, nodes used: 13544
ScanSearch: h 143, nodes used: 13826
ScanSearch: h 143, nodes used: 15057
ScanSearch: h 143, nodes used: 16315
ScanSearch: h: 135->143, nodes used: 17551
.   0  Threshold 143 (143)
.   0  tt: Y, dl_mg: Y, dl2_mg: Y
.   0  area_srch: Y dl_srch: Y pen_srch: Y
.   0  scan_srch: Y
.   0  node limit: 1000, minimize: Y
.   0  st_testd: Y, dl_db: 7, cut_goal: Y
.   0  xdist: Y, auto: Y, local: Y(1,7,7)
.   0  lb_mp: Y, lb_cf: Y, lb_dd: Y(0/1), mc_tu: Y, mc_gm: Y
.   0  overestim: 0.00, hoverestim: 1.00, assume dead: N
.   0  limit patterns: Y, lazy maximize: Y
.   0  nodes searched: total: 32224, top level: 82
.   0  mini: 9657, scan: 17551
.   0  AbortNodeCount: -1, TimeOut: 0 TimeOutType: VIRTUAL
.   0  TT hits: 1, TT collisions: 2 Req: 74, (1.351351)
 1 3 1 1 1 1 1 1 1 2 2 2 1 1 1 1 1 1 1 1 1 1 1 1 1 1 1 1 1 1 1 1 1 1 1 1 1 1 2 3 1 1 1 1 1 1 1 3 1 2 1 1 1 1 1 1 1 1 1 1 1 1 1 1 1 1 1 1 1 1 1 
.   0  run: sec: 0, usec: 74549, t: 1
.   0  Nodes per Second:    32224 (1 sec.)
.   0  AREA POS: #:   2 (  6%) #n:   1123  nodes/search: 561
.   0  AREA NEG: #:  29 ( 93%) #n:   1038  nodes/search:  35
.   0  DL   POS: #:   0 (  0%) #n:      0  nodes/search:   0
.   0  DL   NEG: #:  20 (100%) #n:   2075  nodes/search: 103
.   0  PEN  POS: #:   0 (  0%) #n:      0  nodes/search:   0
.   0  PEN  NEG: #:  19 (100%) #n:   6278  nodes/search: 330
.   0  DeadTested:     0, PenTested :    14, patterns: 60, removed: 26, killed: 0
.   0  
Path:  Eg-Ef Fg-Gg Hf-If Hg-Hh Ig-Pi* Gg-Hg-Ig-Pf* If-Ie-Id-Ic-Id-Ie-If-Ig-Ph* Dd-Ed-Fd-Gd-Id*-Ie-If-Ig-Oi* Df-Dg-Eg-Fg-Gg-Hg-Ig-Of* Ef-Ff-Gf-Hf-If-Ig-Pg* Fh-Eh Fk-Fj-Fi-Fh-Fg-Gg-Hg-Ig-Oh* Gk-Hk-Ik Ih-Ig-Ni* Hh-Ih-Ig-Nf* Ik-Ij-Ii-Ih-Ig-Og* Eh-Fh-Fg-Gg-Hg-Ig-Nh* Gj-Hj-Ij-Ii-Ih-Ig-Ng*
(moves: 143 depth: 70)
Moves: 406, Pushes: 143, Treedepth: 70
Total number of calling MarkReach(): 18740
Total number of cycles for MarkReach(): 5515359
Average number of cycles per call: 294.309445
Total number of while loop for MarkReach(): 0
Average number of cycles per loop: inf
Total number of stones for MarkReach(): 0
Average stones for MarkReach(): 0
Average number of cycles per call: 2495.566045
Total number of while loop for Moves(): 714266
Average number of cycles per loop: 38.380369
Command:
real	0m0.089s
user	0m0.076s
sys	0m0.012s
