PrintPriority: 2
Command:Maze screens/screen.79:
#############       
#           #       
# ###       #       
#   #       #       
#   #### ######     
#   ##       0##### 
#          0000000# 
### ##   # 0000000# 
  # ##   # 0000000# 
  #      # 0000000# 
  ### ############# 
    ###             
                    
.   0  YES MACRO, nodes: 13 n: 1
Auto Set local cut parameter: 1,8, 8.
ScanSearch: h 166, nodes used: 0
ScanSearch: h 172, nodes used: 1139
ScanSearch: h 172, nodes used: 1662
ScanSearch: h 172, nodes used: 2158
ScanSearch: h 172, nodes used: 2676
ScanSearch: h 172, nodes used: 3169
ScanSearch: h 172, nodes used: 3693
ScanSearch: h 172, nodes used: 4209
ScanSearch: h 172, nodes used: 4734
ScanSearch: h 172, nodes used: 5278
ScanSearch: h 172, nodes used: 5809
ScanSearch: h 172, nodes used: 6298
ScanSearch: h: 166->172, nodes used: 6794
.   0  Threshold 172 (164)
.   0  tt: Y, dl_mg: Y, dl2_mg: Y
.   0  area_srch: Y dl_srch: Y pen_srch: Y
.   0  scan_srch: Y
.   0  node limit: 1000, minimize: Y
.   0  st_testd: Y, dl_db: 7, cut_goal: Y
.   0  xdist: Y, auto: Y, local: Y(1,8,8)
.   0  lb_mp: Y, lb_cf: Y, lb_dd: Y(0/1), mc_tu: Y, mc_gm: Y
.   0  overestim: 0.00, hoverestim: 1.00, assume dead: N
.   0  limit patterns: Y, lazy maximize: Y
.   0  nodes searched: total: 11501, top level: 19
.   0  mini: 2044, scan: 6794
.   0  AbortNodeCount: -1, TimeOut: 0 TimeOutType: VIRTUAL
.   0  TT hits: 1, TT collisions: 0 Req: 14, (7.142857)
 1 2 4 1 1 1 1 1 1 1 2 3 
.   0  run: sec: 0, usec: 336307, t: 1
.   0  Nodes per Second:    11501 (1 sec.)
.   0  AREA POS: #:   0 (  0%) #n:      0  nodes/search:   0
.   0  AREA NEG: #:   3 (100%) #n:    681  nodes/search: 227
.   0  DL   POS: #:   0 (  0%) #n:      0  nodes/search:   0
.   0  DL   NEG: #:   1 (100%) #n:    114  nodes/search: 114
.   0  PEN  POS: #:   2 ( 50%) #n:   2523  nodes/search: 1261
.   0  PEN  NEG: #:   2 ( 50%) #n:    130  nodes/search:  65
.   0  DeadTested:     0, PenTested :     1, patterns: 30, removed: 0, killed: 0
.   0  
.   0  Threshold 174 (164)
.   0  tt: Y, dl_mg: Y, dl2_mg: Y
.   0  area_srch: Y dl_srch: Y pen_srch: Y
.   0  scan_srch: Y
.   0  node limit: 1000, minimize: Y
.   0  st_testd: Y, dl_db: 7, cut_goal: Y
.   0  xdist: Y, auto: Y, local: Y(1,8,8)
.   0  lb_mp: Y, lb_cf: Y, lb_dd: Y(0/1), mc_tu: Y, mc_gm: Y
.   0  overestim: 0.00, hoverestim: 1.00, assume dead: N
.   0  limit patterns: Y, lazy maximize: Y
.   0  nodes searched: total: 16505, top level: 124
.   0  mini: 2622, scan: 6794
.   0  AbortNodeCount: -1, TimeOut: 0 TimeOutType: VIRTUAL
.   0  TT hits: 12, TT collisions: 0 Req: 109, (11.009174)
 2 3 6 2 2 2 2 2 2 2 3 5 4 3 2 1 1 1 1 1 1 1 1 1 1 1 1 1 1 1 1 1 1 1 1 1 1 1 1 1 1 1 1 1 1 1 1 1 1 1 1 1 1 1 1 3 3 1 1 1 1 1 1 1 1 1 1 1 1 1 1 1 1 1 1 1 1 1 1 1 1 1 1 1 1 1 1 1 1 1 1 1 1 
.   0  run: sec: 0, usec: 524465, t: 1
.   0  Nodes per Second:    16505 (1 sec.)
.   0  AREA POS: #:   0 (  0%) #n:      0  nodes/search:   0
.   0  AREA NEG: #:  21 (100%) #n:   1882  nodes/search:  89
.   0  DL   POS: #:   0 (  0%) #n:      0  nodes/search:   0
.   0  DL   NEG: #:  16 (100%) #n:    522  nodes/search:  32
.   0  PEN  POS: #:   3 ( 21%) #n:   3529  nodes/search: 1176
.   0  PEN  NEG: #:  11 ( 78%) #n:    841  nodes/search:  76
.   0  DeadTested:     0, PenTested :     9, patterns: 35, removed: 0, killed: 0
.   0  
Path:  Ih-Ig Hh-Ih Ig-Jg-Kg-Rg* Ih-Ig-Jg-Kg-Qg* Ie-Id-Ic Jd-Kd-Jd Ic-Id-Ie-If-Ig-Jg-Kg-Pg* Jd-Id-Ie-If-Ig-Jg-Kg-Rj* Gd-Hd-Id-Ie-If-Ig-Jg-Kg-Ri* Hc-Hd-Id-Ie-If-Ig-Jg-Kg-Qj* Gc-Gd-Hd-Id-Ie-If-Ig-Jg-Kg-Rh* Cf-Cg Gg-Gh Dg-Dh Eg-Gg*-Hg-Ig-Jg-Kg-Qi* Gh-Gg-Hg-Ig-Jg-Kg-Pj* Cg-Dg-Eg-Gg*-Hg-Ig-Jg-Kg-Qh* Dh-Dg-Eg-Gg*-Hg-Ig-Jg-Kg-Pi* De-Df-Dg-Eg-Gg*-Hg-Ig-Jg-Kg-Ph*
(moves: 174 depth: 92)
Moves: 562, Pushes: 174, Treedepth: 92
Total number of calling MarkReach(): 80144
Total number of cycles for MarkReach(): 156235772
Average number of cycles per call: 1949.438161
Total number of while loop for MarkReach(): 0
Average number of cycles per loop: inf
Total number of calling Moves(): 20646
Total number of cycles for Moves(): 120596832
Average number of cycles per call: 5841.171752
Total number of while loop for Moves(): 1869652
Average number of cycles per loop: 64.502288
Command:
real	0m0.242s
user	0m0.530s
sys	0m0.009s
