PrintPriority: 2
Command:Maze screens/screen.38:
      ####          
#######  #          
#        #          
#    ##  #          
## #000# #          
 #  0000 #          
 # #000# ##         
 #  0#0#  #         
 #        #         
 #  #######         
 ####               
                    
.   0  YES MACRO, nodes: 52 n: 3
Auto Set local cut parameter: 1,6, 6.
ScanSearch: h 73, nodes used: 0
ScanSearch: h 79, nodes used: 281
ScanSearch: h 79, nodes used: 367
ScanSearch: h 79, nodes used: 506
ScanSearch: h 79, nodes used: 703
ScanSearch: h 79, nodes used: 815
ScanSearch: h 79, nodes used: 965
ScanSearch: h 79, nodes used: 1401
ScanSearch: h: 73->79, nodes used: 1546
.   0  Threshold 79 (73)
.   0  tt: Y, dl_mg: Y, dl2_mg: Y
.   0  area_srch: Y dl_srch: Y pen_srch: Y
.   0  scan_srch: Y
.   0  node limit: 1000, minimize: Y
.   0  st_testd: Y, dl_db: 7, cut_goal: Y
.   0  xdist: Y, auto: Y, local: Y(1,6,6)
.   0  lb_mp: Y, lb_cf: Y, lb_dd: Y(0/1), mc_tu: Y, mc_gm: Y
.   0  overestim: 0.00, hoverestim: 1.00, assume dead: N
.   0  limit patterns: Y, lazy maximize: Y
.   0  nodes searched: total: 3243, top level: 13
.   0  mini: 110, scan: 1546
.   0  AbortNodeCount: -1, TimeOut: 0 TimeOutType: VIRTUAL
.   0  TT hits: 3, TT collisions: 0 Req: 9, (33.333332)
 1 2 4 4 2 
.   0  run: sec: 0, usec: 156959, t: 1
.   0  Nodes per Second:     3243 (1 sec.)
.   0  AREA POS: #:   0 (  0%) #n:      0  nodes/search:   0
.   0  AREA NEG: #:   5 (100%) #n:    136  nodes/search:  27
.   0  DL   POS: #:   0 (  0%) #n:      0  nodes/search:   0
.   0  DL   NEG: #:   5 (100%) #n:    317  nodes/search:  63
.   0  PEN  POS: #:   0 (  0%) #n:      0  nodes/search:   0
.   0  PEN  NEG: #:   5 (100%) #n:    549  nodes/search: 109
.   0  DeadTested:     0, PenTested :     0, patterns: 14, removed: 1, killed: 0
.   0  
.   0  Threshold 81 (73)
.   0  tt: Y, dl_mg: Y, dl2_mg: Y
.   0  area_srch: Y dl_srch: Y pen_srch: Y
.   0  scan_srch: Y
.   0  node limit: 1000, minimize: Y
.   0  st_testd: Y, dl_db: 7, cut_goal: Y
.   0  xdist: Y, auto: Y, local: Y(1,6,6)
.   0  lb_mp: Y, lb_cf: Y, lb_dd: Y(0/1), mc_tu: Y, mc_gm: Y
.   0  overestim: 0.00, hoverestim: 1.00, assume dead: N
.   0  limit patterns: Y, lazy maximize: Y
.   0  nodes searched: total: 4306, top level: 42
.   0  mini: 116, scan: 1546
.   0  AbortNodeCount: -1, TimeOut: 0 TimeOutType: VIRTUAL
.   0  TT hits: 12, TT collisions: 0 Req: 26, (46.153847)
 2 4 8 8 7 3 2 2 2 2 2 
.   0  run: sec: 0, usec: 207831, t: 1
.   0  Nodes per Second:     4306 (1 sec.)
.   0  AREA POS: #:   1 ( 10%) #n:     65  nodes/search:  65
.   0  AREA NEG: #:   9 ( 90%) #n:    256  nodes/search:  28
.   0  DL   POS: #:   0 (  0%) #n:      0  nodes/search:   0
.   0  DL   NEG: #:   9 (100%) #n:    495  nodes/search:  55
.   0  PEN  POS: #:   0 (  0%) #n:      0  nodes/search:   0
.   0  PEN  NEG: #:   9 (100%) #n:    727  nodes/search:  80
.   0  DeadTested:     0, PenTested :     0, patterns: 16, removed: 1, killed: 0
.   0  
.   0  Threshold 83 (73)
.   0  tt: Y, dl_mg: Y, dl2_mg: Y
.   0  area_srch: Y dl_srch: Y pen_srch: Y
.   0  scan_srch: Y
.   0  node limit: 1000, minimize: Y
.   0  st_testd: Y, dl_db: 7, cut_goal: Y
.   0  xdist: Y, auto: Y, local: Y(1,6,6)
.   0  lb_mp: Y, lb_cf: Y, lb_dd: Y(0/1), mc_tu: Y, mc_gm: Y
.   0  overestim: 0.00, hoverestim: 1.00, assume dead: N
.   0  limit patterns: Y, lazy maximize: Y
.   0  nodes searched: total: 7454, top level: 90
.   0  mini: 139, scan: 1546
.   0  AbortNodeCount: -1, TimeOut: 0 TimeOutType: VIRTUAL
.   0  TT hits: 30, TT collisions: 0 Req: 57, (52.631580)
 3 6 12 12 12 11 9 8 6 5 5 1 
.   0  run: sec: 0, usec: 387472, t: 1
.   0  Nodes per Second:     7454 (1 sec.)
.   0  AREA POS: #:   2 (  7%) #n:     67  nodes/search:  33
.   0  AREA NEG: #:  26 ( 92%) #n:    725  nodes/search:  27
.   0  DL   POS: #:   0 (  0%) #n:      0  nodes/search:   0
.   0  DL   NEG: #:  25 (100%) #n:   1003  nodes/search:  40
.   0  PEN  POS: #:   0 (  0%) #n:      0  nodes/search:   0
.   0  PEN  NEG: #:  24 (100%) #n:   1235  nodes/search:  51
.   0  DeadTested:     0, PenTested :     1, patterns: 20, removed: 1, killed: 0
.   0  
.   0  Threshold 85 (73)
.   0  tt: Y, dl_mg: Y, dl2_mg: Y
.   0  area_srch: Y dl_srch: Y pen_srch: Y
.   0  scan_srch: Y
.   0  node limit: 1000, minimize: Y
.   0  st_testd: Y, dl_db: 7, cut_goal: Y
.   0  xdist: Y, auto: Y, local: Y(1,6,6)
.   0  lb_mp: Y, lb_cf: Y, lb_dd: Y(9/2), mc_tu: Y, mc_gm: Y
.   0  overestim: 0.00, hoverestim: 1.00, assume dead: N
.   0  limit patterns: Y, lazy maximize: Y
.   0  nodes searched: total: 11566, top level: 236
.   0  mini: 267, scan: 1546
.   0  AbortNodeCount: -1, TimeOut: 0 TimeOutType: VIRTUAL
.   0  TT hits: 70, TT collisions: 0 Req: 140, (50.000000)
 4 8 16 16 17 19 19 18 13 16 29 28 22 10 1 
.   0  run: sec: 0, usec: 545915, t: 1
.   0  Nodes per Second:    11566 (1 sec.)
.   0  AREA POS: #:   8 ( 13%) #n:    176  nodes/search:  22
.   0  AREA NEG: #:  52 ( 86%) #n:   1420  nodes/search:  27
.   0  DL   POS: #:   0 (  0%) #n:      0  nodes/search:   0
.   0  DL   NEG: #:  46 (100%) #n:   1621  nodes/search:  35
.   0  PEN  POS: #:   1 (  2%) #n:    150  nodes/search: 150
.   0  PEN  NEG: #:  42 ( 97%) #n:   1828  nodes/search:  43
.   0  DeadTested:     0, PenTested :     2, patterns: 29, removed: 1, killed: 0
.   0  
.   0  Threshold 87 (73)
.   0  tt: Y, dl_mg: Y, dl2_mg: Y
.   0  area_srch: Y dl_srch: Y pen_srch: Y
.   0  scan_srch: Y
.   0  node limit: 1000, minimize: Y
.   0  st_testd: Y, dl_db: 7, cut_goal: Y
.   0  xdist: Y, auto: Y, local: Y(1,6,6)
.   0  lb_mp: Y, lb_cf: Y, lb_dd: Y(181/5), mc_tu: Y, mc_gm: Y
.   0  overestim: 0.00, hoverestim: 1.00, assume dead: N
.   0  limit patterns: Y, lazy maximize: Y
.   0  nodes searched: total: 102529, top level: 4537
.   0  mini: 402, scan: 1546
.   0  AbortNodeCount: -1, TimeOut: 0 TimeOutType: VIRTUAL
.   0  TT hits: 770, TT collisions: 10 Req: 2281, (33.757126)
 5 10 20 20 22 27 29 29 28 56 121 167 172 152 130 121 113 104 95 93 90 78 84 94 127 162 181 177 159 167 187 204 227 238 223 181 136 101 71 50 40 27 14 5 
.   0  run: sec: 1, usec: 180259, t: 1
.   0  Nodes per Second:   102529 (1 sec.)
.   0  AREA POS: #:  21 (  2%) #n:    582  nodes/search:  27
.   0  AREA NEG: #: 742 ( 97%) #n:  18320  nodes/search:  24
.   0  DL   POS: #:   0 (  0%) #n:      0  nodes/search:   0
.   0  DL   NEG: #: 709 (100%) #n:  17303  nodes/search:  24
.   0  PEN  POS: #:   7 (  1%) #n:    912  nodes/search: 130
.   0  PEN  NEG: #: 569 ( 98%) #n:  17513  nodes/search:  30
.   0  DeadTested:     0, PenTested :   146, patterns: 50, removed: 1, killed: 0
.   0  
.   0  Threshold 89 (73)
.   0  tt: Y, dl_mg: Y, dl2_mg: Y
.   0  area_srch: Y dl_srch: Y pen_srch: Y
.   0  scan_srch: Y
.   0  node limit: 1000, minimize: Y
.   0  st_testd: Y, dl_db: 7, cut_goal: Y
.   0  xdist: Y, auto: Y, local: Y(1,6,6)
.   0  lb_mp: Y, lb_cf: Y, lb_dd: Y(384/8), mc_tu: Y, mc_gm: Y
.   0  overestim: 0.00, hoverestim: 1.00, assume dead: N
.   0  limit patterns: Y, lazy maximize: Y
.   0  nodes searched: total: 158976, top level: 7861
.   0  mini: 815, scan: 1546
.   0  AbortNodeCount: -1, TimeOut: 0 TimeOutType: VIRTUAL
.   0  TT hits: 2085, TT collisions: 21 Req: 4282, (48.692200)
 6 12 24 24 25 32 38 39 37 78 197 294 305 272 235 210 169 147 139 138 148 152 167 198 253 310 354 363 321 326 340 361 377 378 350 293 214 152 107 78 68 54 37 14 1 1 1 1 1 1 2 1 1 1 1 1 1 1 1 1 1 1 1 1 1 1 1 1 
.   0  run: sec: 1, usec: 626282, t: 2
.   0  Nodes per Second:    79488 (2 sec.)
.   0  AREA POS: #:  26 (  2%) #n:    795  nodes/search:  30
.   0  AREA NEG: #: 1100 ( 97%) #n:  27518  nodes/search:  25
.   0  DL   POS: #:   0 (  0%) #n:      0  nodes/search:   0
.   0  DL   NEG: #: 1088 (100%) #n:  25438  nodes/search:  23
.   0  PEN  POS: #:  11 (  1%) #n:   1528  nodes/search: 138
.   0  PEN  NEG: #: 853 ( 98%) #n:  25312  nodes/search:  29
.   0  DeadTested:     0, PenTested :   193, patterns: 67, removed: 1, killed: 0
.   0  
Path:  Gc-Ec*-Dc-Cc-Dc Ce-Cf-Cg Df-Ge* Fi-Ei Ih-Ii-Hi Id-Ic Ed-Gf* Cg-Cf-Ce Ci-Ch-Cg Ei-Di Hi-Gi-Fi Ic-Id-Ie-If-Ig-Ih-Ii-Hi Fi-Ei Dc-Ec Ce-Cd-Dd Cg-Cf-Ce Di-Dh Ei-Di Dh-Gg* Di-Dh-Fe* Dd-Cd Ec-Fc-Hc*-Ic Hi-Gi-Fi-Ei-Di-Dh-Ff* Cd-Dd-Ed-Ef* Ce-Cd-Dd-Ed-Ee Ic-Id-Ie-If-Ig-Ih-Ii-Hi-Gi-Fi-Ei-Di-Dh-Eg*
(moves: 89 depth: 67)
Moves: 396, Pushes: 89, Treedepth: 67
Total number of calling MarkReach(): 305061
Total number of cycles for MarkReach(): 427978558
Average number of cycles per call: 1402.927801
Total number of while loop for MarkReach(): 0
Average number of cycles per loop: inf
Total number of calling Moves(): 209826
Total number of cycles for Moves(): 590433132
Average number of cycles per call: 2813.917875
Total number of while loop for Moves(): 9431234
Average number of cycles per loop: 62.604017
Command:
real	0m0.912s
user	0m1.631s
sys	0m0.013s
