PrintPriority: 2
Command:Maze screens/screen.61:
####################
#     ###00###     #
#     ###00###     #
#  # ##000000#     #
#     #000000#     #
####  ###00######  #
#       #00#    #  #
#  #            #  #
#  #  ##    ##  #  #
#        ##        #
#  #  ##    ##  #  #
####################
                    
.   0  YES MACRO, nodes: 295 n: 2
Auto Set local cut parameter: 1,10, 10.
ScanSearch: h 243, nodes used: 0
ScanSearch: h 251, nodes used: 3909
ScanSearch: h 251, nodes used: 5076
ScanSearch: h 251, nodes used: 6848
ScanSearch: h 251, nodes used: 7922
ScanSearch: h 253, nodes used: 9981
ScanSearch: h 253, nodes used: 11249
ScanSearch: h 253, nodes used: 12384
ScanSearch: h 253, nodes used: 13652
ScanSearch: h 253, nodes used: 16957
ScanSearch: h 253, nodes used: 18481
ScanSearch: h 255, nodes used: 20514
ScanSearch: h 255, nodes used: 22126
ScanSearch: h 255, nodes used: 23327
ScanSearch: h 255, nodes used: 24522
ScanSearch: h 255, nodes used: 25744
ScanSearch: h 255, nodes used: 27224
ScanSearch: h 255, nodes used: 28765
ScanSearch: h 255, nodes used: 29965
ScanSearch: h 255, nodes used: 31203
ScanSearch: h: 243->255, nodes used: 32614
.   0  Threshold 255 (241)
.   0  tt: Y, dl_mg: Y, dl2_mg: Y
.   0  area_srch: Y dl_srch: Y pen_srch: Y
.   0  scan_srch: Y
.   0  node limit: 1000, minimize: Y
.   0  st_testd: Y, dl_db: 7, cut_goal: Y
.   0  xdist: Y, auto: Y, local: Y(1,10,10)
.   0  lb_mp: Y, lb_cf: Y, lb_dd: Y(0/1), mc_tu: Y, mc_gm: Y
.   0  overestim: 0.00, hoverestim: 1.00, assume dead: N
.   0  limit patterns: Y, lazy maximize: Y
.   0  nodes searched: total: 44068, top level: 27
.   0  mini: 10885, scan: 32614
.   0  AbortNodeCount: -1, TimeOut: 0 TimeOutType: VIRTUAL
.   0  TT hits: 1, TT collisions: 0 Req: 13, (7.692307)
 1 5 10 5 4 1 1 
.   0  run: sec: 0, usec: 588045, t: 1
.   0  Nodes per Second:    44068 (1 sec.)
.   0  AREA POS: #:   0 (  0%) #n:      0  nodes/search:   0
.   0  AREA NEG: #:   2 (100%) #n:     40  nodes/search:  20
.   0  DL   POS: #:   0 (  0%) #n:      0  nodes/search:   0
.   0  DL   NEG: #:   1 (100%) #n:   1000  nodes/search: 1000
.   0  PEN  POS: #:   3 ( 50%) #n:   4261  nodes/search: 1420
.   0  PEN  NEG: #:   3 ( 50%) #n:   3401  nodes/search: 1133
.   0  DeadTested:     0, PenTested :     0, patterns: 64, removed: 3, killed: 0
.   0  
.   0  Threshold 257 (241)
.   0  tt: Y, dl_mg: Y, dl2_mg: Y
.   0  area_srch: Y dl_srch: Y pen_srch: Y
.   0  scan_srch: Y
.   0  node limit: 1000, minimize: Y
.   0  st_testd: Y, dl_db: 7, cut_goal: Y
.   0  xdist: Y, auto: Y, local: Y(1,10,10)
.   0  lb_mp: Y, lb_cf: Y, lb_dd: Y(0/1), mc_tu: Y, mc_gm: Y
.   0  overestim: 0.00, hoverestim: 1.00, assume dead: N
.   0  limit patterns: Y, lazy maximize: Y
.   0  nodes searched: total: 44070, top level: 29
.   0  mini: 10885, scan: 32614
.   0  AbortNodeCount: -1, TimeOut: 0 TimeOutType: VIRTUAL
.   0  TT hits: 2, TT collisions: 0 Req: 14, (14.285714)
 2 6 10 5 4 1 1 
.   0  run: sec: 0, usec: 588249, t: 1
.   0  Nodes per Second:    44070 (1 sec.)
.   0  AREA POS: #:   0 (  0%) #n:      0  nodes/search:   0
.   0  AREA NEG: #:   2 (100%) #n:     40  nodes/search:  20
.   0  DL   POS: #:   0 (  0%) #n:      0  nodes/search:   0
.   0  DL   NEG: #:   1 (100%) #n:   1000  nodes/search: 1000
.   0  PEN  POS: #:   3 ( 50%) #n:   4261  nodes/search: 1420
.   0  PEN  NEG: #:   3 ( 50%) #n:   3401  nodes/search: 1133
.   0  DeadTested:     0, PenTested :     0, patterns: 64, removed: 3, killed: 0
.   0  
removing goal macro
ScanSearch: h 263, nodes used: 44070
ScanSearch: h 263, nodes used: 45418
ScanSearch: h 263, nodes used: 47195
ScanSearch: h 263, nodes used: 56602
ScanSearch: h 263, nodes used: 58428
ScanSearch: h 263, nodes used: 60262
ScanSearch: h 263, nodes used: 61678
ScanSearch: h 263, nodes used: 63427
ScanSearch: h 263, nodes used: 67326
ScanSearch: h 263, nodes used: 70540
ScanSearch: h 263, nodes used: 73165
ScanSearch: h 263, nodes used: 76438
ScanSearch: h 263, nodes used: 78367
ScanSearch: h 263, nodes used: 79885
ScanSearch: h 263, nodes used: 81397
ScanSearch: h 263, nodes used: 82941
ScanSearch: h 263, nodes used: 84383
ScanSearch: h 263, nodes used: 86357
ScanSearch: h 263, nodes used: 87804
ScanSearch: h 263, nodes used: 89408
ScanSearch: h: 263->263, nodes used: 91070
.   0  Threshold 263 (241)
ALARM: Pattern wrong!
####################
#     ###  ###+++++#
#     ###  ###+++++#
#  # ##      #+++++#
#     #      #+++++#
####  ###  ######++#
#       #  #    #++#
#  #            #++#
#  #  ##    ##  #++#
#        ##     *++#
#  #  ##    ##  #++#
####################
                    

real	1m0.001s
user	0m0.003s
sys	0m0.000s
