PrintPriority: 2
Command:Maze screens/screen.63:
####################
#0000#       #  #  #
#0000# #           #
#0000 ##   # #  #  #
#000#        #     #
#00####  #         #
#      #### #### ###
#        #   #     #
# ##   #     #     #
# ##      ##       #
#      #     #   # #
####################
                    
.   0  YES MACRO, nodes: 155 n: 2
Auto Set local cut parameter: 1,10, 10.
ScanSearch: h 427, nodes used: 0
ScanSearch: h 427, nodes used: 1652
ScanSearch: h 429, nodes used: 4333
ScanSearch: h 429, nodes used: 6651
ScanSearch: h 429, nodes used: 8818
ScanSearch: h 429, nodes used: 11221
ScanSearch: h 429, nodes used: 13404
ScanSearch: h 429, nodes used: 15643
ScanSearch: h 429, nodes used: 17757
ScanSearch: h 429, nodes used: 20007
ScanSearch: h 429, nodes used: 22295
ScanSearch: h 429, nodes used: 24451
ScanSearch: h 429, nodes used: 24481
ScanSearch: h 429, nodes used: 26867
ScanSearch: h 429, nodes used: 29790
ScanSearch: h 429, nodes used: 29801
ScanSearch: h 429, nodes used: 31750
ScanSearch: h: 427->429, nodes used: 34043
.   0  Threshold 429 (429)
.   0  tt: Y, dl_mg: Y, dl2_mg: Y
.   0  area_srch: Y dl_srch: Y pen_srch: Y
.   0  scan_srch: Y
.   0  node limit: 1000, minimize: Y
.   0  st_testd: Y, dl_db: 7, cut_goal: Y
.   0  xdist: Y, auto: Y, local: Y(1,10,10)
.   0  lb_mp: Y, lb_cf: Y, lb_dd: Y(0/1), mc_tu: Y, mc_gm: Y
.   0  overestim: 0.00, hoverestim: 1.00, assume dead: N
.   0  limit patterns: Y, lazy maximize: Y
.   0  nodes searched: total: 67872, top level: 67
.   0  mini: 9318, scan: 34043
.   0  AbortNodeCount: -1, TimeOut: 0 TimeOutType: VIRTUAL
.   0  TT hits: 2, TT collisions: 0 Req: 38, (5.263158)
 1 1 1 1 1 1 1 1 1 1 1 1 1 1 1 1 1 1 1 1 1 1 1 1 1 4 7 10 13 8 
.   0  run: sec: 1, usec: 375293, t: 1
.   0  Nodes per Second:    67872 (1 sec.)
.   0  AREA POS: #:   1 ( 16%) #n:   2536  nodes/search: 2536
.   0  AREA NEG: #:   5 ( 83%) #n:    501  nodes/search: 100
.   0  DL   POS: #:   0 (  0%) #n:      0  nodes/search:   0
.   0  DL   NEG: #:   5 (100%) #n:   5000  nodes/search: 1000
.   0  PEN  POS: #:   2 ( 25%) #n:   5802  nodes/search: 2901
.   0  PEN  NEG: #:   6 ( 75%) #n:   7409  nodes/search: 1234
.   0  DeadTested:     0, PenTested :     2, patterns: 45, removed: 20, killed: 0
.   0  
.   0  Threshold 431 (429)
.   0  tt: Y, dl_mg: Y, dl2_mg: Y
.   0  area_srch: Y dl_srch: Y pen_srch: Y
.   0  scan_srch: Y
.   0  node limit: 1000, minimize: Y
.   0  st_testd: Y, dl_db: 7, cut_goal: Y
.   0  xdist: Y, auto: Y, local: Y(1,10,10)
.   0  lb_mp: Y, lb_cf: Y, lb_dd: Y(5/4), mc_tu: Y, mc_gm: Y
.   0  overestim: 0.00, hoverestim: 1.00, assume dead: N
.   0  limit patterns: Y, lazy maximize: Y
.   0  nodes searched: total: 321867, top level: 793
.   0  mini: 29293, scan: 34043
.   0  AbortNodeCount: -1, TimeOut: 0 TimeOutType: VIRTUAL
.   0  TT hits: 58, TT collisions: 0 Req: 525, (11.047619)
 2 2 2 2 2 2 2 2 2 2 2 2 2 2 2 2 2 2 2 2 2 2 2 2 2 6 16 24 23 26 19 13 7 1 1 1 1 1 1 1 1 1 1 1 1 1 1 1 1 1 1 1 2 7 37 33 38 42 20 1 4 20 29 17 4 1 1 1 1 1 1 1 1 1 1 1 1 1 1 1 1 1 1 1 1 1 1 1 1 1 1 1 1 1 1 1 1 1 1 1 1 1 1 1 1 1 1 1 1 1 1 1 1 1 1 1 1 1 1 1 1 1 1 1 1 1 1 1 1 1 1 1 1 1 1 1 2 2 1 1 1 1 1 1 1 1 1 1 1 1 1 1 1 1 2 2 1 1 1 1 1 1 1 1 1 1 1 1 1 1 3 2 1 1 1 1 1 1 1 1 1 1 1 1 1 1 1 1 4 2 1 1 1 1 1 1 1 1 1 1 1 1 1 1 5 2 1 1 1 1 1 1 1 1 1 2 1 1 1 1 1 1 1 1 1 1 1 1 1 1 1 1 1 1 1 1 1 1 1 1 1 1 1 1 1 1 1 1 1 1 1 1 1 1 1 1 1 1 1 1 1 1 1 1 1 1 1 1 1 1 1 1 1 1 1 1 2 1 1 1 1 1 1 1 1 1 1 1 1 1 1 1 1 1 1 1 1 1 1 1 1 1 1 1 1 1 1 1 1 1 1 1 1 1 1 1 1 1 1 1 1 1 1 1 1 1 1 1 1 1 1 1 1 1 1 1 1 1 1 1 1 1 1 1 1 1 1 1 1 1 1 1 1 1 1 1 1 1 1 1 1 1 1 1 1 1 1 1 1 1 1 1 1 1 1 1 1 1 1 1 1 1 1 
.   0  run: sec: 7, usec: 19033, t: 7
.   0  Nodes per Second:    45981 (7 sec.)
.   0  AREA POS: #:   7 (  9%) #n:   8199  nodes/search: 1171
.   0  AREA NEG: #:  69 ( 90%) #n:  15082  nodes/search: 218
.   0  DL   POS: #:   0 (  0%) #n:      0  nodes/search:   0
.   0  DL   NEG: #:  54 (100%) #n:  35637  nodes/search: 659
.   0  PEN  POS: #:   7 (  7%) #n:  23368  nodes/search: 3338
.   0  PEN  NEG: #:  86 ( 92%) #n:  51961  nodes/search: 604
.   0  DeadTested:     0, PenTested :    51, patterns: 93, removed: 26, killed: 0
.   0  
Path:  Ij-Hj-Gj-Gi-Gh-Fh-Eh-Eg-Dg-Cg-Eb* Li-Ki-Ji-Ii-Ij-Hj-Gj-Fj-Ej-Ei-Eh-Eg-Dg-Cg-Db* Nj-Oj-Pj Qj-Qi Ri-Rh Ie-Id Lf-Lg-Lh-Li-Ki-Ji-Ii-Ij-Hj-Gj-Fj-Ej-Ei-Eh-Eg-Dg-Cg-Ec* Qe-Pe-Oe Pd-Pe Rd-Re-Rf Qf-Qg Pf-Of-Nf-Mf-Lf Oe-Of-Nf-Mf Mc-Lc Id-Ie Lf-Lg-Lh-Li-Ki-Ji-Ii-Ij-Hj-Gj-Gi-Gh-Fh-Fg-Eg-Dg-Cg-Cb* Mf-Lf-Lg-Lh-Li-Ki-Ji-Ii-Ij-Hj-Gj-Gi-Gh-Fh-Fg-Eg-Dg-Cg-Dc* Me-Mf-Lf-Lg-Lh-Li-Ki-Ji-Ii-Ij-Hj-Gj-Fj-Ej-Ei-Eh-Eg-Dg-Cg-Cc* Kd-Ke-Le-Me-Mf-Lf-Lg-Lh-Li-Ki-Ji-Ii-Ij-Hj-Gj-Gi-Gh-Fh-Eh-Eg-Dg Lc-Mc-Md-Me-Mf-Lf-Lg-Lh-Li-Ki-Ji-Ii-Ij-Hj-Gj-Fj-Ej-Ei-Eh Pe-Pf-Of-Nf-Mf-Lf-Lg-Lh-Li-Ki-Ji-Ii-Ij-Hj-Gj-Fj-Ej Rf-Qf-Pf-Of-Nf-Mf-Lf-Lg-Lh-Li-Ki-Ji-Ii-Ij-Hj-Gj-Gi-Gh-Fh Qg-Qf-Pf-Of-Nf-Mf-Lf-Lg-Lh-Li-Ki-Ji-Ii-Ij-Hj-Gj-Gi Ie-Je-Ke-Le-Me-Mf-Lf-Lg-Lh-Li-Ki-Ji Dg-Cg-Ed* Eh-Eg-Dg-Cg-De* Fh-Eh-Eg-Dg-Cg-Dd* Ej-Ei-Eh-Eg-Dg-Cg-Cd* Gi-Gh-Fh-Eh-Eg-Dg-Cg-Ce* Ji-Ii-Ij-Hj-Gj-Fj-Ej-Ei-Eh-Eg-Dg-Cg-Cf Jc-Jd-Je-Ke-Le-Me-Mf-Lf-Lg-Lh-Li-Ki-Ji-Ii-Ij-Hj-Gj-Fj-Ej-Ei-Eh-Dh-Ch-Bh-Bg-Bb* Qi-Qh-Qg-Qf-Pf-Of-Nf-Mf-Lf-Lg-Lh-Li-Ki-Ji-Ii-Ij-Hj-Gj-Fj-Ej-Ei-Eh-Eg-Dg-Cg-Bg-Bc* Rh-Qh-Qg-Qf-Pf-Of-Nf-Mf-Lf-Lg-Lh-Li-Ki-Ji-Ii-Ij-Hj-Gj-Gi-Gh-Fh-Eh-Dh-Ch-Bh-Bg-Bd* Pi-Qi-Qh-Qg-Qf-Pf-Of-Nf-Mf-Lf-Lg-Lh-Li-Ki-Ji-Ii-Ij-Hj-Gj-Fj-Ej-Ei-Eh-Dh-Ch-Bh-Bg-Be* Pj-Pi-Ph-Qh-Qg-Qf-Pf-Of-Nf-Mf-Lf-Lg-Lh-Li-Ki-Ji-Ii-Ij-Hj-Gj-Fj-Ej-Ei-Eh-Dh-Ch-Bh-Bg-Bf
(moves: 431 depth: 382)
Moves: 1627, Pushes: 431, Treedepth: 382
Total number of calling MarkReach(): 278176
Total number of cycles for MarkReach(): 3252750927
Average number of cycles per call: 11693.140052
Total number of while loop for MarkReach(): 35678763
Average number of cycles per loop: 91.167705
Total number of calling Moves(): 327096
Total number of cycles for Moves(): 7234296390
Average number of cycles per call: 22116.737563
Total number of while loop for Moves(): 43299673
Average number of cycles per loop: 167.075081
Command:
real	0m7.058s
user	0m7.032s
sys	0m0.022s
